[0.027s] Invoking command in '/home/ausiasbm/GTI-3B-SBOCK/turtlebot3_ws/build/turtlebot3_fake_node': CMAKE_PREFIX_PATH=${CMAKE_PREFIX_PATH}:/home/ausiasbm/turtlebot3_ws/install/show_msg:/home/ausiasbm/turtlebot3_ws/install/provide_map:/home/ausiasbm/turtlebot3_ws/install/my_slam:/home/ausiasbm/turtlebot3_ws/install/my_nav2_system:/home/ausiasbm/turtlebot3_ws/install/my_first_subscriber:/home/ausiasbm/turtlebot3_ws/install/my_first_service:/home/ausiasbm/turtlebot3_ws/install/my_first_publisher:/home/ausiasbm/turtlebot3_ws/install/ausias_bm_ex_my_nav2_system:/home/ausiasbm/GTI-3B-SBOCK/turtlebot3_ws/install/sbock_show_msg:/home/ausiasbm/GTI-3B-SBOCK/turtlebot3_ws/install/sbock_robot_position_subscriber:/home/ausiasbm/GTI-3B-SBOCK/turtlebot3_ws/install/sbock_position_publisher:/home/ausiasbm/GTI-3B-SBOCK/turtlebot3_ws/install/sbock_nav_route:/home/ausiasbm/GTI-3B-SBOCK/turtlebot3_ws/install/sbock_nav_position:/home/ausiasbm/GTI-3B-SBOCK/turtlebot3_ws/install/sbock_my_first_service:/home/ausiasbm/GTI-3B-SBOCK/turtlebot3_ws/install/provide_map:/opt/ros/foxy PS1=\[\e]0;\u@\h: \w\a\]${debian_chroot:+($debian_chroot)}\[\033[01;32m\]\u@\h\[\033[00m\]:\[\033[01;34m\]\w\[\033[00m\]\$ /usr/bin/cmake /home/ausiasbm/GTI-3B-SBOCK/turtlebot3_ws/src/turtlebot3_simulations/turtlebot3_fake_node -DCMAKE_INSTALL_PREFIX=/home/ausiasbm/GTI-3B-SBOCK/turtlebot3_ws/install/turtlebot3_fake_node
[0.095s] -- The C compiler identification is GNU 9.4.0
[0.155s] -- The CXX compiler identification is GNU 9.4.0
[0.159s] -- Check for working C compiler: /usr/bin/cc
[0.236s] -- Check for working C compiler: /usr/bin/cc -- works
[0.237s] -- Detecting C compiler ABI info
[0.403s] -- Detecting C compiler ABI info - done
[0.403s] -- Detecting C compile features
[0.403s] -- Detecting C compile features - done
[0.403s] -- Check for working CXX compiler: /usr/bin/c++
[0.527s] -- Check for working CXX compiler: /usr/bin/c++ -- works
[0.527s] -- Detecting CXX compiler ABI info
[0.676s] -- Detecting CXX compiler ABI info - done
[0.685s] -- Detecting CXX compile features
[0.685s] -- Detecting CXX compile features - done
[0.698s] -- Found ament_cmake: 0.9.9 (/opt/ros/foxy/share/ament_cmake/cmake)
[0.727s] -- Found PythonInterp: /usr/bin/python3 (found suitable version "3.8.10", minimum required is "3") 
[0.727s] -- Using PYTHON_EXECUTABLE: /usr/bin/python3
[0.914s] -- Found geometry_msgs: 2.0.5 (/opt/ros/foxy/share/geometry_msgs/cmake)
[0.963s] -- Using all available rosidl_typesupport_c: rosidl_typesupport_fastrtps_c;rosidl_typesupport_introspection_c
[0.972s] -- Found rosidl_adapter: 1.2.1 (/opt/ros/foxy/share/rosidl_adapter/cmake)
[1.114s] -- Found OpenSSL: /usr/lib/aarch64-linux-gnu/libcrypto.so (found version "1.1.1f")  
[1.137s] -- Found FastRTPS: /opt/ros/foxy/include  
[1.204s] -- Using all available rosidl_typesupport_cpp: rosidl_typesupport_fastrtps_cpp;rosidl_typesupport_introspection_cpp
[1.269s] -- Found nav_msgs: 2.0.5 (/opt/ros/foxy/share/nav_msgs/cmake)
[1.324s] -- Found rclcpp: 2.4.1 (/opt/ros/foxy/share/rclcpp/cmake)
[1.364s] -- Found rmw_implementation_cmake: 1.0.3 (/opt/ros/foxy/share/rmw_implementation_cmake/cmake)
[1.365s] -- Using RMW implementation 'rmw_fastrtps_cpp' as default
[1.366s] -- Looking for pthread.h
[1.482s] -- Looking for pthread.h - found
[1.486s] -- Performing Test CMAKE_HAVE_LIBC_PTHREAD
[1.552s] -- Performing Test CMAKE_HAVE_LIBC_PTHREAD - Failed
[1.552s] -- Looking for pthread_create in pthreads
[1.651s] -- Looking for pthread_create in pthreads - not found
[1.651s] -- Looking for pthread_create in pthread
[1.779s] -- Looking for pthread_create in pthread - found
[1.780s] -- Found Threads: TRUE  
[1.893s] -- Found sensor_msgs: 2.0.5 (/opt/ros/foxy/share/sensor_msgs/cmake)
[1.949s] -- Found tf2: 0.13.13 (/opt/ros/foxy/share/tf2/cmake)
[1.960s] -- Found tf2_msgs: 0.13.13 (/opt/ros/foxy/share/tf2_msgs/cmake)
[2.111s] -- Found turtlebot3_msgs: 2.2.1 (/opt/ros/foxy/share/turtlebot3_msgs/cmake)
[2.222s] -- Configuring done
[2.232s] -- Generating done
[2.235s] -- Build files have been written to: /home/ausiasbm/GTI-3B-SBOCK/turtlebot3_ws/build/turtlebot3_fake_node
[2.240s] Invoked command in '/home/ausiasbm/GTI-3B-SBOCK/turtlebot3_ws/build/turtlebot3_fake_node' returned '0': CMAKE_PREFIX_PATH=${CMAKE_PREFIX_PATH}:/home/ausiasbm/turtlebot3_ws/install/show_msg:/home/ausiasbm/turtlebot3_ws/install/provide_map:/home/ausiasbm/turtlebot3_ws/install/my_slam:/home/ausiasbm/turtlebot3_ws/install/my_nav2_system:/home/ausiasbm/turtlebot3_ws/install/my_first_subscriber:/home/ausiasbm/turtlebot3_ws/install/my_first_service:/home/ausiasbm/turtlebot3_ws/install/my_first_publisher:/home/ausiasbm/turtlebot3_ws/install/ausias_bm_ex_my_nav2_system:/home/ausiasbm/GTI-3B-SBOCK/turtlebot3_ws/install/sbock_show_msg:/home/ausiasbm/GTI-3B-SBOCK/turtlebot3_ws/install/sbock_robot_position_subscriber:/home/ausiasbm/GTI-3B-SBOCK/turtlebot3_ws/install/sbock_position_publisher:/home/ausiasbm/GTI-3B-SBOCK/turtlebot3_ws/install/sbock_nav_route:/home/ausiasbm/GTI-3B-SBOCK/turtlebot3_ws/install/sbock_nav_position:/home/ausiasbm/GTI-3B-SBOCK/turtlebot3_ws/install/sbock_my_first_service:/home/ausiasbm/GTI-3B-SBOCK/turtlebot3_ws/install/provide_map:/opt/ros/foxy PS1=\[\e]0;\u@\h: \w\a\]${debian_chroot:+($debian_chroot)}\[\033[01;32m\]\u@\h\[\033[00m\]:\[\033[01;34m\]\w\[\033[00m\]\$ /usr/bin/cmake /home/ausiasbm/GTI-3B-SBOCK/turtlebot3_ws/src/turtlebot3_simulations/turtlebot3_fake_node -DCMAKE_INSTALL_PREFIX=/home/ausiasbm/GTI-3B-SBOCK/turtlebot3_ws/install/turtlebot3_fake_node
[2.241s] Invoking command in '/home/ausiasbm/GTI-3B-SBOCK/turtlebot3_ws/build/turtlebot3_fake_node': CMAKE_PREFIX_PATH=${CMAKE_PREFIX_PATH}:/home/ausiasbm/turtlebot3_ws/install/show_msg:/home/ausiasbm/turtlebot3_ws/install/provide_map:/home/ausiasbm/turtlebot3_ws/install/my_slam:/home/ausiasbm/turtlebot3_ws/install/my_nav2_system:/home/ausiasbm/turtlebot3_ws/install/my_first_subscriber:/home/ausiasbm/turtlebot3_ws/install/my_first_service:/home/ausiasbm/turtlebot3_ws/install/my_first_publisher:/home/ausiasbm/turtlebot3_ws/install/ausias_bm_ex_my_nav2_system:/home/ausiasbm/GTI-3B-SBOCK/turtlebot3_ws/install/sbock_show_msg:/home/ausiasbm/GTI-3B-SBOCK/turtlebot3_ws/install/sbock_robot_position_subscriber:/home/ausiasbm/GTI-3B-SBOCK/turtlebot3_ws/install/sbock_position_publisher:/home/ausiasbm/GTI-3B-SBOCK/turtlebot3_ws/install/sbock_nav_route:/home/ausiasbm/GTI-3B-SBOCK/turtlebot3_ws/install/sbock_nav_position:/home/ausiasbm/GTI-3B-SBOCK/turtlebot3_ws/install/sbock_my_first_service:/home/ausiasbm/GTI-3B-SBOCK/turtlebot3_ws/install/provide_map:/opt/ros/foxy PS1=\[\e]0;\u@\h: \w\a\]${debian_chroot:+($debian_chroot)}\[\033[01;32m\]\u@\h\[\033[00m\]:\[\033[01;34m\]\w\[\033[00m\]\$ /usr/bin/cmake --build /home/ausiasbm/GTI-3B-SBOCK/turtlebot3_ws/build/turtlebot3_fake_node -- -j5 -l5
[2.288s] [35m[1mScanning dependencies of target turtlebot3_fake_node[0m
[2.336s] [ 50%] [32mBuilding CXX object CMakeFiles/turtlebot3_fake_node.dir/src/turtlebot3_fake_node.cpp.o[0m
[7.029s] [100%] [32m[1mLinking CXX executable turtlebot3_fake_node[0m
[7.271s] [100%] Built target turtlebot3_fake_node
[7.289s] Invoked command in '/home/ausiasbm/GTI-3B-SBOCK/turtlebot3_ws/build/turtlebot3_fake_node' returned '0': CMAKE_PREFIX_PATH=${CMAKE_PREFIX_PATH}:/home/ausiasbm/turtlebot3_ws/install/show_msg:/home/ausiasbm/turtlebot3_ws/install/provide_map:/home/ausiasbm/turtlebot3_ws/install/my_slam:/home/ausiasbm/turtlebot3_ws/install/my_nav2_system:/home/ausiasbm/turtlebot3_ws/install/my_first_subscriber:/home/ausiasbm/turtlebot3_ws/install/my_first_service:/home/ausiasbm/turtlebot3_ws/install/my_first_publisher:/home/ausiasbm/turtlebot3_ws/install/ausias_bm_ex_my_nav2_system:/home/ausiasbm/GTI-3B-SBOCK/turtlebot3_ws/install/sbock_show_msg:/home/ausiasbm/GTI-3B-SBOCK/turtlebot3_ws/install/sbock_robot_position_subscriber:/home/ausiasbm/GTI-3B-SBOCK/turtlebot3_ws/install/sbock_position_publisher:/home/ausiasbm/GTI-3B-SBOCK/turtlebot3_ws/install/sbock_nav_route:/home/ausiasbm/GTI-3B-SBOCK/turtlebot3_ws/install/sbock_nav_position:/home/ausiasbm/GTI-3B-SBOCK/turtlebot3_ws/install/sbock_my_first_service:/home/ausiasbm/GTI-3B-SBOCK/turtlebot3_ws/install/provide_map:/opt/ros/foxy PS1=\[\e]0;\u@\h: \w\a\]${debian_chroot:+($debian_chroot)}\[\033[01;32m\]\u@\h\[\033[00m\]:\[\033[01;34m\]\w\[\033[00m\]\$ /usr/bin/cmake --build /home/ausiasbm/GTI-3B-SBOCK/turtlebot3_ws/build/turtlebot3_fake_node -- -j5 -l5
[7.331s] Invoking command in '/home/ausiasbm/GTI-3B-SBOCK/turtlebot3_ws/build/turtlebot3_fake_node': CMAKE_PREFIX_PATH=${CMAKE_PREFIX_PATH}:/home/ausiasbm/turtlebot3_ws/install/show_msg:/home/ausiasbm/turtlebot3_ws/install/provide_map:/home/ausiasbm/turtlebot3_ws/install/my_slam:/home/ausiasbm/turtlebot3_ws/install/my_nav2_system:/home/ausiasbm/turtlebot3_ws/install/my_first_subscriber:/home/ausiasbm/turtlebot3_ws/install/my_first_service:/home/ausiasbm/turtlebot3_ws/install/my_first_publisher:/home/ausiasbm/turtlebot3_ws/install/ausias_bm_ex_my_nav2_system:/home/ausiasbm/GTI-3B-SBOCK/turtlebot3_ws/install/sbock_show_msg:/home/ausiasbm/GTI-3B-SBOCK/turtlebot3_ws/install/sbock_robot_position_subscriber:/home/ausiasbm/GTI-3B-SBOCK/turtlebot3_ws/install/sbock_position_publisher:/home/ausiasbm/GTI-3B-SBOCK/turtlebot3_ws/install/sbock_nav_route:/home/ausiasbm/GTI-3B-SBOCK/turtlebot3_ws/install/sbock_nav_position:/home/ausiasbm/GTI-3B-SBOCK/turtlebot3_ws/install/sbock_my_first_service:/home/ausiasbm/GTI-3B-SBOCK/turtlebot3_ws/install/provide_map:/opt/ros/foxy PS1=\[\e]0;\u@\h: \w\a\]${debian_chroot:+($debian_chroot)}\[\033[01;32m\]\u@\h\[\033[00m\]:\[\033[01;34m\]\w\[\033[00m\]\$ /usr/bin/cmake --install /home/ausiasbm/GTI-3B-SBOCK/turtlebot3_ws/build/turtlebot3_fake_node
[7.344s] -- Install configuration: ""
[7.344s] -- Installing: /home/ausiasbm/GTI-3B-SBOCK/turtlebot3_ws/install/turtlebot3_fake_node/lib/turtlebot3_fake_node/turtlebot3_fake_node
[7.344s] -- Set runtime path of "/home/ausiasbm/GTI-3B-SBOCK/turtlebot3_ws/install/turtlebot3_fake_node/lib/turtlebot3_fake_node/turtlebot3_fake_node" to ""
[7.344s] -- Installing: /home/ausiasbm/GTI-3B-SBOCK/turtlebot3_ws/install/turtlebot3_fake_node/share/turtlebot3_fake_node/launch
[7.344s] -- Installing: /home/ausiasbm/GTI-3B-SBOCK/turtlebot3_ws/install/turtlebot3_fake_node/share/turtlebot3_fake_node/launch/turtlebot3_fake_node.launch.py
[7.344s] -- Installing: /home/ausiasbm/GTI-3B-SBOCK/turtlebot3_ws/install/turtlebot3_fake_node/share/turtlebot3_fake_node/launch/rviz2.launch.py
[7.344s] -- Installing: /home/ausiasbm/GTI-3B-SBOCK/turtlebot3_ws/install/turtlebot3_fake_node/share/turtlebot3_fake_node/param
[7.344s] -- Installing: /home/ausiasbm/GTI-3B-SBOCK/turtlebot3_ws/install/turtlebot3_fake_node/share/turtlebot3_fake_node/param/waffle_pi.yaml
[7.344s] -- Installing: /home/ausiasbm/GTI-3B-SBOCK/turtlebot3_ws/install/turtlebot3_fake_node/share/turtlebot3_fake_node/param/waffle.yaml
[7.344s] -- Installing: /home/ausiasbm/GTI-3B-SBOCK/turtlebot3_ws/install/turtlebot3_fake_node/share/turtlebot3_fake_node/param/burger.yaml
[7.344s] -- Installing: /home/ausiasbm/GTI-3B-SBOCK/turtlebot3_ws/install/turtlebot3_fake_node/share/turtlebot3_fake_node/rviz
[7.344s] -- Installing: /home/ausiasbm/GTI-3B-SBOCK/turtlebot3_ws/install/turtlebot3_fake_node/share/turtlebot3_fake_node/rviz/model.rviz
[7.344s] -- Installing: /home/ausiasbm/GTI-3B-SBOCK/turtlebot3_ws/install/turtlebot3_fake_node/include/
[7.345s] -- Installing: /home/ausiasbm/GTI-3B-SBOCK/turtlebot3_ws/install/turtlebot3_fake_node/include//turtlebot3_fake_node
[7.345s] -- Installing: /home/ausiasbm/GTI-3B-SBOCK/turtlebot3_ws/install/turtlebot3_fake_node/include//turtlebot3_fake_node/turtlebot3_fake_node.hpp
[7.345s] -- Installing: /home/ausiasbm/GTI-3B-SBOCK/turtlebot3_ws/install/turtlebot3_fake_node/share/ament_index/resource_index/package_run_dependencies/turtlebot3_fake_node
[7.345s] -- Installing: /home/ausiasbm/GTI-3B-SBOCK/turtlebot3_ws/install/turtlebot3_fake_node/share/ament_index/resource_index/parent_prefix_path/turtlebot3_fake_node
[7.345s] -- Installing: /home/ausiasbm/GTI-3B-SBOCK/turtlebot3_ws/install/turtlebot3_fake_node/share/turtlebot3_fake_node/environment/ament_prefix_path.sh
[7.345s] -- Installing: /home/ausiasbm/GTI-3B-SBOCK/turtlebot3_ws/install/turtlebot3_fake_node/share/turtlebot3_fake_node/environment/ament_prefix_path.dsv
[7.345s] -- Installing: /home/ausiasbm/GTI-3B-SBOCK/turtlebot3_ws/install/turtlebot3_fake_node/share/turtlebot3_fake_node/environment/path.sh
[7.345s] -- Installing: /home/ausiasbm/GTI-3B-SBOCK/turtlebot3_ws/install/turtlebot3_fake_node/share/turtlebot3_fake_node/environment/path.dsv
[7.345s] -- Installing: /home/ausiasbm/GTI-3B-SBOCK/turtlebot3_ws/install/turtlebot3_fake_node/share/turtlebot3_fake_node/local_setup.bash
[7.345s] -- Installing: /home/ausiasbm/GTI-3B-SBOCK/turtlebot3_ws/install/turtlebot3_fake_node/share/turtlebot3_fake_node/local_setup.sh
[7.345s] -- Installing: /home/ausiasbm/GTI-3B-SBOCK/turtlebot3_ws/install/turtlebot3_fake_node/share/turtlebot3_fake_node/local_setup.zsh
[7.345s] -- Installing: /home/ausiasbm/GTI-3B-SBOCK/turtlebot3_ws/install/turtlebot3_fake_node/share/turtlebot3_fake_node/local_setup.dsv
[7.345s] -- Installing: /home/ausiasbm/GTI-3B-SBOCK/turtlebot3_ws/install/turtlebot3_fake_node/share/turtlebot3_fake_node/package.dsv
[7.345s] -- Installing: /home/ausiasbm/GTI-3B-SBOCK/turtlebot3_ws/install/turtlebot3_fake_node/share/ament_index/resource_index/packages/turtlebot3_fake_node
[7.345s] -- Installing: /home/ausiasbm/GTI-3B-SBOCK/turtlebot3_ws/install/turtlebot3_fake_node/share/turtlebot3_fake_node/cmake/ament_cmake_export_include_directories-extras.cmake
[7.345s] -- Installing: /home/ausiasbm/GTI-3B-SBOCK/turtlebot3_ws/install/turtlebot3_fake_node/share/turtlebot3_fake_node/cmake/ament_cmake_export_dependencies-extras.cmake
[7.345s] -- Installing: /home/ausiasbm/GTI-3B-SBOCK/turtlebot3_ws/install/turtlebot3_fake_node/share/turtlebot3_fake_node/cmake/turtlebot3_fake_nodeConfig.cmake
[7.345s] -- Installing: /home/ausiasbm/GTI-3B-SBOCK/turtlebot3_ws/install/turtlebot3_fake_node/share/turtlebot3_fake_node/cmake/turtlebot3_fake_nodeConfig-version.cmake
[7.345s] -- Installing: /home/ausiasbm/GTI-3B-SBOCK/turtlebot3_ws/install/turtlebot3_fake_node/share/turtlebot3_fake_node/package.xml
[7.351s] Invoked command in '/home/ausiasbm/GTI-3B-SBOCK/turtlebot3_ws/build/turtlebot3_fake_node' returned '0': CMAKE_PREFIX_PATH=${CMAKE_PREFIX_PATH}:/home/ausiasbm/turtlebot3_ws/install/show_msg:/home/ausiasbm/turtlebot3_ws/install/provide_map:/home/ausiasbm/turtlebot3_ws/install/my_slam:/home/ausiasbm/turtlebot3_ws/install/my_nav2_system:/home/ausiasbm/turtlebot3_ws/install/my_first_subscriber:/home/ausiasbm/turtlebot3_ws/install/my_first_service:/home/ausiasbm/turtlebot3_ws/install/my_first_publisher:/home/ausiasbm/turtlebot3_ws/install/ausias_bm_ex_my_nav2_system:/home/ausiasbm/GTI-3B-SBOCK/turtlebot3_ws/install/sbock_show_msg:/home/ausiasbm/GTI-3B-SBOCK/turtlebot3_ws/install/sbock_robot_position_subscriber:/home/ausiasbm/GTI-3B-SBOCK/turtlebot3_ws/install/sbock_position_publisher:/home/ausiasbm/GTI-3B-SBOCK/turtlebot3_ws/install/sbock_nav_route:/home/ausiasbm/GTI-3B-SBOCK/turtlebot3_ws/install/sbock_nav_position:/home/ausiasbm/GTI-3B-SBOCK/turtlebot3_ws/install/sbock_my_first_service:/home/ausiasbm/GTI-3B-SBOCK/turtlebot3_ws/install/provide_map:/opt/ros/foxy PS1=\[\e]0;\u@\h: \w\a\]${debian_chroot:+($debian_chroot)}\[\033[01;32m\]\u@\h\[\033[00m\]:\[\033[01;34m\]\w\[\033[00m\]\$ /usr/bin/cmake --install /home/ausiasbm/GTI-3B-SBOCK/turtlebot3_ws/build/turtlebot3_fake_node
