[2.528s] Invoking command in '/home/aibes/GTI-3B-SBOCK/turtlebot3_ws/src/sbock/sbock_position_publisher': PS1=(rosenv) \[\e]0;\u@\h: \w\a\]${debian_chroot:+($debian_chroot)}\[\033[01;32m\]\u@\h\[\033[00m\]:\[\033[01;34m\]\w\[\033[00m\]\$ PYTHONPATH=/home/aibes/GTI-3B-SBOCK/turtlebot3_ws/install/sbock_position_publisher/lib/python3.8/site-packages:${PYTHONPATH} /usr/bin/python3 setup.py egg_info --egg-base ../../../build/sbock_position_publisher build --build-base /home/aibes/GTI-3B-SBOCK/turtlebot3_ws/build/sbock_position_publisher/build install --prefix /home/aibes/GTI-3B-SBOCK/turtlebot3_ws/install/sbock_position_publisher --record /home/aibes/GTI-3B-SBOCK/turtlebot3_ws/build/sbock_position_publisher/install.log --single-version-externally-managed
[2.901s] running egg_info
[2.902s] creating ../../../build/sbock_position_publisher/sbock_position_publisher.egg-info
[2.902s] writing ../../../build/sbock_position_publisher/sbock_position_publisher.egg-info/PKG-INFO
[2.902s] writing dependency_links to ../../../build/sbock_position_publisher/sbock_position_publisher.egg-info/dependency_links.txt
[2.903s] writing entry points to ../../../build/sbock_position_publisher/sbock_position_publisher.egg-info/entry_points.txt
[2.904s] writing requirements to ../../../build/sbock_position_publisher/sbock_position_publisher.egg-info/requires.txt
[2.904s] writing top-level names to ../../../build/sbock_position_publisher/sbock_position_publisher.egg-info/top_level.txt
[2.905s] writing manifest file '../../../build/sbock_position_publisher/sbock_position_publisher.egg-info/SOURCES.txt'
[2.973s] reading manifest file '../../../build/sbock_position_publisher/sbock_position_publisher.egg-info/SOURCES.txt'
[2.974s] writing manifest file '../../../build/sbock_position_publisher/sbock_position_publisher.egg-info/SOURCES.txt'
[2.975s] running build
[2.975s] running build_py
[2.975s] creating /home/aibes/GTI-3B-SBOCK/turtlebot3_ws/build/sbock_position_publisher/build
[2.976s] creating /home/aibes/GTI-3B-SBOCK/turtlebot3_ws/build/sbock_position_publisher/build/lib
[2.976s] creating /home/aibes/GTI-3B-SBOCK/turtlebot3_ws/build/sbock_position_publisher/build/lib/sbock_position_publisher
[2.978s] copying sbock_position_publisher/go_to_pose2.py -> /home/aibes/GTI-3B-SBOCK/turtlebot3_ws/build/sbock_position_publisher/build/lib/sbock_position_publisher
[2.980s] copying sbock_position_publisher/__init__.py -> /home/aibes/GTI-3B-SBOCK/turtlebot3_ws/build/sbock_position_publisher/build/lib/sbock_position_publisher
[2.980s] copying sbock_position_publisher/go_to_pose3.py -> /home/aibes/GTI-3B-SBOCK/turtlebot3_ws/build/sbock_position_publisher/build/lib/sbock_position_publisher
[2.981s] copying sbock_position_publisher/go_to_pose1.py -> /home/aibes/GTI-3B-SBOCK/turtlebot3_ws/build/sbock_position_publisher/build/lib/sbock_position_publisher
[2.981s] running install
[2.989s] running install_lib
[2.989s] creating /home/aibes/GTI-3B-SBOCK/turtlebot3_ws/install/sbock_position_publisher/lib/python3.8/site-packages/sbock_position_publisher
[2.990s] copying /home/aibes/GTI-3B-SBOCK/turtlebot3_ws/build/sbock_position_publisher/build/lib/sbock_position_publisher/go_to_pose2.py -> /home/aibes/GTI-3B-SBOCK/turtlebot3_ws/install/sbock_position_publisher/lib/python3.8/site-packages/sbock_position_publisher
[2.990s] copying /home/aibes/GTI-3B-SBOCK/turtlebot3_ws/build/sbock_position_publisher/build/lib/sbock_position_publisher/__init__.py -> /home/aibes/GTI-3B-SBOCK/turtlebot3_ws/install/sbock_position_publisher/lib/python3.8/site-packages/sbock_position_publisher
[2.990s] copying /home/aibes/GTI-3B-SBOCK/turtlebot3_ws/build/sbock_position_publisher/build/lib/sbock_position_publisher/go_to_pose3.py -> /home/aibes/GTI-3B-SBOCK/turtlebot3_ws/install/sbock_position_publisher/lib/python3.8/site-packages/sbock_position_publisher
[2.990s] copying /home/aibes/GTI-3B-SBOCK/turtlebot3_ws/build/sbock_position_publisher/build/lib/sbock_position_publisher/go_to_pose1.py -> /home/aibes/GTI-3B-SBOCK/turtlebot3_ws/install/sbock_position_publisher/lib/python3.8/site-packages/sbock_position_publisher
[2.991s] byte-compiling /home/aibes/GTI-3B-SBOCK/turtlebot3_ws/install/sbock_position_publisher/lib/python3.8/site-packages/sbock_position_publisher/go_to_pose2.py to go_to_pose2.cpython-38.pyc
[2.991s] byte-compiling /home/aibes/GTI-3B-SBOCK/turtlebot3_ws/install/sbock_position_publisher/lib/python3.8/site-packages/sbock_position_publisher/__init__.py to __init__.cpython-38.pyc
[2.991s] byte-compiling /home/aibes/GTI-3B-SBOCK/turtlebot3_ws/install/sbock_position_publisher/lib/python3.8/site-packages/sbock_position_publisher/go_to_pose3.py to go_to_pose3.cpython-38.pyc
[2.991s] byte-compiling /home/aibes/GTI-3B-SBOCK/turtlebot3_ws/install/sbock_position_publisher/lib/python3.8/site-packages/sbock_position_publisher/go_to_pose1.py to go_to_pose1.cpython-38.pyc
[2.991s] running install_data
[2.991s] creating /home/aibes/GTI-3B-SBOCK/turtlebot3_ws/install/sbock_position_publisher/share/ament_index
[2.992s] creating /home/aibes/GTI-3B-SBOCK/turtlebot3_ws/install/sbock_position_publisher/share/ament_index/resource_index
[2.992s] creating /home/aibes/GTI-3B-SBOCK/turtlebot3_ws/install/sbock_position_publisher/share/ament_index/resource_index/packages
[2.992s] copying resource/sbock_position_publisher -> /home/aibes/GTI-3B-SBOCK/turtlebot3_ws/install/sbock_position_publisher/share/ament_index/resource_index/packages
[2.992s] copying package.xml -> /home/aibes/GTI-3B-SBOCK/turtlebot3_ws/install/sbock_position_publisher/share/sbock_position_publisher
[2.992s] copying launch/go_to_pose2.launch.py -> /home/aibes/GTI-3B-SBOCK/turtlebot3_ws/install/sbock_position_publisher/share/sbock_position_publisher
[2.992s] copying launch/go_to_pose1.launch.py -> /home/aibes/GTI-3B-SBOCK/turtlebot3_ws/install/sbock_position_publisher/share/sbock_position_publisher
[2.992s] copying launch/go_to_pose3.launch.py -> /home/aibes/GTI-3B-SBOCK/turtlebot3_ws/install/sbock_position_publisher/share/sbock_position_publisher
[2.992s] running install_egg_info
[2.995s] Copying ../../../build/sbock_position_publisher/sbock_position_publisher.egg-info to /home/aibes/GTI-3B-SBOCK/turtlebot3_ws/install/sbock_position_publisher/lib/python3.8/site-packages/sbock_position_publisher-0.0.0-py3.8.egg-info
[2.995s] running install_scripts
[3.034s] Installing position1_publisher script to /home/aibes/GTI-3B-SBOCK/turtlebot3_ws/install/sbock_position_publisher/lib/sbock_position_publisher
[3.034s] Installing position2_publisher script to /home/aibes/GTI-3B-SBOCK/turtlebot3_ws/install/sbock_position_publisher/lib/sbock_position_publisher
[3.034s] Installing position3_publisher script to /home/aibes/GTI-3B-SBOCK/turtlebot3_ws/install/sbock_position_publisher/lib/sbock_position_publisher
[3.034s] writing list of installed files to '/home/aibes/GTI-3B-SBOCK/turtlebot3_ws/build/sbock_position_publisher/install.log'
[3.139s] Invoked command in '/home/aibes/GTI-3B-SBOCK/turtlebot3_ws/src/sbock/sbock_position_publisher' returned '0': PS1=(rosenv) \[\e]0;\u@\h: \w\a\]${debian_chroot:+($debian_chroot)}\[\033[01;32m\]\u@\h\[\033[00m\]:\[\033[01;34m\]\w\[\033[00m\]\$ PYTHONPATH=/home/aibes/GTI-3B-SBOCK/turtlebot3_ws/install/sbock_position_publisher/lib/python3.8/site-packages:${PYTHONPATH} /usr/bin/python3 setup.py egg_info --egg-base ../../../build/sbock_position_publisher build --build-base /home/aibes/GTI-3B-SBOCK/turtlebot3_ws/build/sbock_position_publisher/build install --prefix /home/aibes/GTI-3B-SBOCK/turtlebot3_ws/install/sbock_position_publisher --record /home/aibes/GTI-3B-SBOCK/turtlebot3_ws/build/sbock_position_publisher/install.log --single-version-externally-managed
