running egg_info
creating ../../../build/sbock_my_first_service/sbock_my_first_service.egg-info
writing ../../../build/sbock_my_first_service/sbock_my_first_service.egg-info/PKG-INFO
writing dependency_links to ../../../build/sbock_my_first_service/sbock_my_first_service.egg-info/dependency_links.txt
writing entry points to ../../../build/sbock_my_first_service/sbock_my_first_service.egg-info/entry_points.txt
writing requirements to ../../../build/sbock_my_first_service/sbock_my_first_service.egg-info/requires.txt
writing top-level names to ../../../build/sbock_my_first_service/sbock_my_first_service.egg-info/top_level.txt
writing manifest file '../../../build/sbock_my_first_service/sbock_my_first_service.egg-info/SOURCES.txt'
reading manifest file '../../../build/sbock_my_first_service/sbock_my_first_service.egg-info/SOURCES.txt'
writing manifest file '../../../build/sbock_my_first_service/sbock_my_first_service.egg-info/SOURCES.txt'
running build
running build_py
creating /home/ausiasbm/GTI-3B-SBOCK/turtlebot3_ws/build/sbock_my_first_service/build
creating /home/ausiasbm/GTI-3B-SBOCK/turtlebot3_ws/build/sbock_my_first_service/build/lib
creating /home/ausiasbm/GTI-3B-SBOCK/turtlebot3_ws/build/sbock_my_first_service/build/lib/sbock_my_first_service
copying sbock_my_first_service/movement_client.py -> /home/ausiasbm/GTI-3B-SBOCK/turtlebot3_ws/build/sbock_my_first_service/build/lib/sbock_my_first_service
copying sbock_my_first_service/movement_server.py -> /home/ausiasbm/GTI-3B-SBOCK/turtlebot3_ws/build/sbock_my_first_service/build/lib/sbock_my_first_service
copying sbock_my_first_service/__init__.py -> /home/ausiasbm/GTI-3B-SBOCK/turtlebot3_ws/build/sbock_my_first_service/build/lib/sbock_my_first_service
running install
running install_lib
creating /home/ausiasbm/GTI-3B-SBOCK/turtlebot3_ws/install/sbock_my_first_service/lib/python3.8/site-packages/sbock_my_first_service
copying /home/ausiasbm/GTI-3B-SBOCK/turtlebot3_ws/build/sbock_my_first_service/build/lib/sbock_my_first_service/movement_client.py -> /home/ausiasbm/GTI-3B-SBOCK/turtlebot3_ws/install/sbock_my_first_service/lib/python3.8/site-packages/sbock_my_first_service
copying /home/ausiasbm/GTI-3B-SBOCK/turtlebot3_ws/build/sbock_my_first_service/build/lib/sbock_my_first_service/movement_server.py -> /home/ausiasbm/GTI-3B-SBOCK/turtlebot3_ws/install/sbock_my_first_service/lib/python3.8/site-packages/sbock_my_first_service
copying /home/ausiasbm/GTI-3B-SBOCK/turtlebot3_ws/build/sbock_my_first_service/build/lib/sbock_my_first_service/__init__.py -> /home/ausiasbm/GTI-3B-SBOCK/turtlebot3_ws/install/sbock_my_first_service/lib/python3.8/site-packages/sbock_my_first_service
byte-compiling /home/ausiasbm/GTI-3B-SBOCK/turtlebot3_ws/install/sbock_my_first_service/lib/python3.8/site-packages/sbock_my_first_service/movement_client.py to movement_client.cpython-38.pyc
byte-compiling /home/ausiasbm/GTI-3B-SBOCK/turtlebot3_ws/install/sbock_my_first_service/lib/python3.8/site-packages/sbock_my_first_service/movement_server.py to movement_server.cpython-38.pyc
byte-compiling /home/ausiasbm/GTI-3B-SBOCK/turtlebot3_ws/install/sbock_my_first_service/lib/python3.8/site-packages/sbock_my_first_service/__init__.py to __init__.cpython-38.pyc
running install_data
creating /home/ausiasbm/GTI-3B-SBOCK/turtlebot3_ws/install/sbock_my_first_service/share/ament_index
creating /home/ausiasbm/GTI-3B-SBOCK/turtlebot3_ws/install/sbock_my_first_service/share/ament_index/resource_index
creating /home/ausiasbm/GTI-3B-SBOCK/turtlebot3_ws/install/sbock_my_first_service/share/ament_index/resource_index/packages
copying resource/sbock_my_first_service -> /home/ausiasbm/GTI-3B-SBOCK/turtlebot3_ws/install/sbock_my_first_service/share/ament_index/resource_index/packages
copying package.xml -> /home/ausiasbm/GTI-3B-SBOCK/turtlebot3_ws/install/sbock_my_first_service/share/sbock_my_first_service
copying launch/movement_server_launch.launch.py -> /home/ausiasbm/GTI-3B-SBOCK/turtlebot3_ws/install/sbock_my_first_service/share/sbock_my_first_service
running install_egg_info
Copying ../../../build/sbock_my_first_service/sbock_my_first_service.egg-info to /home/ausiasbm/GTI-3B-SBOCK/turtlebot3_ws/install/sbock_my_first_service/lib/python3.8/site-packages/sbock_my_first_service-0.0.0-py3.8.egg-info
running install_scripts
Installing movement_client script to /home/ausiasbm/GTI-3B-SBOCK/turtlebot3_ws/install/sbock_my_first_service/lib/sbock_my_first_service
Installing movement_server script to /home/ausiasbm/GTI-3B-SBOCK/turtlebot3_ws/install/sbock_my_first_service/lib/sbock_my_first_service
writing list of installed files to '/home/ausiasbm/GTI-3B-SBOCK/turtlebot3_ws/build/sbock_my_first_service/install.log'
