[0.656s] Invoking command in '/home/ausiasbm/GTI-3B-SBOCK/turtlebot3_ws/src/sbock/sbock_my_first_service': PS1=\[\e]0;\u@\h: \w\a\]${debian_chroot:+($debian_chroot)}\[\033[01;32m\]\u@\h\[\033[00m\]:\[\033[01;34m\]\w\[\033[00m\]\$ PYTHONPATH=/home/ausiasbm/GTI-3B-SBOCK/turtlebot3_ws/install/sbock_my_first_service/lib/python3.8/site-packages:${PYTHONPATH} /usr/bin/python3 setup.py egg_info --egg-base ../../../build/sbock_my_first_service build --build-base /home/ausiasbm/GTI-3B-SBOCK/turtlebot3_ws/build/sbock_my_first_service/build install --prefix /home/ausiasbm/GTI-3B-SBOCK/turtlebot3_ws/install/sbock_my_first_service --record /home/ausiasbm/GTI-3B-SBOCK/turtlebot3_ws/build/sbock_my_first_service/install.log --single-version-externally-managed
[0.774s] running egg_info
[0.774s] creating ../../../build/sbock_my_first_service/sbock_my_first_service.egg-info
[0.774s] writing ../../../build/sbock_my_first_service/sbock_my_first_service.egg-info/PKG-INFO
[0.774s] writing dependency_links to ../../../build/sbock_my_first_service/sbock_my_first_service.egg-info/dependency_links.txt
[0.774s] writing entry points to ../../../build/sbock_my_first_service/sbock_my_first_service.egg-info/entry_points.txt
[0.774s] writing requirements to ../../../build/sbock_my_first_service/sbock_my_first_service.egg-info/requires.txt
[0.774s] writing top-level names to ../../../build/sbock_my_first_service/sbock_my_first_service.egg-info/top_level.txt
[0.775s] writing manifest file '../../../build/sbock_my_first_service/sbock_my_first_service.egg-info/SOURCES.txt'
[0.794s] reading manifest file '../../../build/sbock_my_first_service/sbock_my_first_service.egg-info/SOURCES.txt'
[0.794s] writing manifest file '../../../build/sbock_my_first_service/sbock_my_first_service.egg-info/SOURCES.txt'
[0.795s] running build
[0.795s] running build_py
[0.795s] creating /home/ausiasbm/GTI-3B-SBOCK/turtlebot3_ws/build/sbock_my_first_service/build
[0.795s] creating /home/ausiasbm/GTI-3B-SBOCK/turtlebot3_ws/build/sbock_my_first_service/build/lib
[0.795s] creating /home/ausiasbm/GTI-3B-SBOCK/turtlebot3_ws/build/sbock_my_first_service/build/lib/sbock_my_first_service
[0.795s] copying sbock_my_first_service/movement_client.py -> /home/ausiasbm/GTI-3B-SBOCK/turtlebot3_ws/build/sbock_my_first_service/build/lib/sbock_my_first_service
[0.795s] copying sbock_my_first_service/movement_server.py -> /home/ausiasbm/GTI-3B-SBOCK/turtlebot3_ws/build/sbock_my_first_service/build/lib/sbock_my_first_service
[0.795s] copying sbock_my_first_service/__init__.py -> /home/ausiasbm/GTI-3B-SBOCK/turtlebot3_ws/build/sbock_my_first_service/build/lib/sbock_my_first_service
[0.795s] running install
[0.795s] running install_lib
[0.796s] creating /home/ausiasbm/GTI-3B-SBOCK/turtlebot3_ws/install/sbock_my_first_service/lib/python3.8/site-packages/sbock_my_first_service
[0.797s] copying /home/ausiasbm/GTI-3B-SBOCK/turtlebot3_ws/build/sbock_my_first_service/build/lib/sbock_my_first_service/movement_client.py -> /home/ausiasbm/GTI-3B-SBOCK/turtlebot3_ws/install/sbock_my_first_service/lib/python3.8/site-packages/sbock_my_first_service
[0.797s] copying /home/ausiasbm/GTI-3B-SBOCK/turtlebot3_ws/build/sbock_my_first_service/build/lib/sbock_my_first_service/movement_server.py -> /home/ausiasbm/GTI-3B-SBOCK/turtlebot3_ws/install/sbock_my_first_service/lib/python3.8/site-packages/sbock_my_first_service
[0.797s] copying /home/ausiasbm/GTI-3B-SBOCK/turtlebot3_ws/build/sbock_my_first_service/build/lib/sbock_my_first_service/__init__.py -> /home/ausiasbm/GTI-3B-SBOCK/turtlebot3_ws/install/sbock_my_first_service/lib/python3.8/site-packages/sbock_my_first_service
[0.797s] byte-compiling /home/ausiasbm/GTI-3B-SBOCK/turtlebot3_ws/install/sbock_my_first_service/lib/python3.8/site-packages/sbock_my_first_service/movement_client.py to movement_client.cpython-38.pyc
[0.798s] byte-compiling /home/ausiasbm/GTI-3B-SBOCK/turtlebot3_ws/install/sbock_my_first_service/lib/python3.8/site-packages/sbock_my_first_service/movement_server.py to movement_server.cpython-38.pyc
[0.798s] byte-compiling /home/ausiasbm/GTI-3B-SBOCK/turtlebot3_ws/install/sbock_my_first_service/lib/python3.8/site-packages/sbock_my_first_service/__init__.py to __init__.cpython-38.pyc
[0.798s] running install_data
[0.798s] creating /home/ausiasbm/GTI-3B-SBOCK/turtlebot3_ws/install/sbock_my_first_service/share/ament_index
[0.798s] creating /home/ausiasbm/GTI-3B-SBOCK/turtlebot3_ws/install/sbock_my_first_service/share/ament_index/resource_index
[0.799s] creating /home/ausiasbm/GTI-3B-SBOCK/turtlebot3_ws/install/sbock_my_first_service/share/ament_index/resource_index/packages
[0.799s] copying resource/sbock_my_first_service -> /home/ausiasbm/GTI-3B-SBOCK/turtlebot3_ws/install/sbock_my_first_service/share/ament_index/resource_index/packages
[0.799s] copying package.xml -> /home/ausiasbm/GTI-3B-SBOCK/turtlebot3_ws/install/sbock_my_first_service/share/sbock_my_first_service
[0.799s] copying launch/movement_server_launch.launch.py -> /home/ausiasbm/GTI-3B-SBOCK/turtlebot3_ws/install/sbock_my_first_service/share/sbock_my_first_service
[0.799s] running install_egg_info
[0.800s] Copying ../../../build/sbock_my_first_service/sbock_my_first_service.egg-info to /home/ausiasbm/GTI-3B-SBOCK/turtlebot3_ws/install/sbock_my_first_service/lib/python3.8/site-packages/sbock_my_first_service-0.0.0-py3.8.egg-info
[0.800s] running install_scripts
[0.814s] Installing movement_client script to /home/ausiasbm/GTI-3B-SBOCK/turtlebot3_ws/install/sbock_my_first_service/lib/sbock_my_first_service
[0.814s] Installing movement_server script to /home/ausiasbm/GTI-3B-SBOCK/turtlebot3_ws/install/sbock_my_first_service/lib/sbock_my_first_service
[0.814s] writing list of installed files to '/home/ausiasbm/GTI-3B-SBOCK/turtlebot3_ws/build/sbock_my_first_service/install.log'
[0.852s] Invoked command in '/home/ausiasbm/GTI-3B-SBOCK/turtlebot3_ws/src/sbock/sbock_my_first_service' returned '0': PS1=\[\e]0;\u@\h: \w\a\]${debian_chroot:+($debian_chroot)}\[\033[01;32m\]\u@\h\[\033[00m\]:\[\033[01;34m\]\w\[\033[00m\]\$ PYTHONPATH=/home/ausiasbm/GTI-3B-SBOCK/turtlebot3_ws/install/sbock_my_first_service/lib/python3.8/site-packages:${PYTHONPATH} /usr/bin/python3 setup.py egg_info --egg-base ../../../build/sbock_my_first_service build --build-base /home/ausiasbm/GTI-3B-SBOCK/turtlebot3_ws/build/sbock_my_first_service/build install --prefix /home/ausiasbm/GTI-3B-SBOCK/turtlebot3_ws/install/sbock_my_first_service --record /home/ausiasbm/GTI-3B-SBOCK/turtlebot3_ws/build/sbock_my_first_service/install.log --single-version-externally-managed
