[0.105s] Invoking command in '/home/aibes/GTI-3B-SBOCK/turtlebot3_ws/build/my_world': CMAKE_PREFIX_PATH=${CMAKE_PREFIX_PATH}:/home/aibes/turtlebot3_ws/install/show_msg:/home/aibes/turtlebot3_ws/install/provide_map:/home/aibes/turtlebot3_ws/install/my_slam:/home/aibes/turtlebot3_ws/install/my_nav2_system:/home/aibes/turtlebot3_ws/install/my_first_subscriber:/home/aibes/turtlebot3_ws/install/my_first_service:/home/aibes/turtlebot3_ws/install/my_first_publisher:/home/aibes/turtlebot3_ws/install/my_first_node:/home/aibes/turtlebot3_ws/install/my_first_action:/home/aibes/GTI-3B-SBOCK/turtlebot3_ws/install/sbock_robot_position_subscriber:/home/aibes/GTI-3B-SBOCK/turtlebot3_ws/install/sbock_position_publisher:/home/aibes/GTI-3B-SBOCK/turtlebot3_ws/install/sbock_nav_route:/home/aibes/GTI-3B-SBOCK/turtlebot3_ws/install/sbock_nav_position:/home/aibes/GTI-3B-SBOCK/turtlebot3_ws/install/provide_map:/opt/ros/foxy PS1=(rosenv) \[\e]0;\u@\h: \w\a\]${debian_chroot:+($debian_chroot)}\[\033[01;32m\]\u@\h\[\033[00m\]:\[\033[01;34m\]\w\[\033[00m\]\$ /usr/bin/cmake /home/aibes/GTI-3B-SBOCK/turtlebot3_ws/src/sbock/my_world -DCMAKE_INSTALL_PREFIX=/home/aibes/GTI-3B-SBOCK/turtlebot3_ws/install/my_world
[1.896s] -- The C compiler identification is GNU 9.4.0
[1.897s] -- The CXX compiler identification is GNU 9.4.0
[1.897s] -- Check for working C compiler: /usr/bin/cc
[1.897s] -- Check for working C compiler: /usr/bin/cc -- works
[1.897s] -- Detecting C compiler ABI info
[1.897s] -- Detecting C compiler ABI info - done
[1.897s] -- Detecting C compile features
[1.898s] -- Detecting C compile features - done
[1.898s] -- Check for working CXX compiler: /usr/bin/c++
[1.898s] -- Check for working CXX compiler: /usr/bin/c++ -- works
[1.898s] -- Detecting CXX compiler ABI info
[1.898s] -- Detecting CXX compiler ABI info - done
[1.901s] -- Detecting CXX compile features
[1.901s] -- Detecting CXX compile features - done
[1.901s] -- Found ament_cmake: 0.9.9 (/opt/ros/foxy/share/ament_cmake/cmake)
[1.901s] -- Found PythonInterp: /home/aibes/virtualenvs/rosenv/bin/python3 (found suitable version "3.8.10", minimum required is "3") 
[1.901s] -- Using PYTHON_EXECUTABLE: /home/aibes/virtualenvs/rosenv/bin/python3
[1.901s] -- Found PkgConfig: /usr/bin/pkg-config (found version "0.29.1") 
[1.901s] -- Checking for module 'bullet>=2.82'
[1.902s] --   Found bullet, version 2.88
[1.902s] -- Found ccd: /usr/include (found suitable version "2.0", minimum required is "2.0") 
[1.902s] -- Found fcl: /usr/include (found suitable version "0.5.0", minimum required is "0.3.2") 
[1.902s] -- Found assimp: /usr/include (found version "5.0.0") 
[1.902s] -- Found DART: /usr/include (Required is at least version "6.6") found components: dart 
[1.902s] -- Found Boost: /usr/lib/x86_64-linux-gnu/cmake/Boost-1.71.0/BoostConfig.cmake (found suitable version "1.71.0", minimum required is "1.40.0") found components: thread system filesystem program_options regex iostreams date_time 
[1.924s] -- Found Protobuf: /usr/lib/x86_64-linux-gnu/libprotobuf.so;-lpthread (found version "3.6.1") 
[1.932s] -- Looking for ignition-math6 -- found version 6.9.2
[1.944s] -- Searching for dependencies of ignition-math6
[1.947s] -- Looking for OGRE...
[1.949s] -- OGRE_PREFIX_WATCH changed.
[1.956s] -- Checking for module 'OGRE'
[1.982s] --   Found OGRE, version 1.9.0
[2.044s] -- Found Ogre Ghadamon (1.9.0)
[2.067s] -- Found OGRE: optimized;/usr/lib/x86_64-linux-gnu/libOgreMain.so;debug;/usr/lib/x86_64-linux-gnu/libOgreMain.so
[2.085s] -- Looking for OGRE_Paging...
[2.102s] -- Found OGRE_Paging: optimized;/usr/lib/x86_64-linux-gnu/libOgrePaging.so;debug;/usr/lib/x86_64-linux-gnu/libOgrePaging.so
[2.102s] -- Looking for OGRE_Terrain...
[2.121s] -- Found OGRE_Terrain: optimized;/usr/lib/x86_64-linux-gnu/libOgreTerrain.so;debug;/usr/lib/x86_64-linux-gnu/libOgreTerrain.so
[2.121s] -- Looking for OGRE_Property...
[2.139s] -- Found OGRE_Property: optimized;/usr/lib/x86_64-linux-gnu/libOgreProperty.so;debug;/usr/lib/x86_64-linux-gnu/libOgreProperty.so
[2.139s] -- Looking for OGRE_RTShaderSystem...
[2.155s] -- Found OGRE_RTShaderSystem: optimized;/usr/lib/x86_64-linux-gnu/libOgreRTShaderSystem.so;debug;/usr/lib/x86_64-linux-gnu/libOgreRTShaderSystem.so
[2.156s] -- Looking for OGRE_Volume...
[2.172s] -- Found OGRE_Volume: optimized;/usr/lib/x86_64-linux-gnu/libOgreVolume.so;debug;/usr/lib/x86_64-linux-gnu/libOgreVolume.so
[2.172s] -- Looking for OGRE_Overlay...
[2.190s] -- Found OGRE_Overlay: optimized;/usr/lib/x86_64-linux-gnu/libOgreOverlay.so;debug;/usr/lib/x86_64-linux-gnu/libOgreOverlay.so
[2.618s] -- Looking for ignition-math6 -- found version 6.9.2
[2.620s] -- Looking for ignition-transport8 -- found version 8.2.1
[2.621s] -- Searching for dependencies of ignition-transport8
[2.660s] -- Found Protobuf: /usr/lib/x86_64-linux-gnu/libprotobuf.so;-lpthread (found suitable version "3.6.1", minimum required is "3") 
[2.677s] -- Config-file not installed for ZeroMQ -- checking for pkg-config
[2.683s] -- Checking for module 'libzmq >= 4'
[2.710s] --   Found libzmq , version 4.3.2
[2.773s] -- Found ZeroMQ: TRUE (Required is at least version "4") 
[2.781s] -- Checking for module 'uuid'
[2.806s] --   Found uuid, version 2.34.0
[2.864s] -- Found UUID: TRUE  
[2.869s] -- Looking for ignition-msgs5 -- found version 5.8.1
[2.869s] -- Searching for dependencies of ignition-msgs5
[2.905s] -- Looking for ignition-math6 -- found version 6.9.2
[2.915s] -- Checking for module 'tinyxml2'
[2.948s] --   Found tinyxml2, version 6.2.0
[3.024s] -- Looking for ignition-msgs5 -- found version 5.8.1
[3.028s] -- Looking for ignition-common3 -- found version 3.14.0
[3.029s] -- Searching for dependencies of ignition-common3
[3.030s] -- Looking for dlfcn.h - found
[3.032s] -- Looking for libdl - found
[3.054s] -- Found DL: TRUE  
[3.056s] -- Searching for <ignition-common3> component [graphics]
[3.059s] -- Looking for ignition-common3-graphics -- found version 3.14.0
[3.066s] -- Searching for dependencies of ignition-common3-graphics
[3.066s] -- Looking for ignition-math6 -- found version 6.9.2
[3.067s] -- Looking for ignition-fuel_tools4 -- found version 4.4.0
[3.067s] -- Searching for dependencies of ignition-fuel_tools4
[3.218s] -- Found CURL: /usr/lib/x86_64-linux-gnu/libcurl.so (found version "7.68.0")  
[3.241s] -- Checking for module 'jsoncpp'
[3.276s] --   Found jsoncpp, version 1.7.4
[3.355s] -- Found JSONCPP: TRUE  
[3.367s] -- Checking for module 'libzip'
[3.399s] --   Found libzip, version 1.5.1
[3.461s] -- Found ZIP: TRUE  
[3.462s] -- Looking for ignition-common3 -- found version 3.14.0
[3.462s] -- Looking for ignition-math6 -- found version 6.9.2
[3.463s] -- Looking for ignition-msgs5 -- found version 5.8.1
[3.473s] -- Found gazebo_ros_pkgs: 3.5.3 (/opt/ros/foxy/share/gazebo_ros_pkgs/cmake)
[3.479s] -- Found geometry_msgs: 2.0.5 (/opt/ros/foxy/share/geometry_msgs/cmake)
[3.538s] -- Using all available rosidl_typesupport_c: rosidl_typesupport_fastrtps_c;rosidl_typesupport_introspection_c
[3.555s] -- Found rosidl_adapter: 1.2.1 (/opt/ros/foxy/share/rosidl_adapter/cmake)
[3.700s] -- Found OpenSSL: /usr/lib/x86_64-linux-gnu/libcrypto.so (found version "1.1.1f")  
[3.746s] -- Found FastRTPS: /opt/ros/foxy/include  
[3.893s] -- Using all available rosidl_typesupport_cpp: rosidl_typesupport_fastrtps_cpp;rosidl_typesupport_introspection_cpp
[4.070s] -- Found nav_msgs: 2.0.5 (/opt/ros/foxy/share/nav_msgs/cmake)
[4.221s] -- Found rclcpp: 2.4.1 (/opt/ros/foxy/share/rclcpp/cmake)
[4.312s] -- Found rmw_implementation_cmake: 1.0.3 (/opt/ros/foxy/share/rmw_implementation_cmake/cmake)
[4.316s] -- Using RMW implementation 'rmw_fastrtps_cpp' as default
[4.319s] -- Found Threads: TRUE  
[4.610s] -- Found sensor_msgs: 2.0.5 (/opt/ros/foxy/share/sensor_msgs/cmake)
[4.754s] -- Found tf2: 0.13.13 (/opt/ros/foxy/share/tf2/cmake)
[4.776s] -- Found turtlebot3_gazebo: 2.2.3 (/home/aibes/turtlebot3_ws/install/turtlebot3_gazebo/share/turtlebot3_gazebo/cmake)
[5.105s] -- Configuring done
[5.127s] -- Generating done
[5.130s] -- Build files have been written to: /home/aibes/GTI-3B-SBOCK/turtlebot3_ws/build/my_world
[5.148s] Invoked command in '/home/aibes/GTI-3B-SBOCK/turtlebot3_ws/build/my_world' returned '0': CMAKE_PREFIX_PATH=${CMAKE_PREFIX_PATH}:/home/aibes/turtlebot3_ws/install/show_msg:/home/aibes/turtlebot3_ws/install/provide_map:/home/aibes/turtlebot3_ws/install/my_slam:/home/aibes/turtlebot3_ws/install/my_nav2_system:/home/aibes/turtlebot3_ws/install/my_first_subscriber:/home/aibes/turtlebot3_ws/install/my_first_service:/home/aibes/turtlebot3_ws/install/my_first_publisher:/home/aibes/turtlebot3_ws/install/my_first_node:/home/aibes/turtlebot3_ws/install/my_first_action:/home/aibes/GTI-3B-SBOCK/turtlebot3_ws/install/sbock_robot_position_subscriber:/home/aibes/GTI-3B-SBOCK/turtlebot3_ws/install/sbock_position_publisher:/home/aibes/GTI-3B-SBOCK/turtlebot3_ws/install/sbock_nav_route:/home/aibes/GTI-3B-SBOCK/turtlebot3_ws/install/sbock_nav_position:/home/aibes/GTI-3B-SBOCK/turtlebot3_ws/install/provide_map:/opt/ros/foxy PS1=(rosenv) \[\e]0;\u@\h: \w\a\]${debian_chroot:+($debian_chroot)}\[\033[01;32m\]\u@\h\[\033[00m\]:\[\033[01;34m\]\w\[\033[00m\]\$ /usr/bin/cmake /home/aibes/GTI-3B-SBOCK/turtlebot3_ws/src/sbock/my_world -DCMAKE_INSTALL_PREFIX=/home/aibes/GTI-3B-SBOCK/turtlebot3_ws/install/my_world
[5.149s] Invoking command in '/home/aibes/GTI-3B-SBOCK/turtlebot3_ws/build/my_world': CMAKE_PREFIX_PATH=${CMAKE_PREFIX_PATH}:/home/aibes/turtlebot3_ws/install/show_msg:/home/aibes/turtlebot3_ws/install/provide_map:/home/aibes/turtlebot3_ws/install/my_slam:/home/aibes/turtlebot3_ws/install/my_nav2_system:/home/aibes/turtlebot3_ws/install/my_first_subscriber:/home/aibes/turtlebot3_ws/install/my_first_service:/home/aibes/turtlebot3_ws/install/my_first_publisher:/home/aibes/turtlebot3_ws/install/my_first_node:/home/aibes/turtlebot3_ws/install/my_first_action:/home/aibes/GTI-3B-SBOCK/turtlebot3_ws/install/sbock_robot_position_subscriber:/home/aibes/GTI-3B-SBOCK/turtlebot3_ws/install/sbock_position_publisher:/home/aibes/GTI-3B-SBOCK/turtlebot3_ws/install/sbock_nav_route:/home/aibes/GTI-3B-SBOCK/turtlebot3_ws/install/sbock_nav_position:/home/aibes/GTI-3B-SBOCK/turtlebot3_ws/install/provide_map:/opt/ros/foxy PS1=(rosenv) \[\e]0;\u@\h: \w\a\]${debian_chroot:+($debian_chroot)}\[\033[01;32m\]\u@\h\[\033[00m\]:\[\033[01;34m\]\w\[\033[00m\]\$ /usr/bin/cmake --build /home/aibes/GTI-3B-SBOCK/turtlebot3_ws/build/my_world -- -j6 -l6
[5.205s] [35m[1mScanning dependencies of target turtlebot3_drive[0m
[5.276s] [ 50%] [32mBuilding CXX object CMakeFiles/turtlebot3_drive.dir/src/turtlebot3_drive.cpp.o[0m
[15.281s] [100%] [32m[1mLinking CXX executable turtlebot3_drive[0m
[15.857s] [100%] Built target turtlebot3_drive
[15.879s] Invoked command in '/home/aibes/GTI-3B-SBOCK/turtlebot3_ws/build/my_world' returned '0': CMAKE_PREFIX_PATH=${CMAKE_PREFIX_PATH}:/home/aibes/turtlebot3_ws/install/show_msg:/home/aibes/turtlebot3_ws/install/provide_map:/home/aibes/turtlebot3_ws/install/my_slam:/home/aibes/turtlebot3_ws/install/my_nav2_system:/home/aibes/turtlebot3_ws/install/my_first_subscriber:/home/aibes/turtlebot3_ws/install/my_first_service:/home/aibes/turtlebot3_ws/install/my_first_publisher:/home/aibes/turtlebot3_ws/install/my_first_node:/home/aibes/turtlebot3_ws/install/my_first_action:/home/aibes/GTI-3B-SBOCK/turtlebot3_ws/install/sbock_robot_position_subscriber:/home/aibes/GTI-3B-SBOCK/turtlebot3_ws/install/sbock_position_publisher:/home/aibes/GTI-3B-SBOCK/turtlebot3_ws/install/sbock_nav_route:/home/aibes/GTI-3B-SBOCK/turtlebot3_ws/install/sbock_nav_position:/home/aibes/GTI-3B-SBOCK/turtlebot3_ws/install/provide_map:/opt/ros/foxy PS1=(rosenv) \[\e]0;\u@\h: \w\a\]${debian_chroot:+($debian_chroot)}\[\033[01;32m\]\u@\h\[\033[00m\]:\[\033[01;34m\]\w\[\033[00m\]\$ /usr/bin/cmake --build /home/aibes/GTI-3B-SBOCK/turtlebot3_ws/build/my_world -- -j6 -l6
[15.944s] Invoking command in '/home/aibes/GTI-3B-SBOCK/turtlebot3_ws/build/my_world': CMAKE_PREFIX_PATH=${CMAKE_PREFIX_PATH}:/home/aibes/turtlebot3_ws/install/show_msg:/home/aibes/turtlebot3_ws/install/provide_map:/home/aibes/turtlebot3_ws/install/my_slam:/home/aibes/turtlebot3_ws/install/my_nav2_system:/home/aibes/turtlebot3_ws/install/my_first_subscriber:/home/aibes/turtlebot3_ws/install/my_first_service:/home/aibes/turtlebot3_ws/install/my_first_publisher:/home/aibes/turtlebot3_ws/install/my_first_node:/home/aibes/turtlebot3_ws/install/my_first_action:/home/aibes/GTI-3B-SBOCK/turtlebot3_ws/install/sbock_robot_position_subscriber:/home/aibes/GTI-3B-SBOCK/turtlebot3_ws/install/sbock_position_publisher:/home/aibes/GTI-3B-SBOCK/turtlebot3_ws/install/sbock_nav_route:/home/aibes/GTI-3B-SBOCK/turtlebot3_ws/install/sbock_nav_position:/home/aibes/GTI-3B-SBOCK/turtlebot3_ws/install/provide_map:/opt/ros/foxy PS1=(rosenv) \[\e]0;\u@\h: \w\a\]${debian_chroot:+($debian_chroot)}\[\033[01;32m\]\u@\h\[\033[00m\]:\[\033[01;34m\]\w\[\033[00m\]\$ /usr/bin/cmake --install /home/aibes/GTI-3B-SBOCK/turtlebot3_ws/build/my_world
[15.960s] -- Install configuration: ""
[15.960s] -- Installing: /home/aibes/GTI-3B-SBOCK/turtlebot3_ws/install/my_world/lib/my_world/turtlebot3_drive
[15.961s] -- Set runtime path of "/home/aibes/GTI-3B-SBOCK/turtlebot3_ws/install/my_world/lib/my_world/turtlebot3_drive" to ""
[15.961s] -- Installing: /home/aibes/GTI-3B-SBOCK/turtlebot3_ws/install/my_world/share/my_world//launch
[15.961s] -- Installing: /home/aibes/GTI-3B-SBOCK/turtlebot3_ws/install/my_world/share/my_world//launch/turtlebot3_my_world.launch.py
[15.961s] -- Installing: /home/aibes/GTI-3B-SBOCK/turtlebot3_ws/install/my_world/share/my_world//models
[15.962s] -- Installing: /home/aibes/GTI-3B-SBOCK/turtlebot3_ws/install/my_world/share/my_world//models/turtlebot3_burger
[15.962s] -- Installing: /home/aibes/GTI-3B-SBOCK/turtlebot3_ws/install/my_world/share/my_world//models/turtlebot3_burger/model-1_4.sdf
[15.962s] -- Installing: /home/aibes/GTI-3B-SBOCK/turtlebot3_ws/install/my_world/share/my_world//models/turtlebot3_burger/model.config
[15.962s] -- Installing: /home/aibes/GTI-3B-SBOCK/turtlebot3_ws/install/my_world/share/my_world//models/turtlebot3_burger/meshes
[15.962s] -- Installing: /home/aibes/GTI-3B-SBOCK/turtlebot3_ws/install/my_world/share/my_world//models/turtlebot3_burger/meshes/lds.dae
[15.962s] -- Installing: /home/aibes/GTI-3B-SBOCK/turtlebot3_ws/install/my_world/share/my_world//models/turtlebot3_burger/meshes/burger_base.dae
[15.963s] -- Installing: /home/aibes/GTI-3B-SBOCK/turtlebot3_ws/install/my_world/share/my_world//models/turtlebot3_burger/meshes/tire.dae
[15.963s] -- Installing: /home/aibes/GTI-3B-SBOCK/turtlebot3_ws/install/my_world/share/my_world//models/turtlebot3_burger/model.sdf
[15.963s] -- Installing: /home/aibes/GTI-3B-SBOCK/turtlebot3_ws/install/my_world/share/my_world//models/my_world
[15.963s] -- Installing: /home/aibes/GTI-3B-SBOCK/turtlebot3_ws/install/my_world/share/my_world//models/my_world/model.config
[15.963s] -- Installing: /home/aibes/GTI-3B-SBOCK/turtlebot3_ws/install/my_world/share/my_world//models/my_world/model.sdf
[15.963s] -- Installing: /home/aibes/GTI-3B-SBOCK/turtlebot3_ws/install/my_world/share/my_world//world
[15.964s] -- Installing: /home/aibes/GTI-3B-SBOCK/turtlebot3_ws/install/my_world/share/my_world//world/burger.model
[15.964s] -- Installing: /home/aibes/GTI-3B-SBOCK/turtlebot3_ws/install/my_world/include/
[15.964s] -- Installing: /home/aibes/GTI-3B-SBOCK/turtlebot3_ws/install/my_world/include//my_world
[15.964s] -- Installing: /home/aibes/GTI-3B-SBOCK/turtlebot3_ws/install/my_world/include//my_world/archivo_relleno.txt
[15.964s] -- Installing: /home/aibes/GTI-3B-SBOCK/turtlebot3_ws/install/my_world/share/ament_index/resource_index/package_run_dependencies/my_world
[15.964s] -- Installing: /home/aibes/GTI-3B-SBOCK/turtlebot3_ws/install/my_world/share/ament_index/resource_index/parent_prefix_path/my_world
[15.965s] -- Installing: /home/aibes/GTI-3B-SBOCK/turtlebot3_ws/install/my_world/share/my_world/environment/ament_prefix_path.sh
[15.965s] -- Installing: /home/aibes/GTI-3B-SBOCK/turtlebot3_ws/install/my_world/share/my_world/environment/ament_prefix_path.dsv
[15.965s] -- Installing: /home/aibes/GTI-3B-SBOCK/turtlebot3_ws/install/my_world/share/my_world/environment/path.sh
[15.965s] -- Installing: /home/aibes/GTI-3B-SBOCK/turtlebot3_ws/install/my_world/share/my_world/environment/path.dsv
[15.965s] -- Installing: /home/aibes/GTI-3B-SBOCK/turtlebot3_ws/install/my_world/share/my_world/local_setup.bash
[15.966s] -- Installing: /home/aibes/GTI-3B-SBOCK/turtlebot3_ws/install/my_world/share/my_world/local_setup.sh
[15.966s] -- Installing: /home/aibes/GTI-3B-SBOCK/turtlebot3_ws/install/my_world/share/my_world/local_setup.zsh
[15.966s] -- Installing: /home/aibes/GTI-3B-SBOCK/turtlebot3_ws/install/my_world/share/my_world/local_setup.dsv
[15.966s] -- Installing: /home/aibes/GTI-3B-SBOCK/turtlebot3_ws/install/my_world/share/my_world/package.dsv
[15.966s] -- Installing: /home/aibes/GTI-3B-SBOCK/turtlebot3_ws/install/my_world/share/ament_index/resource_index/packages/my_world
[15.966s] -- Installing: /home/aibes/GTI-3B-SBOCK/turtlebot3_ws/install/my_world/share/my_world/cmake/ament_cmake_export_include_directories-extras.cmake
[15.966s] -- Installing: /home/aibes/GTI-3B-SBOCK/turtlebot3_ws/install/my_world/share/my_world/cmake/ament_cmake_export_dependencies-extras.cmake
[15.966s] -- Installing: /home/aibes/GTI-3B-SBOCK/turtlebot3_ws/install/my_world/share/my_world/cmake/my_worldConfig.cmake
[15.967s] -- Installing: /home/aibes/GTI-3B-SBOCK/turtlebot3_ws/install/my_world/share/my_world/cmake/my_worldConfig-version.cmake
[15.967s] -- Installing: /home/aibes/GTI-3B-SBOCK/turtlebot3_ws/install/my_world/share/my_world/package.xml
[15.971s] Invoked command in '/home/aibes/GTI-3B-SBOCK/turtlebot3_ws/build/my_world' returned '0': CMAKE_PREFIX_PATH=${CMAKE_PREFIX_PATH}:/home/aibes/turtlebot3_ws/install/show_msg:/home/aibes/turtlebot3_ws/install/provide_map:/home/aibes/turtlebot3_ws/install/my_slam:/home/aibes/turtlebot3_ws/install/my_nav2_system:/home/aibes/turtlebot3_ws/install/my_first_subscriber:/home/aibes/turtlebot3_ws/install/my_first_service:/home/aibes/turtlebot3_ws/install/my_first_publisher:/home/aibes/turtlebot3_ws/install/my_first_node:/home/aibes/turtlebot3_ws/install/my_first_action:/home/aibes/GTI-3B-SBOCK/turtlebot3_ws/install/sbock_robot_position_subscriber:/home/aibes/GTI-3B-SBOCK/turtlebot3_ws/install/sbock_position_publisher:/home/aibes/GTI-3B-SBOCK/turtlebot3_ws/install/sbock_nav_route:/home/aibes/GTI-3B-SBOCK/turtlebot3_ws/install/sbock_nav_position:/home/aibes/GTI-3B-SBOCK/turtlebot3_ws/install/provide_map:/opt/ros/foxy PS1=(rosenv) \[\e]0;\u@\h: \w\a\]${debian_chroot:+($debian_chroot)}\[\033[01;32m\]\u@\h\[\033[00m\]:\[\033[01;34m\]\w\[\033[00m\]\$ /usr/bin/cmake --install /home/aibes/GTI-3B-SBOCK/turtlebot3_ws/build/my_world
