[1.338s] Invoking command in '/home/pere/GTI-3B-SBOCK/turtlebot3_ws/src/my_first_node': PS1=(rosenv) \[\e]0;\u@\h: \w\a\]${debian_chroot:+($debian_chroot)}\[\033[01;32m\]\u@\h\[\033[00m\]:\[\033[01;34m\]\w\[\033[00m\]\$ PYTHONPATH=/home/pere/GTI-3B-SBOCK/turtlebot3_ws/install/my_first_node/lib/python3.8/site-packages:${PYTHONPATH} /usr/bin/python3 setup.py egg_info --egg-base ../../build/my_first_node build --build-base /home/pere/GTI-3B-SBOCK/turtlebot3_ws/build/my_first_node/build install --prefix /home/pere/GTI-3B-SBOCK/turtlebot3_ws/install/my_first_node --record /home/pere/GTI-3B-SBOCK/turtlebot3_ws/build/my_first_node/install.log --single-version-externally-managed
[1.704s] running egg_info
[1.705s] creating ../../build/my_first_node/my_first_node.egg-info
[1.706s] writing ../../build/my_first_node/my_first_node.egg-info/PKG-INFO
[1.706s] writing dependency_links to ../../build/my_first_node/my_first_node.egg-info/dependency_links.txt
[1.707s] writing entry points to ../../build/my_first_node/my_first_node.egg-info/entry_points.txt
[1.708s] writing requirements to ../../build/my_first_node/my_first_node.egg-info/requires.txt
[1.709s] writing top-level names to ../../build/my_first_node/my_first_node.egg-info/top_level.txt
[1.713s] writing manifest file '../../build/my_first_node/my_first_node.egg-info/SOURCES.txt'
[1.770s] reading manifest file '../../build/my_first_node/my_first_node.egg-info/SOURCES.txt'
[1.772s] writing manifest file '../../build/my_first_node/my_first_node.egg-info/SOURCES.txt'
[1.772s] running build
[1.772s] running build_py
[1.772s] creating /home/pere/GTI-3B-SBOCK/turtlebot3_ws/build/my_first_node/build
[1.773s] creating /home/pere/GTI-3B-SBOCK/turtlebot3_ws/build/my_first_node/build/lib
[1.773s] creating /home/pere/GTI-3B-SBOCK/turtlebot3_ws/build/my_first_node/build/lib/my_first_node
[1.773s] copying my_first_node/simple_node.py -> /home/pere/GTI-3B-SBOCK/turtlebot3_ws/build/my_first_node/build/lib/my_first_node
[1.774s] copying my_first_node/__init__.py -> /home/pere/GTI-3B-SBOCK/turtlebot3_ws/build/my_first_node/build/lib/my_first_node
[1.774s] running install
[1.775s] running install_lib
[1.777s] creating /home/pere/GTI-3B-SBOCK/turtlebot3_ws/install/my_first_node/lib/python3.8/site-packages/my_first_node
[1.777s] copying /home/pere/GTI-3B-SBOCK/turtlebot3_ws/build/my_first_node/build/lib/my_first_node/simple_node.py -> /home/pere/GTI-3B-SBOCK/turtlebot3_ws/install/my_first_node/lib/python3.8/site-packages/my_first_node
[1.778s] copying /home/pere/GTI-3B-SBOCK/turtlebot3_ws/build/my_first_node/build/lib/my_first_node/__init__.py -> /home/pere/GTI-3B-SBOCK/turtlebot3_ws/install/my_first_node/lib/python3.8/site-packages/my_first_node
[1.779s] byte-compiling /home/pere/GTI-3B-SBOCK/turtlebot3_ws/install/my_first_node/lib/python3.8/site-packages/my_first_node/simple_node.py to simple_node.cpython-38.pyc
[1.781s] byte-compiling /home/pere/GTI-3B-SBOCK/turtlebot3_ws/install/my_first_node/lib/python3.8/site-packages/my_first_node/__init__.py to __init__.cpython-38.pyc
[1.781s] running install_data
[1.782s] creating /home/pere/GTI-3B-SBOCK/turtlebot3_ws/install/my_first_node/share/ament_index
[1.783s] creating /home/pere/GTI-3B-SBOCK/turtlebot3_ws/install/my_first_node/share/ament_index/resource_index
[1.783s] creating /home/pere/GTI-3B-SBOCK/turtlebot3_ws/install/my_first_node/share/ament_index/resource_index/packages
[1.783s] copying resource/my_first_node -> /home/pere/GTI-3B-SBOCK/turtlebot3_ws/install/my_first_node/share/ament_index/resource_index/packages
[1.783s] copying package.xml -> /home/pere/GTI-3B-SBOCK/turtlebot3_ws/install/my_first_node/share/my_first_node
[1.783s] running install_egg_info
[1.786s] Copying ../../build/my_first_node/my_first_node.egg-info to /home/pere/GTI-3B-SBOCK/turtlebot3_ws/install/my_first_node/lib/python3.8/site-packages/my_first_node-0.0.0-py3.8.egg-info
[1.787s] running install_scripts
[1.814s] Installing simple_node script to /home/pere/GTI-3B-SBOCK/turtlebot3_ws/install/my_first_node/lib/my_first_node
[1.815s] writing list of installed files to '/home/pere/GTI-3B-SBOCK/turtlebot3_ws/build/my_first_node/install.log'
[1.887s] Invoked command in '/home/pere/GTI-3B-SBOCK/turtlebot3_ws/src/my_first_node' returned '0': PS1=(rosenv) \[\e]0;\u@\h: \w\a\]${debian_chroot:+($debian_chroot)}\[\033[01;32m\]\u@\h\[\033[00m\]:\[\033[01;34m\]\w\[\033[00m\]\$ PYTHONPATH=/home/pere/GTI-3B-SBOCK/turtlebot3_ws/install/my_first_node/lib/python3.8/site-packages:${PYTHONPATH} /usr/bin/python3 setup.py egg_info --egg-base ../../build/my_first_node build --build-base /home/pere/GTI-3B-SBOCK/turtlebot3_ws/build/my_first_node/build install --prefix /home/pere/GTI-3B-SBOCK/turtlebot3_ws/install/my_first_node --record /home/pere/GTI-3B-SBOCK/turtlebot3_ws/build/my_first_node/install.log --single-version-externally-managed
