[0.025s] Invoking command in '/home/natxo/GTI-3B-SBOCK/turtlebot3_ws/build/my_world': CMAKE_PREFIX_PATH=${CMAKE_PREFIX_PATH}:/home/natxo/turtlebot3_ws/install/my_slam:/home/natxo/turtlebot3_ws/install/my_first_publisher:/home/natxo/turtlebot3_ws/install/my_first_node:/opt/ros/foxy PS1=(rosenv) \[\e]0;\u@\h: \w\a\]${debian_chroot:+($debian_chroot)}\[\033[01;32m\]\u@\h\[\033[00m\]:\[\033[01;34m\]\w\[\033[00m\]\$ /usr/bin/cmake /home/natxo/GTI-3B-SBOCK/turtlebot3_ws/src/my_world -DCMAKE_INSTALL_PREFIX=/home/natxo/GTI-3B-SBOCK/turtlebot3_ws/install/my_world
[0.278s] -- The C compiler identification is GNU 9.3.0
[0.527s] -- The CXX compiler identification is GNU 9.3.0
[0.555s] -- Check for working C compiler: /usr/bin/cc
[0.871s] -- Check for working C compiler: /usr/bin/cc -- works
[0.874s] -- Detecting C compiler ABI info
[1.219s] -- Detecting C compiler ABI info - done
[1.302s] -- Detecting C compile features
[1.303s] -- Detecting C compile features - done
[1.328s] -- Check for working CXX compiler: /usr/bin/c++
[1.566s] -- Check for working CXX compiler: /usr/bin/c++ -- works
[1.568s] -- Detecting CXX compiler ABI info
[1.734s] -- Detecting CXX compiler ABI info - done
[1.778s] -- Detecting CXX compile features
[1.779s] -- Detecting CXX compile features - done
[1.791s] -- Found ament_cmake: 0.9.9 (/opt/ros/foxy/share/ament_cmake/cmake)
[1.886s] -- Found PythonInterp: /home/natxo/virtualenvs/rosenv/bin/python3 (found suitable version "3.8.10", minimum required is "3") 
[1.887s] -- Using PYTHON_EXECUTABLE: /home/natxo/virtualenvs/rosenv/bin/python3
[2.659s] -- Found PkgConfig: /usr/bin/pkg-config (found version "0.29.1") 
[2.678s] -- Checking for module 'bullet>=2.82'
[2.732s] --   Found bullet, version 2.88
[3.135s] -- Found ccd: /usr/include (found suitable version "2.0", minimum required is "2.0") 
[3.261s] -- Found fcl: /usr/include (found suitable version "0.5.0", minimum required is "0.3.2") 
[3.367s] -- Found assimp: /usr/include (found version "5.0.0") 
[3.425s] -- Found DART: /usr/include (Required is at least version "6.6") found components: dart 
[4.031s] -- Found Boost: /usr/lib/x86_64-linux-gnu/cmake/Boost-1.71.0/BoostConfig.cmake (found suitable version "1.71.0", minimum required is "1.40.0") found components: thread system filesystem program_options regex iostreams date_time 
[4.140s] -- Found Protobuf: /usr/lib/x86_64-linux-gnu/libprotobuf.so;-lpthread (found version "3.6.1") 
[4.153s] -- Looking for ignition-math6 -- found version 6.9.2
[4.167s] -- Searching for dependencies of ignition-math6
[4.173s] -- Looking for OGRE...
[4.174s] -- OGRE_PREFIX_WATCH changed.
[4.182s] -- Checking for module 'OGRE'
[4.209s] --   Found OGRE, version 1.9.0
[4.277s] -- Found Ogre Ghadamon (1.9.0)
[4.303s] -- Found OGRE: optimized;/usr/lib/x86_64-linux-gnu/libOgreMain.so;debug;/usr/lib/x86_64-linux-gnu/libOgreMain.so
[4.351s] -- Looking for OGRE_Paging...
[4.388s] -- Found OGRE_Paging: optimized;/usr/lib/x86_64-linux-gnu/libOgrePaging.so;debug;/usr/lib/x86_64-linux-gnu/libOgrePaging.so
[4.388s] -- Looking for OGRE_Terrain...
[4.428s] -- Found OGRE_Terrain: optimized;/usr/lib/x86_64-linux-gnu/libOgreTerrain.so;debug;/usr/lib/x86_64-linux-gnu/libOgreTerrain.so
[4.428s] -- Looking for OGRE_Property...
[4.467s] -- Found OGRE_Property: optimized;/usr/lib/x86_64-linux-gnu/libOgreProperty.so;debug;/usr/lib/x86_64-linux-gnu/libOgreProperty.so
[4.467s] -- Looking for OGRE_RTShaderSystem...
[4.513s] -- Found OGRE_RTShaderSystem: optimized;/usr/lib/x86_64-linux-gnu/libOgreRTShaderSystem.so;debug;/usr/lib/x86_64-linux-gnu/libOgreRTShaderSystem.so
[4.513s] -- Looking for OGRE_Volume...
[4.554s] -- Found OGRE_Volume: optimized;/usr/lib/x86_64-linux-gnu/libOgreVolume.so;debug;/usr/lib/x86_64-linux-gnu/libOgreVolume.so
[4.555s] -- Looking for OGRE_Overlay...
[4.575s] -- Found OGRE_Overlay: optimized;/usr/lib/x86_64-linux-gnu/libOgreOverlay.so;debug;/usr/lib/x86_64-linux-gnu/libOgreOverlay.so
[5.359s] -- Looking for ignition-math6 -- found version 6.9.2
[5.366s] -- Looking for ignition-transport8 -- found version 8.2.1
[5.368s] -- Searching for dependencies of ignition-transport8
[5.403s] -- Found Protobuf: /usr/lib/x86_64-linux-gnu/libprotobuf.so;-lpthread (found suitable version "3.6.1", minimum required is "3") 
[5.428s] -- Config-file not installed for ZeroMQ -- checking for pkg-config
[5.437s] -- Checking for module 'libzmq >= 4'
[5.467s] --   Found libzmq , version 4.3.2
[5.559s] -- Found ZeroMQ: TRUE (Required is at least version "4") 
[5.569s] -- Checking for module 'uuid'
[5.602s] --   Found uuid, version 2.34.0
[5.678s] -- Found UUID: TRUE  
[5.684s] -- Looking for ignition-msgs5 -- found version 5.8.1
[5.686s] -- Searching for dependencies of ignition-msgs5
[5.726s] -- Looking for ignition-math6 -- found version 6.9.2
[5.738s] -- Checking for module 'tinyxml2'
[5.773s] --   Found tinyxml2, version 6.2.0
[5.865s] -- Looking for ignition-msgs5 -- found version 5.8.1
[5.871s] -- Looking for ignition-common3 -- found version 3.14.0
[5.873s] -- Searching for dependencies of ignition-common3
[5.880s] -- Looking for dlfcn.h - found
[5.891s] -- Looking for libdl - found
[5.898s] -- Found DL: TRUE  
[5.940s] -- Searching for <ignition-common3> component [graphics]
[5.947s] -- Looking for ignition-common3-graphics -- found version 3.14.0
[5.949s] -- Searching for dependencies of ignition-common3-graphics
[5.955s] -- Looking for ignition-math6 -- found version 6.9.2
[5.975s] -- Looking for ignition-fuel_tools4 -- found version 4.4.0
[5.976s] -- Searching for dependencies of ignition-fuel_tools4
[6.193s] -- Found CURL: /usr/lib/x86_64-linux-gnu/libcurl.so (found version "7.68.0")  
[6.212s] -- Checking for module 'jsoncpp'
[6.252s] --   Found jsoncpp, version 1.7.4
[6.471s] -- Found JSONCPP: TRUE  
[6.499s] -- Checking for module 'libzip'
[6.563s] --   Found libzip, version 1.5.1
[6.778s] -- Found ZIP: TRUE  
[6.780s] -- Looking for ignition-common3 -- found version 3.14.0
[6.781s] -- Looking for ignition-math6 -- found version 6.9.2
[6.782s] -- Looking for ignition-msgs5 -- found version 5.8.1
[6.797s] -- Found gazebo_ros_pkgs: 3.5.3 (/opt/ros/foxy/share/gazebo_ros_pkgs/cmake)
[6.807s] -- Found geometry_msgs: 2.0.4 (/opt/ros/foxy/share/geometry_msgs/cmake)
[6.966s] -- Using all available rosidl_typesupport_c: rosidl_typesupport_fastrtps_c;rosidl_typesupport_introspection_c
[6.985s] -- Found rosidl_adapter: 1.2.1 (/opt/ros/foxy/share/rosidl_adapter/cmake)
[7.346s] -- Found OpenSSL: /usr/lib/x86_64-linux-gnu/libcrypto.so (found version "1.1.1f")  
[7.427s] -- Found FastRTPS: /opt/ros/foxy/include  
[7.647s] -- Using all available rosidl_typesupport_cpp: rosidl_typesupport_fastrtps_cpp;rosidl_typesupport_introspection_cpp
[7.920s] -- Found nav_msgs: 2.0.4 (/opt/ros/foxy/share/nav_msgs/cmake)
[8.403s] -- Found rclcpp: 2.4.0 (/opt/ros/foxy/share/rclcpp/cmake)
[8.589s] -- Found rmw_implementation_cmake: 1.0.3 (/opt/ros/foxy/share/rmw_implementation_cmake/cmake)
[8.594s] -- Using RMW implementation 'rmw_fastrtps_cpp' as default
[8.599s] -- Found Threads: TRUE  
[9.580s] -- Found sensor_msgs: 2.0.4 (/opt/ros/foxy/share/sensor_msgs/cmake)
[9.987s] -- Found tf2: 0.13.12 (/opt/ros/foxy/share/tf2/cmake)
[10.038s] -- Found turtlebot3_gazebo: 2.2.3 (/home/natxo/turtlebot3_ws/install/turtlebot3_gazebo/share/turtlebot3_gazebo/cmake)
[10.801s] -- Configuring done
[10.852s] -- Generating done
[10.863s] -- Build files have been written to: /home/natxo/GTI-3B-SBOCK/turtlebot3_ws/build/my_world
[10.901s] Invoked command in '/home/natxo/GTI-3B-SBOCK/turtlebot3_ws/build/my_world' returned '0': CMAKE_PREFIX_PATH=${CMAKE_PREFIX_PATH}:/home/natxo/turtlebot3_ws/install/my_slam:/home/natxo/turtlebot3_ws/install/my_first_publisher:/home/natxo/turtlebot3_ws/install/my_first_node:/opt/ros/foxy PS1=(rosenv) \[\e]0;\u@\h: \w\a\]${debian_chroot:+($debian_chroot)}\[\033[01;32m\]\u@\h\[\033[00m\]:\[\033[01;34m\]\w\[\033[00m\]\$ /usr/bin/cmake /home/natxo/GTI-3B-SBOCK/turtlebot3_ws/src/my_world -DCMAKE_INSTALL_PREFIX=/home/natxo/GTI-3B-SBOCK/turtlebot3_ws/install/my_world
[10.903s] Invoking command in '/home/natxo/GTI-3B-SBOCK/turtlebot3_ws/build/my_world': CMAKE_PREFIX_PATH=${CMAKE_PREFIX_PATH}:/home/natxo/turtlebot3_ws/install/my_slam:/home/natxo/turtlebot3_ws/install/my_first_publisher:/home/natxo/turtlebot3_ws/install/my_first_node:/opt/ros/foxy PS1=(rosenv) \[\e]0;\u@\h: \w\a\]${debian_chroot:+($debian_chroot)}\[\033[01;32m\]\u@\h\[\033[00m\]:\[\033[01;34m\]\w\[\033[00m\]\$ /usr/bin/cmake --build /home/natxo/GTI-3B-SBOCK/turtlebot3_ws/build/my_world -- -j2 -l2
[11.093s] [35m[1mScanning dependencies of target turtlebot3_drive[0m
[11.206s] [ 50%] [32mBuilding CXX object CMakeFiles/turtlebot3_drive.dir/src/turtlebot3_drive.cpp.o[0m
[30.141s] [100%] [32m[1mLinking CXX executable turtlebot3_drive[0m
[31.438s] [100%] Built target turtlebot3_drive
[31.464s] Invoked command in '/home/natxo/GTI-3B-SBOCK/turtlebot3_ws/build/my_world' returned '0': CMAKE_PREFIX_PATH=${CMAKE_PREFIX_PATH}:/home/natxo/turtlebot3_ws/install/my_slam:/home/natxo/turtlebot3_ws/install/my_first_publisher:/home/natxo/turtlebot3_ws/install/my_first_node:/opt/ros/foxy PS1=(rosenv) \[\e]0;\u@\h: \w\a\]${debian_chroot:+($debian_chroot)}\[\033[01;32m\]\u@\h\[\033[00m\]:\[\033[01;34m\]\w\[\033[00m\]\$ /usr/bin/cmake --build /home/natxo/GTI-3B-SBOCK/turtlebot3_ws/build/my_world -- -j2 -l2
[31.521s] Invoking command in '/home/natxo/GTI-3B-SBOCK/turtlebot3_ws/build/my_world': CMAKE_PREFIX_PATH=${CMAKE_PREFIX_PATH}:/home/natxo/turtlebot3_ws/install/my_slam:/home/natxo/turtlebot3_ws/install/my_first_publisher:/home/natxo/turtlebot3_ws/install/my_first_node:/opt/ros/foxy PS1=(rosenv) \[\e]0;\u@\h: \w\a\]${debian_chroot:+($debian_chroot)}\[\033[01;32m\]\u@\h\[\033[00m\]:\[\033[01;34m\]\w\[\033[00m\]\$ /usr/bin/cmake --install /home/natxo/GTI-3B-SBOCK/turtlebot3_ws/build/my_world
[31.538s] -- Install configuration: ""
[31.539s] -- Installing: /home/natxo/GTI-3B-SBOCK/turtlebot3_ws/install/my_world/lib/my_world/turtlebot3_drive
[31.550s] -- Set runtime path of "/home/natxo/GTI-3B-SBOCK/turtlebot3_ws/install/my_world/lib/my_world/turtlebot3_drive" to ""
[31.551s] -- Installing: /home/natxo/GTI-3B-SBOCK/turtlebot3_ws/install/my_world/share/my_world//launch
[31.552s] -- Installing: /home/natxo/GTI-3B-SBOCK/turtlebot3_ws/install/my_world/share/my_world//launch/turtlebot3_my_world.launch.py
[31.552s] -- Installing: /home/natxo/GTI-3B-SBOCK/turtlebot3_ws/install/my_world/share/my_world//models
[31.553s] -- Installing: /home/natxo/GTI-3B-SBOCK/turtlebot3_ws/install/my_world/share/my_world//models/my_world
[31.554s] -- Installing: /home/natxo/GTI-3B-SBOCK/turtlebot3_ws/install/my_world/share/my_world//models/my_world/model.config
[31.554s] -- Installing: /home/natxo/GTI-3B-SBOCK/turtlebot3_ws/install/my_world/share/my_world//models/my_world/model.sdf
[31.555s] -- Installing: /home/natxo/GTI-3B-SBOCK/turtlebot3_ws/install/my_world/share/my_world//models/turtlebot3_burger
[31.556s] -- Installing: /home/natxo/GTI-3B-SBOCK/turtlebot3_ws/install/my_world/share/my_world//models/turtlebot3_burger/model.config
[31.556s] -- Installing: /home/natxo/GTI-3B-SBOCK/turtlebot3_ws/install/my_world/share/my_world//models/turtlebot3_burger/model-1_4.sdf
[31.557s] -- Installing: /home/natxo/GTI-3B-SBOCK/turtlebot3_ws/install/my_world/share/my_world//models/turtlebot3_burger/meshes
[31.558s] -- Installing: /home/natxo/GTI-3B-SBOCK/turtlebot3_ws/install/my_world/share/my_world//models/turtlebot3_burger/meshes/lds.dae
[31.558s] -- Installing: /home/natxo/GTI-3B-SBOCK/turtlebot3_ws/install/my_world/share/my_world//models/turtlebot3_burger/meshes/burger_base.dae
[31.559s] -- Installing: /home/natxo/GTI-3B-SBOCK/turtlebot3_ws/install/my_world/share/my_world//models/turtlebot3_burger/meshes/tire.dae
[31.560s] -- Installing: /home/natxo/GTI-3B-SBOCK/turtlebot3_ws/install/my_world/share/my_world//models/turtlebot3_burger/model.sdf
[31.561s] -- Installing: /home/natxo/GTI-3B-SBOCK/turtlebot3_ws/install/my_world/share/my_world//world
[31.561s] -- Installing: /home/natxo/GTI-3B-SBOCK/turtlebot3_ws/install/my_world/share/my_world//world/burger.model
[31.562s] CMake Error at cmake_install.cmake:69 (file):
[31.562s]   file INSTALL cannot find
[31.563s]   "/home/natxo/GTI-3B-SBOCK/turtlebot3_ws/src/my_world/include": No such file
[31.563s]   or directory.
[31.563s] 
[31.564s] 
[31.571s] Invoked command in '/home/natxo/GTI-3B-SBOCK/turtlebot3_ws/build/my_world' returned '1': CMAKE_PREFIX_PATH=${CMAKE_PREFIX_PATH}:/home/natxo/turtlebot3_ws/install/my_slam:/home/natxo/turtlebot3_ws/install/my_first_publisher:/home/natxo/turtlebot3_ws/install/my_first_node:/opt/ros/foxy PS1=(rosenv) \[\e]0;\u@\h: \w\a\]${debian_chroot:+($debian_chroot)}\[\033[01;32m\]\u@\h\[\033[00m\]:\[\033[01;34m\]\w\[\033[00m\]\$ /usr/bin/cmake --install /home/natxo/GTI-3B-SBOCK/turtlebot3_ws/build/my_world
