running egg_info
creating ../../build/sbock_nav2_system/sbock_nav2_system.egg-info
writing ../../build/sbock_nav2_system/sbock_nav2_system.egg-info/PKG-INFO
writing dependency_links to ../../build/sbock_nav2_system/sbock_nav2_system.egg-info/dependency_links.txt
writing entry points to ../../build/sbock_nav2_system/sbock_nav2_system.egg-info/entry_points.txt
writing requirements to ../../build/sbock_nav2_system/sbock_nav2_system.egg-info/requires.txt
writing top-level names to ../../build/sbock_nav2_system/sbock_nav2_system.egg-info/top_level.txt
writing manifest file '../../build/sbock_nav2_system/sbock_nav2_system.egg-info/SOURCES.txt'
reading manifest file '../../build/sbock_nav2_system/sbock_nav2_system.egg-info/SOURCES.txt'
writing manifest file '../../build/sbock_nav2_system/sbock_nav2_system.egg-info/SOURCES.txt'
running build
running build_py
creating /home/aibes/GTI-3B-SBOCK/turtlebot3_ws/build/sbock_nav2_system/build
creating /home/aibes/GTI-3B-SBOCK/turtlebot3_ws/build/sbock_nav2_system/build/lib
creating /home/aibes/GTI-3B-SBOCK/turtlebot3_ws/build/sbock_nav2_system/build/lib/sbock_nav2_system
copying sbock_nav2_system/__init__.py -> /home/aibes/GTI-3B-SBOCK/turtlebot3_ws/build/sbock_nav2_system/build/lib/sbock_nav2_system
copying sbock_nav2_system/initial_pose_pub.py -> /home/aibes/GTI-3B-SBOCK/turtlebot3_ws/build/sbock_nav2_system/build/lib/sbock_nav2_system
running install
running install_lib
creating /home/aibes/GTI-3B-SBOCK/turtlebot3_ws/install/sbock_nav2_system/lib/python3.8/site-packages/sbock_nav2_system
copying /home/aibes/GTI-3B-SBOCK/turtlebot3_ws/build/sbock_nav2_system/build/lib/sbock_nav2_system/__init__.py -> /home/aibes/GTI-3B-SBOCK/turtlebot3_ws/install/sbock_nav2_system/lib/python3.8/site-packages/sbock_nav2_system
copying /home/aibes/GTI-3B-SBOCK/turtlebot3_ws/build/sbock_nav2_system/build/lib/sbock_nav2_system/initial_pose_pub.py -> /home/aibes/GTI-3B-SBOCK/turtlebot3_ws/install/sbock_nav2_system/lib/python3.8/site-packages/sbock_nav2_system
byte-compiling /home/aibes/GTI-3B-SBOCK/turtlebot3_ws/install/sbock_nav2_system/lib/python3.8/site-packages/sbock_nav2_system/__init__.py to __init__.cpython-38.pyc
byte-compiling /home/aibes/GTI-3B-SBOCK/turtlebot3_ws/install/sbock_nav2_system/lib/python3.8/site-packages/sbock_nav2_system/initial_pose_pub.py to initial_pose_pub.cpython-38.pyc
running install_data
creating /home/aibes/GTI-3B-SBOCK/turtlebot3_ws/install/sbock_nav2_system/share/ament_index
creating /home/aibes/GTI-3B-SBOCK/turtlebot3_ws/install/sbock_nav2_system/share/ament_index/resource_index
creating /home/aibes/GTI-3B-SBOCK/turtlebot3_ws/install/sbock_nav2_system/share/ament_index/resource_index/packages
copying resource/sbock_nav2_system -> /home/aibes/GTI-3B-SBOCK/turtlebot3_ws/install/sbock_nav2_system/share/ament_index/resource_index/packages
copying package.xml -> /home/aibes/GTI-3B-SBOCK/turtlebot3_ws/install/sbock_nav2_system/share/sbock_nav2_system
creating /home/aibes/GTI-3B-SBOCK/turtlebot3_ws/install/sbock_nav2_system/share/sbock_nav2_system/launch
copying launch/sbock_tb3_sim_nav2.launch.py -> /home/aibes/GTI-3B-SBOCK/turtlebot3_ws/install/sbock_nav2_system/share/sbock_nav2_system/launch
copying launch/sbock_initial_pose.launch.py -> /home/aibes/GTI-3B-SBOCK/turtlebot3_ws/install/sbock_nav2_system/share/sbock_nav2_system/launch
copying launch/sbock_nav2_system.launch.py -> /home/aibes/GTI-3B-SBOCK/turtlebot3_ws/install/sbock_nav2_system/share/sbock_nav2_system/launch
creating /home/aibes/GTI-3B-SBOCK/turtlebot3_ws/install/sbock_nav2_system/share/sbock_nav2_system/config
copying config/my_map.yaml -> /home/aibes/GTI-3B-SBOCK/turtlebot3_ws/install/sbock_nav2_system/share/sbock_nav2_system/config
copying config/nav2_params.yaml -> /home/aibes/GTI-3B-SBOCK/turtlebot3_ws/install/sbock_nav2_system/share/sbock_nav2_system/config
copying config/my_map.pgm -> /home/aibes/GTI-3B-SBOCK/turtlebot3_ws/install/sbock_nav2_system/share/sbock_nav2_system/config
copying config/nav2_default_view.rviz -> /home/aibes/GTI-3B-SBOCK/turtlebot3_ws/install/sbock_nav2_system/share/sbock_nav2_system/config
copying config/my_slam.rviz -> /home/aibes/GTI-3B-SBOCK/turtlebot3_ws/install/sbock_nav2_system/share/sbock_nav2_system/config
copying config/navigate_w_replanning_and_recovery.xml -> /home/aibes/GTI-3B-SBOCK/turtlebot3_ws/install/sbock_nav2_system/share/sbock_nav2_system/config
running install_egg_info
Copying ../../build/sbock_nav2_system/sbock_nav2_system.egg-info to /home/aibes/GTI-3B-SBOCK/turtlebot3_ws/install/sbock_nav2_system/lib/python3.8/site-packages/sbock_nav2_system-0.0.0-py3.8.egg-info
running install_scripts
Installing go_to_pose script to /home/aibes/GTI-3B-SBOCK/turtlebot3_ws/install/sbock_nav2_system/lib/sbock_nav2_system
Installing initial_pose_pub script to /home/aibes/GTI-3B-SBOCK/turtlebot3_ws/install/sbock_nav2_system/lib/sbock_nav2_system
Installing load_map script to /home/aibes/GTI-3B-SBOCK/turtlebot3_ws/install/sbock_nav2_system/lib/sbock_nav2_system
Installing nav_to_pose script to /home/aibes/GTI-3B-SBOCK/turtlebot3_ws/install/sbock_nav2_system/lib/sbock_nav2_system
writing list of installed files to '/home/aibes/GTI-3B-SBOCK/turtlebot3_ws/build/sbock_nav2_system/install.log'
