[0.222s] DEBUG:colcon:Command line arguments: ['/usr/bin/colcon', 'build', '--packages-select', 'sbock_my_world']
[0.222s] DEBUG:colcon:Parsed command line arguments: Namespace(allow_overriding=[], ament_cmake_args=None, base_paths=['.'], build_base='build', catkin_cmake_args=None, catkin_skip_building_tests=False, cmake_args=None, cmake_clean_cache=False, cmake_clean_first=False, cmake_force_configure=False, cmake_target=None, cmake_target_skip_unavailable=False, continue_on_error=False, event_handlers=None, executor='parallel', ignore_user_meta=False, install_base='install', log_base=None, log_level=None, main=<bound method BuildVerb.main of <colcon_core.verb.build.BuildVerb object at 0x7f892f8b8c10>>, merge_install=False, metas=['./colcon.meta'], packages_above=None, packages_above_and_dependencies=None, packages_above_depth=None, packages_end=None, packages_ignore=None, packages_ignore_regex=None, packages_select=['sbock_my_world'], packages_select_build_failed=False, packages_select_by_dep=None, packages_select_regex=None, packages_select_test_failures=False, packages_skip=None, packages_skip_build_finished=False, packages_skip_by_dep=None, packages_skip_regex=None, packages_skip_test_passed=False, packages_skip_up_to=None, packages_start=None, packages_up_to=None, packages_up_to_regex=None, parallel_workers=4, paths=None, symlink_install=False, test_result_base=None, verb_extension=<colcon_core.verb.build.BuildVerb object at 0x7f892f8b8c10>, verb_name='build', verb_parser=<colcon_defaults.argument_parser.defaults.DefaultArgumentsDecorator object at 0x7f892f8c41c0>)
[0.232s] Level 1:colcon.colcon_core.package_discovery:discover_packages(colcon_meta) check parameters
[0.232s] Level 1:colcon.colcon_core.package_discovery:discover_packages(recursive) check parameters
[0.232s] Level 1:colcon.colcon_core.package_discovery:discover_packages(ignore) check parameters
[0.232s] Level 1:colcon.colcon_core.package_discovery:discover_packages(path) check parameters
[0.232s] Level 1:colcon.colcon_core.package_discovery:discover_packages(colcon_meta) discover
[0.232s] Level 1:colcon.colcon_core.package_discovery:discover_packages(recursive) discover
[0.232s] INFO:colcon.colcon_core.package_discovery:Crawling recursively for packages in '/home/pere/GTI-3B-SBOCK/turtlebot3_ws'
[0.232s] Level 1:colcon.colcon_core.package_identification:_identify(.) by extensions ['ignore', 'ignore_ament_install']
[0.232s] Level 1:colcon.colcon_core.package_identification:_identify(.) by extension 'ignore'
[0.232s] Level 1:colcon.colcon_core.package_identification:_identify(.) by extension 'ignore_ament_install'
[0.233s] Level 1:colcon.colcon_core.package_identification:_identify(.) by extensions ['colcon_pkg']
[0.233s] Level 1:colcon.colcon_core.package_identification:_identify(.) by extension 'colcon_pkg'
[0.233s] Level 1:colcon.colcon_core.package_identification:_identify(.) by extensions ['colcon_meta']
[0.233s] Level 1:colcon.colcon_core.package_identification:_identify(.) by extension 'colcon_meta'
[0.233s] Level 1:colcon.colcon_core.package_identification:_identify(.) by extensions ['ros']
[0.233s] Level 1:colcon.colcon_core.package_identification:_identify(.) by extension 'ros'
[0.243s] Level 1:colcon.colcon_core.package_identification:_identify(.) by extensions ['cmake', 'python']
[0.244s] Level 1:colcon.colcon_core.package_identification:_identify(.) by extension 'cmake'
[0.244s] Level 1:colcon.colcon_core.package_identification:_identify(.) by extension 'python'
[0.244s] Level 1:colcon.colcon_core.package_identification:_identify(.) by extensions ['python_setup_py']
[0.244s] Level 1:colcon.colcon_core.package_identification:_identify(.) by extension 'python_setup_py'
[0.244s] Level 1:colcon.colcon_core.package_identification:_identify(build) by extensions ['ignore', 'ignore_ament_install']
[0.244s] Level 1:colcon.colcon_core.package_identification:_identify(build) by extension 'ignore'
[0.244s] Level 1:colcon.colcon_core.package_identification:_identify(build) ignored
[0.244s] Level 1:colcon.colcon_core.package_identification:_identify(install) by extensions ['ignore', 'ignore_ament_install']
[0.244s] Level 1:colcon.colcon_core.package_identification:_identify(install) by extension 'ignore'
[0.244s] Level 1:colcon.colcon_core.package_identification:_identify(install) ignored
[0.244s] Level 1:colcon.colcon_core.package_identification:_identify(log) by extensions ['ignore', 'ignore_ament_install']
[0.244s] Level 1:colcon.colcon_core.package_identification:_identify(log) by extension 'ignore'
[0.244s] Level 1:colcon.colcon_core.package_identification:_identify(log) ignored
[0.244s] Level 1:colcon.colcon_core.package_identification:_identify(src) by extensions ['ignore', 'ignore_ament_install']
[0.245s] Level 1:colcon.colcon_core.package_identification:_identify(src) by extension 'ignore'
[0.245s] Level 1:colcon.colcon_core.package_identification:_identify(src) by extension 'ignore_ament_install'
[0.245s] Level 1:colcon.colcon_core.package_identification:_identify(src) by extensions ['colcon_pkg']
[0.245s] Level 1:colcon.colcon_core.package_identification:_identify(src) by extension 'colcon_pkg'
[0.245s] Level 1:colcon.colcon_core.package_identification:_identify(src) by extensions ['colcon_meta']
[0.245s] Level 1:colcon.colcon_core.package_identification:_identify(src) by extension 'colcon_meta'
[0.245s] Level 1:colcon.colcon_core.package_identification:_identify(src) by extensions ['ros']
[0.245s] Level 1:colcon.colcon_core.package_identification:_identify(src) by extension 'ros'
[0.245s] Level 1:colcon.colcon_core.package_identification:_identify(src) by extensions ['cmake', 'python']
[0.245s] Level 1:colcon.colcon_core.package_identification:_identify(src) by extension 'cmake'
[0.245s] Level 1:colcon.colcon_core.package_identification:_identify(src) by extension 'python'
[0.245s] Level 1:colcon.colcon_core.package_identification:_identify(src) by extensions ['python_setup_py']
[0.245s] Level 1:colcon.colcon_core.package_identification:_identify(src) by extension 'python_setup_py'
[0.245s] Level 1:colcon.colcon_core.package_identification:_identify(src/sbock) by extensions ['ignore', 'ignore_ament_install']
[0.245s] Level 1:colcon.colcon_core.package_identification:_identify(src/sbock) by extension 'ignore'
[0.245s] Level 1:colcon.colcon_core.package_identification:_identify(src/sbock) by extension 'ignore_ament_install'
[0.245s] Level 1:colcon.colcon_core.package_identification:_identify(src/sbock) by extensions ['colcon_pkg']
[0.245s] Level 1:colcon.colcon_core.package_identification:_identify(src/sbock) by extension 'colcon_pkg'
[0.245s] Level 1:colcon.colcon_core.package_identification:_identify(src/sbock) by extensions ['colcon_meta']
[0.245s] Level 1:colcon.colcon_core.package_identification:_identify(src/sbock) by extension 'colcon_meta'
[0.246s] Level 1:colcon.colcon_core.package_identification:_identify(src/sbock) by extensions ['ros']
[0.246s] Level 1:colcon.colcon_core.package_identification:_identify(src/sbock) by extension 'ros'
[0.246s] Level 1:colcon.colcon_core.package_identification:_identify(src/sbock) by extensions ['cmake', 'python']
[0.246s] Level 1:colcon.colcon_core.package_identification:_identify(src/sbock) by extension 'cmake'
[0.246s] Level 1:colcon.colcon_core.package_identification:_identify(src/sbock) by extension 'python'
[0.246s] Level 1:colcon.colcon_core.package_identification:_identify(src/sbock) by extensions ['python_setup_py']
[0.246s] Level 1:colcon.colcon_core.package_identification:_identify(src/sbock) by extension 'python_setup_py'
[0.246s] Level 1:colcon.colcon_core.package_identification:_identify(src/sbock/provide_map) by extensions ['ignore', 'ignore_ament_install']
[0.246s] Level 1:colcon.colcon_core.package_identification:_identify(src/sbock/provide_map) by extension 'ignore'
[0.246s] Level 1:colcon.colcon_core.package_identification:_identify(src/sbock/provide_map) by extension 'ignore_ament_install'
[0.246s] Level 1:colcon.colcon_core.package_identification:_identify(src/sbock/provide_map) by extensions ['colcon_pkg']
[0.246s] Level 1:colcon.colcon_core.package_identification:_identify(src/sbock/provide_map) by extension 'colcon_pkg'
[0.246s] Level 1:colcon.colcon_core.package_identification:_identify(src/sbock/provide_map) by extensions ['colcon_meta']
[0.246s] Level 1:colcon.colcon_core.package_identification:_identify(src/sbock/provide_map) by extension 'colcon_meta'
[0.246s] Level 1:colcon.colcon_core.package_identification:_identify(src/sbock/provide_map) by extensions ['ros']
[0.246s] Level 1:colcon.colcon_core.package_identification:_identify(src/sbock/provide_map) by extension 'ros'
[0.249s] DEBUG:colcon.colcon_core.package_identification:Package 'src/sbock/provide_map' with type 'ros.ament_python' and name 'provide_map'
[0.249s] Level 1:colcon.colcon_core.package_identification:_identify(src/sbock/sbock) by extensions ['ignore', 'ignore_ament_install']
[0.249s] Level 1:colcon.colcon_core.package_identification:_identify(src/sbock/sbock) by extension 'ignore'
[0.249s] Level 1:colcon.colcon_core.package_identification:_identify(src/sbock/sbock) by extension 'ignore_ament_install'
[0.249s] Level 1:colcon.colcon_core.package_identification:_identify(src/sbock/sbock) by extensions ['colcon_pkg']
[0.249s] Level 1:colcon.colcon_core.package_identification:_identify(src/sbock/sbock) by extension 'colcon_pkg'
[0.249s] Level 1:colcon.colcon_core.package_identification:_identify(src/sbock/sbock) by extensions ['colcon_meta']
[0.249s] Level 1:colcon.colcon_core.package_identification:_identify(src/sbock/sbock) by extension 'colcon_meta'
[0.249s] Level 1:colcon.colcon_core.package_identification:_identify(src/sbock/sbock) by extensions ['ros']
[0.249s] Level 1:colcon.colcon_core.package_identification:_identify(src/sbock/sbock) by extension 'ros'
[0.250s] DEBUG:colcon.colcon_core.package_identification:Package 'src/sbock/sbock' with type 'ros.ament_cmake' and name 'sbock'
[0.250s] Level 1:colcon.colcon_core.package_identification:_identify(src/sbock/sbock_my_world) by extensions ['ignore', 'ignore_ament_install']
[0.250s] Level 1:colcon.colcon_core.package_identification:_identify(src/sbock/sbock_my_world) by extension 'ignore'
[0.250s] Level 1:colcon.colcon_core.package_identification:_identify(src/sbock/sbock_my_world) by extension 'ignore_ament_install'
[0.251s] Level 1:colcon.colcon_core.package_identification:_identify(src/sbock/sbock_my_world) by extensions ['colcon_pkg']
[0.251s] Level 1:colcon.colcon_core.package_identification:_identify(src/sbock/sbock_my_world) by extension 'colcon_pkg'
[0.251s] Level 1:colcon.colcon_core.package_identification:_identify(src/sbock/sbock_my_world) by extensions ['colcon_meta']
[0.251s] Level 1:colcon.colcon_core.package_identification:_identify(src/sbock/sbock_my_world) by extension 'colcon_meta'
[0.251s] Level 1:colcon.colcon_core.package_identification:_identify(src/sbock/sbock_my_world) by extensions ['ros']
[0.251s] Level 1:colcon.colcon_core.package_identification:_identify(src/sbock/sbock_my_world) by extension 'ros'
[0.252s] DEBUG:colcon.colcon_core.package_identification:Package 'src/sbock/sbock_my_world' with type 'ros.ament_cmake' and name 'sbock_my_world'
[0.252s] Level 1:colcon.colcon_core.package_identification:_identify(src/sbock/sbock_nav_position) by extensions ['ignore', 'ignore_ament_install']
[0.252s] Level 1:colcon.colcon_core.package_identification:_identify(src/sbock/sbock_nav_position) by extension 'ignore'
[0.252s] Level 1:colcon.colcon_core.package_identification:_identify(src/sbock/sbock_nav_position) by extension 'ignore_ament_install'
[0.252s] Level 1:colcon.colcon_core.package_identification:_identify(src/sbock/sbock_nav_position) by extensions ['colcon_pkg']
[0.252s] Level 1:colcon.colcon_core.package_identification:_identify(src/sbock/sbock_nav_position) by extension 'colcon_pkg'
[0.252s] Level 1:colcon.colcon_core.package_identification:_identify(src/sbock/sbock_nav_position) by extensions ['colcon_meta']
[0.252s] Level 1:colcon.colcon_core.package_identification:_identify(src/sbock/sbock_nav_position) by extension 'colcon_meta'
[0.252s] Level 1:colcon.colcon_core.package_identification:_identify(src/sbock/sbock_nav_position) by extensions ['ros']
[0.252s] Level 1:colcon.colcon_core.package_identification:_identify(src/sbock/sbock_nav_position) by extension 'ros'
[0.253s] DEBUG:colcon.colcon_core.package_identification:Package 'src/sbock/sbock_nav_position' with type 'ros.ament_python' and name 'sbock_nav_position'
[0.253s] Level 1:colcon.colcon_core.package_identification:_identify(src/sbock/sbock_nav_route) by extensions ['ignore', 'ignore_ament_install']
[0.253s] Level 1:colcon.colcon_core.package_identification:_identify(src/sbock/sbock_nav_route) by extension 'ignore'
[0.253s] Level 1:colcon.colcon_core.package_identification:_identify(src/sbock/sbock_nav_route) by extension 'ignore_ament_install'
[0.253s] Level 1:colcon.colcon_core.package_identification:_identify(src/sbock/sbock_nav_route) by extensions ['colcon_pkg']
[0.253s] Level 1:colcon.colcon_core.package_identification:_identify(src/sbock/sbock_nav_route) by extension 'colcon_pkg'
[0.253s] Level 1:colcon.colcon_core.package_identification:_identify(src/sbock/sbock_nav_route) by extensions ['colcon_meta']
[0.254s] Level 1:colcon.colcon_core.package_identification:_identify(src/sbock/sbock_nav_route) by extension 'colcon_meta'
[0.254s] Level 1:colcon.colcon_core.package_identification:_identify(src/sbock/sbock_nav_route) by extensions ['ros']
[0.254s] Level 1:colcon.colcon_core.package_identification:_identify(src/sbock/sbock_nav_route) by extension 'ros'
[0.255s] DEBUG:colcon.colcon_core.package_identification:Package 'src/sbock/sbock_nav_route' with type 'ros.ament_python' and name 'sbock_nav_route'
[0.255s] Level 1:colcon.colcon_core.package_identification:_identify(src/sbock/sbock_position_publisher) by extensions ['ignore', 'ignore_ament_install']
[0.255s] Level 1:colcon.colcon_core.package_identification:_identify(src/sbock/sbock_position_publisher) by extension 'ignore'
[0.255s] Level 1:colcon.colcon_core.package_identification:_identify(src/sbock/sbock_position_publisher) by extension 'ignore_ament_install'
[0.255s] Level 1:colcon.colcon_core.package_identification:_identify(src/sbock/sbock_position_publisher) by extensions ['colcon_pkg']
[0.255s] Level 1:colcon.colcon_core.package_identification:_identify(src/sbock/sbock_position_publisher) by extension 'colcon_pkg'
[0.255s] Level 1:colcon.colcon_core.package_identification:_identify(src/sbock/sbock_position_publisher) by extensions ['colcon_meta']
[0.255s] Level 1:colcon.colcon_core.package_identification:_identify(src/sbock/sbock_position_publisher) by extension 'colcon_meta'
[0.255s] Level 1:colcon.colcon_core.package_identification:_identify(src/sbock/sbock_position_publisher) by extensions ['ros']
[0.255s] Level 1:colcon.colcon_core.package_identification:_identify(src/sbock/sbock_position_publisher) by extension 'ros'
[0.257s] DEBUG:colcon.colcon_core.package_identification:Package 'src/sbock/sbock_position_publisher' with type 'ros.ament_python' and name 'sbock_position_publisher'
[0.257s] Level 1:colcon.colcon_core.package_identification:_identify(src/sbock/sbock_robot_position_subscriber) by extensions ['ignore', 'ignore_ament_install']
[0.258s] Level 1:colcon.colcon_core.package_identification:_identify(src/sbock/sbock_robot_position_subscriber) by extension 'ignore'
[0.258s] Level 1:colcon.colcon_core.package_identification:_identify(src/sbock/sbock_robot_position_subscriber) by extension 'ignore_ament_install'
[0.258s] Level 1:colcon.colcon_core.package_identification:_identify(src/sbock/sbock_robot_position_subscriber) by extensions ['colcon_pkg']
[0.258s] Level 1:colcon.colcon_core.package_identification:_identify(src/sbock/sbock_robot_position_subscriber) by extension 'colcon_pkg'
[0.258s] Level 1:colcon.colcon_core.package_identification:_identify(src/sbock/sbock_robot_position_subscriber) by extensions ['colcon_meta']
[0.258s] Level 1:colcon.colcon_core.package_identification:_identify(src/sbock/sbock_robot_position_subscriber) by extension 'colcon_meta'
[0.258s] Level 1:colcon.colcon_core.package_identification:_identify(src/sbock/sbock_robot_position_subscriber) by extensions ['ros']
[0.258s] Level 1:colcon.colcon_core.package_identification:_identify(src/sbock/sbock_robot_position_subscriber) by extension 'ros'
[0.261s] DEBUG:colcon.colcon_core.package_identification:Package 'src/sbock/sbock_robot_position_subscriber' with type 'ros.ament_python' and name 'sbock_robot_position_subscriber'
[0.261s] Level 1:colcon.colcon_core.package_identification:_identify(src/turtlebot3_simulations) by extensions ['ignore', 'ignore_ament_install']
[0.261s] Level 1:colcon.colcon_core.package_identification:_identify(src/turtlebot3_simulations) by extension 'ignore'
[0.261s] Level 1:colcon.colcon_core.package_identification:_identify(src/turtlebot3_simulations) by extension 'ignore_ament_install'
[0.261s] Level 1:colcon.colcon_core.package_identification:_identify(src/turtlebot3_simulations) by extensions ['colcon_pkg']
[0.261s] Level 1:colcon.colcon_core.package_identification:_identify(src/turtlebot3_simulations) by extension 'colcon_pkg'
[0.262s] Level 1:colcon.colcon_core.package_identification:_identify(src/turtlebot3_simulations) by extensions ['colcon_meta']
[0.262s] Level 1:colcon.colcon_core.package_identification:_identify(src/turtlebot3_simulations) by extension 'colcon_meta'
[0.262s] Level 1:colcon.colcon_core.package_identification:_identify(src/turtlebot3_simulations) by extensions ['ros']
[0.262s] Level 1:colcon.colcon_core.package_identification:_identify(src/turtlebot3_simulations) by extension 'ros'
[0.262s] Level 1:colcon.colcon_core.package_identification:_identify(src/turtlebot3_simulations) by extensions ['cmake', 'python']
[0.262s] Level 1:colcon.colcon_core.package_identification:_identify(src/turtlebot3_simulations) by extension 'cmake'
[0.262s] Level 1:colcon.colcon_core.package_identification:_identify(src/turtlebot3_simulations) by extension 'python'
[0.262s] Level 1:colcon.colcon_core.package_identification:_identify(src/turtlebot3_simulations) by extensions ['python_setup_py']
[0.262s] Level 1:colcon.colcon_core.package_identification:_identify(src/turtlebot3_simulations) by extension 'python_setup_py'
[0.263s] Level 1:colcon.colcon_core.package_identification:_identify(src/turtlebot3_simulations/turtlebot3_fake_node) by extensions ['ignore', 'ignore_ament_install']
[0.263s] Level 1:colcon.colcon_core.package_identification:_identify(src/turtlebot3_simulations/turtlebot3_fake_node) by extension 'ignore'
[0.263s] Level 1:colcon.colcon_core.package_identification:_identify(src/turtlebot3_simulations/turtlebot3_fake_node) by extension 'ignore_ament_install'
[0.263s] Level 1:colcon.colcon_core.package_identification:_identify(src/turtlebot3_simulations/turtlebot3_fake_node) by extensions ['colcon_pkg']
[0.263s] Level 1:colcon.colcon_core.package_identification:_identify(src/turtlebot3_simulations/turtlebot3_fake_node) by extension 'colcon_pkg'
[0.263s] Level 1:colcon.colcon_core.package_identification:_identify(src/turtlebot3_simulations/turtlebot3_fake_node) by extensions ['colcon_meta']
[0.263s] Level 1:colcon.colcon_core.package_identification:_identify(src/turtlebot3_simulations/turtlebot3_fake_node) by extension 'colcon_meta'
[0.263s] Level 1:colcon.colcon_core.package_identification:_identify(src/turtlebot3_simulations/turtlebot3_fake_node) by extensions ['ros']
[0.263s] Level 1:colcon.colcon_core.package_identification:_identify(src/turtlebot3_simulations/turtlebot3_fake_node) by extension 'ros'
[0.266s] DEBUG:colcon.colcon_core.package_identification:Package 'src/turtlebot3_simulations/turtlebot3_fake_node' with type 'ros.ament_cmake' and name 'turtlebot3_fake_node'
[0.266s] Level 1:colcon.colcon_core.package_identification:_identify(src/turtlebot3_simulations/turtlebot3_gazebo) by extensions ['ignore', 'ignore_ament_install']
[0.266s] Level 1:colcon.colcon_core.package_identification:_identify(src/turtlebot3_simulations/turtlebot3_gazebo) by extension 'ignore'
[0.266s] Level 1:colcon.colcon_core.package_identification:_identify(src/turtlebot3_simulations/turtlebot3_gazebo) by extension 'ignore_ament_install'
[0.266s] Level 1:colcon.colcon_core.package_identification:_identify(src/turtlebot3_simulations/turtlebot3_gazebo) by extensions ['colcon_pkg']
[0.266s] Level 1:colcon.colcon_core.package_identification:_identify(src/turtlebot3_simulations/turtlebot3_gazebo) by extension 'colcon_pkg'
[0.266s] Level 1:colcon.colcon_core.package_identification:_identify(src/turtlebot3_simulations/turtlebot3_gazebo) by extensions ['colcon_meta']
[0.266s] Level 1:colcon.colcon_core.package_identification:_identify(src/turtlebot3_simulations/turtlebot3_gazebo) by extension 'colcon_meta'
[0.267s] Level 1:colcon.colcon_core.package_identification:_identify(src/turtlebot3_simulations/turtlebot3_gazebo) by extensions ['ros']
[0.267s] Level 1:colcon.colcon_core.package_identification:_identify(src/turtlebot3_simulations/turtlebot3_gazebo) by extension 'ros'
[0.268s] DEBUG:colcon.colcon_core.package_identification:Package 'src/turtlebot3_simulations/turtlebot3_gazebo' with type 'ros.ament_cmake' and name 'turtlebot3_gazebo'
[0.269s] Level 1:colcon.colcon_core.package_identification:_identify(src/turtlebot3_simulations/turtlebot3_simulations) by extensions ['ignore', 'ignore_ament_install']
[0.269s] Level 1:colcon.colcon_core.package_identification:_identify(src/turtlebot3_simulations/turtlebot3_simulations) by extension 'ignore'
[0.269s] Level 1:colcon.colcon_core.package_identification:_identify(src/turtlebot3_simulations/turtlebot3_simulations) by extension 'ignore_ament_install'
[0.269s] Level 1:colcon.colcon_core.package_identification:_identify(src/turtlebot3_simulations/turtlebot3_simulations) by extensions ['colcon_pkg']
[0.269s] Level 1:colcon.colcon_core.package_identification:_identify(src/turtlebot3_simulations/turtlebot3_simulations) by extension 'colcon_pkg'
[0.269s] Level 1:colcon.colcon_core.package_identification:_identify(src/turtlebot3_simulations/turtlebot3_simulations) by extensions ['colcon_meta']
[0.269s] Level 1:colcon.colcon_core.package_identification:_identify(src/turtlebot3_simulations/turtlebot3_simulations) by extension 'colcon_meta'
[0.269s] Level 1:colcon.colcon_core.package_identification:_identify(src/turtlebot3_simulations/turtlebot3_simulations) by extensions ['ros']
[0.269s] Level 1:colcon.colcon_core.package_identification:_identify(src/turtlebot3_simulations/turtlebot3_simulations) by extension 'ros'
[0.270s] DEBUG:colcon.colcon_core.package_identification:Package 'src/turtlebot3_simulations/turtlebot3_simulations' with type 'ros.ament_cmake' and name 'turtlebot3_simulations'
[0.270s] Level 1:colcon.colcon_core.package_discovery:discover_packages(recursive) using defaults
[0.271s] Level 1:colcon.colcon_core.package_discovery:discover_packages(ignore) discover
[0.271s] Level 1:colcon.colcon_core.package_discovery:discover_packages(ignore) using defaults
[0.271s] Level 1:colcon.colcon_core.package_discovery:discover_packages(path) discover
[0.271s] Level 1:colcon.colcon_core.package_discovery:discover_packages(path) using defaults
[0.298s] INFO:colcon.colcon_core.package_selection:Skipping not selected package 'provide_map' in 'src/sbock/provide_map'
[0.298s] INFO:colcon.colcon_core.package_selection:Skipping not selected package 'sbock_nav_position' in 'src/sbock/sbock_nav_position'
[0.298s] INFO:colcon.colcon_core.package_selection:Skipping not selected package 'sbock_nav_route' in 'src/sbock/sbock_nav_route'
[0.298s] INFO:colcon.colcon_core.package_selection:Skipping not selected package 'sbock_position_publisher' in 'src/sbock/sbock_position_publisher'
[0.298s] INFO:colcon.colcon_core.package_selection:Skipping not selected package 'sbock_robot_position_subscriber' in 'src/sbock/sbock_robot_position_subscriber'
[0.298s] INFO:colcon.colcon_core.package_selection:Skipping not selected package 'turtlebot3_fake_node' in 'src/turtlebot3_simulations/turtlebot3_fake_node'
[0.298s] INFO:colcon.colcon_core.package_selection:Skipping not selected package 'turtlebot3_gazebo' in 'src/turtlebot3_simulations/turtlebot3_gazebo'
[0.298s] INFO:colcon.colcon_core.package_selection:Skipping not selected package 'sbock' in 'src/sbock/sbock'
[0.298s] INFO:colcon.colcon_core.package_selection:Skipping not selected package 'turtlebot3_simulations' in 'src/turtlebot3_simulations/turtlebot3_simulations'
[0.299s] Level 5:colcon.colcon_core.verb:set package 'sbock_my_world' build argument 'cmake_args' from command line to 'None'
[0.299s] Level 5:colcon.colcon_core.verb:set package 'sbock_my_world' build argument 'cmake_target' from command line to 'None'
[0.299s] Level 5:colcon.colcon_core.verb:set package 'sbock_my_world' build argument 'cmake_target_skip_unavailable' from command line to 'False'
[0.299s] Level 5:colcon.colcon_core.verb:set package 'sbock_my_world' build argument 'cmake_clean_cache' from command line to 'False'
[0.299s] Level 5:colcon.colcon_core.verb:set package 'sbock_my_world' build argument 'cmake_clean_first' from command line to 'False'
[0.299s] Level 5:colcon.colcon_core.verb:set package 'sbock_my_world' build argument 'cmake_force_configure' from command line to 'False'
[0.299s] Level 5:colcon.colcon_core.verb:set package 'sbock_my_world' build argument 'ament_cmake_args' from command line to 'None'
[0.299s] Level 5:colcon.colcon_core.verb:set package 'sbock_my_world' build argument 'catkin_cmake_args' from command line to 'None'
[0.299s] Level 5:colcon.colcon_core.verb:set package 'sbock_my_world' build argument 'catkin_skip_building_tests' from command line to 'False'
[0.299s] DEBUG:colcon.colcon_core.verb:Building package 'sbock_my_world' with the following arguments: {'ament_cmake_args': None, 'build_base': '/home/pere/GTI-3B-SBOCK/turtlebot3_ws/build/sbock_my_world', 'catkin_cmake_args': None, 'catkin_skip_building_tests': False, 'cmake_args': None, 'cmake_clean_cache': False, 'cmake_clean_first': False, 'cmake_force_configure': False, 'cmake_target': None, 'cmake_target_skip_unavailable': False, 'install_base': '/home/pere/GTI-3B-SBOCK/turtlebot3_ws/install/sbock_my_world', 'merge_install': False, 'path': '/home/pere/GTI-3B-SBOCK/turtlebot3_ws/src/sbock/sbock_my_world', 'symlink_install': False, 'test_result_base': None}
[0.306s] INFO:colcon.colcon_core.executor:Executing jobs using 'parallel' executor
[0.308s] DEBUG:colcon.colcon_parallel_executor.executor.parallel:run_until_complete
[0.308s] INFO:colcon.colcon_ros.task.ament_cmake.build:Building ROS package in '/home/pere/GTI-3B-SBOCK/turtlebot3_ws/src/sbock/sbock_my_world' with build type 'ament_cmake'
[0.308s] INFO:colcon.colcon_cmake.task.cmake.build:Building CMake package in '/home/pere/GTI-3B-SBOCK/turtlebot3_ws/src/sbock/sbock_my_world'
[0.318s] INFO:colcon.colcon_core.plugin_system:Skipping extension 'colcon_core.shell.bat': Not used on non-Windows systems
[0.318s] INFO:colcon.colcon_core.shell:Skip shell extension 'powershell' for command environment: Not usable outside of PowerShell
[0.318s] DEBUG:colcon.colcon_core.shell:Skip shell extension 'dsv' for command environment
[0.328s] DEBUG:colcon.colcon_core.event_handler.log_command:Invoking command in '/home/pere/GTI-3B-SBOCK/turtlebot3_ws/build/sbock_my_world': CMAKE_PREFIX_PATH=${CMAKE_PREFIX_PATH}:/home/pere/turtlebot3_ws/install/show_msg:/home/pere/turtlebot3_ws/install/provide_map:/home/pere/turtlebot3_ws/install/pere_ex_my_nav2_system:/home/pere/turtlebot3_ws/install/my_slam:/home/pere/turtlebot3_ws/install/my_nav2_system:/home/pere/turtlebot3_ws/install/my_first_subscriber:/home/pere/turtlebot3_ws/install/my_first_service:/home/pere/turtlebot3_ws/install/my_first_publisher:/home/pere/turtlebot3_ws/install/my_first_node:/home/pere/turtlebot3_ws/install/my_first_action:/opt/ros/foxy PS1=(rosenv) \[\e]0;\u@\h: \w\a\]${debian_chroot:+($debian_chroot)}\[\033[01;32m\]\u@\h\[\033[00m\]:\[\033[01;34m\]\w\[\033[00m\]\$ /usr/bin/cmake /home/pere/GTI-3B-SBOCK/turtlebot3_ws/src/sbock/sbock_my_world -DCMAKE_INSTALL_PREFIX=/home/pere/GTI-3B-SBOCK/turtlebot3_ws/install/sbock_my_world
[3.723s] DEBUG:colcon.colcon_core.event_handler.log_command:Invoked command in '/home/pere/GTI-3B-SBOCK/turtlebot3_ws/build/sbock_my_world' returned '1': CMAKE_PREFIX_PATH=${CMAKE_PREFIX_PATH}:/home/pere/turtlebot3_ws/install/show_msg:/home/pere/turtlebot3_ws/install/provide_map:/home/pere/turtlebot3_ws/install/pere_ex_my_nav2_system:/home/pere/turtlebot3_ws/install/my_slam:/home/pere/turtlebot3_ws/install/my_nav2_system:/home/pere/turtlebot3_ws/install/my_first_subscriber:/home/pere/turtlebot3_ws/install/my_first_service:/home/pere/turtlebot3_ws/install/my_first_publisher:/home/pere/turtlebot3_ws/install/my_first_node:/home/pere/turtlebot3_ws/install/my_first_action:/opt/ros/foxy PS1=(rosenv) \[\e]0;\u@\h: \w\a\]${debian_chroot:+($debian_chroot)}\[\033[01;32m\]\u@\h\[\033[00m\]:\[\033[01;34m\]\w\[\033[00m\]\$ /usr/bin/cmake /home/pere/GTI-3B-SBOCK/turtlebot3_ws/src/sbock/sbock_my_world -DCMAKE_INSTALL_PREFIX=/home/pere/GTI-3B-SBOCK/turtlebot3_ws/install/sbock_my_world
[3.741s] Level 1:colcon.colcon_core.environment:create_environment_scripts_only(sbock_my_world)
[3.752s] Level 1:colcon.colcon_core.environment:checking '/home/pere/GTI-3B-SBOCK/turtlebot3_ws/install/sbock_my_world' for CMake module files
[3.753s] Level 1:colcon.colcon_core.environment:checking '/home/pere/GTI-3B-SBOCK/turtlebot3_ws/install/sbock_my_world' for CMake config files
[3.753s] Level 1:colcon.colcon_core.environment:checking '/home/pere/GTI-3B-SBOCK/turtlebot3_ws/install/sbock_my_world/bin'
[3.753s] Level 1:colcon.colcon_core.environment:checking '/home/pere/GTI-3B-SBOCK/turtlebot3_ws/install/sbock_my_world/lib/pkgconfig/sbock_my_world.pc'
[3.753s] Level 1:colcon.colcon_core.environment:checking '/home/pere/GTI-3B-SBOCK/turtlebot3_ws/install/sbock_my_world/lib/python3.8/site-packages'
[3.754s] INFO:colcon.colcon_core.shell:Creating package script '/home/pere/GTI-3B-SBOCK/turtlebot3_ws/install/sbock_my_world/share/sbock_my_world/package.ps1'
[3.756s] INFO:colcon.colcon_core.shell:Creating package descriptor '/home/pere/GTI-3B-SBOCK/turtlebot3_ws/install/sbock_my_world/share/sbock_my_world/package.dsv'
[3.756s] INFO:colcon.colcon_core.shell:Creating package script '/home/pere/GTI-3B-SBOCK/turtlebot3_ws/install/sbock_my_world/share/sbock_my_world/package.sh'
[3.758s] INFO:colcon.colcon_core.shell:Creating package script '/home/pere/GTI-3B-SBOCK/turtlebot3_ws/install/sbock_my_world/share/sbock_my_world/package.bash'
[3.759s] INFO:colcon.colcon_core.shell:Creating package script '/home/pere/GTI-3B-SBOCK/turtlebot3_ws/install/sbock_my_world/share/sbock_my_world/package.zsh'
[3.760s] Level 1:colcon.colcon_core.environment:create_file_with_runtime_dependencies(/home/pere/GTI-3B-SBOCK/turtlebot3_ws/install/sbock_my_world/share/colcon-core/packages/sbock_my_world)
[3.771s] DEBUG:colcon.colcon_parallel_executor.executor.parallel:closing loop
[3.771s] DEBUG:colcon.colcon_parallel_executor.executor.parallel:loop closed
[3.772s] DEBUG:colcon.colcon_parallel_executor.executor.parallel:run_until_complete finished with '1'
[3.772s] DEBUG:colcon.colcon_core.event_reactor:joining thread
[3.781s] INFO:colcon.colcon_core.plugin_system:Skipping extension 'colcon_notification.desktop_notification.terminal_notifier': Not used on non-Darwin systems
[3.781s] INFO:colcon.colcon_core.plugin_system:Skipping extension 'colcon_notification.desktop_notification.win32': Not used on non-Windows systems
[3.781s] INFO:colcon.colcon_notification.desktop_notification:Sending desktop notification using 'notify2'
[3.801s] DEBUG:colcon.colcon_core.event_reactor:joined thread
[3.802s] INFO:colcon.colcon_core.shell:Creating prefix script '/home/pere/GTI-3B-SBOCK/turtlebot3_ws/install/local_setup.ps1'
[3.803s] INFO:colcon.colcon_core.shell:Creating prefix util module '/home/pere/GTI-3B-SBOCK/turtlebot3_ws/install/_local_setup_util_ps1.py'
[3.805s] INFO:colcon.colcon_core.shell:Creating prefix chain script '/home/pere/GTI-3B-SBOCK/turtlebot3_ws/install/setup.ps1'
[3.808s] INFO:colcon.colcon_core.shell:Creating prefix script '/home/pere/GTI-3B-SBOCK/turtlebot3_ws/install/local_setup.sh'
[3.809s] INFO:colcon.colcon_core.shell:Creating prefix util module '/home/pere/GTI-3B-SBOCK/turtlebot3_ws/install/_local_setup_util_sh.py'
[3.809s] INFO:colcon.colcon_core.shell:Creating prefix chain script '/home/pere/GTI-3B-SBOCK/turtlebot3_ws/install/setup.sh'
[3.812s] INFO:colcon.colcon_core.shell:Creating prefix script '/home/pere/GTI-3B-SBOCK/turtlebot3_ws/install/local_setup.bash'
[3.813s] INFO:colcon.colcon_core.shell:Creating prefix chain script '/home/pere/GTI-3B-SBOCK/turtlebot3_ws/install/setup.bash'
[3.815s] INFO:colcon.colcon_core.shell:Creating prefix script '/home/pere/GTI-3B-SBOCK/turtlebot3_ws/install/local_setup.zsh'
[3.816s] INFO:colcon.colcon_core.shell:Creating prefix chain script '/home/pere/GTI-3B-SBOCK/turtlebot3_ws/install/setup.zsh'
