/home/aibes/GTI-3B-SBOCK/turtlebot3_ws/install/sbock_my_nav2_system/lib/python3.8/site-packages/sbock_my_nav2_system/__init__.py
/home/aibes/GTI-3B-SBOCK/turtlebot3_ws/install/sbock_my_nav2_system/lib/python3.8/site-packages/sbock_my_nav2_system/initialPose.py
/home/aibes/GTI-3B-SBOCK/turtlebot3_ws/install/sbock_my_nav2_system/lib/python3.8/site-packages/sbock_my_nav2_system/nav_to_pose.py
/home/aibes/GTI-3B-SBOCK/turtlebot3_ws/install/sbock_my_nav2_system/lib/python3.8/site-packages/sbock_my_nav2_system/__pycache__/__init__.cpython-38.pyc
/home/aibes/GTI-3B-SBOCK/turtlebot3_ws/install/sbock_my_nav2_system/lib/python3.8/site-packages/sbock_my_nav2_system/__pycache__/initialPose.cpython-38.pyc
/home/aibes/GTI-3B-SBOCK/turtlebot3_ws/install/sbock_my_nav2_system/lib/python3.8/site-packages/sbock_my_nav2_system/__pycache__/nav_to_pose.cpython-38.pyc
/home/aibes/GTI-3B-SBOCK/turtlebot3_ws/install/sbock_my_nav2_system/share/ament_index/resource_index/packages/sbock_my_nav2_system
/home/aibes/GTI-3B-SBOCK/turtlebot3_ws/install/sbock_my_nav2_system/share/sbock_my_nav2_system/package.xml
/home/aibes/GTI-3B-SBOCK/turtlebot3_ws/install/sbock_my_nav2_system/share/sbock_my_nav2_system/config/my_map.pgm
/home/aibes/GTI-3B-SBOCK/turtlebot3_ws/install/sbock_my_nav2_system/share/sbock_my_nav2_system/config/my_map.yaml
/home/aibes/GTI-3B-SBOCK/turtlebot3_ws/install/sbock_my_nav2_system/share/sbock_my_nav2_system/config/nav2_params.yaml
/home/aibes/GTI-3B-SBOCK/turtlebot3_ws/install/sbock_my_nav2_system/share/sbock_my_nav2_system/config/project_params.yaml
/home/aibes/GTI-3B-SBOCK/turtlebot3_ws/install/sbock_my_nav2_system/share/sbock_my_nav2_system/config/nav2_default_view_new.rviz
/home/aibes/GTI-3B-SBOCK/turtlebot3_ws/install/sbock_my_nav2_system/share/sbock_my_nav2_system/config/my_slam.rviz
/home/aibes/GTI-3B-SBOCK/turtlebot3_ws/install/sbock_my_nav2_system/share/sbock_my_nav2_system/launch/nav_to_pose.launch.py
/home/aibes/GTI-3B-SBOCK/turtlebot3_ws/install/sbock_my_nav2_system/share/sbock_my_nav2_system/launch/my_nav2_system.launch.py
/home/aibes/GTI-3B-SBOCK/turtlebot3_ws/install/sbock_my_nav2_system/share/sbock_my_nav2_system/launch/my_tb3_sim_nav2.launch.py
/home/aibes/GTI-3B-SBOCK/turtlebot3_ws/install/sbock_my_nav2_system/share/sbock_my_nav2_system/launch/initial_pose.launch.py
/home/aibes/GTI-3B-SBOCK/turtlebot3_ws/install/sbock_my_nav2_system/share/sbock_my_nav2_system/config
/home/aibes/GTI-3B-SBOCK/turtlebot3_ws/install/sbock_my_nav2_system/share/sbock_my_nav2_system/config/navigate_w_replanning_and_recovery.xml
/home/aibes/GTI-3B-SBOCK/turtlebot3_ws/install/sbock_my_nav2_system/lib/python3.8/site-packages/sbock_my_nav2_system-0.0.0-py3.8.egg-info/PKG-INFO
/home/aibes/GTI-3B-SBOCK/turtlebot3_ws/install/sbock_my_nav2_system/lib/python3.8/site-packages/sbock_my_nav2_system-0.0.0-py3.8.egg-info/SOURCES.txt
/home/aibes/GTI-3B-SBOCK/turtlebot3_ws/install/sbock_my_nav2_system/lib/python3.8/site-packages/sbock_my_nav2_system-0.0.0-py3.8.egg-info/dependency_links.txt
/home/aibes/GTI-3B-SBOCK/turtlebot3_ws/install/sbock_my_nav2_system/lib/python3.8/site-packages/sbock_my_nav2_system-0.0.0-py3.8.egg-info/top_level.txt
/home/aibes/GTI-3B-SBOCK/turtlebot3_ws/install/sbock_my_nav2_system/lib/python3.8/site-packages/sbock_my_nav2_system-0.0.0-py3.8.egg-info/requires.txt
/home/aibes/GTI-3B-SBOCK/turtlebot3_ws/install/sbock_my_nav2_system/lib/python3.8/site-packages/sbock_my_nav2_system-0.0.0-py3.8.egg-info/entry_points.txt
/home/aibes/GTI-3B-SBOCK/turtlebot3_ws/install/sbock_my_nav2_system/lib/python3.8/site-packages/sbock_my_nav2_system-0.0.0-py3.8.egg-info/zip-safe
/home/aibes/GTI-3B-SBOCK/turtlebot3_ws/install/sbock_my_nav2_system/lib/my_nav2_system/initialPose
/home/aibes/GTI-3B-SBOCK/turtlebot3_ws/install/sbock_my_nav2_system/lib/my_nav2_system/nav_to_pose
