[1.309s] Invoking command in '/home/pere/GTI-3B-SBOCK/turtlebot3_ws/src/my_first_node': PS1=(rosenv) \[\e]0;\u@\h: \w\a\]${debian_chroot:+($debian_chroot)}\[\033[01;32m\]\u@\h\[\033[00m\]:\[\033[01;34m\]\w\[\033[00m\]\$ PYTHONPATH=/home/pere/GTI-3B-SBOCK/turtlebot3_ws/install/my_first_node/lib/python3.8/site-packages:${PYTHONPATH} /usr/bin/python3 setup.py egg_info --egg-base ../../build/my_first_node build --build-base /home/pere/GTI-3B-SBOCK/turtlebot3_ws/build/my_first_node/build install --prefix /home/pere/GTI-3B-SBOCK/turtlebot3_ws/install/my_first_node --record /home/pere/GTI-3B-SBOCK/turtlebot3_ws/build/my_first_node/install.log --single-version-externally-managed
[1.676s] running egg_info
[1.677s] writing ../../build/my_first_node/my_first_node.egg-info/PKG-INFO
[1.677s] writing dependency_links to ../../build/my_first_node/my_first_node.egg-info/dependency_links.txt
[1.677s] writing entry points to ../../build/my_first_node/my_first_node.egg-info/entry_points.txt
[1.677s] writing requirements to ../../build/my_first_node/my_first_node.egg-info/requires.txt
[1.678s] writing top-level names to ../../build/my_first_node/my_first_node.egg-info/top_level.txt
[1.741s] reading manifest file '../../build/my_first_node/my_first_node.egg-info/SOURCES.txt'
[1.743s] writing manifest file '../../build/my_first_node/my_first_node.egg-info/SOURCES.txt'
[1.743s] running build
[1.743s] running build_py
[1.743s] running install
[1.745s] running install_lib
[1.747s] running install_data
[1.748s] running install_egg_info
[1.750s] removing '/home/pere/GTI-3B-SBOCK/turtlebot3_ws/install/my_first_node/lib/python3.8/site-packages/my_first_node-0.0.0-py3.8.egg-info' (and everything under it)
[1.751s] Copying ../../build/my_first_node/my_first_node.egg-info to /home/pere/GTI-3B-SBOCK/turtlebot3_ws/install/my_first_node/lib/python3.8/site-packages/my_first_node-0.0.0-py3.8.egg-info
[1.752s] running install_scripts
[1.783s] Installing simple_node script to /home/pere/GTI-3B-SBOCK/turtlebot3_ws/install/my_first_node/lib/my_first_node
[1.783s] writing list of installed files to '/home/pere/GTI-3B-SBOCK/turtlebot3_ws/build/my_first_node/install.log'
[1.826s] Invoked command in '/home/pere/GTI-3B-SBOCK/turtlebot3_ws/src/my_first_node' returned '0': PS1=(rosenv) \[\e]0;\u@\h: \w\a\]${debian_chroot:+($debian_chroot)}\[\033[01;32m\]\u@\h\[\033[00m\]:\[\033[01;34m\]\w\[\033[00m\]\$ PYTHONPATH=/home/pere/GTI-3B-SBOCK/turtlebot3_ws/install/my_first_node/lib/python3.8/site-packages:${PYTHONPATH} /usr/bin/python3 setup.py egg_info --egg-base ../../build/my_first_node build --build-base /home/pere/GTI-3B-SBOCK/turtlebot3_ws/build/my_first_node/build install --prefix /home/pere/GTI-3B-SBOCK/turtlebot3_ws/install/my_first_node --record /home/pere/GTI-3B-SBOCK/turtlebot3_ws/build/my_first_node/install.log --single-version-externally-managed
