[0.027s] Invoking command in '/home/ausiasbm/GTI-3B-SBOCK/turtlebot3_ws/build/turtlebot3_gazebo': CMAKE_PREFIX_PATH=${CMAKE_PREFIX_PATH}:/home/ausiasbm/turtlebot3_ws/install/show_msg:/home/ausiasbm/turtlebot3_ws/install/provide_map:/home/ausiasbm/turtlebot3_ws/install/my_slam:/home/ausiasbm/turtlebot3_ws/install/my_nav2_system:/home/ausiasbm/turtlebot3_ws/install/my_first_subscriber:/home/ausiasbm/turtlebot3_ws/install/my_first_service:/home/ausiasbm/turtlebot3_ws/install/my_first_publisher:/home/ausiasbm/turtlebot3_ws/install/ausias_bm_ex_my_nav2_system:/home/ausiasbm/GTI-3B-SBOCK/turtlebot3_ws/install/sbock_show_msg:/home/ausiasbm/GTI-3B-SBOCK/turtlebot3_ws/install/sbock_robot_position_subscriber:/home/ausiasbm/GTI-3B-SBOCK/turtlebot3_ws/install/sbock_position_publisher:/home/ausiasbm/GTI-3B-SBOCK/turtlebot3_ws/install/sbock_nav_route:/home/ausiasbm/GTI-3B-SBOCK/turtlebot3_ws/install/sbock_nav_position:/home/ausiasbm/GTI-3B-SBOCK/turtlebot3_ws/install/sbock_my_first_service:/home/ausiasbm/GTI-3B-SBOCK/turtlebot3_ws/install/provide_map:/opt/ros/foxy PS1=\[\e]0;\u@\h: \w\a\]${debian_chroot:+($debian_chroot)}\[\033[01;32m\]\u@\h\[\033[00m\]:\[\033[01;34m\]\w\[\033[00m\]\$ /usr/bin/cmake /home/ausiasbm/GTI-3B-SBOCK/turtlebot3_ws/src/turtlebot3_simulations/turtlebot3_gazebo -DCMAKE_INSTALL_PREFIX=/home/ausiasbm/GTI-3B-SBOCK/turtlebot3_ws/install/turtlebot3_gazebo
[0.106s] -- The C compiler identification is GNU 9.4.0
[0.175s] -- The CXX compiler identification is GNU 9.4.0
[0.179s] -- Check for working C compiler: /usr/bin/cc
[0.282s] -- Check for working C compiler: /usr/bin/cc -- works
[0.283s] -- Detecting C compiler ABI info
[0.412s] -- Detecting C compiler ABI info - done
[0.420s] -- Detecting C compile features
[0.420s] -- Detecting C compile features - done
[0.422s] -- Check for working CXX compiler: /usr/bin/c++
[0.539s] -- Check for working CXX compiler: /usr/bin/c++ -- works
[0.539s] -- Detecting CXX compiler ABI info
[0.756s] -- Detecting CXX compiler ABI info - done
[0.764s] -- Detecting CXX compile features
[0.764s] -- Detecting CXX compile features - done
[0.766s] -- Found ament_cmake: 0.9.9 (/opt/ros/foxy/share/ament_cmake/cmake)
[0.790s] -- Found PythonInterp: /usr/bin/python3 (found suitable version "3.8.10", minimum required is "3") 
[0.791s] -- Using PYTHON_EXECUTABLE: /usr/bin/python3
[0.968s] -- Found PkgConfig: /usr/bin/pkg-config (found version "0.29.1") 
[0.972s] -- Checking for module 'bullet>=2.82'
[1.001s] --   Found bullet, version 2.88
[1.133s] -- Found ccd: /usr/include (found suitable version "2.0", minimum required is "2.0") 
[1.175s] -- Found fcl: /usr/include (found suitable version "0.5.0", minimum required is "0.3.2") 
[1.215s] -- Found assimp: /usr/include (found version "5.0.0") 
[1.233s] -- Found DART: /usr/include (Required is at least version "6.6") found components: dart 
[1.511s] -- Found Boost: /usr/lib/aarch64-linux-gnu/cmake/Boost-1.71.0/BoostConfig.cmake (found suitable version "1.71.0", minimum required is "1.40.0") found components: thread system filesystem program_options regex iostreams date_time 
[1.533s] -- Found Protobuf: /usr/lib/aarch64-linux-gnu/libprotobuf.so;-lpthread (found version "3.6.1") 
[1.539s] -- Looking for ignition-math6 -- found version 6.9.2
[1.544s] -- Searching for dependencies of ignition-math6
[1.545s] -- Looking for OGRE...
[1.545s] -- OGRE_PREFIX_WATCH changed.
[1.549s] -- Checking for module 'OGRE'
[1.568s] --   Found OGRE, version 1.9.0
[1.606s] -- Found Ogre Ghadamon (1.9.0)
[1.614s] -- Found OGRE: optimized;/usr/lib/aarch64-linux-gnu/libOgreMain.so;debug;/usr/lib/aarch64-linux-gnu/libOgreMain.so
[1.622s] -- Looking for OGRE_Paging...
[1.628s] -- Found OGRE_Paging: optimized;/usr/lib/aarch64-linux-gnu/libOgrePaging.so;debug;/usr/lib/aarch64-linux-gnu/libOgrePaging.so
[1.628s] -- Looking for OGRE_Terrain...
[1.635s] -- Found OGRE_Terrain: optimized;/usr/lib/aarch64-linux-gnu/libOgreTerrain.so;debug;/usr/lib/aarch64-linux-gnu/libOgreTerrain.so
[1.635s] -- Looking for OGRE_Property...
[1.641s] -- Found OGRE_Property: optimized;/usr/lib/aarch64-linux-gnu/libOgreProperty.so;debug;/usr/lib/aarch64-linux-gnu/libOgreProperty.so
[1.642s] -- Looking for OGRE_RTShaderSystem...
[1.648s] -- Found OGRE_RTShaderSystem: optimized;/usr/lib/aarch64-linux-gnu/libOgreRTShaderSystem.so;debug;/usr/lib/aarch64-linux-gnu/libOgreRTShaderSystem.so
[1.648s] -- Looking for OGRE_Volume...
[1.655s] -- Found OGRE_Volume: optimized;/usr/lib/aarch64-linux-gnu/libOgreVolume.so;debug;/usr/lib/aarch64-linux-gnu/libOgreVolume.so
[1.655s] -- Looking for OGRE_Overlay...
[1.663s] -- Found OGRE_Overlay: optimized;/usr/lib/aarch64-linux-gnu/libOgreOverlay.so;debug;/usr/lib/aarch64-linux-gnu/libOgreOverlay.so
[1.801s] -- Looking for ignition-math6 -- found version 6.9.2
[1.803s] -- Looking for ignition-transport8 -- found version 8.2.1
[1.804s] -- Searching for dependencies of ignition-transport8
[1.830s] -- Found Protobuf: /usr/lib/aarch64-linux-gnu/libprotobuf.so;-lpthread (found suitable version "3.6.1", minimum required is "3") 
[1.841s] -- Config-file not installed for ZeroMQ -- checking for pkg-config
[1.844s] -- Checking for module 'libzmq >= 4'
[1.856s] --   Found libzmq , version 4.3.2
[1.893s] -- Found ZeroMQ: TRUE (Required is at least version "4") 
[1.897s] -- Checking for module 'uuid'
[1.909s] --   Found uuid, version 2.34.0
[1.934s] -- Found UUID: TRUE  
[1.937s] -- Looking for ignition-msgs5 -- found version 5.8.1
[1.937s] -- Searching for dependencies of ignition-msgs5
[1.954s] -- Looking for ignition-math6 -- found version 6.9.2
[1.959s] -- Checking for module 'tinyxml2'
[1.972s] --   Found tinyxml2, version 6.2.0
[1.999s] -- Looking for ignition-msgs5 -- found version 5.8.1
[2.002s] -- Looking for ignition-common3 -- found version 3.14.0
[2.002s] -- Searching for dependencies of ignition-common3
[2.003s] -- Looking for dlfcn.h - found
[2.004s] -- Looking for libdl - found
[2.005s] -- Found DL: TRUE  
[2.009s] -- Searching for <ignition-common3> component [graphics]
[2.012s] -- Looking for ignition-common3-graphics -- found version 3.14.0
[2.012s] -- Searching for dependencies of ignition-common3-graphics
[2.012s] -- Looking for ignition-math6 -- found version 6.9.2
[2.015s] -- Looking for ignition-fuel_tools4 -- found version 4.4.0
[2.016s] -- Searching for dependencies of ignition-fuel_tools4
[2.067s] -- Found CURL: /usr/lib/aarch64-linux-gnu/libcurl.so (found version "7.68.0")  
[2.074s] -- Checking for module 'jsoncpp'
[2.085s] --   Found jsoncpp, version 1.7.4
[2.112s] -- Found JSONCPP: TRUE  
[2.116s] -- Checking for module 'libzip'
[2.128s] --   Found libzip, version 1.5.1
[2.154s] -- Found ZIP: TRUE  
[2.154s] -- Looking for ignition-common3 -- found version 3.14.0
[2.155s] -- Looking for ignition-math6 -- found version 6.9.2
[2.155s] -- Looking for ignition-msgs5 -- found version 5.8.1
[2.158s] -- Found gazebo_ros_pkgs: 3.5.3 (/opt/ros/foxy/share/gazebo_ros_pkgs/cmake)
[2.160s] -- Found geometry_msgs: 2.0.5 (/opt/ros/foxy/share/geometry_msgs/cmake)
[2.189s] -- Using all available rosidl_typesupport_c: rosidl_typesupport_fastrtps_c;rosidl_typesupport_introspection_c
[2.197s] -- Found rosidl_adapter: 1.2.1 (/opt/ros/foxy/share/rosidl_adapter/cmake)
[2.315s] -- Found OpenSSL: /usr/lib/aarch64-linux-gnu/libcrypto.so (found version "1.1.1f")  
[2.338s] -- Found FastRTPS: /opt/ros/foxy/include  
[2.417s] -- Using all available rosidl_typesupport_cpp: rosidl_typesupport_fastrtps_cpp;rosidl_typesupport_introspection_cpp
[2.486s] -- Found nav_msgs: 2.0.5 (/opt/ros/foxy/share/nav_msgs/cmake)
[2.543s] -- Found rclcpp: 2.4.1 (/opt/ros/foxy/share/rclcpp/cmake)
[2.582s] -- Found rmw_implementation_cmake: 1.0.3 (/opt/ros/foxy/share/rmw_implementation_cmake/cmake)
[2.584s] -- Using RMW implementation 'rmw_fastrtps_cpp' as default
[2.585s] -- Found Threads: TRUE  
[2.698s] -- Found sensor_msgs: 2.0.5 (/opt/ros/foxy/share/sensor_msgs/cmake)
[2.755s] -- Found tf2: 0.13.13 (/opt/ros/foxy/share/tf2/cmake)
[2.809s] -- Configuring done
[2.834s] -- Generating done
[2.836s] -- Build files have been written to: /home/ausiasbm/GTI-3B-SBOCK/turtlebot3_ws/build/turtlebot3_gazebo
[2.845s] Invoked command in '/home/ausiasbm/GTI-3B-SBOCK/turtlebot3_ws/build/turtlebot3_gazebo' returned '0': CMAKE_PREFIX_PATH=${CMAKE_PREFIX_PATH}:/home/ausiasbm/turtlebot3_ws/install/show_msg:/home/ausiasbm/turtlebot3_ws/install/provide_map:/home/ausiasbm/turtlebot3_ws/install/my_slam:/home/ausiasbm/turtlebot3_ws/install/my_nav2_system:/home/ausiasbm/turtlebot3_ws/install/my_first_subscriber:/home/ausiasbm/turtlebot3_ws/install/my_first_service:/home/ausiasbm/turtlebot3_ws/install/my_first_publisher:/home/ausiasbm/turtlebot3_ws/install/ausias_bm_ex_my_nav2_system:/home/ausiasbm/GTI-3B-SBOCK/turtlebot3_ws/install/sbock_show_msg:/home/ausiasbm/GTI-3B-SBOCK/turtlebot3_ws/install/sbock_robot_position_subscriber:/home/ausiasbm/GTI-3B-SBOCK/turtlebot3_ws/install/sbock_position_publisher:/home/ausiasbm/GTI-3B-SBOCK/turtlebot3_ws/install/sbock_nav_route:/home/ausiasbm/GTI-3B-SBOCK/turtlebot3_ws/install/sbock_nav_position:/home/ausiasbm/GTI-3B-SBOCK/turtlebot3_ws/install/sbock_my_first_service:/home/ausiasbm/GTI-3B-SBOCK/turtlebot3_ws/install/provide_map:/opt/ros/foxy PS1=\[\e]0;\u@\h: \w\a\]${debian_chroot:+($debian_chroot)}\[\033[01;32m\]\u@\h\[\033[00m\]:\[\033[01;34m\]\w\[\033[00m\]\$ /usr/bin/cmake /home/ausiasbm/GTI-3B-SBOCK/turtlebot3_ws/src/turtlebot3_simulations/turtlebot3_gazebo -DCMAKE_INSTALL_PREFIX=/home/ausiasbm/GTI-3B-SBOCK/turtlebot3_ws/install/turtlebot3_gazebo
[2.847s] Invoking command in '/home/ausiasbm/GTI-3B-SBOCK/turtlebot3_ws/build/turtlebot3_gazebo': CMAKE_PREFIX_PATH=${CMAKE_PREFIX_PATH}:/home/ausiasbm/turtlebot3_ws/install/show_msg:/home/ausiasbm/turtlebot3_ws/install/provide_map:/home/ausiasbm/turtlebot3_ws/install/my_slam:/home/ausiasbm/turtlebot3_ws/install/my_nav2_system:/home/ausiasbm/turtlebot3_ws/install/my_first_subscriber:/home/ausiasbm/turtlebot3_ws/install/my_first_service:/home/ausiasbm/turtlebot3_ws/install/my_first_publisher:/home/ausiasbm/turtlebot3_ws/install/ausias_bm_ex_my_nav2_system:/home/ausiasbm/GTI-3B-SBOCK/turtlebot3_ws/install/sbock_show_msg:/home/ausiasbm/GTI-3B-SBOCK/turtlebot3_ws/install/sbock_robot_position_subscriber:/home/ausiasbm/GTI-3B-SBOCK/turtlebot3_ws/install/sbock_position_publisher:/home/ausiasbm/GTI-3B-SBOCK/turtlebot3_ws/install/sbock_nav_route:/home/ausiasbm/GTI-3B-SBOCK/turtlebot3_ws/install/sbock_nav_position:/home/ausiasbm/GTI-3B-SBOCK/turtlebot3_ws/install/sbock_my_first_service:/home/ausiasbm/GTI-3B-SBOCK/turtlebot3_ws/install/provide_map:/opt/ros/foxy PS1=\[\e]0;\u@\h: \w\a\]${debian_chroot:+($debian_chroot)}\[\033[01;32m\]\u@\h\[\033[00m\]:\[\033[01;34m\]\w\[\033[00m\]\$ /usr/bin/cmake --build /home/ausiasbm/GTI-3B-SBOCK/turtlebot3_ws/build/turtlebot3_gazebo -- -j5 -l5
[2.886s] [35m[1mScanning dependencies of target obstacles[0m
[2.888s] [35m[1mScanning dependencies of target obstacle2[0m
[2.908s] [35m[1mScanning dependencies of target turtlebot3_drive[0m
[2.914s] [35m[1mScanning dependencies of target obstacle1[0m
[2.964s] [ 12%] [32mBuilding CXX object CMakeFiles/obstacles.dir/models/turtlebot3_dqn_world/obstacle_plugin/obstacles.cc.o[0m
[2.972s] [ 25%] [32mBuilding CXX object CMakeFiles/obstacle2.dir/models/turtlebot3_dqn_world/obstacle_plugin/obstacle2.cc.o[0m
[2.975s] [ 37%] [32mBuilding CXX object CMakeFiles/turtlebot3_drive.dir/src/turtlebot3_drive.cpp.o[0m
[3.029s] [ 50%] [32mBuilding CXX object CMakeFiles/obstacle1.dir/models/turtlebot3_dqn_world/obstacle_plugin/obstacle1.cc.o[0m
[7.536s] [ 62%] [32m[1mLinking CXX executable turtlebot3_drive[0m
[7.781s] [ 62%] Built target turtlebot3_drive
[9.357s] [ 75%] [32m[1mLinking CXX shared library libobstacle1.so[0m
[9.401s] [ 87%] [32m[1mLinking CXX shared library libobstacles.so[0m
[9.495s] [100%] [32m[1mLinking CXX shared library libobstacle2.so[0m
[9.536s] [100%] Built target obstacle1
[9.583s] [100%] Built target obstacles
[9.660s] [100%] Built target obstacle2
[9.666s] Invoked command in '/home/ausiasbm/GTI-3B-SBOCK/turtlebot3_ws/build/turtlebot3_gazebo' returned '0': CMAKE_PREFIX_PATH=${CMAKE_PREFIX_PATH}:/home/ausiasbm/turtlebot3_ws/install/show_msg:/home/ausiasbm/turtlebot3_ws/install/provide_map:/home/ausiasbm/turtlebot3_ws/install/my_slam:/home/ausiasbm/turtlebot3_ws/install/my_nav2_system:/home/ausiasbm/turtlebot3_ws/install/my_first_subscriber:/home/ausiasbm/turtlebot3_ws/install/my_first_service:/home/ausiasbm/turtlebot3_ws/install/my_first_publisher:/home/ausiasbm/turtlebot3_ws/install/ausias_bm_ex_my_nav2_system:/home/ausiasbm/GTI-3B-SBOCK/turtlebot3_ws/install/sbock_show_msg:/home/ausiasbm/GTI-3B-SBOCK/turtlebot3_ws/install/sbock_robot_position_subscriber:/home/ausiasbm/GTI-3B-SBOCK/turtlebot3_ws/install/sbock_position_publisher:/home/ausiasbm/GTI-3B-SBOCK/turtlebot3_ws/install/sbock_nav_route:/home/ausiasbm/GTI-3B-SBOCK/turtlebot3_ws/install/sbock_nav_position:/home/ausiasbm/GTI-3B-SBOCK/turtlebot3_ws/install/sbock_my_first_service:/home/ausiasbm/GTI-3B-SBOCK/turtlebot3_ws/install/provide_map:/opt/ros/foxy PS1=\[\e]0;\u@\h: \w\a\]${debian_chroot:+($debian_chroot)}\[\033[01;32m\]\u@\h\[\033[00m\]:\[\033[01;34m\]\w\[\033[00m\]\$ /usr/bin/cmake --build /home/ausiasbm/GTI-3B-SBOCK/turtlebot3_ws/build/turtlebot3_gazebo -- -j5 -l5
[9.688s] Invoking command in '/home/ausiasbm/GTI-3B-SBOCK/turtlebot3_ws/build/turtlebot3_gazebo': CMAKE_PREFIX_PATH=${CMAKE_PREFIX_PATH}:/home/ausiasbm/turtlebot3_ws/install/show_msg:/home/ausiasbm/turtlebot3_ws/install/provide_map:/home/ausiasbm/turtlebot3_ws/install/my_slam:/home/ausiasbm/turtlebot3_ws/install/my_nav2_system:/home/ausiasbm/turtlebot3_ws/install/my_first_subscriber:/home/ausiasbm/turtlebot3_ws/install/my_first_service:/home/ausiasbm/turtlebot3_ws/install/my_first_publisher:/home/ausiasbm/turtlebot3_ws/install/ausias_bm_ex_my_nav2_system:/home/ausiasbm/GTI-3B-SBOCK/turtlebot3_ws/install/sbock_show_msg:/home/ausiasbm/GTI-3B-SBOCK/turtlebot3_ws/install/sbock_robot_position_subscriber:/home/ausiasbm/GTI-3B-SBOCK/turtlebot3_ws/install/sbock_position_publisher:/home/ausiasbm/GTI-3B-SBOCK/turtlebot3_ws/install/sbock_nav_route:/home/ausiasbm/GTI-3B-SBOCK/turtlebot3_ws/install/sbock_nav_position:/home/ausiasbm/GTI-3B-SBOCK/turtlebot3_ws/install/sbock_my_first_service:/home/ausiasbm/GTI-3B-SBOCK/turtlebot3_ws/install/provide_map:/opt/ros/foxy PS1=\[\e]0;\u@\h: \w\a\]${debian_chroot:+($debian_chroot)}\[\033[01;32m\]\u@\h\[\033[00m\]:\[\033[01;34m\]\w\[\033[00m\]\$ /usr/bin/cmake --install /home/ausiasbm/GTI-3B-SBOCK/turtlebot3_ws/build/turtlebot3_gazebo
[9.694s] -- Install configuration: ""
[9.694s] -- Installing: /home/ausiasbm/GTI-3B-SBOCK/turtlebot3_ws/install/turtlebot3_gazebo/lib/turtlebot3_gazebo/turtlebot3_drive
[9.696s] -- Set runtime path of "/home/ausiasbm/GTI-3B-SBOCK/turtlebot3_ws/install/turtlebot3_gazebo/lib/turtlebot3_gazebo/turtlebot3_drive" to ""
[9.696s] -- Installing: /home/ausiasbm/GTI-3B-SBOCK/turtlebot3_ws/install/turtlebot3_gazebo/share/turtlebot3_gazebo//launch
[9.696s] -- Installing: /home/ausiasbm/GTI-3B-SBOCK/turtlebot3_ws/install/turtlebot3_gazebo/share/turtlebot3_gazebo//launch/turtlebot3_world.launch.py
[9.696s] -- Installing: /home/ausiasbm/GTI-3B-SBOCK/turtlebot3_ws/install/turtlebot3_gazebo/share/turtlebot3_gazebo//launch/empty_world.launch.py
[9.697s] -- Installing: /home/ausiasbm/GTI-3B-SBOCK/turtlebot3_ws/install/turtlebot3_gazebo/share/turtlebot3_gazebo//launch/turtlebot3_dqn_stage2.launch.py
[9.697s] -- Installing: /home/ausiasbm/GTI-3B-SBOCK/turtlebot3_ws/install/turtlebot3_gazebo/share/turtlebot3_gazebo//launch/turtlebot3_autorace.launch.py
[9.697s] -- Installing: /home/ausiasbm/GTI-3B-SBOCK/turtlebot3_ws/install/turtlebot3_gazebo/share/turtlebot3_gazebo//launch/robot_state_publisher.launch.py
[9.698s] -- Installing: /home/ausiasbm/GTI-3B-SBOCK/turtlebot3_ws/install/turtlebot3_gazebo/share/turtlebot3_gazebo//launch/turtlebot3_dqn_stage1.launch.py
[9.698s] -- Installing: /home/ausiasbm/GTI-3B-SBOCK/turtlebot3_ws/install/turtlebot3_gazebo/share/turtlebot3_gazebo//launch/turtlebot3_dqn_stage3.launch.py
[9.698s] -- Installing: /home/ausiasbm/GTI-3B-SBOCK/turtlebot3_ws/install/turtlebot3_gazebo/share/turtlebot3_gazebo//launch/turtlebot3_house.launch.py
[9.699s] -- Installing: /home/ausiasbm/GTI-3B-SBOCK/turtlebot3_ws/install/turtlebot3_gazebo/share/turtlebot3_gazebo//launch/turtlebot3_dqn_stage4.launch.py
[9.699s] -- Installing: /home/ausiasbm/GTI-3B-SBOCK/turtlebot3_ws/install/turtlebot3_gazebo/share/turtlebot3_gazebo//models
[9.699s] -- Installing: /home/ausiasbm/GTI-3B-SBOCK/turtlebot3_ws/install/turtlebot3_gazebo/share/turtlebot3_gazebo//models/turtlebot3_house
[9.699s] -- Installing: /home/ausiasbm/GTI-3B-SBOCK/turtlebot3_ws/install/turtlebot3_gazebo/share/turtlebot3_gazebo//models/turtlebot3_house/model.config
[9.699s] -- Installing: /home/ausiasbm/GTI-3B-SBOCK/turtlebot3_ws/install/turtlebot3_gazebo/share/turtlebot3_gazebo//models/turtlebot3_house/model.sdf
[9.700s] -- Installing: /home/ausiasbm/GTI-3B-SBOCK/turtlebot3_ws/install/turtlebot3_gazebo/share/turtlebot3_gazebo//models/turtlebot3_burger
[9.700s] -- Installing: /home/ausiasbm/GTI-3B-SBOCK/turtlebot3_ws/install/turtlebot3_gazebo/share/turtlebot3_gazebo//models/turtlebot3_burger/model.config
[9.700s] -- Installing: /home/ausiasbm/GTI-3B-SBOCK/turtlebot3_ws/install/turtlebot3_gazebo/share/turtlebot3_gazebo//models/turtlebot3_burger/model.sdf
[9.701s] -- Installing: /home/ausiasbm/GTI-3B-SBOCK/turtlebot3_ws/install/turtlebot3_gazebo/share/turtlebot3_gazebo//models/turtlebot3_burger/meshes
[9.701s] -- Installing: /home/ausiasbm/GTI-3B-SBOCK/turtlebot3_ws/install/turtlebot3_gazebo/share/turtlebot3_gazebo//models/turtlebot3_burger/meshes/burger_base.dae
[9.701s] -- Installing: /home/ausiasbm/GTI-3B-SBOCK/turtlebot3_ws/install/turtlebot3_gazebo/share/turtlebot3_gazebo//models/turtlebot3_burger/meshes/lds.dae
[9.702s] -- Installing: /home/ausiasbm/GTI-3B-SBOCK/turtlebot3_ws/install/turtlebot3_gazebo/share/turtlebot3_gazebo//models/turtlebot3_burger/meshes/tire.dae
[9.702s] -- Installing: /home/ausiasbm/GTI-3B-SBOCK/turtlebot3_ws/install/turtlebot3_gazebo/share/turtlebot3_gazebo//models/turtlebot3_burger/model-1_4.sdf
[9.702s] -- Installing: /home/ausiasbm/GTI-3B-SBOCK/turtlebot3_ws/install/turtlebot3_gazebo/share/turtlebot3_gazebo//models/turtlebot3_world
[9.702s] -- Installing: /home/ausiasbm/GTI-3B-SBOCK/turtlebot3_ws/install/turtlebot3_gazebo/share/turtlebot3_gazebo//models/turtlebot3_world/model.config
[9.703s] -- Installing: /home/ausiasbm/GTI-3B-SBOCK/turtlebot3_ws/install/turtlebot3_gazebo/share/turtlebot3_gazebo//models/turtlebot3_world/model.sdf
[9.703s] -- Installing: /home/ausiasbm/GTI-3B-SBOCK/turtlebot3_ws/install/turtlebot3_gazebo/share/turtlebot3_gazebo//models/turtlebot3_world/meshes
[9.703s] -- Installing: /home/ausiasbm/GTI-3B-SBOCK/turtlebot3_ws/install/turtlebot3_gazebo/share/turtlebot3_gazebo//models/turtlebot3_world/meshes/hexagon.dae
[9.704s] -- Installing: /home/ausiasbm/GTI-3B-SBOCK/turtlebot3_ws/install/turtlebot3_gazebo/share/turtlebot3_gazebo//models/turtlebot3_world/meshes/wall.dae
[9.704s] -- Installing: /home/ausiasbm/GTI-3B-SBOCK/turtlebot3_ws/install/turtlebot3_gazebo/share/turtlebot3_gazebo//models/turtlebot3_world/model-1_4.sdf
[9.704s] -- Installing: /home/ausiasbm/GTI-3B-SBOCK/turtlebot3_ws/install/turtlebot3_gazebo/share/turtlebot3_gazebo//models/turtlebot3_dqn_world
[9.704s] -- Installing: /home/ausiasbm/GTI-3B-SBOCK/turtlebot3_ws/install/turtlebot3_gazebo/share/turtlebot3_gazebo//models/turtlebot3_dqn_world/model.config
[9.704s] -- Installing: /home/ausiasbm/GTI-3B-SBOCK/turtlebot3_ws/install/turtlebot3_gazebo/share/turtlebot3_gazebo//models/turtlebot3_dqn_world/model.sdf
[9.705s] -- Installing: /home/ausiasbm/GTI-3B-SBOCK/turtlebot3_ws/install/turtlebot3_gazebo/share/turtlebot3_gazebo//models/turtlebot3_dqn_world/obstacles
[9.705s] -- Installing: /home/ausiasbm/GTI-3B-SBOCK/turtlebot3_ws/install/turtlebot3_gazebo/share/turtlebot3_gazebo//models/turtlebot3_dqn_world/obstacles/model.config
[9.705s] -- Installing: /home/ausiasbm/GTI-3B-SBOCK/turtlebot3_ws/install/turtlebot3_gazebo/share/turtlebot3_gazebo//models/turtlebot3_dqn_world/obstacles/model.sdf
[9.705s] -- Installing: /home/ausiasbm/GTI-3B-SBOCK/turtlebot3_ws/install/turtlebot3_gazebo/share/turtlebot3_gazebo//models/turtlebot3_dqn_world/goal_box
[9.705s] -- Installing: /home/ausiasbm/GTI-3B-SBOCK/turtlebot3_ws/install/turtlebot3_gazebo/share/turtlebot3_gazebo//models/turtlebot3_dqn_world/goal_box/model.config
[9.705s] -- Installing: /home/ausiasbm/GTI-3B-SBOCK/turtlebot3_ws/install/turtlebot3_gazebo/share/turtlebot3_gazebo//models/turtlebot3_dqn_world/goal_box/model.sdf
[9.705s] -- Installing: /home/ausiasbm/GTI-3B-SBOCK/turtlebot3_ws/install/turtlebot3_gazebo/share/turtlebot3_gazebo//models/turtlebot3_dqn_world/obstacle1
[9.705s] -- Installing: /home/ausiasbm/GTI-3B-SBOCK/turtlebot3_ws/install/turtlebot3_gazebo/share/turtlebot3_gazebo//models/turtlebot3_dqn_world/obstacle1/model.config
[9.706s] -- Installing: /home/ausiasbm/GTI-3B-SBOCK/turtlebot3_ws/install/turtlebot3_gazebo/share/turtlebot3_gazebo//models/turtlebot3_dqn_world/obstacle1/model.sdf
[9.706s] -- Installing: /home/ausiasbm/GTI-3B-SBOCK/turtlebot3_ws/install/turtlebot3_gazebo/share/turtlebot3_gazebo//models/turtlebot3_dqn_world/obstacle2
[9.706s] -- Installing: /home/ausiasbm/GTI-3B-SBOCK/turtlebot3_ws/install/turtlebot3_gazebo/share/turtlebot3_gazebo//models/turtlebot3_dqn_world/obstacle2/model.config
[9.706s] -- Installing: /home/ausiasbm/GTI-3B-SBOCK/turtlebot3_ws/install/turtlebot3_gazebo/share/turtlebot3_gazebo//models/turtlebot3_dqn_world/obstacle2/model.sdf
[9.706s] -- Installing: /home/ausiasbm/GTI-3B-SBOCK/turtlebot3_ws/install/turtlebot3_gazebo/share/turtlebot3_gazebo//models/turtlebot3_dqn_world/inner_walls
[9.706s] -- Installing: /home/ausiasbm/GTI-3B-SBOCK/turtlebot3_ws/install/turtlebot3_gazebo/share/turtlebot3_gazebo//models/turtlebot3_dqn_world/inner_walls/model.config
[9.706s] -- Installing: /home/ausiasbm/GTI-3B-SBOCK/turtlebot3_ws/install/turtlebot3_gazebo/share/turtlebot3_gazebo//models/turtlebot3_dqn_world/inner_walls/model.sdf
[9.707s] -- Installing: /home/ausiasbm/GTI-3B-SBOCK/turtlebot3_ws/install/turtlebot3_gazebo/share/turtlebot3_gazebo//models/turtlebot3_dqn_world/obstacle_plugin
[9.707s] -- Installing: /home/ausiasbm/GTI-3B-SBOCK/turtlebot3_ws/install/turtlebot3_gazebo/share/turtlebot3_gazebo//models/turtlebot3_dqn_world/obstacle_plugin/CMakeLists.txt
[9.707s] -- Installing: /home/ausiasbm/GTI-3B-SBOCK/turtlebot3_ws/install/turtlebot3_gazebo/share/turtlebot3_gazebo//models/turtlebot3_dqn_world/obstacle_plugin/obstacle2.cc
[9.707s] -- Installing: /home/ausiasbm/GTI-3B-SBOCK/turtlebot3_ws/install/turtlebot3_gazebo/share/turtlebot3_gazebo//models/turtlebot3_dqn_world/obstacle_plugin/obstacle1.cc
[9.707s] -- Installing: /home/ausiasbm/GTI-3B-SBOCK/turtlebot3_ws/install/turtlebot3_gazebo/share/turtlebot3_gazebo//models/turtlebot3_dqn_world/obstacle_plugin/obstacles.cc
[9.707s] -- Installing: /home/ausiasbm/GTI-3B-SBOCK/turtlebot3_ws/install/turtlebot3_gazebo/share/turtlebot3_gazebo//models/turtlebot3_waffle_pi
[9.707s] -- Installing: /home/ausiasbm/GTI-3B-SBOCK/turtlebot3_ws/install/turtlebot3_gazebo/share/turtlebot3_gazebo//models/turtlebot3_waffle_pi/model.config
[9.707s] -- Installing: /home/ausiasbm/GTI-3B-SBOCK/turtlebot3_ws/install/turtlebot3_gazebo/share/turtlebot3_gazebo//models/turtlebot3_waffle_pi/model.sdf
[9.708s] -- Installing: /home/ausiasbm/GTI-3B-SBOCK/turtlebot3_ws/install/turtlebot3_gazebo/share/turtlebot3_gazebo//models/turtlebot3_waffle_pi/meshes
[9.708s] -- Installing: /home/ausiasbm/GTI-3B-SBOCK/turtlebot3_ws/install/turtlebot3_gazebo/share/turtlebot3_gazebo//models/turtlebot3_waffle_pi/meshes/waffle_pi_base.dae
[9.708s] -- Installing: /home/ausiasbm/GTI-3B-SBOCK/turtlebot3_ws/install/turtlebot3_gazebo/share/turtlebot3_gazebo//models/turtlebot3_waffle_pi/meshes/lds.dae
[9.708s] -- Installing: /home/ausiasbm/GTI-3B-SBOCK/turtlebot3_ws/install/turtlebot3_gazebo/share/turtlebot3_gazebo//models/turtlebot3_waffle_pi/meshes/tire.dae
[9.709s] -- Installing: /home/ausiasbm/GTI-3B-SBOCK/turtlebot3_ws/install/turtlebot3_gazebo/share/turtlebot3_gazebo//models/turtlebot3_waffle_pi/model-1_4_.sdf
[9.709s] -- Installing: /home/ausiasbm/GTI-3B-SBOCK/turtlebot3_ws/install/turtlebot3_gazebo/share/turtlebot3_gazebo//models/turtlebot3_autorace
[9.709s] -- Installing: /home/ausiasbm/GTI-3B-SBOCK/turtlebot3_ws/install/turtlebot3_gazebo/share/turtlebot3_gazebo//models/turtlebot3_autorace/traffic_bar_down
[9.709s] -- Installing: /home/ausiasbm/GTI-3B-SBOCK/turtlebot3_ws/install/turtlebot3_gazebo/share/turtlebot3_gazebo//models/turtlebot3_autorace/traffic_bar_down/model.config
[9.709s] -- Installing: /home/ausiasbm/GTI-3B-SBOCK/turtlebot3_ws/install/turtlebot3_gazebo/share/turtlebot3_gazebo//models/turtlebot3_autorace/traffic_bar_down/model.sdf
[9.709s] -- Installing: /home/ausiasbm/GTI-3B-SBOCK/turtlebot3_ws/install/turtlebot3_gazebo/share/turtlebot3_gazebo//models/turtlebot3_autorace/traffic_bar_down/materials
[9.709s] -- Installing: /home/ausiasbm/GTI-3B-SBOCK/turtlebot3_ws/install/turtlebot3_gazebo/share/turtlebot3_gazebo//models/turtlebot3_autorace/traffic_bar_down/materials/textures
[9.710s] -- Installing: /home/ausiasbm/GTI-3B-SBOCK/turtlebot3_ws/install/turtlebot3_gazebo/share/turtlebot3_gazebo//models/turtlebot3_autorace/traffic_bar_down/materials/textures/traffic_bar.png
[9.710s] -- Installing: /home/ausiasbm/GTI-3B-SBOCK/turtlebot3_ws/install/turtlebot3_gazebo/share/turtlebot3_gazebo//models/turtlebot3_autorace/traffic_bar_down/materials/scripts
[9.710s] -- Installing: /home/ausiasbm/GTI-3B-SBOCK/turtlebot3_ws/install/turtlebot3_gazebo/share/turtlebot3_gazebo//models/turtlebot3_autorace/traffic_bar_down/materials/scripts/traffic_bar.material
[9.710s] -- Installing: /home/ausiasbm/GTI-3B-SBOCK/turtlebot3_ws/install/turtlebot3_gazebo/share/turtlebot3_gazebo//models/turtlebot3_autorace/tunnel_obstacles
[9.710s] -- Installing: /home/ausiasbm/GTI-3B-SBOCK/turtlebot3_ws/install/turtlebot3_gazebo/share/turtlebot3_gazebo//models/turtlebot3_autorace/tunnel_obstacles/model.config
[9.710s] -- Installing: /home/ausiasbm/GTI-3B-SBOCK/turtlebot3_ws/install/turtlebot3_gazebo/share/turtlebot3_gazebo//models/turtlebot3_autorace/tunnel_obstacles/model.sdf
[9.710s] -- Installing: /home/ausiasbm/GTI-3B-SBOCK/turtlebot3_ws/install/turtlebot3_gazebo/share/turtlebot3_gazebo//models/turtlebot3_autorace/lights
[9.711s] -- Installing: /home/ausiasbm/GTI-3B-SBOCK/turtlebot3_ws/install/turtlebot3_gazebo/share/turtlebot3_gazebo//models/turtlebot3_autorace/lights/model.config
[9.711s] -- Installing: /home/ausiasbm/GTI-3B-SBOCK/turtlebot3_ws/install/turtlebot3_gazebo/share/turtlebot3_gazebo//models/turtlebot3_autorace/lights/model.sdf
[9.711s] -- Installing: /home/ausiasbm/GTI-3B-SBOCK/turtlebot3_ws/install/turtlebot3_gazebo/share/turtlebot3_gazebo//models/turtlebot3_autorace/traffic_light_green
[9.711s] -- Installing: /home/ausiasbm/GTI-3B-SBOCK/turtlebot3_ws/install/turtlebot3_gazebo/share/turtlebot3_gazebo//models/turtlebot3_autorace/traffic_light_green/model.config
[9.711s] -- Installing: /home/ausiasbm/GTI-3B-SBOCK/turtlebot3_ws/install/turtlebot3_gazebo/share/turtlebot3_gazebo//models/turtlebot3_autorace/traffic_light_green/model.sdf
[9.711s] -- Installing: /home/ausiasbm/GTI-3B-SBOCK/turtlebot3_ws/install/turtlebot3_gazebo/share/turtlebot3_gazebo//models/turtlebot3_autorace/model.config
[9.712s] -- Installing: /home/ausiasbm/GTI-3B-SBOCK/turtlebot3_ws/install/turtlebot3_gazebo/share/turtlebot3_gazebo//models/turtlebot3_autorace/ground
[9.712s] -- Installing: /home/ausiasbm/GTI-3B-SBOCK/turtlebot3_ws/install/turtlebot3_gazebo/share/turtlebot3_gazebo//models/turtlebot3_autorace/ground/model.config
[9.712s] -- Installing: /home/ausiasbm/GTI-3B-SBOCK/turtlebot3_ws/install/turtlebot3_gazebo/share/turtlebot3_gazebo//models/turtlebot3_autorace/ground/model.sdf
[9.712s] -- Installing: /home/ausiasbm/GTI-3B-SBOCK/turtlebot3_ws/install/turtlebot3_gazebo/share/turtlebot3_gazebo//models/turtlebot3_autorace/traffic_parking
[9.712s] -- Installing: /home/ausiasbm/GTI-3B-SBOCK/turtlebot3_ws/install/turtlebot3_gazebo/share/turtlebot3_gazebo//models/turtlebot3_autorace/traffic_parking/model.config
[9.712s] -- Installing: /home/ausiasbm/GTI-3B-SBOCK/turtlebot3_ws/install/turtlebot3_gazebo/share/turtlebot3_gazebo//models/turtlebot3_autorace/traffic_parking/model.sdf
[9.712s] -- Installing: /home/ausiasbm/GTI-3B-SBOCK/turtlebot3_ws/install/turtlebot3_gazebo/share/turtlebot3_gazebo//models/turtlebot3_autorace/traffic_parking/materials
[9.712s] -- Installing: /home/ausiasbm/GTI-3B-SBOCK/turtlebot3_ws/install/turtlebot3_gazebo/share/turtlebot3_gazebo//models/turtlebot3_autorace/traffic_parking/materials/textures
[9.712s] -- Installing: /home/ausiasbm/GTI-3B-SBOCK/turtlebot3_ws/install/turtlebot3_gazebo/share/turtlebot3_gazebo//models/turtlebot3_autorace/traffic_parking/materials/textures/traffic_parking.png
[9.713s] -- Installing: /home/ausiasbm/GTI-3B-SBOCK/turtlebot3_ws/install/turtlebot3_gazebo/share/turtlebot3_gazebo//models/turtlebot3_autorace/traffic_parking/materials/scripts
[9.713s] -- Installing: /home/ausiasbm/GTI-3B-SBOCK/turtlebot3_ws/install/turtlebot3_gazebo/share/turtlebot3_gazebo//models/turtlebot3_autorace/traffic_parking/materials/scripts/traffic_parking.material
[9.713s] -- Installing: /home/ausiasbm/GTI-3B-SBOCK/turtlebot3_ws/install/turtlebot3_gazebo/share/turtlebot3_gazebo//models/turtlebot3_autorace/traffic_light_red
[9.713s] -- Installing: /home/ausiasbm/GTI-3B-SBOCK/turtlebot3_ws/install/turtlebot3_gazebo/share/turtlebot3_gazebo//models/turtlebot3_autorace/traffic_light_red/model.config
[9.713s] -- Installing: /home/ausiasbm/GTI-3B-SBOCK/turtlebot3_ws/install/turtlebot3_gazebo/share/turtlebot3_gazebo//models/turtlebot3_autorace/traffic_light_red/model.sdf
[9.713s] -- Installing: /home/ausiasbm/GTI-3B-SBOCK/turtlebot3_ws/install/turtlebot3_gazebo/share/turtlebot3_gazebo//models/turtlebot3_autorace/traffic_light_yellow
[9.713s] -- Installing: /home/ausiasbm/GTI-3B-SBOCK/turtlebot3_ws/install/turtlebot3_gazebo/share/turtlebot3_gazebo//models/turtlebot3_autorace/traffic_light_yellow/model.config
[9.713s] -- Installing: /home/ausiasbm/GTI-3B-SBOCK/turtlebot3_ws/install/turtlebot3_gazebo/share/turtlebot3_gazebo//models/turtlebot3_autorace/traffic_light_yellow/model.sdf
[9.714s] -- Installing: /home/ausiasbm/GTI-3B-SBOCK/turtlebot3_ws/install/turtlebot3_gazebo/share/turtlebot3_gazebo//models/turtlebot3_autorace/course
[9.714s] -- Installing: /home/ausiasbm/GTI-3B-SBOCK/turtlebot3_ws/install/turtlebot3_gazebo/share/turtlebot3_gazebo//models/turtlebot3_autorace/course/model.config
[9.714s] -- Installing: /home/ausiasbm/GTI-3B-SBOCK/turtlebot3_ws/install/turtlebot3_gazebo/share/turtlebot3_gazebo//models/turtlebot3_autorace/course/model.sdf
[9.714s] -- Installing: /home/ausiasbm/GTI-3B-SBOCK/turtlebot3_ws/install/turtlebot3_gazebo/share/turtlebot3_gazebo//models/turtlebot3_autorace/course/materials
[9.714s] -- Installing: /home/ausiasbm/GTI-3B-SBOCK/turtlebot3_ws/install/turtlebot3_gazebo/share/turtlebot3_gazebo//models/turtlebot3_autorace/course/materials/textures
[9.714s] -- Installing: /home/ausiasbm/GTI-3B-SBOCK/turtlebot3_ws/install/turtlebot3_gazebo/share/turtlebot3_gazebo//models/turtlebot3_autorace/course/materials/textures/course.png
[9.715s] -- Installing: /home/ausiasbm/GTI-3B-SBOCK/turtlebot3_ws/install/turtlebot3_gazebo/share/turtlebot3_gazebo//models/turtlebot3_autorace/course/materials/scripts
[9.716s] -- Installing: /home/ausiasbm/GTI-3B-SBOCK/turtlebot3_ws/install/turtlebot3_gazebo/share/turtlebot3_gazebo//models/turtlebot3_autorace/course/materials/scripts/course.material
[9.716s] -- Installing: /home/ausiasbm/GTI-3B-SBOCK/turtlebot3_ws/install/turtlebot3_gazebo/share/turtlebot3_gazebo//models/turtlebot3_autorace/traffic_bar_up
[9.716s] -- Installing: /home/ausiasbm/GTI-3B-SBOCK/turtlebot3_ws/install/turtlebot3_gazebo/share/turtlebot3_gazebo//models/turtlebot3_autorace/traffic_bar_up/model.config
[9.716s] -- Installing: /home/ausiasbm/GTI-3B-SBOCK/turtlebot3_ws/install/turtlebot3_gazebo/share/turtlebot3_gazebo//models/turtlebot3_autorace/traffic_bar_up/model.sdf
[9.716s] -- Installing: /home/ausiasbm/GTI-3B-SBOCK/turtlebot3_ws/install/turtlebot3_gazebo/share/turtlebot3_gazebo//models/turtlebot3_autorace/traffic_bar_up/materials
[9.717s] -- Installing: /home/ausiasbm/GTI-3B-SBOCK/turtlebot3_ws/install/turtlebot3_gazebo/share/turtlebot3_gazebo//models/turtlebot3_autorace/traffic_bar_up/materials/textures
[9.717s] -- Installing: /home/ausiasbm/GTI-3B-SBOCK/turtlebot3_ws/install/turtlebot3_gazebo/share/turtlebot3_gazebo//models/turtlebot3_autorace/traffic_bar_up/materials/textures/traffic_bar.png
[9.717s] -- Installing: /home/ausiasbm/GTI-3B-SBOCK/turtlebot3_ws/install/turtlebot3_gazebo/share/turtlebot3_gazebo//models/turtlebot3_autorace/traffic_bar_up/materials/scripts
[9.717s] -- Installing: /home/ausiasbm/GTI-3B-SBOCK/turtlebot3_ws/install/turtlebot3_gazebo/share/turtlebot3_gazebo//models/turtlebot3_autorace/traffic_bar_up/materials/scripts/traffic_bar.material
[9.717s] -- Installing: /home/ausiasbm/GTI-3B-SBOCK/turtlebot3_ws/install/turtlebot3_gazebo/share/turtlebot3_gazebo//models/turtlebot3_autorace/tunnel_wall
[9.717s] -- Installing: /home/ausiasbm/GTI-3B-SBOCK/turtlebot3_ws/install/turtlebot3_gazebo/share/turtlebot3_gazebo//models/turtlebot3_autorace/tunnel_wall/model.config
[9.717s] -- Installing: /home/ausiasbm/GTI-3B-SBOCK/turtlebot3_ws/install/turtlebot3_gazebo/share/turtlebot3_gazebo//models/turtlebot3_autorace/tunnel_wall/model.sdf
[9.718s] -- Installing: /home/ausiasbm/GTI-3B-SBOCK/turtlebot3_ws/install/turtlebot3_gazebo/share/turtlebot3_gazebo//models/turtlebot3_autorace/traffic_stop
[9.718s] -- Installing: /home/ausiasbm/GTI-3B-SBOCK/turtlebot3_ws/install/turtlebot3_gazebo/share/turtlebot3_gazebo//models/turtlebot3_autorace/traffic_stop/model.config
[9.718s] -- Installing: /home/ausiasbm/GTI-3B-SBOCK/turtlebot3_ws/install/turtlebot3_gazebo/share/turtlebot3_gazebo//models/turtlebot3_autorace/traffic_stop/model.sdf
[9.718s] -- Installing: /home/ausiasbm/GTI-3B-SBOCK/turtlebot3_ws/install/turtlebot3_gazebo/share/turtlebot3_gazebo//models/turtlebot3_autorace/traffic_stop/materials
[9.718s] -- Installing: /home/ausiasbm/GTI-3B-SBOCK/turtlebot3_ws/install/turtlebot3_gazebo/share/turtlebot3_gazebo//models/turtlebot3_autorace/traffic_stop/materials/textures
[9.718s] -- Installing: /home/ausiasbm/GTI-3B-SBOCK/turtlebot3_ws/install/turtlebot3_gazebo/share/turtlebot3_gazebo//models/turtlebot3_autorace/traffic_stop/materials/textures/traffic_stop.png
[9.719s] -- Installing: /home/ausiasbm/GTI-3B-SBOCK/turtlebot3_ws/install/turtlebot3_gazebo/share/turtlebot3_gazebo//models/turtlebot3_autorace/traffic_stop/materials/scripts
[9.719s] -- Installing: /home/ausiasbm/GTI-3B-SBOCK/turtlebot3_ws/install/turtlebot3_gazebo/share/turtlebot3_gazebo//models/turtlebot3_autorace/traffic_stop/materials/scripts/traffic_stop.material
[9.719s] -- Installing: /home/ausiasbm/GTI-3B-SBOCK/turtlebot3_ws/install/turtlebot3_gazebo/share/turtlebot3_gazebo//models/turtlebot3_autorace/traffic_tunnel
[9.719s] -- Installing: /home/ausiasbm/GTI-3B-SBOCK/turtlebot3_ws/install/turtlebot3_gazebo/share/turtlebot3_gazebo//models/turtlebot3_autorace/traffic_tunnel/model.config
[9.719s] -- Installing: /home/ausiasbm/GTI-3B-SBOCK/turtlebot3_ws/install/turtlebot3_gazebo/share/turtlebot3_gazebo//models/turtlebot3_autorace/traffic_tunnel/model.sdf
[9.719s] -- Installing: /home/ausiasbm/GTI-3B-SBOCK/turtlebot3_ws/install/turtlebot3_gazebo/share/turtlebot3_gazebo//models/turtlebot3_autorace/traffic_tunnel/materials
[9.720s] -- Installing: /home/ausiasbm/GTI-3B-SBOCK/turtlebot3_ws/install/turtlebot3_gazebo/share/turtlebot3_gazebo//models/turtlebot3_autorace/traffic_tunnel/materials/textures
[9.720s] -- Installing: /home/ausiasbm/GTI-3B-SBOCK/turtlebot3_ws/install/turtlebot3_gazebo/share/turtlebot3_gazebo//models/turtlebot3_autorace/traffic_tunnel/materials/textures/tunnel.png
[9.720s] -- Installing: /home/ausiasbm/GTI-3B-SBOCK/turtlebot3_ws/install/turtlebot3_gazebo/share/turtlebot3_gazebo//models/turtlebot3_autorace/traffic_tunnel/materials/scripts
[9.720s] -- Installing: /home/ausiasbm/GTI-3B-SBOCK/turtlebot3_ws/install/turtlebot3_gazebo/share/turtlebot3_gazebo//models/turtlebot3_autorace/traffic_tunnel/materials/scripts/tunnel.material
[9.720s] -- Installing: /home/ausiasbm/GTI-3B-SBOCK/turtlebot3_ws/install/turtlebot3_gazebo/share/turtlebot3_gazebo//models/turtlebot3_waffle
[9.721s] -- Installing: /home/ausiasbm/GTI-3B-SBOCK/turtlebot3_ws/install/turtlebot3_gazebo/share/turtlebot3_gazebo//models/turtlebot3_waffle/model.config
[9.721s] -- Installing: /home/ausiasbm/GTI-3B-SBOCK/turtlebot3_ws/install/turtlebot3_gazebo/share/turtlebot3_gazebo//models/turtlebot3_waffle/model.sdf
[9.721s] -- Installing: /home/ausiasbm/GTI-3B-SBOCK/turtlebot3_ws/install/turtlebot3_gazebo/share/turtlebot3_gazebo//models/turtlebot3_waffle/meshes
[9.721s] -- Installing: /home/ausiasbm/GTI-3B-SBOCK/turtlebot3_ws/install/turtlebot3_gazebo/share/turtlebot3_gazebo//models/turtlebot3_waffle/meshes/r200.dae
[9.722s] -- Installing: /home/ausiasbm/GTI-3B-SBOCK/turtlebot3_ws/install/turtlebot3_gazebo/share/turtlebot3_gazebo//models/turtlebot3_waffle/meshes/lds.dae
[9.722s] -- Installing: /home/ausiasbm/GTI-3B-SBOCK/turtlebot3_ws/install/turtlebot3_gazebo/share/turtlebot3_gazebo//models/turtlebot3_waffle/meshes/waffle_base.dae
[9.723s] -- Installing: /home/ausiasbm/GTI-3B-SBOCK/turtlebot3_ws/install/turtlebot3_gazebo/share/turtlebot3_gazebo//models/turtlebot3_waffle/meshes/tire.dae
[9.723s] -- Installing: /home/ausiasbm/GTI-3B-SBOCK/turtlebot3_ws/install/turtlebot3_gazebo/share/turtlebot3_gazebo//models/turtlebot3_waffle/model-1_4.sdf
[9.723s] -- Installing: /home/ausiasbm/GTI-3B-SBOCK/turtlebot3_ws/install/turtlebot3_gazebo/share/turtlebot3_gazebo//rviz
[9.723s] -- Installing: /home/ausiasbm/GTI-3B-SBOCK/turtlebot3_ws/install/turtlebot3_gazebo/share/turtlebot3_gazebo//rviz/tb3_gazebo.rviz
[9.724s] -- Installing: /home/ausiasbm/GTI-3B-SBOCK/turtlebot3_ws/install/turtlebot3_gazebo/share/turtlebot3_gazebo//worlds
[9.724s] -- Installing: /home/ausiasbm/GTI-3B-SBOCK/turtlebot3_ws/install/turtlebot3_gazebo/share/turtlebot3_gazebo//worlds/turtlebot3_dqn_stage1
[9.724s] -- Installing: /home/ausiasbm/GTI-3B-SBOCK/turtlebot3_ws/install/turtlebot3_gazebo/share/turtlebot3_gazebo//worlds/turtlebot3_dqn_stage1/waffle.model
[9.724s] -- Installing: /home/ausiasbm/GTI-3B-SBOCK/turtlebot3_ws/install/turtlebot3_gazebo/share/turtlebot3_gazebo//worlds/turtlebot3_dqn_stage1/burger.model
[9.724s] -- Installing: /home/ausiasbm/GTI-3B-SBOCK/turtlebot3_ws/install/turtlebot3_gazebo/share/turtlebot3_gazebo//worlds/turtlebot3_dqn_stage1/waffle_pi.model
[9.724s] -- Installing: /home/ausiasbm/GTI-3B-SBOCK/turtlebot3_ws/install/turtlebot3_gazebo/share/turtlebot3_gazebo//worlds/turtlebot3_dqn_stage3
[9.725s] -- Installing: /home/ausiasbm/GTI-3B-SBOCK/turtlebot3_ws/install/turtlebot3_gazebo/share/turtlebot3_gazebo//worlds/turtlebot3_dqn_stage3/waffle.model
[9.725s] -- Installing: /home/ausiasbm/GTI-3B-SBOCK/turtlebot3_ws/install/turtlebot3_gazebo/share/turtlebot3_gazebo//worlds/turtlebot3_dqn_stage3/burger.model
[9.725s] -- Installing: /home/ausiasbm/GTI-3B-SBOCK/turtlebot3_ws/install/turtlebot3_gazebo/share/turtlebot3_gazebo//worlds/turtlebot3_dqn_stage3/waffle_pi.model
[9.725s] -- Installing: /home/ausiasbm/GTI-3B-SBOCK/turtlebot3_ws/install/turtlebot3_gazebo/share/turtlebot3_gazebo//worlds/turtlebot3_dqn_stage4
[9.725s] -- Installing: /home/ausiasbm/GTI-3B-SBOCK/turtlebot3_ws/install/turtlebot3_gazebo/share/turtlebot3_gazebo//worlds/turtlebot3_dqn_stage4/waffle.model
[9.726s] -- Installing: /home/ausiasbm/GTI-3B-SBOCK/turtlebot3_ws/install/turtlebot3_gazebo/share/turtlebot3_gazebo//worlds/turtlebot3_dqn_stage4/burger.model
[9.726s] -- Installing: /home/ausiasbm/GTI-3B-SBOCK/turtlebot3_ws/install/turtlebot3_gazebo/share/turtlebot3_gazebo//worlds/turtlebot3_dqn_stage4/waffle_pi.model
[9.726s] -- Installing: /home/ausiasbm/GTI-3B-SBOCK/turtlebot3_ws/install/turtlebot3_gazebo/share/turtlebot3_gazebo//worlds/turtlebot3_houses
[9.726s] -- Installing: /home/ausiasbm/GTI-3B-SBOCK/turtlebot3_ws/install/turtlebot3_gazebo/share/turtlebot3_gazebo//worlds/turtlebot3_houses/waffle.model
[9.726s] -- Installing: /home/ausiasbm/GTI-3B-SBOCK/turtlebot3_ws/install/turtlebot3_gazebo/share/turtlebot3_gazebo//worlds/turtlebot3_houses/burger.model
[9.726s] -- Installing: /home/ausiasbm/GTI-3B-SBOCK/turtlebot3_ws/install/turtlebot3_gazebo/share/turtlebot3_gazebo//worlds/turtlebot3_houses/waffle_pi.model
[9.727s] -- Installing: /home/ausiasbm/GTI-3B-SBOCK/turtlebot3_ws/install/turtlebot3_gazebo/share/turtlebot3_gazebo//worlds/turtlebot3_autoraces
[9.727s] -- Installing: /home/ausiasbm/GTI-3B-SBOCK/turtlebot3_ws/install/turtlebot3_gazebo/share/turtlebot3_gazebo//worlds/turtlebot3_autoraces/waffle.model
[9.727s] -- Installing: /home/ausiasbm/GTI-3B-SBOCK/turtlebot3_ws/install/turtlebot3_gazebo/share/turtlebot3_gazebo//worlds/turtlebot3_autoraces/burger.model
[9.727s] -- Installing: /home/ausiasbm/GTI-3B-SBOCK/turtlebot3_ws/install/turtlebot3_gazebo/share/turtlebot3_gazebo//worlds/turtlebot3_autoraces/waffle_pi.model
[9.727s] -- Installing: /home/ausiasbm/GTI-3B-SBOCK/turtlebot3_ws/install/turtlebot3_gazebo/share/turtlebot3_gazebo//worlds/turtlebot3_worlds
[9.727s] -- Installing: /home/ausiasbm/GTI-3B-SBOCK/turtlebot3_ws/install/turtlebot3_gazebo/share/turtlebot3_gazebo//worlds/turtlebot3_worlds/waffle.model
[9.728s] -- Installing: /home/ausiasbm/GTI-3B-SBOCK/turtlebot3_ws/install/turtlebot3_gazebo/share/turtlebot3_gazebo//worlds/turtlebot3_worlds/burger.model
[9.728s] -- Installing: /home/ausiasbm/GTI-3B-SBOCK/turtlebot3_ws/install/turtlebot3_gazebo/share/turtlebot3_gazebo//worlds/turtlebot3_worlds/waffle_pi.model
[9.728s] -- Installing: /home/ausiasbm/GTI-3B-SBOCK/turtlebot3_ws/install/turtlebot3_gazebo/share/turtlebot3_gazebo//worlds/turtlebot3_dqn_stage2
[9.728s] -- Installing: /home/ausiasbm/GTI-3B-SBOCK/turtlebot3_ws/install/turtlebot3_gazebo/share/turtlebot3_gazebo//worlds/turtlebot3_dqn_stage2/waffle.model
[9.728s] -- Installing: /home/ausiasbm/GTI-3B-SBOCK/turtlebot3_ws/install/turtlebot3_gazebo/share/turtlebot3_gazebo//worlds/turtlebot3_dqn_stage2/burger.model
[9.728s] -- Installing: /home/ausiasbm/GTI-3B-SBOCK/turtlebot3_ws/install/turtlebot3_gazebo/share/turtlebot3_gazebo//worlds/turtlebot3_dqn_stage2/waffle_pi.model
[9.729s] -- Installing: /home/ausiasbm/GTI-3B-SBOCK/turtlebot3_ws/install/turtlebot3_gazebo/share/turtlebot3_gazebo//worlds/empty_worlds
[9.729s] -- Installing: /home/ausiasbm/GTI-3B-SBOCK/turtlebot3_ws/install/turtlebot3_gazebo/share/turtlebot3_gazebo//worlds/empty_worlds/waffle.model
[9.729s] -- Installing: /home/ausiasbm/GTI-3B-SBOCK/turtlebot3_ws/install/turtlebot3_gazebo/share/turtlebot3_gazebo//worlds/empty_worlds/burger.model
[9.729s] -- Installing: /home/ausiasbm/GTI-3B-SBOCK/turtlebot3_ws/install/turtlebot3_gazebo/share/turtlebot3_gazebo//worlds/empty_worlds/waffle_pi.model
[9.730s] -- Installing: /home/ausiasbm/GTI-3B-SBOCK/turtlebot3_ws/install/turtlebot3_gazebo/include/
[9.730s] -- Installing: /home/ausiasbm/GTI-3B-SBOCK/turtlebot3_ws/install/turtlebot3_gazebo/include//turtlebot3_gazebo
[9.730s] -- Installing: /home/ausiasbm/GTI-3B-SBOCK/turtlebot3_ws/install/turtlebot3_gazebo/include//turtlebot3_gazebo/turtlebot3_drive.hpp
[9.730s] -- Installing: /home/ausiasbm/GTI-3B-SBOCK/turtlebot3_ws/install/turtlebot3_gazebo/share/ament_index/resource_index/package_run_dependencies/turtlebot3_gazebo
[9.730s] -- Installing: /home/ausiasbm/GTI-3B-SBOCK/turtlebot3_ws/install/turtlebot3_gazebo/share/ament_index/resource_index/parent_prefix_path/turtlebot3_gazebo
[9.730s] -- Installing: /home/ausiasbm/GTI-3B-SBOCK/turtlebot3_ws/install/turtlebot3_gazebo/share/turtlebot3_gazebo/environment/ament_prefix_path.sh
[9.730s] -- Installing: /home/ausiasbm/GTI-3B-SBOCK/turtlebot3_ws/install/turtlebot3_gazebo/share/turtlebot3_gazebo/environment/ament_prefix_path.dsv
[9.730s] -- Installing: /home/ausiasbm/GTI-3B-SBOCK/turtlebot3_ws/install/turtlebot3_gazebo/share/turtlebot3_gazebo/environment/path.sh
[9.731s] -- Installing: /home/ausiasbm/GTI-3B-SBOCK/turtlebot3_ws/install/turtlebot3_gazebo/share/turtlebot3_gazebo/environment/path.dsv
[9.731s] -- Installing: /home/ausiasbm/GTI-3B-SBOCK/turtlebot3_ws/install/turtlebot3_gazebo/share/turtlebot3_gazebo/local_setup.bash
[9.731s] -- Installing: /home/ausiasbm/GTI-3B-SBOCK/turtlebot3_ws/install/turtlebot3_gazebo/share/turtlebot3_gazebo/local_setup.sh
[9.731s] -- Installing: /home/ausiasbm/GTI-3B-SBOCK/turtlebot3_ws/install/turtlebot3_gazebo/share/turtlebot3_gazebo/local_setup.zsh
[9.731s] -- Installing: /home/ausiasbm/GTI-3B-SBOCK/turtlebot3_ws/install/turtlebot3_gazebo/share/turtlebot3_gazebo/local_setup.dsv
[9.731s] -- Installing: /home/ausiasbm/GTI-3B-SBOCK/turtlebot3_ws/install/turtlebot3_gazebo/share/turtlebot3_gazebo/package.dsv
[9.731s] -- Installing: /home/ausiasbm/GTI-3B-SBOCK/turtlebot3_ws/install/turtlebot3_gazebo/share/ament_index/resource_index/packages/turtlebot3_gazebo
[9.731s] -- Installing: /home/ausiasbm/GTI-3B-SBOCK/turtlebot3_ws/install/turtlebot3_gazebo/share/turtlebot3_gazebo/cmake/ament_cmake_export_include_directories-extras.cmake
[9.731s] -- Installing: /home/ausiasbm/GTI-3B-SBOCK/turtlebot3_ws/install/turtlebot3_gazebo/share/turtlebot3_gazebo/cmake/ament_cmake_export_dependencies-extras.cmake
[9.731s] -- Installing: /home/ausiasbm/GTI-3B-SBOCK/turtlebot3_ws/install/turtlebot3_gazebo/share/turtlebot3_gazebo/cmake/turtlebot3_gazeboConfig.cmake
[9.731s] -- Installing: /home/ausiasbm/GTI-3B-SBOCK/turtlebot3_ws/install/turtlebot3_gazebo/share/turtlebot3_gazebo/cmake/turtlebot3_gazeboConfig-version.cmake
[9.731s] -- Installing: /home/ausiasbm/GTI-3B-SBOCK/turtlebot3_ws/install/turtlebot3_gazebo/share/turtlebot3_gazebo/package.xml
[9.734s] Invoked command in '/home/ausiasbm/GTI-3B-SBOCK/turtlebot3_ws/build/turtlebot3_gazebo' returned '0': CMAKE_PREFIX_PATH=${CMAKE_PREFIX_PATH}:/home/ausiasbm/turtlebot3_ws/install/show_msg:/home/ausiasbm/turtlebot3_ws/install/provide_map:/home/ausiasbm/turtlebot3_ws/install/my_slam:/home/ausiasbm/turtlebot3_ws/install/my_nav2_system:/home/ausiasbm/turtlebot3_ws/install/my_first_subscriber:/home/ausiasbm/turtlebot3_ws/install/my_first_service:/home/ausiasbm/turtlebot3_ws/install/my_first_publisher:/home/ausiasbm/turtlebot3_ws/install/ausias_bm_ex_my_nav2_system:/home/ausiasbm/GTI-3B-SBOCK/turtlebot3_ws/install/sbock_show_msg:/home/ausiasbm/GTI-3B-SBOCK/turtlebot3_ws/install/sbock_robot_position_subscriber:/home/ausiasbm/GTI-3B-SBOCK/turtlebot3_ws/install/sbock_position_publisher:/home/ausiasbm/GTI-3B-SBOCK/turtlebot3_ws/install/sbock_nav_route:/home/ausiasbm/GTI-3B-SBOCK/turtlebot3_ws/install/sbock_nav_position:/home/ausiasbm/GTI-3B-SBOCK/turtlebot3_ws/install/sbock_my_first_service:/home/ausiasbm/GTI-3B-SBOCK/turtlebot3_ws/install/provide_map:/opt/ros/foxy PS1=\[\e]0;\u@\h: \w\a\]${debian_chroot:+($debian_chroot)}\[\033[01;32m\]\u@\h\[\033[00m\]:\[\033[01;34m\]\w\[\033[00m\]\$ /usr/bin/cmake --install /home/ausiasbm/GTI-3B-SBOCK/turtlebot3_ws/build/turtlebot3_gazebo
