[2.078s] Invoking command in '/home/aibes/GTI-3B-SBOCK/turtlebot3_ws/src/sbock_nav2_system': PS1=(rosenv) \[\e]0;\u@\h: \w\a\]${debian_chroot:+($debian_chroot)}\[\033[01;32m\]\u@\h\[\033[00m\]:\[\033[01;34m\]\w\[\033[00m\]\$ PYTHONPATH=/home/aibes/GTI-3B-SBOCK/turtlebot3_ws/install/sbock_nav2_system/lib/python3.8/site-packages:${PYTHONPATH} /usr/bin/python3 setup.py egg_info --egg-base ../../build/sbock_nav2_system build --build-base /home/aibes/GTI-3B-SBOCK/turtlebot3_ws/build/sbock_nav2_system/build install --prefix /home/aibes/GTI-3B-SBOCK/turtlebot3_ws/install/sbock_nav2_system --record /home/aibes/GTI-3B-SBOCK/turtlebot3_ws/build/sbock_nav2_system/install.log --single-version-externally-managed
[2.409s] running egg_info
[2.410s] writing ../../build/sbock_nav2_system/sbock_nav2_system.egg-info/PKG-INFO
[2.410s] writing dependency_links to ../../build/sbock_nav2_system/sbock_nav2_system.egg-info/dependency_links.txt
[2.410s] writing entry points to ../../build/sbock_nav2_system/sbock_nav2_system.egg-info/entry_points.txt
[2.411s] writing requirements to ../../build/sbock_nav2_system/sbock_nav2_system.egg-info/requires.txt
[2.411s] writing top-level names to ../../build/sbock_nav2_system/sbock_nav2_system.egg-info/top_level.txt
[2.509s] reading manifest file '../../build/sbock_nav2_system/sbock_nav2_system.egg-info/SOURCES.txt'
[2.528s] writing manifest file '../../build/sbock_nav2_system/sbock_nav2_system.egg-info/SOURCES.txt'
[2.529s] running build
[2.529s] running build_py
[2.529s] copying sbock_nav2_system/initial_pose_pub.py -> /home/aibes/GTI-3B-SBOCK/turtlebot3_ws/build/sbock_nav2_system/build/lib/sbock_nav2_system
[2.529s] running install
[2.530s] running install_lib
[2.531s] copying /home/aibes/GTI-3B-SBOCK/turtlebot3_ws/build/sbock_nav2_system/build/lib/sbock_nav2_system/initial_pose_pub.py -> /home/aibes/GTI-3B-SBOCK/turtlebot3_ws/install/sbock_nav2_system/lib/python3.8/site-packages/sbock_nav2_system
[2.532s] byte-compiling /home/aibes/GTI-3B-SBOCK/turtlebot3_ws/install/sbock_nav2_system/lib/python3.8/site-packages/sbock_nav2_system/initial_pose_pub.py to initial_pose_pub.cpython-38.pyc
[2.534s] running install_data
[2.535s] running install_egg_info
[2.537s] removing '/home/aibes/GTI-3B-SBOCK/turtlebot3_ws/install/sbock_nav2_system/lib/python3.8/site-packages/sbock_nav2_system-0.0.0-py3.8.egg-info' (and everything under it)
[2.538s] Copying ../../build/sbock_nav2_system/sbock_nav2_system.egg-info to /home/aibes/GTI-3B-SBOCK/turtlebot3_ws/install/sbock_nav2_system/lib/python3.8/site-packages/sbock_nav2_system-0.0.0-py3.8.egg-info
[2.542s] running install_scripts
[2.566s] Installing go_to_pose script to /home/aibes/GTI-3B-SBOCK/turtlebot3_ws/install/sbock_nav2_system/lib/sbock_nav2_system
[2.566s] Installing initial_pose_pub script to /home/aibes/GTI-3B-SBOCK/turtlebot3_ws/install/sbock_nav2_system/lib/sbock_nav2_system
[2.566s] Installing load_map script to /home/aibes/GTI-3B-SBOCK/turtlebot3_ws/install/sbock_nav2_system/lib/sbock_nav2_system
[2.566s] Installing nav_to_pose script to /home/aibes/GTI-3B-SBOCK/turtlebot3_ws/install/sbock_nav2_system/lib/sbock_nav2_system
[2.567s] writing list of installed files to '/home/aibes/GTI-3B-SBOCK/turtlebot3_ws/build/sbock_nav2_system/install.log'
[2.593s] Invoked command in '/home/aibes/GTI-3B-SBOCK/turtlebot3_ws/src/sbock_nav2_system' returned '0': PS1=(rosenv) \[\e]0;\u@\h: \w\a\]${debian_chroot:+($debian_chroot)}\[\033[01;32m\]\u@\h\[\033[00m\]:\[\033[01;34m\]\w\[\033[00m\]\$ PYTHONPATH=/home/aibes/GTI-3B-SBOCK/turtlebot3_ws/install/sbock_nav2_system/lib/python3.8/site-packages:${PYTHONPATH} /usr/bin/python3 setup.py egg_info --egg-base ../../build/sbock_nav2_system build --build-base /home/aibes/GTI-3B-SBOCK/turtlebot3_ws/build/sbock_nav2_system/build install --prefix /home/aibes/GTI-3B-SBOCK/turtlebot3_ws/install/sbock_nav2_system --record /home/aibes/GTI-3B-SBOCK/turtlebot3_ws/build/sbock_nav2_system/install.log --single-version-externally-managed
