[2.531s] Invoking command in '/home/aibes/GTI-3B-SBOCK/turtlebot3_ws/src/sbock/sbock_nav_position': PS1=(rosenv) \[\e]0;\u@\h: \w\a\]${debian_chroot:+($debian_chroot)}\[\033[01;32m\]\u@\h\[\033[00m\]:\[\033[01;34m\]\w\[\033[00m\]\$ PYTHONPATH=/home/aibes/GTI-3B-SBOCK/turtlebot3_ws/install/sbock_nav_position/lib/python3.8/site-packages:${PYTHONPATH} /usr/bin/python3 setup.py egg_info --egg-base ../../../build/sbock_nav_position build --build-base /home/aibes/GTI-3B-SBOCK/turtlebot3_ws/build/sbock_nav_position/build install --prefix /home/aibes/GTI-3B-SBOCK/turtlebot3_ws/install/sbock_nav_position --record /home/aibes/GTI-3B-SBOCK/turtlebot3_ws/build/sbock_nav_position/install.log --single-version-externally-managed
[2.902s] running egg_info
[2.903s] creating ../../../build/sbock_nav_position/sbock_nav_position.egg-info
[2.903s] writing ../../../build/sbock_nav_position/sbock_nav_position.egg-info/PKG-INFO
[2.904s] writing dependency_links to ../../../build/sbock_nav_position/sbock_nav_position.egg-info/dependency_links.txt
[2.904s] writing entry points to ../../../build/sbock_nav_position/sbock_nav_position.egg-info/entry_points.txt
[2.904s] writing requirements to ../../../build/sbock_nav_position/sbock_nav_position.egg-info/requires.txt
[2.904s] writing top-level names to ../../../build/sbock_nav_position/sbock_nav_position.egg-info/top_level.txt
[2.906s] writing manifest file '../../../build/sbock_nav_position/sbock_nav_position.egg-info/SOURCES.txt'
[2.973s] reading manifest file '../../../build/sbock_nav_position/sbock_nav_position.egg-info/SOURCES.txt'
[2.975s] writing manifest file '../../../build/sbock_nav_position/sbock_nav_position.egg-info/SOURCES.txt'
[2.975s] running build
[2.975s] running build_py
[2.975s] creating /home/aibes/GTI-3B-SBOCK/turtlebot3_ws/build/sbock_nav_position/build
[2.976s] creating /home/aibes/GTI-3B-SBOCK/turtlebot3_ws/build/sbock_nav_position/build/lib
[2.976s] creating /home/aibes/GTI-3B-SBOCK/turtlebot3_ws/build/sbock_nav_position/build/lib/sbock_nav_position
[2.976s] copying sbock_nav_position/__init__.py -> /home/aibes/GTI-3B-SBOCK/turtlebot3_ws/build/sbock_nav_position/build/lib/sbock_nav_position
[2.976s] copying sbock_nav_position/initial_pose_pub.py -> /home/aibes/GTI-3B-SBOCK/turtlebot3_ws/build/sbock_nav_position/build/lib/sbock_nav_position
[2.976s] copying sbock_nav_position/nav_to_pose.py -> /home/aibes/GTI-3B-SBOCK/turtlebot3_ws/build/sbock_nav_position/build/lib/sbock_nav_position
[2.976s] running install
[2.977s] running install_lib
[2.978s] creating /home/aibes/GTI-3B-SBOCK/turtlebot3_ws/install/sbock_nav_position/lib/python3.8/site-packages/sbock_nav_position
[2.979s] copying /home/aibes/GTI-3B-SBOCK/turtlebot3_ws/build/sbock_nav_position/build/lib/sbock_nav_position/__init__.py -> /home/aibes/GTI-3B-SBOCK/turtlebot3_ws/install/sbock_nav_position/lib/python3.8/site-packages/sbock_nav_position
[2.979s] copying /home/aibes/GTI-3B-SBOCK/turtlebot3_ws/build/sbock_nav_position/build/lib/sbock_nav_position/initial_pose_pub.py -> /home/aibes/GTI-3B-SBOCK/turtlebot3_ws/install/sbock_nav_position/lib/python3.8/site-packages/sbock_nav_position
[2.979s] copying /home/aibes/GTI-3B-SBOCK/turtlebot3_ws/build/sbock_nav_position/build/lib/sbock_nav_position/nav_to_pose.py -> /home/aibes/GTI-3B-SBOCK/turtlebot3_ws/install/sbock_nav_position/lib/python3.8/site-packages/sbock_nav_position
[2.980s] byte-compiling /home/aibes/GTI-3B-SBOCK/turtlebot3_ws/install/sbock_nav_position/lib/python3.8/site-packages/sbock_nav_position/__init__.py to __init__.cpython-38.pyc
[2.981s] byte-compiling /home/aibes/GTI-3B-SBOCK/turtlebot3_ws/install/sbock_nav_position/lib/python3.8/site-packages/sbock_nav_position/initial_pose_pub.py to initial_pose_pub.cpython-38.pyc
[2.982s] byte-compiling /home/aibes/GTI-3B-SBOCK/turtlebot3_ws/install/sbock_nav_position/lib/python3.8/site-packages/sbock_nav_position/nav_to_pose.py to nav_to_pose.cpython-38.pyc
[2.983s] running install_data
[2.985s] creating /home/aibes/GTI-3B-SBOCK/turtlebot3_ws/install/sbock_nav_position/share/ament_index
[2.985s] creating /home/aibes/GTI-3B-SBOCK/turtlebot3_ws/install/sbock_nav_position/share/ament_index/resource_index
[2.985s] creating /home/aibes/GTI-3B-SBOCK/turtlebot3_ws/install/sbock_nav_position/share/ament_index/resource_index/packages
[2.986s] copying resource/sbock_nav_position -> /home/aibes/GTI-3B-SBOCK/turtlebot3_ws/install/sbock_nav_position/share/ament_index/resource_index/packages
[2.986s] copying package.xml -> /home/aibes/GTI-3B-SBOCK/turtlebot3_ws/install/sbock_nav_position/share/sbock_nav_position
[2.986s] creating /home/aibes/GTI-3B-SBOCK/turtlebot3_ws/install/sbock_nav_position/share/sbock_nav_position/launch
[2.986s] copying launch/sbock_tb3_sim_nav2.launch.py -> /home/aibes/GTI-3B-SBOCK/turtlebot3_ws/install/sbock_nav_position/share/sbock_nav_position/launch
[2.986s] copying launch/sbock_initial_pose.launch.py -> /home/aibes/GTI-3B-SBOCK/turtlebot3_ws/install/sbock_nav_position/share/sbock_nav_position/launch
[2.986s] copying launch/sbock_nav_to_pose.launch.py -> /home/aibes/GTI-3B-SBOCK/turtlebot3_ws/install/sbock_nav_position/share/sbock_nav_position/launch
[2.986s] creating /home/aibes/GTI-3B-SBOCK/turtlebot3_ws/install/sbock_nav_position/share/sbock_nav_position/config
[2.987s] copying config/my_map.yaml -> /home/aibes/GTI-3B-SBOCK/turtlebot3_ws/install/sbock_nav_position/share/sbock_nav_position/config
[2.987s] copying config/nav2_params.yaml -> /home/aibes/GTI-3B-SBOCK/turtlebot3_ws/install/sbock_nav_position/share/sbock_nav_position/config
[2.987s] copying config/my_map.pgm -> /home/aibes/GTI-3B-SBOCK/turtlebot3_ws/install/sbock_nav_position/share/sbock_nav_position/config
[2.987s] copying config/nav2_default_view.rviz -> /home/aibes/GTI-3B-SBOCK/turtlebot3_ws/install/sbock_nav_position/share/sbock_nav_position/config
[2.987s] copying config/my_slam.rviz -> /home/aibes/GTI-3B-SBOCK/turtlebot3_ws/install/sbock_nav_position/share/sbock_nav_position/config
[2.987s] copying config/navigate_w_replanning_and_recovery.xml -> /home/aibes/GTI-3B-SBOCK/turtlebot3_ws/install/sbock_nav_position/share/sbock_nav_position/config
[2.987s] running install_egg_info
[2.988s] Copying ../../../build/sbock_nav_position/sbock_nav_position.egg-info to /home/aibes/GTI-3B-SBOCK/turtlebot3_ws/install/sbock_nav_position/lib/python3.8/site-packages/sbock_nav_position-0.0.0-py3.8.egg-info
[2.989s] running install_scripts
[3.024s] Installing initial_pose_pub script to /home/aibes/GTI-3B-SBOCK/turtlebot3_ws/install/sbock_nav_position/lib/sbock_nav_position
[3.024s] Installing nav_to_pose script to /home/aibes/GTI-3B-SBOCK/turtlebot3_ws/install/sbock_nav_position/lib/sbock_nav_position
[3.024s] writing list of installed files to '/home/aibes/GTI-3B-SBOCK/turtlebot3_ws/build/sbock_nav_position/install.log'
[3.072s] Invoked command in '/home/aibes/GTI-3B-SBOCK/turtlebot3_ws/src/sbock/sbock_nav_position' returned '0': PS1=(rosenv) \[\e]0;\u@\h: \w\a\]${debian_chroot:+($debian_chroot)}\[\033[01;32m\]\u@\h\[\033[00m\]:\[\033[01;34m\]\w\[\033[00m\]\$ PYTHONPATH=/home/aibes/GTI-3B-SBOCK/turtlebot3_ws/install/sbock_nav_position/lib/python3.8/site-packages:${PYTHONPATH} /usr/bin/python3 setup.py egg_info --egg-base ../../../build/sbock_nav_position build --build-base /home/aibes/GTI-3B-SBOCK/turtlebot3_ws/build/sbock_nav_position/build install --prefix /home/aibes/GTI-3B-SBOCK/turtlebot3_ws/install/sbock_nav_position --record /home/aibes/GTI-3B-SBOCK/turtlebot3_ws/build/sbock_nav_position/install.log --single-version-externally-managed
