[0.294s] DEBUG:colcon:Command line arguments: ['/usr/bin/colcon', 'build', '--packages-select', 'sbock_nav_position']
[0.295s] DEBUG:colcon:Parsed command line arguments: Namespace(allow_overriding=[], ament_cmake_args=None, base_paths=['.'], build_base='build', catkin_cmake_args=None, catkin_skip_building_tests=False, cmake_args=None, cmake_clean_cache=False, cmake_clean_first=False, cmake_force_configure=False, cmake_target=None, cmake_target_skip_unavailable=False, continue_on_error=False, event_handlers=None, executor='parallel', ignore_user_meta=False, install_base='install', log_base=None, log_level=None, main=<bound method BuildVerb.main of <colcon_core.verb.build.BuildVerb object at 0x7f63160d4670>>, merge_install=False, metas=['./colcon.meta'], packages_above=None, packages_above_and_dependencies=None, packages_above_depth=None, packages_end=None, packages_ignore=None, packages_ignore_regex=None, packages_select=['sbock_nav_position'], packages_select_build_failed=False, packages_select_by_dep=None, packages_select_regex=None, packages_select_test_failures=False, packages_skip=None, packages_skip_build_finished=False, packages_skip_by_dep=None, packages_skip_regex=None, packages_skip_test_passed=False, packages_skip_up_to=None, packages_start=None, packages_up_to=None, packages_up_to_regex=None, parallel_workers=2, paths=None, symlink_install=False, test_result_base=None, verb_extension=<colcon_core.verb.build.BuildVerb object at 0x7f63160d4670>, verb_name='build', verb_parser=<colcon_defaults.argument_parser.defaults.DefaultArgumentsDecorator object at 0x7f63160d4bb0>)
[0.303s] Level 1:colcon.colcon_core.package_discovery:discover_packages(colcon_meta) check parameters
[0.303s] Level 1:colcon.colcon_core.package_discovery:discover_packages(recursive) check parameters
[0.303s] Level 1:colcon.colcon_core.package_discovery:discover_packages(ignore) check parameters
[0.303s] Level 1:colcon.colcon_core.package_discovery:discover_packages(path) check parameters
[0.303s] Level 1:colcon.colcon_core.package_discovery:discover_packages(colcon_meta) discover
[0.303s] Level 1:colcon.colcon_core.package_discovery:discover_packages(recursive) discover
[0.303s] INFO:colcon.colcon_core.package_discovery:Crawling recursively for packages in '/home/natxo/GTI-3B-SBOCK/turtlebot3_ws'
[0.303s] Level 1:colcon.colcon_core.package_identification:_identify(.) by extensions ['ignore', 'ignore_ament_install']
[0.304s] Level 1:colcon.colcon_core.package_identification:_identify(.) by extension 'ignore'
[0.304s] Level 1:colcon.colcon_core.package_identification:_identify(.) by extension 'ignore_ament_install'
[0.304s] Level 1:colcon.colcon_core.package_identification:_identify(.) by extensions ['colcon_pkg']
[0.304s] Level 1:colcon.colcon_core.package_identification:_identify(.) by extension 'colcon_pkg'
[0.304s] Level 1:colcon.colcon_core.package_identification:_identify(.) by extensions ['colcon_meta']
[0.304s] Level 1:colcon.colcon_core.package_identification:_identify(.) by extension 'colcon_meta'
[0.305s] Level 1:colcon.colcon_core.package_identification:_identify(.) by extensions ['ros']
[0.305s] Level 1:colcon.colcon_core.package_identification:_identify(.) by extension 'ros'
[0.324s] Level 1:colcon.colcon_core.package_identification:_identify(.) by extensions ['cmake', 'python']
[0.325s] Level 1:colcon.colcon_core.package_identification:_identify(.) by extension 'cmake'
[0.325s] Level 1:colcon.colcon_core.package_identification:_identify(.) by extension 'python'
[0.325s] Level 1:colcon.colcon_core.package_identification:_identify(.) by extensions ['python_setup_py']
[0.325s] Level 1:colcon.colcon_core.package_identification:_identify(.) by extension 'python_setup_py'
[0.325s] Level 1:colcon.colcon_core.package_identification:_identify(build) by extensions ['ignore', 'ignore_ament_install']
[0.325s] Level 1:colcon.colcon_core.package_identification:_identify(build) by extension 'ignore'
[0.325s] Level 1:colcon.colcon_core.package_identification:_identify(build) ignored
[0.325s] Level 1:colcon.colcon_core.package_identification:_identify(install) by extensions ['ignore', 'ignore_ament_install']
[0.325s] Level 1:colcon.colcon_core.package_identification:_identify(install) by extension 'ignore'
[0.326s] Level 1:colcon.colcon_core.package_identification:_identify(install) ignored
[0.326s] Level 1:colcon.colcon_core.package_identification:_identify(log) by extensions ['ignore', 'ignore_ament_install']
[0.326s] Level 1:colcon.colcon_core.package_identification:_identify(log) by extension 'ignore'
[0.326s] Level 1:colcon.colcon_core.package_identification:_identify(log) ignored
[0.326s] Level 1:colcon.colcon_core.package_identification:_identify(src) by extensions ['ignore', 'ignore_ament_install']
[0.326s] Level 1:colcon.colcon_core.package_identification:_identify(src) by extension 'ignore'
[0.326s] Level 1:colcon.colcon_core.package_identification:_identify(src) by extension 'ignore_ament_install'
[0.326s] Level 1:colcon.colcon_core.package_identification:_identify(src) by extensions ['colcon_pkg']
[0.326s] Level 1:colcon.colcon_core.package_identification:_identify(src) by extension 'colcon_pkg'
[0.326s] Level 1:colcon.colcon_core.package_identification:_identify(src) by extensions ['colcon_meta']
[0.326s] Level 1:colcon.colcon_core.package_identification:_identify(src) by extension 'colcon_meta'
[0.327s] Level 1:colcon.colcon_core.package_identification:_identify(src) by extensions ['ros']
[0.327s] Level 1:colcon.colcon_core.package_identification:_identify(src) by extension 'ros'
[0.327s] Level 1:colcon.colcon_core.package_identification:_identify(src) by extensions ['cmake', 'python']
[0.327s] Level 1:colcon.colcon_core.package_identification:_identify(src) by extension 'cmake'
[0.327s] Level 1:colcon.colcon_core.package_identification:_identify(src) by extension 'python'
[0.327s] Level 1:colcon.colcon_core.package_identification:_identify(src) by extensions ['python_setup_py']
[0.327s] Level 1:colcon.colcon_core.package_identification:_identify(src) by extension 'python_setup_py'
[0.327s] Level 1:colcon.colcon_core.package_identification:_identify(src/my_world) by extensions ['ignore', 'ignore_ament_install']
[0.327s] Level 1:colcon.colcon_core.package_identification:_identify(src/my_world) by extension 'ignore'
[0.327s] Level 1:colcon.colcon_core.package_identification:_identify(src/my_world) by extension 'ignore_ament_install'
[0.327s] Level 1:colcon.colcon_core.package_identification:_identify(src/my_world) by extensions ['colcon_pkg']
[0.327s] Level 1:colcon.colcon_core.package_identification:_identify(src/my_world) by extension 'colcon_pkg'
[0.328s] Level 1:colcon.colcon_core.package_identification:_identify(src/my_world) by extensions ['colcon_meta']
[0.328s] Level 1:colcon.colcon_core.package_identification:_identify(src/my_world) by extension 'colcon_meta'
[0.328s] Level 1:colcon.colcon_core.package_identification:_identify(src/my_world) by extensions ['ros']
[0.328s] Level 1:colcon.colcon_core.package_identification:_identify(src/my_world) by extension 'ros'
[0.328s] Level 1:colcon.colcon_core.package_identification:_identify(src/my_world) by extensions ['cmake', 'python']
[0.328s] Level 1:colcon.colcon_core.package_identification:_identify(src/my_world) by extension 'cmake'
[0.328s] Level 1:colcon.colcon_core.package_identification:_identify(src/my_world) by extension 'python'
[0.328s] Level 1:colcon.colcon_core.package_identification:_identify(src/my_world) by extensions ['python_setup_py']
[0.328s] Level 1:colcon.colcon_core.package_identification:_identify(src/my_world) by extension 'python_setup_py'
[0.328s] Level 1:colcon.colcon_core.package_identification:_identify(src/my_world/include) by extensions ['ignore', 'ignore_ament_install']
[0.328s] Level 1:colcon.colcon_core.package_identification:_identify(src/my_world/include) by extension 'ignore'
[0.328s] Level 1:colcon.colcon_core.package_identification:_identify(src/my_world/include) by extension 'ignore_ament_install'
[0.329s] Level 1:colcon.colcon_core.package_identification:_identify(src/my_world/include) by extensions ['colcon_pkg']
[0.329s] Level 1:colcon.colcon_core.package_identification:_identify(src/my_world/include) by extension 'colcon_pkg'
[0.329s] Level 1:colcon.colcon_core.package_identification:_identify(src/my_world/include) by extensions ['colcon_meta']
[0.329s] Level 1:colcon.colcon_core.package_identification:_identify(src/my_world/include) by extension 'colcon_meta'
[0.329s] Level 1:colcon.colcon_core.package_identification:_identify(src/my_world/include) by extensions ['ros']
[0.329s] Level 1:colcon.colcon_core.package_identification:_identify(src/my_world/include) by extension 'ros'
[0.329s] Level 1:colcon.colcon_core.package_identification:_identify(src/my_world/include) by extensions ['cmake', 'python']
[0.329s] Level 1:colcon.colcon_core.package_identification:_identify(src/my_world/include) by extension 'cmake'
[0.329s] Level 1:colcon.colcon_core.package_identification:_identify(src/my_world/include) by extension 'python'
[0.329s] Level 1:colcon.colcon_core.package_identification:_identify(src/my_world/include) by extensions ['python_setup_py']
[0.329s] Level 1:colcon.colcon_core.package_identification:_identify(src/my_world/include) by extension 'python_setup_py'
[0.329s] Level 1:colcon.colcon_core.package_identification:_identify(src/sbock) by extensions ['ignore', 'ignore_ament_install']
[0.329s] Level 1:colcon.colcon_core.package_identification:_identify(src/sbock) by extension 'ignore'
[0.330s] Level 1:colcon.colcon_core.package_identification:_identify(src/sbock) by extension 'ignore_ament_install'
[0.330s] Level 1:colcon.colcon_core.package_identification:_identify(src/sbock) by extensions ['colcon_pkg']
[0.330s] Level 1:colcon.colcon_core.package_identification:_identify(src/sbock) by extension 'colcon_pkg'
[0.330s] Level 1:colcon.colcon_core.package_identification:_identify(src/sbock) by extensions ['colcon_meta']
[0.330s] Level 1:colcon.colcon_core.package_identification:_identify(src/sbock) by extension 'colcon_meta'
[0.330s] Level 1:colcon.colcon_core.package_identification:_identify(src/sbock) by extensions ['ros']
[0.330s] Level 1:colcon.colcon_core.package_identification:_identify(src/sbock) by extension 'ros'
[0.330s] Level 1:colcon.colcon_core.package_identification:_identify(src/sbock) by extensions ['cmake', 'python']
[0.330s] Level 1:colcon.colcon_core.package_identification:_identify(src/sbock) by extension 'cmake'
[0.330s] Level 1:colcon.colcon_core.package_identification:_identify(src/sbock) by extension 'python'
[0.330s] Level 1:colcon.colcon_core.package_identification:_identify(src/sbock) by extensions ['python_setup_py']
[0.330s] Level 1:colcon.colcon_core.package_identification:_identify(src/sbock) by extension 'python_setup_py'
[0.330s] Level 1:colcon.colcon_core.package_identification:_identify(src/sbock/my_world) by extensions ['ignore', 'ignore_ament_install']
[0.331s] Level 1:colcon.colcon_core.package_identification:_identify(src/sbock/my_world) by extension 'ignore'
[0.331s] Level 1:colcon.colcon_core.package_identification:_identify(src/sbock/my_world) by extension 'ignore_ament_install'
[0.331s] Level 1:colcon.colcon_core.package_identification:_identify(src/sbock/my_world) by extensions ['colcon_pkg']
[0.331s] Level 1:colcon.colcon_core.package_identification:_identify(src/sbock/my_world) by extension 'colcon_pkg'
[0.331s] Level 1:colcon.colcon_core.package_identification:_identify(src/sbock/my_world) by extensions ['colcon_meta']
[0.331s] Level 1:colcon.colcon_core.package_identification:_identify(src/sbock/my_world) by extension 'colcon_meta'
[0.331s] Level 1:colcon.colcon_core.package_identification:_identify(src/sbock/my_world) by extensions ['ros']
[0.331s] Level 1:colcon.colcon_core.package_identification:_identify(src/sbock/my_world) by extension 'ros'
[0.336s] DEBUG:colcon.colcon_core.package_identification:Package 'src/sbock/my_world' with type 'ros.ament_cmake' and name 'my_world'
[0.336s] Level 1:colcon.colcon_core.package_identification:_identify(src/sbock/provide_map) by extensions ['ignore', 'ignore_ament_install']
[0.336s] Level 1:colcon.colcon_core.package_identification:_identify(src/sbock/provide_map) by extension 'ignore'
[0.336s] Level 1:colcon.colcon_core.package_identification:_identify(src/sbock/provide_map) by extension 'ignore_ament_install'
[0.336s] Level 1:colcon.colcon_core.package_identification:_identify(src/sbock/provide_map) by extensions ['colcon_pkg']
[0.336s] Level 1:colcon.colcon_core.package_identification:_identify(src/sbock/provide_map) by extension 'colcon_pkg'
[0.336s] Level 1:colcon.colcon_core.package_identification:_identify(src/sbock/provide_map) by extensions ['colcon_meta']
[0.336s] Level 1:colcon.colcon_core.package_identification:_identify(src/sbock/provide_map) by extension 'colcon_meta'
[0.336s] Level 1:colcon.colcon_core.package_identification:_identify(src/sbock/provide_map) by extensions ['ros']
[0.336s] Level 1:colcon.colcon_core.package_identification:_identify(src/sbock/provide_map) by extension 'ros'
[0.337s] DEBUG:colcon.colcon_core.package_identification:Package 'src/sbock/provide_map' with type 'ros.ament_python' and name 'provide_map'
[0.338s] Level 1:colcon.colcon_core.package_identification:_identify(src/sbock/sbock) by extensions ['ignore', 'ignore_ament_install']
[0.338s] Level 1:colcon.colcon_core.package_identification:_identify(src/sbock/sbock) by extension 'ignore'
[0.338s] Level 1:colcon.colcon_core.package_identification:_identify(src/sbock/sbock) by extension 'ignore_ament_install'
[0.338s] Level 1:colcon.colcon_core.package_identification:_identify(src/sbock/sbock) by extensions ['colcon_pkg']
[0.338s] Level 1:colcon.colcon_core.package_identification:_identify(src/sbock/sbock) by extension 'colcon_pkg'
[0.338s] Level 1:colcon.colcon_core.package_identification:_identify(src/sbock/sbock) by extensions ['colcon_meta']
[0.338s] Level 1:colcon.colcon_core.package_identification:_identify(src/sbock/sbock) by extension 'colcon_meta'
[0.338s] Level 1:colcon.colcon_core.package_identification:_identify(src/sbock/sbock) by extensions ['ros']
[0.338s] Level 1:colcon.colcon_core.package_identification:_identify(src/sbock/sbock) by extension 'ros'
[0.340s] DEBUG:colcon.colcon_core.package_identification:Package 'src/sbock/sbock' with type 'ros.ament_cmake' and name 'sbock'
[0.340s] Level 1:colcon.colcon_core.package_identification:_identify(src/sbock/sbock_nav_position) by extensions ['ignore', 'ignore_ament_install']
[0.340s] Level 1:colcon.colcon_core.package_identification:_identify(src/sbock/sbock_nav_position) by extension 'ignore'
[0.340s] Level 1:colcon.colcon_core.package_identification:_identify(src/sbock/sbock_nav_position) by extension 'ignore_ament_install'
[0.340s] Level 1:colcon.colcon_core.package_identification:_identify(src/sbock/sbock_nav_position) by extensions ['colcon_pkg']
[0.340s] Level 1:colcon.colcon_core.package_identification:_identify(src/sbock/sbock_nav_position) by extension 'colcon_pkg'
[0.340s] Level 1:colcon.colcon_core.package_identification:_identify(src/sbock/sbock_nav_position) by extensions ['colcon_meta']
[0.340s] Level 1:colcon.colcon_core.package_identification:_identify(src/sbock/sbock_nav_position) by extension 'colcon_meta'
[0.340s] Level 1:colcon.colcon_core.package_identification:_identify(src/sbock/sbock_nav_position) by extensions ['ros']
[0.340s] Level 1:colcon.colcon_core.package_identification:_identify(src/sbock/sbock_nav_position) by extension 'ros'
[0.342s] DEBUG:colcon.colcon_core.package_identification:Package 'src/sbock/sbock_nav_position' with type 'ros.ament_python' and name 'sbock_nav_position'
[0.342s] Level 1:colcon.colcon_core.package_identification:_identify(src/sbock/sbock_nav_route) by extensions ['ignore', 'ignore_ament_install']
[0.342s] Level 1:colcon.colcon_core.package_identification:_identify(src/sbock/sbock_nav_route) by extension 'ignore'
[0.342s] Level 1:colcon.colcon_core.package_identification:_identify(src/sbock/sbock_nav_route) by extension 'ignore_ament_install'
[0.342s] Level 1:colcon.colcon_core.package_identification:_identify(src/sbock/sbock_nav_route) by extensions ['colcon_pkg']
[0.342s] Level 1:colcon.colcon_core.package_identification:_identify(src/sbock/sbock_nav_route) by extension 'colcon_pkg'
[0.342s] Level 1:colcon.colcon_core.package_identification:_identify(src/sbock/sbock_nav_route) by extensions ['colcon_meta']
[0.343s] Level 1:colcon.colcon_core.package_identification:_identify(src/sbock/sbock_nav_route) by extension 'colcon_meta'
[0.343s] Level 1:colcon.colcon_core.package_identification:_identify(src/sbock/sbock_nav_route) by extensions ['ros']
[0.343s] Level 1:colcon.colcon_core.package_identification:_identify(src/sbock/sbock_nav_route) by extension 'ros'
[0.345s] DEBUG:colcon.colcon_core.package_identification:Package 'src/sbock/sbock_nav_route' with type 'ros.ament_python' and name 'sbock_nav_route'
[0.345s] Level 1:colcon.colcon_core.package_identification:_identify(src/sbock/sbock_position_publisher) by extensions ['ignore', 'ignore_ament_install']
[0.345s] Level 1:colcon.colcon_core.package_identification:_identify(src/sbock/sbock_position_publisher) by extension 'ignore'
[0.345s] Level 1:colcon.colcon_core.package_identification:_identify(src/sbock/sbock_position_publisher) by extension 'ignore_ament_install'
[0.345s] Level 1:colcon.colcon_core.package_identification:_identify(src/sbock/sbock_position_publisher) by extensions ['colcon_pkg']
[0.345s] Level 1:colcon.colcon_core.package_identification:_identify(src/sbock/sbock_position_publisher) by extension 'colcon_pkg'
[0.345s] Level 1:colcon.colcon_core.package_identification:_identify(src/sbock/sbock_position_publisher) by extensions ['colcon_meta']
[0.346s] Level 1:colcon.colcon_core.package_identification:_identify(src/sbock/sbock_position_publisher) by extension 'colcon_meta'
[0.346s] Level 1:colcon.colcon_core.package_identification:_identify(src/sbock/sbock_position_publisher) by extensions ['ros']
[0.346s] Level 1:colcon.colcon_core.package_identification:_identify(src/sbock/sbock_position_publisher) by extension 'ros'
[0.347s] DEBUG:colcon.colcon_core.package_identification:Package 'src/sbock/sbock_position_publisher' with type 'ros.ament_python' and name 'sbock_position_publisher'
[0.348s] Level 1:colcon.colcon_core.package_identification:_identify(src/sbock/sbock_robot_position_subscriber) by extensions ['ignore', 'ignore_ament_install']
[0.348s] Level 1:colcon.colcon_core.package_identification:_identify(src/sbock/sbock_robot_position_subscriber) by extension 'ignore'
[0.348s] Level 1:colcon.colcon_core.package_identification:_identify(src/sbock/sbock_robot_position_subscriber) by extension 'ignore_ament_install'
[0.348s] Level 1:colcon.colcon_core.package_identification:_identify(src/sbock/sbock_robot_position_subscriber) by extensions ['colcon_pkg']
[0.348s] Level 1:colcon.colcon_core.package_identification:_identify(src/sbock/sbock_robot_position_subscriber) by extension 'colcon_pkg'
[0.348s] Level 1:colcon.colcon_core.package_identification:_identify(src/sbock/sbock_robot_position_subscriber) by extensions ['colcon_meta']
[0.348s] Level 1:colcon.colcon_core.package_identification:_identify(src/sbock/sbock_robot_position_subscriber) by extension 'colcon_meta'
[0.348s] Level 1:colcon.colcon_core.package_identification:_identify(src/sbock/sbock_robot_position_subscriber) by extensions ['ros']
[0.348s] Level 1:colcon.colcon_core.package_identification:_identify(src/sbock/sbock_robot_position_subscriber) by extension 'ros'
[0.350s] DEBUG:colcon.colcon_core.package_identification:Package 'src/sbock/sbock_robot_position_subscriber' with type 'ros.ament_python' and name 'sbock_robot_position_subscriber'
[0.350s] Level 1:colcon.colcon_core.package_identification:_identify(src/turtlebot3_simulations) by extensions ['ignore', 'ignore_ament_install']
[0.350s] Level 1:colcon.colcon_core.package_identification:_identify(src/turtlebot3_simulations) by extension 'ignore'
[0.351s] Level 1:colcon.colcon_core.package_identification:_identify(src/turtlebot3_simulations) by extension 'ignore_ament_install'
[0.351s] Level 1:colcon.colcon_core.package_identification:_identify(src/turtlebot3_simulations) by extensions ['colcon_pkg']
[0.351s] Level 1:colcon.colcon_core.package_identification:_identify(src/turtlebot3_simulations) by extension 'colcon_pkg'
[0.351s] Level 1:colcon.colcon_core.package_identification:_identify(src/turtlebot3_simulations) by extensions ['colcon_meta']
[0.351s] Level 1:colcon.colcon_core.package_identification:_identify(src/turtlebot3_simulations) by extension 'colcon_meta'
[0.351s] Level 1:colcon.colcon_core.package_identification:_identify(src/turtlebot3_simulations) by extensions ['ros']
[0.351s] Level 1:colcon.colcon_core.package_identification:_identify(src/turtlebot3_simulations) by extension 'ros'
[0.351s] Level 1:colcon.colcon_core.package_identification:_identify(src/turtlebot3_simulations) by extensions ['cmake', 'python']
[0.351s] Level 1:colcon.colcon_core.package_identification:_identify(src/turtlebot3_simulations) by extension 'cmake'
[0.351s] Level 1:colcon.colcon_core.package_identification:_identify(src/turtlebot3_simulations) by extension 'python'
[0.351s] Level 1:colcon.colcon_core.package_identification:_identify(src/turtlebot3_simulations) by extensions ['python_setup_py']
[0.351s] Level 1:colcon.colcon_core.package_identification:_identify(src/turtlebot3_simulations) by extension 'python_setup_py'
[0.352s] Level 1:colcon.colcon_core.package_identification:_identify(src/turtlebot3_simulations/turtlebot3_fake_node) by extensions ['ignore', 'ignore_ament_install']
[0.352s] Level 1:colcon.colcon_core.package_identification:_identify(src/turtlebot3_simulations/turtlebot3_fake_node) by extension 'ignore'
[0.352s] Level 1:colcon.colcon_core.package_identification:_identify(src/turtlebot3_simulations/turtlebot3_fake_node) by extension 'ignore_ament_install'
[0.352s] Level 1:colcon.colcon_core.package_identification:_identify(src/turtlebot3_simulations/turtlebot3_fake_node) by extensions ['colcon_pkg']
[0.352s] Level 1:colcon.colcon_core.package_identification:_identify(src/turtlebot3_simulations/turtlebot3_fake_node) by extension 'colcon_pkg'
[0.352s] Level 1:colcon.colcon_core.package_identification:_identify(src/turtlebot3_simulations/turtlebot3_fake_node) by extensions ['colcon_meta']
[0.352s] Level 1:colcon.colcon_core.package_identification:_identify(src/turtlebot3_simulations/turtlebot3_fake_node) by extension 'colcon_meta'
[0.352s] Level 1:colcon.colcon_core.package_identification:_identify(src/turtlebot3_simulations/turtlebot3_fake_node) by extensions ['ros']
[0.352s] Level 1:colcon.colcon_core.package_identification:_identify(src/turtlebot3_simulations/turtlebot3_fake_node) by extension 'ros'
[0.354s] DEBUG:colcon.colcon_core.package_identification:Package 'src/turtlebot3_simulations/turtlebot3_fake_node' with type 'ros.ament_cmake' and name 'turtlebot3_fake_node'
[0.355s] Level 1:colcon.colcon_core.package_identification:_identify(src/turtlebot3_simulations/turtlebot3_gazebo) by extensions ['ignore', 'ignore_ament_install']
[0.355s] Level 1:colcon.colcon_core.package_identification:_identify(src/turtlebot3_simulations/turtlebot3_gazebo) by extension 'ignore'
[0.355s] Level 1:colcon.colcon_core.package_identification:_identify(src/turtlebot3_simulations/turtlebot3_gazebo) by extension 'ignore_ament_install'
[0.355s] Level 1:colcon.colcon_core.package_identification:_identify(src/turtlebot3_simulations/turtlebot3_gazebo) by extensions ['colcon_pkg']
[0.355s] Level 1:colcon.colcon_core.package_identification:_identify(src/turtlebot3_simulations/turtlebot3_gazebo) by extension 'colcon_pkg'
[0.355s] Level 1:colcon.colcon_core.package_identification:_identify(src/turtlebot3_simulations/turtlebot3_gazebo) by extensions ['colcon_meta']
[0.355s] Level 1:colcon.colcon_core.package_identification:_identify(src/turtlebot3_simulations/turtlebot3_gazebo) by extension 'colcon_meta'
[0.355s] Level 1:colcon.colcon_core.package_identification:_identify(src/turtlebot3_simulations/turtlebot3_gazebo) by extensions ['ros']
[0.355s] Level 1:colcon.colcon_core.package_identification:_identify(src/turtlebot3_simulations/turtlebot3_gazebo) by extension 'ros'
[0.357s] DEBUG:colcon.colcon_core.package_identification:Package 'src/turtlebot3_simulations/turtlebot3_gazebo' with type 'ros.ament_cmake' and name 'turtlebot3_gazebo'
[0.358s] Level 1:colcon.colcon_core.package_identification:_identify(src/turtlebot3_simulations/turtlebot3_simulations) by extensions ['ignore', 'ignore_ament_install']
[0.358s] Level 1:colcon.colcon_core.package_identification:_identify(src/turtlebot3_simulations/turtlebot3_simulations) by extension 'ignore'
[0.358s] Level 1:colcon.colcon_core.package_identification:_identify(src/turtlebot3_simulations/turtlebot3_simulations) by extension 'ignore_ament_install'
[0.358s] Level 1:colcon.colcon_core.package_identification:_identify(src/turtlebot3_simulations/turtlebot3_simulations) by extensions ['colcon_pkg']
[0.358s] Level 1:colcon.colcon_core.package_identification:_identify(src/turtlebot3_simulations/turtlebot3_simulations) by extension 'colcon_pkg'
[0.358s] Level 1:colcon.colcon_core.package_identification:_identify(src/turtlebot3_simulations/turtlebot3_simulations) by extensions ['colcon_meta']
[0.358s] Level 1:colcon.colcon_core.package_identification:_identify(src/turtlebot3_simulations/turtlebot3_simulations) by extension 'colcon_meta'
[0.358s] Level 1:colcon.colcon_core.package_identification:_identify(src/turtlebot3_simulations/turtlebot3_simulations) by extensions ['ros']
[0.358s] Level 1:colcon.colcon_core.package_identification:_identify(src/turtlebot3_simulations/turtlebot3_simulations) by extension 'ros'
[0.359s] DEBUG:colcon.colcon_core.package_identification:Package 'src/turtlebot3_simulations/turtlebot3_simulations' with type 'ros.ament_cmake' and name 'turtlebot3_simulations'
[0.360s] Level 1:colcon.colcon_core.package_discovery:discover_packages(recursive) using defaults
[0.360s] Level 1:colcon.colcon_core.package_discovery:discover_packages(ignore) discover
[0.360s] Level 1:colcon.colcon_core.package_discovery:discover_packages(ignore) using defaults
[0.360s] Level 1:colcon.colcon_core.package_discovery:discover_packages(path) discover
[0.360s] Level 1:colcon.colcon_core.package_discovery:discover_packages(path) using defaults
[0.396s] INFO:colcon.colcon_core.package_selection:Skipping not selected package 'my_world' in 'src/sbock/my_world'
[0.396s] INFO:colcon.colcon_core.package_selection:Skipping not selected package 'provide_map' in 'src/sbock/provide_map'
[0.396s] INFO:colcon.colcon_core.package_selection:Skipping not selected package 'sbock_nav_route' in 'src/sbock/sbock_nav_route'
[0.396s] INFO:colcon.colcon_core.package_selection:Skipping not selected package 'sbock_position_publisher' in 'src/sbock/sbock_position_publisher'
[0.396s] INFO:colcon.colcon_core.package_selection:Skipping not selected package 'sbock_robot_position_subscriber' in 'src/sbock/sbock_robot_position_subscriber'
[0.396s] INFO:colcon.colcon_core.package_selection:Skipping not selected package 'turtlebot3_fake_node' in 'src/turtlebot3_simulations/turtlebot3_fake_node'
[0.396s] INFO:colcon.colcon_core.package_selection:Skipping not selected package 'turtlebot3_gazebo' in 'src/turtlebot3_simulations/turtlebot3_gazebo'
[0.396s] INFO:colcon.colcon_core.package_selection:Skipping not selected package 'sbock' in 'src/sbock/sbock'
[0.396s] INFO:colcon.colcon_core.package_selection:Skipping not selected package 'turtlebot3_simulations' in 'src/turtlebot3_simulations/turtlebot3_simulations'
[0.397s] Level 5:colcon.colcon_core.verb:set package 'sbock_nav_position' build argument 'cmake_args' from command line to 'None'
[0.398s] Level 5:colcon.colcon_core.verb:set package 'sbock_nav_position' build argument 'cmake_target' from command line to 'None'
[0.398s] Level 5:colcon.colcon_core.verb:set package 'sbock_nav_position' build argument 'cmake_target_skip_unavailable' from command line to 'False'
[0.398s] Level 5:colcon.colcon_core.verb:set package 'sbock_nav_position' build argument 'cmake_clean_cache' from command line to 'False'
[0.398s] Level 5:colcon.colcon_core.verb:set package 'sbock_nav_position' build argument 'cmake_clean_first' from command line to 'False'
[0.398s] Level 5:colcon.colcon_core.verb:set package 'sbock_nav_position' build argument 'cmake_force_configure' from command line to 'False'
[0.398s] Level 5:colcon.colcon_core.verb:set package 'sbock_nav_position' build argument 'ament_cmake_args' from command line to 'None'
[0.398s] Level 5:colcon.colcon_core.verb:set package 'sbock_nav_position' build argument 'catkin_cmake_args' from command line to 'None'
[0.398s] Level 5:colcon.colcon_core.verb:set package 'sbock_nav_position' build argument 'catkin_skip_building_tests' from command line to 'False'
[0.398s] DEBUG:colcon.colcon_core.verb:Building package 'sbock_nav_position' with the following arguments: {'ament_cmake_args': None, 'build_base': '/home/natxo/GTI-3B-SBOCK/turtlebot3_ws/build/sbock_nav_position', 'catkin_cmake_args': None, 'catkin_skip_building_tests': False, 'cmake_args': None, 'cmake_clean_cache': False, 'cmake_clean_first': False, 'cmake_force_configure': False, 'cmake_target': None, 'cmake_target_skip_unavailable': False, 'install_base': '/home/natxo/GTI-3B-SBOCK/turtlebot3_ws/install/sbock_nav_position', 'merge_install': False, 'path': '/home/natxo/GTI-3B-SBOCK/turtlebot3_ws/src/sbock/sbock_nav_position', 'symlink_install': False, 'test_result_base': None}
[0.408s] WARNING:colcon.colcon_core.verb:Some selected packages are already built in one or more underlay workspaces:
	'sbock_nav_position' is in: /home/natxo/GTI-3B-SBOCK/turtlebot3_ws/install/sbock_nav_position
If a package in a merged underlay workspace is overridden and it installs headers, then all packages in the overlay must sort their include directories by workspace order. Failure to do so may result in build failures or undefined behavior at run time.
If the overridden package is used by another package in any underlay, then the overriding package in the overlay must be API and ABI compatible or undefined behavior at run time may occur.

If you understand the risks and want to override a package anyways, add the following to the command line:
	--allow-overriding sbock_nav_position

This may be promoted to an error in a future release of colcon-core.
[0.409s] INFO:colcon.colcon_core.executor:Executing jobs using 'parallel' executor
[0.413s] DEBUG:colcon.colcon_parallel_executor.executor.parallel:run_until_complete
[0.413s] INFO:colcon.colcon_ros.task.ament_python.build:Building ROS package in '/home/natxo/GTI-3B-SBOCK/turtlebot3_ws/src/sbock/sbock_nav_position' with build type 'ament_python'
[0.413s] Level 1:colcon.colcon_core.shell:create_environment_hook('sbock_nav_position', 'ament_prefix_path')
[0.421s] INFO:colcon.colcon_core.plugin_system:Skipping extension 'colcon_core.shell.bat': Not used on non-Windows systems
[0.421s] INFO:colcon.colcon_core.shell:Creating environment hook '/home/natxo/GTI-3B-SBOCK/turtlebot3_ws/install/sbock_nav_position/share/sbock_nav_position/hook/ament_prefix_path.ps1'
[0.422s] INFO:colcon.colcon_core.shell:Creating environment descriptor '/home/natxo/GTI-3B-SBOCK/turtlebot3_ws/install/sbock_nav_position/share/sbock_nav_position/hook/ament_prefix_path.dsv'
[0.423s] INFO:colcon.colcon_core.shell:Creating environment hook '/home/natxo/GTI-3B-SBOCK/turtlebot3_ws/install/sbock_nav_position/share/sbock_nav_position/hook/ament_prefix_path.sh'
[0.433s] INFO:colcon.colcon_core.shell:Skip shell extension 'powershell' for command environment: Not usable outside of PowerShell
[0.433s] DEBUG:colcon.colcon_core.shell:Skip shell extension 'dsv' for command environment
[0.913s] INFO:colcon.colcon_core.task.python.build:Building Python package in '/home/natxo/GTI-3B-SBOCK/turtlebot3_ws/src/sbock/sbock_nav_position'
[0.914s] INFO:colcon.colcon_core.shell:Skip shell extension 'powershell' for command environment: Not usable outside of PowerShell
[0.914s] DEBUG:colcon.colcon_core.shell:Skip shell extension 'dsv' for command environment
[1.642s] DEBUG:colcon.colcon_core.event_handler.log_command:Invoking command in '/home/natxo/GTI-3B-SBOCK/turtlebot3_ws/src/sbock/sbock_nav_position': PS1=(rosenv) \[\e]0;\u@\h: \w\a\]${debian_chroot:+($debian_chroot)}\[\033[01;32m\]\u@\h\[\033[00m\]:\[\033[01;34m\]\w\[\033[00m\]\$ PYTHONPATH=/home/natxo/GTI-3B-SBOCK/turtlebot3_ws/install/sbock_nav_position/lib/python3.8/site-packages:${PYTHONPATH} /usr/bin/python3 setup.py egg_info --egg-base ../../../build/sbock_nav_position build --build-base /home/natxo/GTI-3B-SBOCK/turtlebot3_ws/build/sbock_nav_position/build install --prefix /home/natxo/GTI-3B-SBOCK/turtlebot3_ws/install/sbock_nav_position --record /home/natxo/GTI-3B-SBOCK/turtlebot3_ws/build/sbock_nav_position/install.log --single-version-externally-managed
[2.196s] DEBUG:colcon.colcon_core.event_handler.log_command:Invoked command in '/home/natxo/GTI-3B-SBOCK/turtlebot3_ws/src/sbock/sbock_nav_position' returned '0': PS1=(rosenv) \[\e]0;\u@\h: \w\a\]${debian_chroot:+($debian_chroot)}\[\033[01;32m\]\u@\h\[\033[00m\]:\[\033[01;34m\]\w\[\033[00m\]\$ PYTHONPATH=/home/natxo/GTI-3B-SBOCK/turtlebot3_ws/install/sbock_nav_position/lib/python3.8/site-packages:${PYTHONPATH} /usr/bin/python3 setup.py egg_info --egg-base ../../../build/sbock_nav_position build --build-base /home/natxo/GTI-3B-SBOCK/turtlebot3_ws/build/sbock_nav_position/build install --prefix /home/natxo/GTI-3B-SBOCK/turtlebot3_ws/install/sbock_nav_position --record /home/natxo/GTI-3B-SBOCK/turtlebot3_ws/build/sbock_nav_position/install.log --single-version-externally-managed
[2.202s] Level 1:colcon.colcon_core.environment:checking '/home/natxo/GTI-3B-SBOCK/turtlebot3_ws/install/sbock_nav_position' for CMake module files
[2.203s] Level 1:colcon.colcon_core.environment:checking '/home/natxo/GTI-3B-SBOCK/turtlebot3_ws/install/sbock_nav_position' for CMake config files
[2.205s] Level 1:colcon.colcon_core.environment:checking '/home/natxo/GTI-3B-SBOCK/turtlebot3_ws/install/sbock_nav_position/lib'
[2.205s] Level 1:colcon.colcon_core.environment:checking '/home/natxo/GTI-3B-SBOCK/turtlebot3_ws/install/sbock_nav_position/bin'
[2.205s] Level 1:colcon.colcon_core.environment:checking '/home/natxo/GTI-3B-SBOCK/turtlebot3_ws/install/sbock_nav_position/lib/pkgconfig/sbock_nav_position.pc'
[2.205s] Level 1:colcon.colcon_core.environment:checking '/home/natxo/GTI-3B-SBOCK/turtlebot3_ws/install/sbock_nav_position/lib/python3.8/site-packages'
[2.205s] Level 1:colcon.colcon_core.shell:create_environment_hook('sbock_nav_position', 'pythonpath')
[2.206s] INFO:colcon.colcon_core.shell:Creating environment hook '/home/natxo/GTI-3B-SBOCK/turtlebot3_ws/install/sbock_nav_position/share/sbock_nav_position/hook/pythonpath.ps1'
[2.207s] INFO:colcon.colcon_core.shell:Creating environment descriptor '/home/natxo/GTI-3B-SBOCK/turtlebot3_ws/install/sbock_nav_position/share/sbock_nav_position/hook/pythonpath.dsv'
[2.208s] INFO:colcon.colcon_core.shell:Creating environment hook '/home/natxo/GTI-3B-SBOCK/turtlebot3_ws/install/sbock_nav_position/share/sbock_nav_position/hook/pythonpath.sh'
[2.209s] Level 1:colcon.colcon_core.environment:create_environment_scripts_only(sbock_nav_position)
[2.210s] INFO:colcon.colcon_core.shell:Creating package script '/home/natxo/GTI-3B-SBOCK/turtlebot3_ws/install/sbock_nav_position/share/sbock_nav_position/package.ps1'
[2.211s] INFO:colcon.colcon_core.shell:Creating package descriptor '/home/natxo/GTI-3B-SBOCK/turtlebot3_ws/install/sbock_nav_position/share/sbock_nav_position/package.dsv'
[2.213s] INFO:colcon.colcon_core.shell:Creating package script '/home/natxo/GTI-3B-SBOCK/turtlebot3_ws/install/sbock_nav_position/share/sbock_nav_position/package.sh'
[2.214s] INFO:colcon.colcon_core.shell:Creating package script '/home/natxo/GTI-3B-SBOCK/turtlebot3_ws/install/sbock_nav_position/share/sbock_nav_position/package.bash'
[2.216s] INFO:colcon.colcon_core.shell:Creating package script '/home/natxo/GTI-3B-SBOCK/turtlebot3_ws/install/sbock_nav_position/share/sbock_nav_position/package.zsh'
[2.217s] Level 1:colcon.colcon_core.environment:create_file_with_runtime_dependencies(/home/natxo/GTI-3B-SBOCK/turtlebot3_ws/install/sbock_nav_position/share/colcon-core/packages/sbock_nav_position)
[2.218s] DEBUG:colcon.colcon_parallel_executor.executor.parallel:closing loop
[2.218s] DEBUG:colcon.colcon_parallel_executor.executor.parallel:loop closed
[2.219s] DEBUG:colcon.colcon_parallel_executor.executor.parallel:run_until_complete finished with '0'
[2.219s] DEBUG:colcon.colcon_core.event_reactor:joining thread
[2.228s] INFO:colcon.colcon_core.plugin_system:Skipping extension 'colcon_notification.desktop_notification.terminal_notifier': Not used on non-Darwin systems
[2.228s] INFO:colcon.colcon_core.plugin_system:Skipping extension 'colcon_notification.desktop_notification.win32': Not used on non-Windows systems
[2.228s] INFO:colcon.colcon_notification.desktop_notification:Sending desktop notification using 'notify2'
[2.276s] DEBUG:colcon.colcon_core.event_reactor:joined thread
[2.278s] INFO:colcon.colcon_core.shell:Creating prefix script '/home/natxo/GTI-3B-SBOCK/turtlebot3_ws/install/local_setup.ps1'
[2.280s] INFO:colcon.colcon_core.shell:Creating prefix util module '/home/natxo/GTI-3B-SBOCK/turtlebot3_ws/install/_local_setup_util_ps1.py'
[2.284s] INFO:colcon.colcon_core.shell:Creating prefix chain script '/home/natxo/GTI-3B-SBOCK/turtlebot3_ws/install/setup.ps1'
[2.292s] INFO:colcon.colcon_core.shell:Creating prefix script '/home/natxo/GTI-3B-SBOCK/turtlebot3_ws/install/local_setup.sh'
[2.297s] INFO:colcon.colcon_core.shell:Creating prefix util module '/home/natxo/GTI-3B-SBOCK/turtlebot3_ws/install/_local_setup_util_sh.py'
[2.299s] INFO:colcon.colcon_core.shell:Creating prefix chain script '/home/natxo/GTI-3B-SBOCK/turtlebot3_ws/install/setup.sh'
[2.304s] INFO:colcon.colcon_core.shell:Creating prefix script '/home/natxo/GTI-3B-SBOCK/turtlebot3_ws/install/local_setup.bash'
[2.304s] INFO:colcon.colcon_core.shell:Creating prefix chain script '/home/natxo/GTI-3B-SBOCK/turtlebot3_ws/install/setup.bash'
[2.308s] INFO:colcon.colcon_core.shell:Creating prefix script '/home/natxo/GTI-3B-SBOCK/turtlebot3_ws/install/local_setup.zsh'
[2.309s] INFO:colcon.colcon_core.shell:Creating prefix chain script '/home/natxo/GTI-3B-SBOCK/turtlebot3_ws/install/setup.zsh'
