[1.741s] Invoking command in '/home/natxo/GTI-3B-SBOCK/turtlebot3_ws/src/my_first_publisher': PS1=(rosenv) \[\e]0;\u@\h: \w\a\]${debian_chroot:+($debian_chroot)}\[\033[01;32m\]\u@\h\[\033[00m\]:\[\033[01;34m\]\w\[\033[00m\]\$ PYTHONPATH=/home/natxo/GTI-3B-SBOCK/turtlebot3_ws/install/my_first_publisher/lib/python3.8/site-packages:${PYTHONPATH} /usr/bin/python3 setup.py egg_info --egg-base ../../build/my_first_publisher build --build-base /home/natxo/GTI-3B-SBOCK/turtlebot3_ws/build/my_first_publisher/build install --prefix /home/natxo/GTI-3B-SBOCK/turtlebot3_ws/install/my_first_publisher --record /home/natxo/GTI-3B-SBOCK/turtlebot3_ws/build/my_first_publisher/install.log --single-version-externally-managed
[2.144s] running egg_info
[2.145s] creating ../../build/my_first_publisher/my_first_publisher.egg-info
[2.145s] writing ../../build/my_first_publisher/my_first_publisher.egg-info/PKG-INFO
[2.146s] writing dependency_links to ../../build/my_first_publisher/my_first_publisher.egg-info/dependency_links.txt
[2.147s] writing entry points to ../../build/my_first_publisher/my_first_publisher.egg-info/entry_points.txt
[2.147s] writing requirements to ../../build/my_first_publisher/my_first_publisher.egg-info/requires.txt
[2.148s] writing top-level names to ../../build/my_first_publisher/my_first_publisher.egg-info/top_level.txt
[2.151s] writing manifest file '../../build/my_first_publisher/my_first_publisher.egg-info/SOURCES.txt'
[2.233s] reading manifest file '../../build/my_first_publisher/my_first_publisher.egg-info/SOURCES.txt'
[2.234s] writing manifest file '../../build/my_first_publisher/my_first_publisher.egg-info/SOURCES.txt'
[2.235s] running build
[2.235s] running build_py
[2.236s] creating /home/natxo/GTI-3B-SBOCK/turtlebot3_ws/build/my_first_publisher/build
[2.237s] creating /home/natxo/GTI-3B-SBOCK/turtlebot3_ws/build/my_first_publisher/build/lib
[2.241s] creating /home/natxo/GTI-3B-SBOCK/turtlebot3_ws/build/my_first_publisher/build/lib/my_first_publisher
[2.241s] copying my_first_publisher/__init__.py -> /home/natxo/GTI-3B-SBOCK/turtlebot3_ws/build/my_first_publisher/build/lib/my_first_publisher
[2.251s] copying my_first_publisher/simple_publisher.py -> /home/natxo/GTI-3B-SBOCK/turtlebot3_ws/build/my_first_publisher/build/lib/my_first_publisher
[2.251s] running install
[2.251s] running install_lib
[2.251s] creating /home/natxo/GTI-3B-SBOCK/turtlebot3_ws/install/my_first_publisher/lib/python3.8/site-packages/my_first_publisher
[2.251s] copying /home/natxo/GTI-3B-SBOCK/turtlebot3_ws/build/my_first_publisher/build/lib/my_first_publisher/__init__.py -> /home/natxo/GTI-3B-SBOCK/turtlebot3_ws/install/my_first_publisher/lib/python3.8/site-packages/my_first_publisher
[2.252s] copying /home/natxo/GTI-3B-SBOCK/turtlebot3_ws/build/my_first_publisher/build/lib/my_first_publisher/simple_publisher.py -> /home/natxo/GTI-3B-SBOCK/turtlebot3_ws/install/my_first_publisher/lib/python3.8/site-packages/my_first_publisher
[2.252s] byte-compiling /home/natxo/GTI-3B-SBOCK/turtlebot3_ws/install/my_first_publisher/lib/python3.8/site-packages/my_first_publisher/__init__.py to __init__.cpython-38.pyc
[2.254s] byte-compiling /home/natxo/GTI-3B-SBOCK/turtlebot3_ws/install/my_first_publisher/lib/python3.8/site-packages/my_first_publisher/simple_publisher.py to simple_publisher.cpython-38.pyc
[2.254s] running install_data
[2.259s] creating /home/natxo/GTI-3B-SBOCK/turtlebot3_ws/install/my_first_publisher/share/ament_index
[2.259s] creating /home/natxo/GTI-3B-SBOCK/turtlebot3_ws/install/my_first_publisher/share/ament_index/resource_index
[2.259s] creating /home/natxo/GTI-3B-SBOCK/turtlebot3_ws/install/my_first_publisher/share/ament_index/resource_index/packages
[2.259s] copying resource/my_first_publisher -> /home/natxo/GTI-3B-SBOCK/turtlebot3_ws/install/my_first_publisher/share/ament_index/resource_index/packages
[2.260s] copying package.xml -> /home/natxo/GTI-3B-SBOCK/turtlebot3_ws/install/my_first_publisher/share/my_first_publisher
[2.260s] copying launch/my_first_publisher.launch.py -> /home/natxo/GTI-3B-SBOCK/turtlebot3_ws/install/my_first_publisher/share/my_first_publisher
[2.260s] running install_egg_info
[2.269s] Copying ../../build/my_first_publisher/my_first_publisher.egg-info to /home/natxo/GTI-3B-SBOCK/turtlebot3_ws/install/my_first_publisher/lib/python3.8/site-packages/my_first_publisher-0.0.0-py3.8.egg-info
[2.275s] running install_scripts
[2.315s] Installing simple_publisher script to /home/natxo/GTI-3B-SBOCK/turtlebot3_ws/install/my_first_publisher/lib/my_first_publisher
[2.316s] writing list of installed files to '/home/natxo/GTI-3B-SBOCK/turtlebot3_ws/build/my_first_publisher/install.log'
[2.356s] Invoked command in '/home/natxo/GTI-3B-SBOCK/turtlebot3_ws/src/my_first_publisher' returned '0': PS1=(rosenv) \[\e]0;\u@\h: \w\a\]${debian_chroot:+($debian_chroot)}\[\033[01;32m\]\u@\h\[\033[00m\]:\[\033[01;34m\]\w\[\033[00m\]\$ PYTHONPATH=/home/natxo/GTI-3B-SBOCK/turtlebot3_ws/install/my_first_publisher/lib/python3.8/site-packages:${PYTHONPATH} /usr/bin/python3 setup.py egg_info --egg-base ../../build/my_first_publisher build --build-base /home/natxo/GTI-3B-SBOCK/turtlebot3_ws/build/my_first_publisher/build install --prefix /home/natxo/GTI-3B-SBOCK/turtlebot3_ws/install/my_first_publisher --record /home/natxo/GTI-3B-SBOCK/turtlebot3_ws/build/my_first_publisher/install.log --single-version-externally-managed
