-- The C compiler identification is GNU 9.4.0
-- The CXX compiler identification is GNU 9.4.0
-- Check for working C compiler: /usr/bin/cc
-- Check for working C compiler: /usr/bin/cc -- works
-- Detecting C compiler ABI info
-- Detecting C compiler ABI info - done
-- Detecting C compile features
-- Detecting C compile features - done
-- Check for working CXX compiler: /usr/bin/c++
-- Check for working CXX compiler: /usr/bin/c++ -- works
-- Detecting CXX compiler ABI info
-- Detecting CXX compiler ABI info - done
-- Detecting CXX compile features
-- Detecting CXX compile features - done
-- Found ament_cmake: 0.9.9 (/opt/ros/foxy/share/ament_cmake/cmake)
-- Found PythonInterp: /usr/bin/python3 (found suitable version "3.8.10", minimum required is "3") 
-- Using PYTHON_EXECUTABLE: /usr/bin/python3
-- Configuring done
-- Generating done
-- Build files have been written to: /home/ausiasbm/GTI-3B-SBOCK/turtlebot3_ws/build/sbock
-- Install configuration: ""
-- Installing: /home/ausiasbm/GTI-3B-SBOCK/turtlebot3_ws/install/sbock/share/ament_index/resource_index/package_run_dependencies/sbock
-- Installing: /home/ausiasbm/GTI-3B-SBOCK/turtlebot3_ws/install/sbock/share/ament_index/resource_index/parent_prefix_path/sbock
-- Installing: /home/ausiasbm/GTI-3B-SBOCK/turtlebot3_ws/install/sbock/share/sbock/environment/ament_prefix_path.sh
-- Installing: /home/ausiasbm/GTI-3B-SBOCK/turtlebot3_ws/install/sbock/share/sbock/environment/ament_prefix_path.dsv
-- Installing: /home/ausiasbm/GTI-3B-SBOCK/turtlebot3_ws/install/sbock/share/sbock/environment/path.sh
-- Installing: /home/ausiasbm/GTI-3B-SBOCK/turtlebot3_ws/install/sbock/share/sbock/environment/path.dsv
-- Installing: /home/ausiasbm/GTI-3B-SBOCK/turtlebot3_ws/install/sbock/share/sbock/local_setup.bash
-- Installing: /home/ausiasbm/GTI-3B-SBOCK/turtlebot3_ws/install/sbock/share/sbock/local_setup.sh
-- Installing: /home/ausiasbm/GTI-3B-SBOCK/turtlebot3_ws/install/sbock/share/sbock/local_setup.zsh
-- Installing: /home/ausiasbm/GTI-3B-SBOCK/turtlebot3_ws/install/sbock/share/sbock/local_setup.dsv
-- Installing: /home/ausiasbm/GTI-3B-SBOCK/turtlebot3_ws/install/sbock/share/sbock/package.dsv
-- Installing: /home/ausiasbm/GTI-3B-SBOCK/turtlebot3_ws/install/sbock/share/ament_index/resource_index/packages/sbock
-- Installing: /home/ausiasbm/GTI-3B-SBOCK/turtlebot3_ws/install/sbock/share/sbock/cmake/sbockConfig.cmake
-- Installing: /home/ausiasbm/GTI-3B-SBOCK/turtlebot3_ws/install/sbock/share/sbock/cmake/sbockConfig-version.cmake
-- Installing: /home/ausiasbm/GTI-3B-SBOCK/turtlebot3_ws/install/sbock/share/sbock/package.xml
