[0.992s] Invoking command in '/home/aibes/GTI-3B-SBOCK/turtlebot3_ws/src/sbock_nav2_system': PS1=(rosenv) \[\e]0;\u@\h: \w\a\]${debian_chroot:+($debian_chroot)}\[\033[01;32m\]\u@\h\[\033[00m\]:\[\033[01;34m\]\w\[\033[00m\]\$ PYTHONPATH=/home/aibes/GTI-3B-SBOCK/turtlebot3_ws/install/sbock_nav2_system/lib/python3.8/site-packages:${PYTHONPATH} /usr/bin/python3 setup.py egg_info --egg-base ../../build/sbock_nav2_system build --build-base /home/aibes/GTI-3B-SBOCK/turtlebot3_ws/build/sbock_nav2_system/build install --prefix /home/aibes/GTI-3B-SBOCK/turtlebot3_ws/install/sbock_nav2_system --record /home/aibes/GTI-3B-SBOCK/turtlebot3_ws/build/sbock_nav2_system/install.log --single-version-externally-managed
[1.312s] running egg_info
[1.313s] writing ../../build/sbock_nav2_system/sbock_nav2_system.egg-info/PKG-INFO
[1.313s] writing dependency_links to ../../build/sbock_nav2_system/sbock_nav2_system.egg-info/dependency_links.txt
[1.313s] writing entry points to ../../build/sbock_nav2_system/sbock_nav2_system.egg-info/entry_points.txt
[1.314s] writing requirements to ../../build/sbock_nav2_system/sbock_nav2_system.egg-info/requires.txt
[1.314s] writing top-level names to ../../build/sbock_nav2_system/sbock_nav2_system.egg-info/top_level.txt
[1.378s] reading manifest file '../../build/sbock_nav2_system/sbock_nav2_system.egg-info/SOURCES.txt'
[1.380s] writing manifest file '../../build/sbock_nav2_system/sbock_nav2_system.egg-info/SOURCES.txt'
[1.380s] running build
[1.380s] running build_py
[1.380s] running install
[1.381s] running install_lib
[1.383s] running install_data
[1.384s] running install_egg_info
[1.386s] removing '/home/aibes/GTI-3B-SBOCK/turtlebot3_ws/install/sbock_nav2_system/lib/python3.8/site-packages/sbock_nav2_system-0.0.0-py3.8.egg-info' (and everything under it)
[1.387s] Copying ../../build/sbock_nav2_system/sbock_nav2_system.egg-info to /home/aibes/GTI-3B-SBOCK/turtlebot3_ws/install/sbock_nav2_system/lib/python3.8/site-packages/sbock_nav2_system-0.0.0-py3.8.egg-info
[1.388s] running install_scripts
[1.414s] Installing go_to_pose script to /home/aibes/GTI-3B-SBOCK/turtlebot3_ws/install/sbock_nav2_system/lib/sbock_nav2_system
[1.414s] Installing initial_pose_pub script to /home/aibes/GTI-3B-SBOCK/turtlebot3_ws/install/sbock_nav2_system/lib/sbock_nav2_system
[1.414s] Installing load_map script to /home/aibes/GTI-3B-SBOCK/turtlebot3_ws/install/sbock_nav2_system/lib/sbock_nav2_system
[1.414s] Installing nav_to_pose script to /home/aibes/GTI-3B-SBOCK/turtlebot3_ws/install/sbock_nav2_system/lib/sbock_nav2_system
[1.415s] writing list of installed files to '/home/aibes/GTI-3B-SBOCK/turtlebot3_ws/build/sbock_nav2_system/install.log'
[1.443s] Invoked command in '/home/aibes/GTI-3B-SBOCK/turtlebot3_ws/src/sbock_nav2_system' returned '0': PS1=(rosenv) \[\e]0;\u@\h: \w\a\]${debian_chroot:+($debian_chroot)}\[\033[01;32m\]\u@\h\[\033[00m\]:\[\033[01;34m\]\w\[\033[00m\]\$ PYTHONPATH=/home/aibes/GTI-3B-SBOCK/turtlebot3_ws/install/sbock_nav2_system/lib/python3.8/site-packages:${PYTHONPATH} /usr/bin/python3 setup.py egg_info --egg-base ../../build/sbock_nav2_system build --build-base /home/aibes/GTI-3B-SBOCK/turtlebot3_ws/build/sbock_nav2_system/build install --prefix /home/aibes/GTI-3B-SBOCK/turtlebot3_ws/install/sbock_nav2_system --record /home/aibes/GTI-3B-SBOCK/turtlebot3_ws/build/sbock_nav2_system/install.log --single-version-externally-managed
