running egg_info
writing ../../../build/sbock_nav_position/sbock_nav_position.egg-info/PKG-INFO
writing dependency_links to ../../../build/sbock_nav_position/sbock_nav_position.egg-info/dependency_links.txt
writing entry points to ../../../build/sbock_nav_position/sbock_nav_position.egg-info/entry_points.txt
writing requirements to ../../../build/sbock_nav_position/sbock_nav_position.egg-info/requires.txt
writing top-level names to ../../../build/sbock_nav_position/sbock_nav_position.egg-info/top_level.txt
reading manifest file '../../../build/sbock_nav_position/sbock_nav_position.egg-info/SOURCES.txt'
writing manifest file '../../../build/sbock_nav_position/sbock_nav_position.egg-info/SOURCES.txt'
running build
running build_py
running install
running install_lib
running install_data
copying launch/sbock_tb3_sim_nav2.launch.py -> /home/natxo/GTI-3B-SBOCK/turtlebot3_ws/install/sbock_nav_position/share/sbock_nav_position/launch
copying config/mapa_supermercado_real.yaml -> /home/natxo/GTI-3B-SBOCK/turtlebot3_ws/install/sbock_nav_position/share/sbock_nav_position/config
copying config/nav2_params.yaml -> /home/natxo/GTI-3B-SBOCK/turtlebot3_ws/install/sbock_nav_position/share/sbock_nav_position/config
copying config/mapa_real.yaml -> /home/natxo/GTI-3B-SBOCK/turtlebot3_ws/install/sbock_nav_position/share/sbock_nav_position/config
copying config/mapa_supermercado_real.pgm -> /home/natxo/GTI-3B-SBOCK/turtlebot3_ws/install/sbock_nav_position/share/sbock_nav_position/config
copying config/mapa_real.pgm -> /home/natxo/GTI-3B-SBOCK/turtlebot3_ws/install/sbock_nav_position/share/sbock_nav_position/config
running install_egg_info
removing '/home/natxo/GTI-3B-SBOCK/turtlebot3_ws/install/sbock_nav_position/lib/python3.8/site-packages/sbock_nav_position-0.0.0-py3.8.egg-info' (and everything under it)
Copying ../../../build/sbock_nav_position/sbock_nav_position.egg-info to /home/natxo/GTI-3B-SBOCK/turtlebot3_ws/install/sbock_nav_position/lib/python3.8/site-packages/sbock_nav_position-0.0.0-py3.8.egg-info
running install_scripts
Installing initial_pose_pub script to /home/natxo/GTI-3B-SBOCK/turtlebot3_ws/install/sbock_nav_position/lib/sbock_nav_position
Installing nav_to_pose script to /home/natxo/GTI-3B-SBOCK/turtlebot3_ws/install/sbock_nav_position/lib/sbock_nav_position
writing list of installed files to '/home/natxo/GTI-3B-SBOCK/turtlebot3_ws/build/sbock_nav_position/install.log'
