[1.490s] Invoking command in '/home/natxo/GTI-3B-SBOCK/turtlebot3_ws/src/sbock/sbock_nav_position': PS1=(rosenv) \[\e]0;\u@\h: \w\a\]${debian_chroot:+($debian_chroot)}\[\033[01;32m\]\u@\h\[\033[00m\]:\[\033[01;34m\]\w\[\033[00m\]\$ PYTHONPATH=/home/natxo/GTI-3B-SBOCK/turtlebot3_ws/install/sbock_nav_position/lib/python3.8/site-packages:${PYTHONPATH} /usr/bin/python3 setup.py egg_info --egg-base ../../../build/sbock_nav_position build --build-base /home/natxo/GTI-3B-SBOCK/turtlebot3_ws/build/sbock_nav_position/build install --prefix /home/natxo/GTI-3B-SBOCK/turtlebot3_ws/install/sbock_nav_position --record /home/natxo/GTI-3B-SBOCK/turtlebot3_ws/build/sbock_nav_position/install.log --single-version-externally-managed
[1.892s] running egg_info
[1.893s] writing ../../../build/sbock_nav_position/sbock_nav_position.egg-info/PKG-INFO
[1.898s] writing dependency_links to ../../../build/sbock_nav_position/sbock_nav_position.egg-info/dependency_links.txt
[1.898s] writing entry points to ../../../build/sbock_nav_position/sbock_nav_position.egg-info/entry_points.txt
[1.899s] writing requirements to ../../../build/sbock_nav_position/sbock_nav_position.egg-info/requires.txt
[1.899s] writing top-level names to ../../../build/sbock_nav_position/sbock_nav_position.egg-info/top_level.txt
[1.978s] reading manifest file '../../../build/sbock_nav_position/sbock_nav_position.egg-info/SOURCES.txt'
[1.986s] writing manifest file '../../../build/sbock_nav_position/sbock_nav_position.egg-info/SOURCES.txt'
[1.986s] running build
[1.986s] running build_py
[1.990s] running install
[1.992s] running install_lib
[1.997s] running install_data
[1.998s] copying launch/sbock_tb3_sim_nav2.launch.py -> /home/natxo/GTI-3B-SBOCK/turtlebot3_ws/install/sbock_nav_position/share/sbock_nav_position/launch
[1.999s] copying config/mapa_supermercado_real.yaml -> /home/natxo/GTI-3B-SBOCK/turtlebot3_ws/install/sbock_nav_position/share/sbock_nav_position/config
[2.000s] copying config/nav2_params.yaml -> /home/natxo/GTI-3B-SBOCK/turtlebot3_ws/install/sbock_nav_position/share/sbock_nav_position/config
[2.001s] copying config/mapa_real.yaml -> /home/natxo/GTI-3B-SBOCK/turtlebot3_ws/install/sbock_nav_position/share/sbock_nav_position/config
[2.001s] copying config/mapa_supermercado_real.pgm -> /home/natxo/GTI-3B-SBOCK/turtlebot3_ws/install/sbock_nav_position/share/sbock_nav_position/config
[2.001s] copying config/mapa_real.pgm -> /home/natxo/GTI-3B-SBOCK/turtlebot3_ws/install/sbock_nav_position/share/sbock_nav_position/config
[2.002s] running install_egg_info
[2.005s] removing '/home/natxo/GTI-3B-SBOCK/turtlebot3_ws/install/sbock_nav_position/lib/python3.8/site-packages/sbock_nav_position-0.0.0-py3.8.egg-info' (and everything under it)
[2.005s] Copying ../../../build/sbock_nav_position/sbock_nav_position.egg-info to /home/natxo/GTI-3B-SBOCK/turtlebot3_ws/install/sbock_nav_position/lib/python3.8/site-packages/sbock_nav_position-0.0.0-py3.8.egg-info
[2.007s] running install_scripts
[2.039s] Installing initial_pose_pub script to /home/natxo/GTI-3B-SBOCK/turtlebot3_ws/install/sbock_nav_position/lib/sbock_nav_position
[2.041s] Installing nav_to_pose script to /home/natxo/GTI-3B-SBOCK/turtlebot3_ws/install/sbock_nav_position/lib/sbock_nav_position
[2.042s] writing list of installed files to '/home/natxo/GTI-3B-SBOCK/turtlebot3_ws/build/sbock_nav_position/install.log'
[2.075s] Invoked command in '/home/natxo/GTI-3B-SBOCK/turtlebot3_ws/src/sbock/sbock_nav_position' returned '0': PS1=(rosenv) \[\e]0;\u@\h: \w\a\]${debian_chroot:+($debian_chroot)}\[\033[01;32m\]\u@\h\[\033[00m\]:\[\033[01;34m\]\w\[\033[00m\]\$ PYTHONPATH=/home/natxo/GTI-3B-SBOCK/turtlebot3_ws/install/sbock_nav_position/lib/python3.8/site-packages:${PYTHONPATH} /usr/bin/python3 setup.py egg_info --egg-base ../../../build/sbock_nav_position build --build-base /home/natxo/GTI-3B-SBOCK/turtlebot3_ws/build/sbock_nav_position/build install --prefix /home/natxo/GTI-3B-SBOCK/turtlebot3_ws/install/sbock_nav_position --record /home/natxo/GTI-3B-SBOCK/turtlebot3_ws/build/sbock_nav_position/install.log --single-version-externally-managed
