running egg_info
creating ../../../build/sbock_show_msg/sbock_show_msg.egg-info
writing ../../../build/sbock_show_msg/sbock_show_msg.egg-info/PKG-INFO
writing dependency_links to ../../../build/sbock_show_msg/sbock_show_msg.egg-info/dependency_links.txt
writing entry points to ../../../build/sbock_show_msg/sbock_show_msg.egg-info/entry_points.txt
writing requirements to ../../../build/sbock_show_msg/sbock_show_msg.egg-info/requires.txt
writing top-level names to ../../../build/sbock_show_msg/sbock_show_msg.egg-info/top_level.txt
writing manifest file '../../../build/sbock_show_msg/sbock_show_msg.egg-info/SOURCES.txt'
reading manifest file '../../../build/sbock_show_msg/sbock_show_msg.egg-info/SOURCES.txt'
writing manifest file '../../../build/sbock_show_msg/sbock_show_msg.egg-info/SOURCES.txt'
running build
running build_py
creating /home/ausiasbm/GTI-3B-SBOCK/turtlebot3_ws/build/sbock_show_msg/build
creating /home/ausiasbm/GTI-3B-SBOCK/turtlebot3_ws/build/sbock_show_msg/build/lib
creating /home/ausiasbm/GTI-3B-SBOCK/turtlebot3_ws/build/sbock_show_msg/build/lib/sbock_show_msg
copying sbock_show_msg/__init__.py -> /home/ausiasbm/GTI-3B-SBOCK/turtlebot3_ws/build/sbock_show_msg/build/lib/sbock_show_msg
copying sbock_show_msg/show_msg.py -> /home/ausiasbm/GTI-3B-SBOCK/turtlebot3_ws/build/sbock_show_msg/build/lib/sbock_show_msg
running install
running install_lib
creating /home/ausiasbm/GTI-3B-SBOCK/turtlebot3_ws/install/sbock_show_msg/lib/python3.8/site-packages/sbock_show_msg
copying /home/ausiasbm/GTI-3B-SBOCK/turtlebot3_ws/build/sbock_show_msg/build/lib/sbock_show_msg/__init__.py -> /home/ausiasbm/GTI-3B-SBOCK/turtlebot3_ws/install/sbock_show_msg/lib/python3.8/site-packages/sbock_show_msg
copying /home/ausiasbm/GTI-3B-SBOCK/turtlebot3_ws/build/sbock_show_msg/build/lib/sbock_show_msg/show_msg.py -> /home/ausiasbm/GTI-3B-SBOCK/turtlebot3_ws/install/sbock_show_msg/lib/python3.8/site-packages/sbock_show_msg
byte-compiling /home/ausiasbm/GTI-3B-SBOCK/turtlebot3_ws/install/sbock_show_msg/lib/python3.8/site-packages/sbock_show_msg/__init__.py to __init__.cpython-38.pyc
byte-compiling /home/ausiasbm/GTI-3B-SBOCK/turtlebot3_ws/install/sbock_show_msg/lib/python3.8/site-packages/sbock_show_msg/show_msg.py to show_msg.cpython-38.pyc
running install_data
creating /home/ausiasbm/GTI-3B-SBOCK/turtlebot3_ws/install/sbock_show_msg/share/ament_index
creating /home/ausiasbm/GTI-3B-SBOCK/turtlebot3_ws/install/sbock_show_msg/share/ament_index/resource_index
creating /home/ausiasbm/GTI-3B-SBOCK/turtlebot3_ws/install/sbock_show_msg/share/ament_index/resource_index/packages
copying resource/sbock_show_msg -> /home/ausiasbm/GTI-3B-SBOCK/turtlebot3_ws/install/sbock_show_msg/share/ament_index/resource_index/packages
copying package.xml -> /home/ausiasbm/GTI-3B-SBOCK/turtlebot3_ws/install/sbock_show_msg/share/sbock_show_msg
copying launch/show_msg.launch.py -> /home/ausiasbm/GTI-3B-SBOCK/turtlebot3_ws/install/sbock_show_msg/share/sbock_show_msg
running install_egg_info
Copying ../../../build/sbock_show_msg/sbock_show_msg.egg-info to /home/ausiasbm/GTI-3B-SBOCK/turtlebot3_ws/install/sbock_show_msg/lib/python3.8/site-packages/sbock_show_msg-0.0.0-py3.8.egg-info
running install_scripts
Installing show_msg script to /home/ausiasbm/GTI-3B-SBOCK/turtlebot3_ws/install/sbock_show_msg/lib/sbock_show_msg
writing list of installed files to '/home/ausiasbm/GTI-3B-SBOCK/turtlebot3_ws/build/sbock_show_msg/install.log'
