[0.402s] Invoking command in '/home/ausiasbm/GTI-3B-SBOCK/turtlebot3_ws/src/sbock/sbock_show_msg': PS1=\[\e]0;\u@\h: \w\a\]${debian_chroot:+($debian_chroot)}\[\033[01;32m\]\u@\h\[\033[00m\]:\[\033[01;34m\]\w\[\033[00m\]\$ PYTHONPATH=/home/ausiasbm/GTI-3B-SBOCK/turtlebot3_ws/install/sbock_show_msg/lib/python3.8/site-packages:${PYTHONPATH} /usr/bin/python3 setup.py egg_info --egg-base ../../../build/sbock_show_msg build --build-base /home/ausiasbm/GTI-3B-SBOCK/turtlebot3_ws/build/sbock_show_msg/build install --prefix /home/ausiasbm/GTI-3B-SBOCK/turtlebot3_ws/install/sbock_show_msg --record /home/ausiasbm/GTI-3B-SBOCK/turtlebot3_ws/build/sbock_show_msg/install.log --single-version-externally-managed
[0.528s] running egg_info
[0.528s] creating ../../../build/sbock_show_msg/sbock_show_msg.egg-info
[0.528s] writing ../../../build/sbock_show_msg/sbock_show_msg.egg-info/PKG-INFO
[0.528s] writing dependency_links to ../../../build/sbock_show_msg/sbock_show_msg.egg-info/dependency_links.txt
[0.528s] writing entry points to ../../../build/sbock_show_msg/sbock_show_msg.egg-info/entry_points.txt
[0.528s] writing requirements to ../../../build/sbock_show_msg/sbock_show_msg.egg-info/requires.txt
[0.528s] writing top-level names to ../../../build/sbock_show_msg/sbock_show_msg.egg-info/top_level.txt
[0.529s] writing manifest file '../../../build/sbock_show_msg/sbock_show_msg.egg-info/SOURCES.txt'
[0.548s] reading manifest file '../../../build/sbock_show_msg/sbock_show_msg.egg-info/SOURCES.txt'
[0.548s] writing manifest file '../../../build/sbock_show_msg/sbock_show_msg.egg-info/SOURCES.txt'
[0.548s] running build
[0.549s] running build_py
[0.549s] creating /home/ausiasbm/GTI-3B-SBOCK/turtlebot3_ws/build/sbock_show_msg/build
[0.549s] creating /home/ausiasbm/GTI-3B-SBOCK/turtlebot3_ws/build/sbock_show_msg/build/lib
[0.549s] creating /home/ausiasbm/GTI-3B-SBOCK/turtlebot3_ws/build/sbock_show_msg/build/lib/sbock_show_msg
[0.549s] copying sbock_show_msg/__init__.py -> /home/ausiasbm/GTI-3B-SBOCK/turtlebot3_ws/build/sbock_show_msg/build/lib/sbock_show_msg
[0.549s] copying sbock_show_msg/show_msg.py -> /home/ausiasbm/GTI-3B-SBOCK/turtlebot3_ws/build/sbock_show_msg/build/lib/sbock_show_msg
[0.549s] running install
[0.550s] running install_lib
[0.550s] creating /home/ausiasbm/GTI-3B-SBOCK/turtlebot3_ws/install/sbock_show_msg/lib/python3.8/site-packages/sbock_show_msg
[0.550s] copying /home/ausiasbm/GTI-3B-SBOCK/turtlebot3_ws/build/sbock_show_msg/build/lib/sbock_show_msg/__init__.py -> /home/ausiasbm/GTI-3B-SBOCK/turtlebot3_ws/install/sbock_show_msg/lib/python3.8/site-packages/sbock_show_msg
[0.550s] copying /home/ausiasbm/GTI-3B-SBOCK/turtlebot3_ws/build/sbock_show_msg/build/lib/sbock_show_msg/show_msg.py -> /home/ausiasbm/GTI-3B-SBOCK/turtlebot3_ws/install/sbock_show_msg/lib/python3.8/site-packages/sbock_show_msg
[0.561s] byte-compiling /home/ausiasbm/GTI-3B-SBOCK/turtlebot3_ws/install/sbock_show_msg/lib/python3.8/site-packages/sbock_show_msg/__init__.py to __init__.cpython-38.pyc
[0.561s] byte-compiling /home/ausiasbm/GTI-3B-SBOCK/turtlebot3_ws/install/sbock_show_msg/lib/python3.8/site-packages/sbock_show_msg/show_msg.py to show_msg.cpython-38.pyc
[0.561s] running install_data
[0.561s] creating /home/ausiasbm/GTI-3B-SBOCK/turtlebot3_ws/install/sbock_show_msg/share/ament_index
[0.561s] creating /home/ausiasbm/GTI-3B-SBOCK/turtlebot3_ws/install/sbock_show_msg/share/ament_index/resource_index
[0.561s] creating /home/ausiasbm/GTI-3B-SBOCK/turtlebot3_ws/install/sbock_show_msg/share/ament_index/resource_index/packages
[0.561s] copying resource/sbock_show_msg -> /home/ausiasbm/GTI-3B-SBOCK/turtlebot3_ws/install/sbock_show_msg/share/ament_index/resource_index/packages
[0.561s] copying package.xml -> /home/ausiasbm/GTI-3B-SBOCK/turtlebot3_ws/install/sbock_show_msg/share/sbock_show_msg
[0.561s] copying launch/show_msg.launch.py -> /home/ausiasbm/GTI-3B-SBOCK/turtlebot3_ws/install/sbock_show_msg/share/sbock_show_msg
[0.561s] running install_egg_info
[0.561s] Copying ../../../build/sbock_show_msg/sbock_show_msg.egg-info to /home/ausiasbm/GTI-3B-SBOCK/turtlebot3_ws/install/sbock_show_msg/lib/python3.8/site-packages/sbock_show_msg-0.0.0-py3.8.egg-info
[0.561s] running install_scripts
[0.562s] Installing show_msg script to /home/ausiasbm/GTI-3B-SBOCK/turtlebot3_ws/install/sbock_show_msg/lib/sbock_show_msg
[0.562s] writing list of installed files to '/home/ausiasbm/GTI-3B-SBOCK/turtlebot3_ws/build/sbock_show_msg/install.log'
[0.577s] Invoked command in '/home/ausiasbm/GTI-3B-SBOCK/turtlebot3_ws/src/sbock/sbock_show_msg' returned '0': PS1=\[\e]0;\u@\h: \w\a\]${debian_chroot:+($debian_chroot)}\[\033[01;32m\]\u@\h\[\033[00m\]:\[\033[01;34m\]\w\[\033[00m\]\$ PYTHONPATH=/home/ausiasbm/GTI-3B-SBOCK/turtlebot3_ws/install/sbock_show_msg/lib/python3.8/site-packages:${PYTHONPATH} /usr/bin/python3 setup.py egg_info --egg-base ../../../build/sbock_show_msg build --build-base /home/ausiasbm/GTI-3B-SBOCK/turtlebot3_ws/build/sbock_show_msg/build install --prefix /home/ausiasbm/GTI-3B-SBOCK/turtlebot3_ws/install/sbock_show_msg --record /home/ausiasbm/GTI-3B-SBOCK/turtlebot3_ws/build/sbock_show_msg/install.log --single-version-externally-managed
