[0.036s] Invoking command in '/home/pere/GTI-3B-SBOCK/turtlebot3_ws/build/turtlebot3_simulations': CMAKE_PREFIX_PATH=/home/pere/GTI-3B-SBOCK/turtlebot3_ws/install/turtlebot3_gazebo:/home/pere/GTI-3B-SBOCK/turtlebot3_ws/install/turtlebot3_fake_node:/home/pere/GTI-3B-SBOCK/turtlebot3_ws/install/turtlebot3_simulations:/home/pere/GTI-3B-SBOCK/turtlebot3_ws/install/my_world:/home/pere/GTI-3B-SBOCK/turtlebot3_ws/install/my_first_publisher:/home/pere/GTI-3B-SBOCK/turtlebot3_ws/install/my_first_node:/opt/ros/foxy PS1=(rosenv) \[\e]0;\u@\h: \w\a\]${debian_chroot:+($debian_chroot)}\[\033[01;32m\]\u@\h\[\033[00m\]:\[\033[01;34m\]\w\[\033[00m\]\$ /usr/bin/cmake /home/pere/GTI-3B-SBOCK/turtlebot3_ws/src/turtlebot3_simulations/turtlebot3_simulations -DCMAKE_INSTALL_PREFIX=/home/pere/GTI-3B-SBOCK/turtlebot3_ws/install/turtlebot3_simulations
[0.136s] -- The C compiler identification is GNU 9.4.0
[0.229s] -- The CXX compiler identification is GNU 9.4.0
[0.237s] -- Check for working C compiler: /usr/bin/cc
[0.348s] -- Check for working C compiler: /usr/bin/cc -- works
[0.350s] -- Detecting C compiler ABI info
[0.488s] -- Detecting C compiler ABI info - done
[0.513s] -- Detecting C compile features
[0.513s] -- Detecting C compile features - done
[0.518s] -- Check for working CXX compiler: /usr/bin/c++
[0.649s] -- Check for working CXX compiler: /usr/bin/c++ -- works
[0.651s] -- Detecting CXX compiler ABI info
[0.771s] -- Detecting CXX compiler ABI info - done
[0.794s] -- Detecting CXX compile features
[0.795s] -- Detecting CXX compile features - done
[0.799s] -- Found ament_cmake: 0.9.9 (/opt/ros/foxy/share/ament_cmake/cmake)
[0.838s] -- Found PythonInterp: /usr/bin/python3 (found suitable version "3.8.10", minimum required is "3") 
[0.838s] -- Using PYTHON_EXECUTABLE: /usr/bin/python3
[1.274s] -- Configuring done
[1.277s] -- Generating done
[1.282s] -- Build files have been written to: /home/pere/GTI-3B-SBOCK/turtlebot3_ws/build/turtlebot3_simulations
[1.289s] Invoked command in '/home/pere/GTI-3B-SBOCK/turtlebot3_ws/build/turtlebot3_simulations' returned '0': CMAKE_PREFIX_PATH=/home/pere/GTI-3B-SBOCK/turtlebot3_ws/install/turtlebot3_gazebo:/home/pere/GTI-3B-SBOCK/turtlebot3_ws/install/turtlebot3_fake_node:/home/pere/GTI-3B-SBOCK/turtlebot3_ws/install/turtlebot3_simulations:/home/pere/GTI-3B-SBOCK/turtlebot3_ws/install/my_world:/home/pere/GTI-3B-SBOCK/turtlebot3_ws/install/my_first_publisher:/home/pere/GTI-3B-SBOCK/turtlebot3_ws/install/my_first_node:/opt/ros/foxy PS1=(rosenv) \[\e]0;\u@\h: \w\a\]${debian_chroot:+($debian_chroot)}\[\033[01;32m\]\u@\h\[\033[00m\]:\[\033[01;34m\]\w\[\033[00m\]\$ /usr/bin/cmake /home/pere/GTI-3B-SBOCK/turtlebot3_ws/src/turtlebot3_simulations/turtlebot3_simulations -DCMAKE_INSTALL_PREFIX=/home/pere/GTI-3B-SBOCK/turtlebot3_ws/install/turtlebot3_simulations
[1.295s] Invoking command in '/home/pere/GTI-3B-SBOCK/turtlebot3_ws/build/turtlebot3_simulations': CMAKE_PREFIX_PATH=/home/pere/GTI-3B-SBOCK/turtlebot3_ws/install/turtlebot3_gazebo:/home/pere/GTI-3B-SBOCK/turtlebot3_ws/install/turtlebot3_fake_node:/home/pere/GTI-3B-SBOCK/turtlebot3_ws/install/turtlebot3_simulations:/home/pere/GTI-3B-SBOCK/turtlebot3_ws/install/my_world:/home/pere/GTI-3B-SBOCK/turtlebot3_ws/install/my_first_publisher:/home/pere/GTI-3B-SBOCK/turtlebot3_ws/install/my_first_node:/opt/ros/foxy PS1=(rosenv) \[\e]0;\u@\h: \w\a\]${debian_chroot:+($debian_chroot)}\[\033[01;32m\]\u@\h\[\033[00m\]:\[\033[01;34m\]\w\[\033[00m\]\$ /usr/bin/cmake --build /home/pere/GTI-3B-SBOCK/turtlebot3_ws/build/turtlebot3_simulations -- -j4 -l4
[1.354s] Invoked command in '/home/pere/GTI-3B-SBOCK/turtlebot3_ws/build/turtlebot3_simulations' returned '0': CMAKE_PREFIX_PATH=/home/pere/GTI-3B-SBOCK/turtlebot3_ws/install/turtlebot3_gazebo:/home/pere/GTI-3B-SBOCK/turtlebot3_ws/install/turtlebot3_fake_node:/home/pere/GTI-3B-SBOCK/turtlebot3_ws/install/turtlebot3_simulations:/home/pere/GTI-3B-SBOCK/turtlebot3_ws/install/my_world:/home/pere/GTI-3B-SBOCK/turtlebot3_ws/install/my_first_publisher:/home/pere/GTI-3B-SBOCK/turtlebot3_ws/install/my_first_node:/opt/ros/foxy PS1=(rosenv) \[\e]0;\u@\h: \w\a\]${debian_chroot:+($debian_chroot)}\[\033[01;32m\]\u@\h\[\033[00m\]:\[\033[01;34m\]\w\[\033[00m\]\$ /usr/bin/cmake --build /home/pere/GTI-3B-SBOCK/turtlebot3_ws/build/turtlebot3_simulations -- -j4 -l4
[1.396s] Invoking command in '/home/pere/GTI-3B-SBOCK/turtlebot3_ws/build/turtlebot3_simulations': CMAKE_PREFIX_PATH=/home/pere/GTI-3B-SBOCK/turtlebot3_ws/install/turtlebot3_gazebo:/home/pere/GTI-3B-SBOCK/turtlebot3_ws/install/turtlebot3_fake_node:/home/pere/GTI-3B-SBOCK/turtlebot3_ws/install/turtlebot3_simulations:/home/pere/GTI-3B-SBOCK/turtlebot3_ws/install/my_world:/home/pere/GTI-3B-SBOCK/turtlebot3_ws/install/my_first_publisher:/home/pere/GTI-3B-SBOCK/turtlebot3_ws/install/my_first_node:/opt/ros/foxy PS1=(rosenv) \[\e]0;\u@\h: \w\a\]${debian_chroot:+($debian_chroot)}\[\033[01;32m\]\u@\h\[\033[00m\]:\[\033[01;34m\]\w\[\033[00m\]\$ /usr/bin/cmake --install /home/pere/GTI-3B-SBOCK/turtlebot3_ws/build/turtlebot3_simulations
[1.415s] -- Install configuration: ""
[1.415s] -- Installing: /home/pere/GTI-3B-SBOCK/turtlebot3_ws/install/turtlebot3_simulations/share/ament_index/resource_index/package_run_dependencies/turtlebot3_simulations
[1.415s] -- Installing: /home/pere/GTI-3B-SBOCK/turtlebot3_ws/install/turtlebot3_simulations/share/ament_index/resource_index/parent_prefix_path/turtlebot3_simulations
[1.416s] -- Installing: /home/pere/GTI-3B-SBOCK/turtlebot3_ws/install/turtlebot3_simulations/share/turtlebot3_simulations/environment/ament_prefix_path.sh
[1.416s] -- Installing: /home/pere/GTI-3B-SBOCK/turtlebot3_ws/install/turtlebot3_simulations/share/turtlebot3_simulations/environment/ament_prefix_path.dsv
[1.416s] -- Installing: /home/pere/GTI-3B-SBOCK/turtlebot3_ws/install/turtlebot3_simulations/share/turtlebot3_simulations/environment/path.sh
[1.416s] -- Installing: /home/pere/GTI-3B-SBOCK/turtlebot3_ws/install/turtlebot3_simulations/share/turtlebot3_simulations/environment/path.dsv
[1.417s] -- Installing: /home/pere/GTI-3B-SBOCK/turtlebot3_ws/install/turtlebot3_simulations/share/turtlebot3_simulations/local_setup.bash
[1.417s] -- Installing: /home/pere/GTI-3B-SBOCK/turtlebot3_ws/install/turtlebot3_simulations/share/turtlebot3_simulations/local_setup.sh
[1.417s] -- Installing: /home/pere/GTI-3B-SBOCK/turtlebot3_ws/install/turtlebot3_simulations/share/turtlebot3_simulations/local_setup.zsh
[1.417s] -- Installing: /home/pere/GTI-3B-SBOCK/turtlebot3_ws/install/turtlebot3_simulations/share/turtlebot3_simulations/local_setup.dsv
[1.418s] -- Installing: /home/pere/GTI-3B-SBOCK/turtlebot3_ws/install/turtlebot3_simulations/share/turtlebot3_simulations/package.dsv
[1.418s] -- Installing: /home/pere/GTI-3B-SBOCK/turtlebot3_ws/install/turtlebot3_simulations/share/ament_index/resource_index/packages/turtlebot3_simulations
[1.419s] -- Installing: /home/pere/GTI-3B-SBOCK/turtlebot3_ws/install/turtlebot3_simulations/share/turtlebot3_simulations/cmake/turtlebot3_simulationsConfig.cmake
[1.419s] -- Installing: /home/pere/GTI-3B-SBOCK/turtlebot3_ws/install/turtlebot3_simulations/share/turtlebot3_simulations/cmake/turtlebot3_simulationsConfig-version.cmake
[1.420s] -- Installing: /home/pere/GTI-3B-SBOCK/turtlebot3_ws/install/turtlebot3_simulations/share/turtlebot3_simulations/package.xml
[1.439s] Invoked command in '/home/pere/GTI-3B-SBOCK/turtlebot3_ws/build/turtlebot3_simulations' returned '0': CMAKE_PREFIX_PATH=/home/pere/GTI-3B-SBOCK/turtlebot3_ws/install/turtlebot3_gazebo:/home/pere/GTI-3B-SBOCK/turtlebot3_ws/install/turtlebot3_fake_node:/home/pere/GTI-3B-SBOCK/turtlebot3_ws/install/turtlebot3_simulations:/home/pere/GTI-3B-SBOCK/turtlebot3_ws/install/my_world:/home/pere/GTI-3B-SBOCK/turtlebot3_ws/install/my_first_publisher:/home/pere/GTI-3B-SBOCK/turtlebot3_ws/install/my_first_node:/opt/ros/foxy PS1=(rosenv) \[\e]0;\u@\h: \w\a\]${debian_chroot:+($debian_chroot)}\[\033[01;32m\]\u@\h\[\033[00m\]:\[\033[01;34m\]\w\[\033[00m\]\$ /usr/bin/cmake --install /home/pere/GTI-3B-SBOCK/turtlebot3_ws/build/turtlebot3_simulations
