/home/pere/GTI-3B-SBOCK/turtlebot3_ws/install/sbock_nav_position/lib/python3.8/site-packages/sbock_nav_position/nav_to_pose.py
/home/pere/GTI-3B-SBOCK/turtlebot3_ws/install/sbock_nav_position/lib/python3.8/site-packages/sbock_nav_position/__init__.py
/home/pere/GTI-3B-SBOCK/turtlebot3_ws/install/sbock_nav_position/lib/python3.8/site-packages/sbock_nav_position/__pycache__/nav_to_pose.cpython-38.pyc
/home/pere/GTI-3B-SBOCK/turtlebot3_ws/install/sbock_nav_position/lib/python3.8/site-packages/sbock_nav_position/__pycache__/__init__.cpython-38.pyc
/home/pere/GTI-3B-SBOCK/turtlebot3_ws/install/sbock_nav_position/share/ament_index/resource_index/packages/sbock_nav_position
/home/pere/GTI-3B-SBOCK/turtlebot3_ws/install/sbock_nav_position/share/sbock_nav_position/package.xml
/home/pere/GTI-3B-SBOCK/turtlebot3_ws/install/sbock_nav_position/share/sbock_nav_position/launch/sbock_nav_to_pose.launch.py
/home/pere/GTI-3B-SBOCK/turtlebot3_ws/install/sbock_nav_position/share/sbock_nav_position/launch/sbock_tb3_sim_nav2.launch.py
/home/pere/GTI-3B-SBOCK/turtlebot3_ws/install/sbock_nav_position/share/sbock_nav_position/config/mapa_real.yaml
/home/pere/GTI-3B-SBOCK/turtlebot3_ws/install/sbock_nav_position/share/sbock_nav_position/config/project_params.yaml
/home/pere/GTI-3B-SBOCK/turtlebot3_ws/install/sbock_nav_position/share/sbock_nav_position/config/nav2_params.yaml
/home/pere/GTI-3B-SBOCK/turtlebot3_ws/install/sbock_nav_position/share/sbock_nav_position/config/mapa_supermercado_real.yaml
/home/pere/GTI-3B-SBOCK/turtlebot3_ws/install/sbock_nav_position/share/sbock_nav_position/config/my_map.yaml
/home/pere/GTI-3B-SBOCK/turtlebot3_ws/install/sbock_nav_position/share/sbock_nav_position/config/mapa_supermercado_real.pgm
/home/pere/GTI-3B-SBOCK/turtlebot3_ws/install/sbock_nav_position/share/sbock_nav_position/config/mapa_real.pgm
/home/pere/GTI-3B-SBOCK/turtlebot3_ws/install/sbock_nav_position/share/sbock_nav_position/config/my_map.pgm
/home/pere/GTI-3B-SBOCK/turtlebot3_ws/install/sbock_nav_position/share/sbock_nav_position/config/my_slam.rviz
/home/pere/GTI-3B-SBOCK/turtlebot3_ws/install/sbock_nav_position/share/sbock_nav_position/config/nav2_default_view.rviz
/home/pere/GTI-3B-SBOCK/turtlebot3_ws/install/sbock_nav_position/share/sbock_nav_position/config/nav2_default_view_new.rviz
/home/pere/GTI-3B-SBOCK/turtlebot3_ws/install/sbock_nav_position/share/sbock_nav_position/config/navigate_w_replanning_and_recovery.xml
/home/pere/GTI-3B-SBOCK/turtlebot3_ws/install/sbock_nav_position/share/sbock_nav_position/config
/home/pere/GTI-3B-SBOCK/turtlebot3_ws/install/sbock_nav_position/lib/python3.8/site-packages/sbock_nav_position-0.0.0-py3.8.egg-info/PKG-INFO
/home/pere/GTI-3B-SBOCK/turtlebot3_ws/install/sbock_nav_position/lib/python3.8/site-packages/sbock_nav_position-0.0.0-py3.8.egg-info/zip-safe
/home/pere/GTI-3B-SBOCK/turtlebot3_ws/install/sbock_nav_position/lib/python3.8/site-packages/sbock_nav_position-0.0.0-py3.8.egg-info/entry_points.txt
/home/pere/GTI-3B-SBOCK/turtlebot3_ws/install/sbock_nav_position/lib/python3.8/site-packages/sbock_nav_position-0.0.0-py3.8.egg-info/requires.txt
/home/pere/GTI-3B-SBOCK/turtlebot3_ws/install/sbock_nav_position/lib/python3.8/site-packages/sbock_nav_position-0.0.0-py3.8.egg-info/SOURCES.txt
/home/pere/GTI-3B-SBOCK/turtlebot3_ws/install/sbock_nav_position/lib/python3.8/site-packages/sbock_nav_position-0.0.0-py3.8.egg-info/top_level.txt
/home/pere/GTI-3B-SBOCK/turtlebot3_ws/install/sbock_nav_position/lib/python3.8/site-packages/sbock_nav_position-0.0.0-py3.8.egg-info/dependency_links.txt
/home/pere/GTI-3B-SBOCK/turtlebot3_ws/install/sbock_nav_position/lib/sbock_nav_position/nav_to_pose
