running egg_info
writing ../../build/provide_map/provide_map.egg-info/PKG-INFO
writing dependency_links to ../../build/provide_map/provide_map.egg-info/dependency_links.txt
writing entry points to ../../build/provide_map/provide_map.egg-info/entry_points.txt
writing requirements to ../../build/provide_map/provide_map.egg-info/requires.txt
writing top-level names to ../../build/provide_map/provide_map.egg-info/top_level.txt
reading manifest file '../../build/provide_map/provide_map.egg-info/SOURCES.txt'
writing manifest file '../../build/provide_map/provide_map.egg-info/SOURCES.txt'
running build
running build_py
running install
running install_lib
running install_data
copying map/my_map.yaml -> /home/marc/GTI-3B-SBOCK/turtlebot3_ws/install/provide_map/share/provide_map/map
copying launch/provide_map.launch.py -> /home/marc/GTI-3B-SBOCK/turtlebot3_ws/install/provide_map/share/provide_map/launch
running install_egg_info
removing '/home/marc/GTI-3B-SBOCK/turtlebot3_ws/install/provide_map/lib/python3.8/site-packages/provide_map-0.0.0-py3.8.egg-info' (and everything under it)
Copying ../../build/provide_map/provide_map.egg-info to /home/marc/GTI-3B-SBOCK/turtlebot3_ws/install/provide_map/lib/python3.8/site-packages/provide_map-0.0.0-py3.8.egg-info
running install_scripts
writing list of installed files to '/home/marc/GTI-3B-SBOCK/turtlebot3_ws/build/provide_map/install.log'
