[3.917s] Invoking command in '/home/marc/GTI-3B-SBOCK/turtlebot3_ws/src/provide_map': PS1=(rosenv) \[\e]0;\u@\h: \w\a\]${debian_chroot:+($debian_chroot)}\[\033[01;32m\]\u@\h\[\033[00m\]:\[\033[01;34m\]\w\[\033[00m\]\$ PYTHONPATH=/home/marc/GTI-3B-SBOCK/turtlebot3_ws/install/provide_map/lib/python3.8/site-packages:${PYTHONPATH} /usr/bin/python3 setup.py egg_info --egg-base ../../build/provide_map build --build-base /home/marc/GTI-3B-SBOCK/turtlebot3_ws/build/provide_map/build install --prefix /home/marc/GTI-3B-SBOCK/turtlebot3_ws/install/provide_map --record /home/marc/GTI-3B-SBOCK/turtlebot3_ws/build/provide_map/install.log --single-version-externally-managed
[4.527s] running egg_info
[4.528s] writing ../../build/provide_map/provide_map.egg-info/PKG-INFO
[4.536s] writing dependency_links to ../../build/provide_map/provide_map.egg-info/dependency_links.txt
[4.538s] writing entry points to ../../build/provide_map/provide_map.egg-info/entry_points.txt
[4.540s] writing requirements to ../../build/provide_map/provide_map.egg-info/requires.txt
[4.541s] writing top-level names to ../../build/provide_map/provide_map.egg-info/top_level.txt
[4.796s] reading manifest file '../../build/provide_map/provide_map.egg-info/SOURCES.txt'
[4.809s] writing manifest file '../../build/provide_map/provide_map.egg-info/SOURCES.txt'
[4.810s] running build
[4.810s] running build_py
[4.834s] running install
[4.836s] running install_lib
[4.841s] running install_data
[4.864s] copying map/my_map.yaml -> /home/marc/GTI-3B-SBOCK/turtlebot3_ws/install/provide_map/share/provide_map/map
[4.873s] copying launch/provide_map.launch.py -> /home/marc/GTI-3B-SBOCK/turtlebot3_ws/install/provide_map/share/provide_map/launch
[4.874s] running install_egg_info
[4.882s] removing '/home/marc/GTI-3B-SBOCK/turtlebot3_ws/install/provide_map/lib/python3.8/site-packages/provide_map-0.0.0-py3.8.egg-info' (and everything under it)
[4.883s] Copying ../../build/provide_map/provide_map.egg-info to /home/marc/GTI-3B-SBOCK/turtlebot3_ws/install/provide_map/lib/python3.8/site-packages/provide_map-0.0.0-py3.8.egg-info
[4.896s] running install_scripts
[4.943s] writing list of installed files to '/home/marc/GTI-3B-SBOCK/turtlebot3_ws/build/provide_map/install.log'
[4.989s] Invoked command in '/home/marc/GTI-3B-SBOCK/turtlebot3_ws/src/provide_map' returned '0': PS1=(rosenv) \[\e]0;\u@\h: \w\a\]${debian_chroot:+($debian_chroot)}\[\033[01;32m\]\u@\h\[\033[00m\]:\[\033[01;34m\]\w\[\033[00m\]\$ PYTHONPATH=/home/marc/GTI-3B-SBOCK/turtlebot3_ws/install/provide_map/lib/python3.8/site-packages:${PYTHONPATH} /usr/bin/python3 setup.py egg_info --egg-base ../../build/provide_map build --build-base /home/marc/GTI-3B-SBOCK/turtlebot3_ws/build/provide_map/build install --prefix /home/marc/GTI-3B-SBOCK/turtlebot3_ws/install/provide_map --record /home/marc/GTI-3B-SBOCK/turtlebot3_ws/build/provide_map/install.log --single-version-externally-managed
