[0.043s] Invoking command in '/home/pere/GTI-3B-SBOCK/turtlebot3_ws/build/turtlebot3_fake_node': CMAKE_PREFIX_PATH=${CMAKE_PREFIX_PATH}:/home/pere/GTI-3B-SBOCK/turtlebot3_ws/install/my_first_publisher:/home/pere/GTI-3B-SBOCK/turtlebot3_ws/install/my_first_node:/opt/ros/foxy PS1=(rosenv) \[\e]0;\u@\h: \w\a\]${debian_chroot:+($debian_chroot)}\[\033[01;32m\]\u@\h\[\033[00m\]:\[\033[01;34m\]\w\[\033[00m\]\$ /usr/bin/cmake /home/pere/GTI-3B-SBOCK/turtlebot3_ws/src/turtlebot3_simulations/turtlebot3_fake_node -DCMAKE_INSTALL_PREFIX=/home/pere/GTI-3B-SBOCK/turtlebot3_ws/install/turtlebot3_fake_node
[0.700s] -- The C compiler identification is GNU 9.4.0
[0.700s] -- The CXX compiler identification is GNU 9.4.0
[0.701s] -- Check for working C compiler: /usr/bin/cc
[0.701s] -- Check for working C compiler: /usr/bin/cc -- works
[0.706s] -- Detecting C compiler ABI info
[0.706s] -- Detecting C compiler ABI info - done
[0.707s] -- Detecting C compile features
[0.707s] -- Detecting C compile features - done
[0.707s] -- Check for working CXX compiler: /usr/bin/c++
[0.707s] -- Check for working CXX compiler: /usr/bin/c++ -- works
[0.707s] -- Detecting CXX compiler ABI info
[0.810s] -- Detecting CXX compiler ABI info - done
[0.835s] -- Detecting CXX compile features
[0.836s] -- Detecting CXX compile features - done
[0.843s] -- Found ament_cmake: 0.9.9 (/opt/ros/foxy/share/ament_cmake/cmake)
[0.888s] -- Found PythonInterp: /usr/bin/python3 (found suitable version "3.8.10", minimum required is "3") 
[0.889s] -- Using PYTHON_EXECUTABLE: /usr/bin/python3
[1.254s] -- Found geometry_msgs: 2.0.5 (/opt/ros/foxy/share/geometry_msgs/cmake)
[1.329s] -- Using all available rosidl_typesupport_c: rosidl_typesupport_fastrtps_c;rosidl_typesupport_introspection_c
[1.357s] -- Found rosidl_adapter: 1.2.1 (/opt/ros/foxy/share/rosidl_adapter/cmake)
[1.512s] -- Found OpenSSL: /usr/lib/x86_64-linux-gnu/libcrypto.so (found version "1.1.1f")  
[1.563s] -- Found FastRTPS: /opt/ros/foxy/include  
[1.714s] -- Using all available rosidl_typesupport_cpp: rosidl_typesupport_fastrtps_cpp;rosidl_typesupport_introspection_cpp
[1.934s] -- Found nav_msgs: 2.0.5 (/opt/ros/foxy/share/nav_msgs/cmake)
[2.070s] -- Found rclcpp: 2.4.1 (/opt/ros/foxy/share/rclcpp/cmake)
[2.170s] -- Found rmw_implementation_cmake: 1.0.3 (/opt/ros/foxy/share/rmw_implementation_cmake/cmake)
[2.173s] -- Using RMW implementation 'rmw_fastrtps_cpp' as default
[2.174s] -- Looking for pthread.h
[2.283s] -- Looking for pthread.h - found
[2.283s] -- Performing Test CMAKE_HAVE_LIBC_PTHREAD
[2.386s] -- Performing Test CMAKE_HAVE_LIBC_PTHREAD - Failed
[2.387s] -- Looking for pthread_create in pthreads
[2.480s] -- Looking for pthread_create in pthreads - not found
[2.481s] -- Looking for pthread_create in pthread
[2.574s] -- Looking for pthread_create in pthread - found
[2.575s] -- Found Threads: TRUE  
[2.861s] -- Found sensor_msgs: 2.0.5 (/opt/ros/foxy/share/sensor_msgs/cmake)
[2.992s] -- Found tf2: 0.13.13 (/opt/ros/foxy/share/tf2/cmake)
[3.016s] -- Found tf2_msgs: 0.13.13 (/opt/ros/foxy/share/tf2_msgs/cmake)
[3.356s] -- Found turtlebot3_msgs: 2.2.1 (/opt/ros/foxy/share/turtlebot3_msgs/cmake)
[3.623s] -- Configuring done
[3.647s] -- Generating done
[3.650s] -- Build files have been written to: /home/pere/GTI-3B-SBOCK/turtlebot3_ws/build/turtlebot3_fake_node
[3.669s] Invoked command in '/home/pere/GTI-3B-SBOCK/turtlebot3_ws/build/turtlebot3_fake_node' returned '0': CMAKE_PREFIX_PATH=${CMAKE_PREFIX_PATH}:/home/pere/GTI-3B-SBOCK/turtlebot3_ws/install/my_first_publisher:/home/pere/GTI-3B-SBOCK/turtlebot3_ws/install/my_first_node:/opt/ros/foxy PS1=(rosenv) \[\e]0;\u@\h: \w\a\]${debian_chroot:+($debian_chroot)}\[\033[01;32m\]\u@\h\[\033[00m\]:\[\033[01;34m\]\w\[\033[00m\]\$ /usr/bin/cmake /home/pere/GTI-3B-SBOCK/turtlebot3_ws/src/turtlebot3_simulations/turtlebot3_fake_node -DCMAKE_INSTALL_PREFIX=/home/pere/GTI-3B-SBOCK/turtlebot3_ws/install/turtlebot3_fake_node
[3.670s] Invoking command in '/home/pere/GTI-3B-SBOCK/turtlebot3_ws/build/turtlebot3_fake_node': CMAKE_PREFIX_PATH=${CMAKE_PREFIX_PATH}:/home/pere/GTI-3B-SBOCK/turtlebot3_ws/install/my_first_publisher:/home/pere/GTI-3B-SBOCK/turtlebot3_ws/install/my_first_node:/opt/ros/foxy PS1=(rosenv) \[\e]0;\u@\h: \w\a\]${debian_chroot:+($debian_chroot)}\[\033[01;32m\]\u@\h\[\033[00m\]:\[\033[01;34m\]\w\[\033[00m\]\$ /usr/bin/cmake --build /home/pere/GTI-3B-SBOCK/turtlebot3_ws/build/turtlebot3_fake_node -- -j4 -l4
[3.736s] [35m[1mScanning dependencies of target turtlebot3_fake_node[0m
[3.877s] [ 50%] [32mBuilding CXX object CMakeFiles/turtlebot3_fake_node.dir/src/turtlebot3_fake_node.cpp.o[0m
[18.987s] [100%] [32m[1mLinking CXX executable turtlebot3_fake_node[0m
[20.331s] [100%] Built target turtlebot3_fake_node
