[0.047s] Invoking command in '/home/aibes/GTI-3B-SBOCK/turtlebot3_ws/build/turtlebot3_simulations': AMENT_PREFIX_PATH=/home/aibes/GTI-3B-SBOCK/turtlebot3_ws/install/turtlebot3_gazebo:/home/aibes/GTI-3B-SBOCK/turtlebot3_ws/install/turtlebot3_fake_node:${AMENT_PREFIX_PATH} CMAKE_PREFIX_PATH=/home/aibes/GTI-3B-SBOCK/turtlebot3_ws/install/turtlebot3_gazebo:/home/aibes/GTI-3B-SBOCK/turtlebot3_ws/install/turtlebot3_fake_node:/opt/ros/foxy /usr/bin/cmake /home/aibes/GTI-3B-SBOCK/turtlebot3_ws/turtlebot3_simulations/turtlebot3_simulations -DAMENT_CMAKE_SYMLINK_INSTALL=1 -DCMAKE_INSTALL_PREFIX=/home/aibes/GTI-3B-SBOCK/turtlebot3_ws/install/turtlebot3_simulations
[0.135s] -- The C compiler identification is GNU 9.4.0
[0.208s] -- The CXX compiler identification is GNU 9.4.0
[0.216s] -- Check for working C compiler: /usr/bin/cc
[0.299s] -- Check for working C compiler: /usr/bin/cc -- works
[0.300s] -- Detecting C compiler ABI info
[0.383s] -- Detecting C compiler ABI info - done
[0.406s] -- Detecting C compile features
[0.407s] -- Detecting C compile features - done
[0.410s] -- Check for working CXX compiler: /usr/bin/c++
[0.509s] -- Check for working CXX compiler: /usr/bin/c++ -- works
[0.511s] -- Detecting CXX compiler ABI info
[0.613s] -- Detecting CXX compiler ABI info - done
[0.636s] -- Detecting CXX compile features
[0.637s] -- Detecting CXX compile features - done
[0.640s] -- Found ament_cmake: 0.9.9 (/opt/ros/foxy/share/ament_cmake/cmake)
[0.719s] -- Found PythonInterp: /usr/bin/python3 (found suitable version "3.8.10", minimum required is "3") 
[0.719s] -- Using PYTHON_EXECUTABLE: /usr/bin/python3
[1.001s] -- Override CMake install command with custom implementation using symlinks instead of copying resources
[1.139s] -- Configuring done
[1.141s] -- Generating done
[1.143s] -- Build files have been written to: /home/aibes/GTI-3B-SBOCK/turtlebot3_ws/build/turtlebot3_simulations
[1.147s] Invoked command in '/home/aibes/GTI-3B-SBOCK/turtlebot3_ws/build/turtlebot3_simulations' returned '0': AMENT_PREFIX_PATH=/home/aibes/GTI-3B-SBOCK/turtlebot3_ws/install/turtlebot3_gazebo:/home/aibes/GTI-3B-SBOCK/turtlebot3_ws/install/turtlebot3_fake_node:${AMENT_PREFIX_PATH} CMAKE_PREFIX_PATH=/home/aibes/GTI-3B-SBOCK/turtlebot3_ws/install/turtlebot3_gazebo:/home/aibes/GTI-3B-SBOCK/turtlebot3_ws/install/turtlebot3_fake_node:/opt/ros/foxy /usr/bin/cmake /home/aibes/GTI-3B-SBOCK/turtlebot3_ws/turtlebot3_simulations/turtlebot3_simulations -DAMENT_CMAKE_SYMLINK_INSTALL=1 -DCMAKE_INSTALL_PREFIX=/home/aibes/GTI-3B-SBOCK/turtlebot3_ws/install/turtlebot3_simulations
[1.150s] Invoking command in '/home/aibes/GTI-3B-SBOCK/turtlebot3_ws/build/turtlebot3_simulations': AMENT_PREFIX_PATH=/home/aibes/GTI-3B-SBOCK/turtlebot3_ws/install/turtlebot3_gazebo:/home/aibes/GTI-3B-SBOCK/turtlebot3_ws/install/turtlebot3_fake_node:${AMENT_PREFIX_PATH} CMAKE_PREFIX_PATH=/home/aibes/GTI-3B-SBOCK/turtlebot3_ws/install/turtlebot3_gazebo:/home/aibes/GTI-3B-SBOCK/turtlebot3_ws/install/turtlebot3_fake_node:/opt/ros/foxy /usr/bin/cmake --build /home/aibes/GTI-3B-SBOCK/turtlebot3_ws/build/turtlebot3_simulations -- -j5 -l5
[1.194s] Invoked command in '/home/aibes/GTI-3B-SBOCK/turtlebot3_ws/build/turtlebot3_simulations' returned '0': AMENT_PREFIX_PATH=/home/aibes/GTI-3B-SBOCK/turtlebot3_ws/install/turtlebot3_gazebo:/home/aibes/GTI-3B-SBOCK/turtlebot3_ws/install/turtlebot3_fake_node:${AMENT_PREFIX_PATH} CMAKE_PREFIX_PATH=/home/aibes/GTI-3B-SBOCK/turtlebot3_ws/install/turtlebot3_gazebo:/home/aibes/GTI-3B-SBOCK/turtlebot3_ws/install/turtlebot3_fake_node:/opt/ros/foxy /usr/bin/cmake --build /home/aibes/GTI-3B-SBOCK/turtlebot3_ws/build/turtlebot3_simulations -- -j5 -l5
[1.223s] Invoking command in '/home/aibes/GTI-3B-SBOCK/turtlebot3_ws/build/turtlebot3_simulations': AMENT_PREFIX_PATH=/home/aibes/GTI-3B-SBOCK/turtlebot3_ws/install/turtlebot3_gazebo:/home/aibes/GTI-3B-SBOCK/turtlebot3_ws/install/turtlebot3_fake_node:${AMENT_PREFIX_PATH} CMAKE_PREFIX_PATH=/home/aibes/GTI-3B-SBOCK/turtlebot3_ws/install/turtlebot3_gazebo:/home/aibes/GTI-3B-SBOCK/turtlebot3_ws/install/turtlebot3_fake_node:/opt/ros/foxy /usr/bin/cmake --install /home/aibes/GTI-3B-SBOCK/turtlebot3_ws/build/turtlebot3_simulations
[1.232s] -- Install configuration: ""
[1.232s] -- Execute custom install script
[1.233s] -- Symlinking: /home/aibes/GTI-3B-SBOCK/turtlebot3_ws/install/turtlebot3_simulations/share/ament_index/resource_index/package_run_dependencies/turtlebot3_simulations
[1.245s] -- Symlinking: /home/aibes/GTI-3B-SBOCK/turtlebot3_ws/install/turtlebot3_simulations/share/ament_index/resource_index/parent_prefix_path/turtlebot3_simulations
[1.256s] -- Symlinking: /home/aibes/GTI-3B-SBOCK/turtlebot3_ws/install/turtlebot3_simulations/share/turtlebot3_simulations/environment/ament_prefix_path.sh
[1.266s] -- Symlinking: /home/aibes/GTI-3B-SBOCK/turtlebot3_ws/install/turtlebot3_simulations/share/turtlebot3_simulations/environment/ament_prefix_path.dsv
[1.277s] -- Symlinking: /home/aibes/GTI-3B-SBOCK/turtlebot3_ws/install/turtlebot3_simulations/share/turtlebot3_simulations/environment/path.sh
[1.287s] -- Symlinking: /home/aibes/GTI-3B-SBOCK/turtlebot3_ws/install/turtlebot3_simulations/share/turtlebot3_simulations/environment/path.dsv
[1.300s] -- Symlinking: /home/aibes/GTI-3B-SBOCK/turtlebot3_ws/install/turtlebot3_simulations/share/turtlebot3_simulations/local_setup.bash
[1.310s] -- Symlinking: /home/aibes/GTI-3B-SBOCK/turtlebot3_ws/install/turtlebot3_simulations/share/turtlebot3_simulations/local_setup.sh
[1.322s] -- Symlinking: /home/aibes/GTI-3B-SBOCK/turtlebot3_ws/install/turtlebot3_simulations/share/turtlebot3_simulations/local_setup.zsh
[1.332s] -- Symlinking: /home/aibes/GTI-3B-SBOCK/turtlebot3_ws/install/turtlebot3_simulations/share/turtlebot3_simulations/local_setup.dsv
[1.343s] -- Symlinking: /home/aibes/GTI-3B-SBOCK/turtlebot3_ws/install/turtlebot3_simulations/share/turtlebot3_simulations/package.dsv
[1.353s] -- Symlinking: /home/aibes/GTI-3B-SBOCK/turtlebot3_ws/install/turtlebot3_simulations/share/ament_index/resource_index/packages/turtlebot3_simulations
[1.364s] -- Symlinking: /home/aibes/GTI-3B-SBOCK/turtlebot3_ws/install/turtlebot3_simulations/share/turtlebot3_simulations/cmake/turtlebot3_simulationsConfig.cmake
[1.374s] -- Symlinking: /home/aibes/GTI-3B-SBOCK/turtlebot3_ws/install/turtlebot3_simulations/share/turtlebot3_simulations/cmake/turtlebot3_simulationsConfig-version.cmake
[1.384s] -- Symlinking: /home/aibes/GTI-3B-SBOCK/turtlebot3_ws/install/turtlebot3_simulations/share/turtlebot3_simulations/package.xml
[1.404s] Invoked command in '/home/aibes/GTI-3B-SBOCK/turtlebot3_ws/build/turtlebot3_simulations' returned '0': AMENT_PREFIX_PATH=/home/aibes/GTI-3B-SBOCK/turtlebot3_ws/install/turtlebot3_gazebo:/home/aibes/GTI-3B-SBOCK/turtlebot3_ws/install/turtlebot3_fake_node:${AMENT_PREFIX_PATH} CMAKE_PREFIX_PATH=/home/aibes/GTI-3B-SBOCK/turtlebot3_ws/install/turtlebot3_gazebo:/home/aibes/GTI-3B-SBOCK/turtlebot3_ws/install/turtlebot3_fake_node:/opt/ros/foxy /usr/bin/cmake --install /home/aibes/GTI-3B-SBOCK/turtlebot3_ws/build/turtlebot3_simulations
