running egg_info
creating ../../../build/sbock_my_nav2_system/sbock_my_nav2_system.egg-info
writing ../../../build/sbock_my_nav2_system/sbock_my_nav2_system.egg-info/PKG-INFO
writing dependency_links to ../../../build/sbock_my_nav2_system/sbock_my_nav2_system.egg-info/dependency_links.txt
writing entry points to ../../../build/sbock_my_nav2_system/sbock_my_nav2_system.egg-info/entry_points.txt
writing requirements to ../../../build/sbock_my_nav2_system/sbock_my_nav2_system.egg-info/requires.txt
writing top-level names to ../../../build/sbock_my_nav2_system/sbock_my_nav2_system.egg-info/top_level.txt
writing manifest file '../../../build/sbock_my_nav2_system/sbock_my_nav2_system.egg-info/SOURCES.txt'
reading manifest file '../../../build/sbock_my_nav2_system/sbock_my_nav2_system.egg-info/SOURCES.txt'
writing manifest file '../../../build/sbock_my_nav2_system/sbock_my_nav2_system.egg-info/SOURCES.txt'
running build
running build_py
creating /home/pere/GTI-3B-SBOCK/turtlebot3_ws/build/sbock_my_nav2_system/build
creating /home/pere/GTI-3B-SBOCK/turtlebot3_ws/build/sbock_my_nav2_system/build/lib
creating /home/pere/GTI-3B-SBOCK/turtlebot3_ws/build/sbock_my_nav2_system/build/lib/sbock_my_nav2_system
copying sbock_my_nav2_system/nav_to_pose.py -> /home/pere/GTI-3B-SBOCK/turtlebot3_ws/build/sbock_my_nav2_system/build/lib/sbock_my_nav2_system
copying sbock_my_nav2_system/initialPose.py -> /home/pere/GTI-3B-SBOCK/turtlebot3_ws/build/sbock_my_nav2_system/build/lib/sbock_my_nav2_system
copying sbock_my_nav2_system/__init__.py -> /home/pere/GTI-3B-SBOCK/turtlebot3_ws/build/sbock_my_nav2_system/build/lib/sbock_my_nav2_system
running install
running install_lib
creating /home/pere/GTI-3B-SBOCK/turtlebot3_ws/install/sbock_my_nav2_system/lib/python3.8/site-packages/sbock_my_nav2_system
copying /home/pere/GTI-3B-SBOCK/turtlebot3_ws/build/sbock_my_nav2_system/build/lib/sbock_my_nav2_system/nav_to_pose.py -> /home/pere/GTI-3B-SBOCK/turtlebot3_ws/install/sbock_my_nav2_system/lib/python3.8/site-packages/sbock_my_nav2_system
copying /home/pere/GTI-3B-SBOCK/turtlebot3_ws/build/sbock_my_nav2_system/build/lib/sbock_my_nav2_system/initialPose.py -> /home/pere/GTI-3B-SBOCK/turtlebot3_ws/install/sbock_my_nav2_system/lib/python3.8/site-packages/sbock_my_nav2_system
copying /home/pere/GTI-3B-SBOCK/turtlebot3_ws/build/sbock_my_nav2_system/build/lib/sbock_my_nav2_system/__init__.py -> /home/pere/GTI-3B-SBOCK/turtlebot3_ws/install/sbock_my_nav2_system/lib/python3.8/site-packages/sbock_my_nav2_system
byte-compiling /home/pere/GTI-3B-SBOCK/turtlebot3_ws/install/sbock_my_nav2_system/lib/python3.8/site-packages/sbock_my_nav2_system/nav_to_pose.py to nav_to_pose.cpython-38.pyc
byte-compiling /home/pere/GTI-3B-SBOCK/turtlebot3_ws/install/sbock_my_nav2_system/lib/python3.8/site-packages/sbock_my_nav2_system/initialPose.py to initialPose.cpython-38.pyc
byte-compiling /home/pere/GTI-3B-SBOCK/turtlebot3_ws/install/sbock_my_nav2_system/lib/python3.8/site-packages/sbock_my_nav2_system/__init__.py to __init__.cpython-38.pyc
running install_data
creating /home/pere/GTI-3B-SBOCK/turtlebot3_ws/install/sbock_my_nav2_system/share/ament_index
creating /home/pere/GTI-3B-SBOCK/turtlebot3_ws/install/sbock_my_nav2_system/share/ament_index/resource_index
creating /home/pere/GTI-3B-SBOCK/turtlebot3_ws/install/sbock_my_nav2_system/share/ament_index/resource_index/packages
copying resource/sbock_my_nav2_system -> /home/pere/GTI-3B-SBOCK/turtlebot3_ws/install/sbock_my_nav2_system/share/ament_index/resource_index/packages
copying package.xml -> /home/pere/GTI-3B-SBOCK/turtlebot3_ws/install/sbock_my_nav2_system/share/sbock_my_nav2_system
creating /home/pere/GTI-3B-SBOCK/turtlebot3_ws/install/sbock_my_nav2_system/share/sbock_my_nav2_system/config
copying config/my_map.pgm -> /home/pere/GTI-3B-SBOCK/turtlebot3_ws/install/sbock_my_nav2_system/share/sbock_my_nav2_system/config
copying config/project_params.yaml -> /home/pere/GTI-3B-SBOCK/turtlebot3_ws/install/sbock_my_nav2_system/share/sbock_my_nav2_system/config
copying config/nav2_params.yaml -> /home/pere/GTI-3B-SBOCK/turtlebot3_ws/install/sbock_my_nav2_system/share/sbock_my_nav2_system/config
copying config/my_map.yaml -> /home/pere/GTI-3B-SBOCK/turtlebot3_ws/install/sbock_my_nav2_system/share/sbock_my_nav2_system/config
copying config/my_slam.rviz -> /home/pere/GTI-3B-SBOCK/turtlebot3_ws/install/sbock_my_nav2_system/share/sbock_my_nav2_system/config
copying config/nav2_default_view_new.rviz -> /home/pere/GTI-3B-SBOCK/turtlebot3_ws/install/sbock_my_nav2_system/share/sbock_my_nav2_system/config
creating /home/pere/GTI-3B-SBOCK/turtlebot3_ws/install/sbock_my_nav2_system/share/sbock_my_nav2_system/launch
copying launch/my_tb3_sim_nav2.launch.py -> /home/pere/GTI-3B-SBOCK/turtlebot3_ws/install/sbock_my_nav2_system/share/sbock_my_nav2_system/launch
copying launch/my_nav2_system.launch.py -> /home/pere/GTI-3B-SBOCK/turtlebot3_ws/install/sbock_my_nav2_system/share/sbock_my_nav2_system/launch
copying launch/initial_pose.launch.py -> /home/pere/GTI-3B-SBOCK/turtlebot3_ws/install/sbock_my_nav2_system/share/sbock_my_nav2_system/launch
copying launch/nav_to_pose.launch.py -> /home/pere/GTI-3B-SBOCK/turtlebot3_ws/install/sbock_my_nav2_system/share/sbock_my_nav2_system/launch
copying config/navigate_w_replanning_and_recovery.xml -> /home/pere/GTI-3B-SBOCK/turtlebot3_ws/install/sbock_my_nav2_system/share/sbock_my_nav2_system/config
running install_egg_info
Copying ../../../build/sbock_my_nav2_system/sbock_my_nav2_system.egg-info to /home/pere/GTI-3B-SBOCK/turtlebot3_ws/install/sbock_my_nav2_system/lib/python3.8/site-packages/sbock_my_nav2_system-0.0.0-py3.8.egg-info
running install_scripts
Installing initialPose script to /home/pere/GTI-3B-SBOCK/turtlebot3_ws/install/sbock_my_nav2_system/lib/my_nav2_system
Installing nav_to_pose script to /home/pere/GTI-3B-SBOCK/turtlebot3_ws/install/sbock_my_nav2_system/lib/my_nav2_system
writing list of installed files to '/home/pere/GTI-3B-SBOCK/turtlebot3_ws/build/sbock_my_nav2_system/install.log'
