[0.683s] Invoking command in '/home/pere/GTI-3B-SBOCK/turtlebot3_ws/src/sbock/sbock_my_nav2_system': PS1=(rosenv) \[\e]0;\u@\h: \w\a\]${debian_chroot:+($debian_chroot)}\[\033[01;32m\]\u@\h\[\033[00m\]:\[\033[01;34m\]\w\[\033[00m\]\$ PYTHONPATH=/home/pere/GTI-3B-SBOCK/turtlebot3_ws/install/sbock_my_nav2_system/lib/python3.8/site-packages:${PYTHONPATH} /usr/bin/python3 setup.py egg_info --egg-base ../../../build/sbock_my_nav2_system build --build-base /home/pere/GTI-3B-SBOCK/turtlebot3_ws/build/sbock_my_nav2_system/build install --prefix /home/pere/GTI-3B-SBOCK/turtlebot3_ws/install/sbock_my_nav2_system --record /home/pere/GTI-3B-SBOCK/turtlebot3_ws/build/sbock_my_nav2_system/install.log --single-version-externally-managed
[0.900s] running egg_info
[0.901s] creating ../../../build/sbock_my_nav2_system/sbock_my_nav2_system.egg-info
[0.901s] writing ../../../build/sbock_my_nav2_system/sbock_my_nav2_system.egg-info/PKG-INFO
[0.901s] writing dependency_links to ../../../build/sbock_my_nav2_system/sbock_my_nav2_system.egg-info/dependency_links.txt
[0.901s] writing entry points to ../../../build/sbock_my_nav2_system/sbock_my_nav2_system.egg-info/entry_points.txt
[0.901s] writing requirements to ../../../build/sbock_my_nav2_system/sbock_my_nav2_system.egg-info/requires.txt
[0.901s] writing top-level names to ../../../build/sbock_my_nav2_system/sbock_my_nav2_system.egg-info/top_level.txt
[0.905s] writing manifest file '../../../build/sbock_my_nav2_system/sbock_my_nav2_system.egg-info/SOURCES.txt'
[0.936s] reading manifest file '../../../build/sbock_my_nav2_system/sbock_my_nav2_system.egg-info/SOURCES.txt'
[0.937s] writing manifest file '../../../build/sbock_my_nav2_system/sbock_my_nav2_system.egg-info/SOURCES.txt'
[0.937s] running build
[0.937s] running build_py
[0.937s] creating /home/pere/GTI-3B-SBOCK/turtlebot3_ws/build/sbock_my_nav2_system/build
[0.937s] creating /home/pere/GTI-3B-SBOCK/turtlebot3_ws/build/sbock_my_nav2_system/build/lib
[0.937s] creating /home/pere/GTI-3B-SBOCK/turtlebot3_ws/build/sbock_my_nav2_system/build/lib/sbock_my_nav2_system
[0.938s] copying sbock_my_nav2_system/nav_to_pose.py -> /home/pere/GTI-3B-SBOCK/turtlebot3_ws/build/sbock_my_nav2_system/build/lib/sbock_my_nav2_system
[0.938s] copying sbock_my_nav2_system/initialPose.py -> /home/pere/GTI-3B-SBOCK/turtlebot3_ws/build/sbock_my_nav2_system/build/lib/sbock_my_nav2_system
[0.938s] copying sbock_my_nav2_system/__init__.py -> /home/pere/GTI-3B-SBOCK/turtlebot3_ws/build/sbock_my_nav2_system/build/lib/sbock_my_nav2_system
[0.938s] running install
[0.939s] running install_lib
[0.940s] creating /home/pere/GTI-3B-SBOCK/turtlebot3_ws/install/sbock_my_nav2_system/lib/python3.8/site-packages/sbock_my_nav2_system
[0.940s] copying /home/pere/GTI-3B-SBOCK/turtlebot3_ws/build/sbock_my_nav2_system/build/lib/sbock_my_nav2_system/nav_to_pose.py -> /home/pere/GTI-3B-SBOCK/turtlebot3_ws/install/sbock_my_nav2_system/lib/python3.8/site-packages/sbock_my_nav2_system
[0.940s] copying /home/pere/GTI-3B-SBOCK/turtlebot3_ws/build/sbock_my_nav2_system/build/lib/sbock_my_nav2_system/initialPose.py -> /home/pere/GTI-3B-SBOCK/turtlebot3_ws/install/sbock_my_nav2_system/lib/python3.8/site-packages/sbock_my_nav2_system
[0.940s] copying /home/pere/GTI-3B-SBOCK/turtlebot3_ws/build/sbock_my_nav2_system/build/lib/sbock_my_nav2_system/__init__.py -> /home/pere/GTI-3B-SBOCK/turtlebot3_ws/install/sbock_my_nav2_system/lib/python3.8/site-packages/sbock_my_nav2_system
[0.940s] byte-compiling /home/pere/GTI-3B-SBOCK/turtlebot3_ws/install/sbock_my_nav2_system/lib/python3.8/site-packages/sbock_my_nav2_system/nav_to_pose.py to nav_to_pose.cpython-38.pyc
[0.942s] byte-compiling /home/pere/GTI-3B-SBOCK/turtlebot3_ws/install/sbock_my_nav2_system/lib/python3.8/site-packages/sbock_my_nav2_system/initialPose.py to initialPose.cpython-38.pyc
[0.943s] byte-compiling /home/pere/GTI-3B-SBOCK/turtlebot3_ws/install/sbock_my_nav2_system/lib/python3.8/site-packages/sbock_my_nav2_system/__init__.py to __init__.cpython-38.pyc
[0.943s] running install_data
[0.943s] creating /home/pere/GTI-3B-SBOCK/turtlebot3_ws/install/sbock_my_nav2_system/share/ament_index
[0.943s] creating /home/pere/GTI-3B-SBOCK/turtlebot3_ws/install/sbock_my_nav2_system/share/ament_index/resource_index
[0.944s] creating /home/pere/GTI-3B-SBOCK/turtlebot3_ws/install/sbock_my_nav2_system/share/ament_index/resource_index/packages
[0.944s] copying resource/sbock_my_nav2_system -> /home/pere/GTI-3B-SBOCK/turtlebot3_ws/install/sbock_my_nav2_system/share/ament_index/resource_index/packages
[0.944s] copying package.xml -> /home/pere/GTI-3B-SBOCK/turtlebot3_ws/install/sbock_my_nav2_system/share/sbock_my_nav2_system
[0.944s] creating /home/pere/GTI-3B-SBOCK/turtlebot3_ws/install/sbock_my_nav2_system/share/sbock_my_nav2_system/config
[0.944s] copying config/my_map.pgm -> /home/pere/GTI-3B-SBOCK/turtlebot3_ws/install/sbock_my_nav2_system/share/sbock_my_nav2_system/config
[0.944s] copying config/project_params.yaml -> /home/pere/GTI-3B-SBOCK/turtlebot3_ws/install/sbock_my_nav2_system/share/sbock_my_nav2_system/config
[0.944s] copying config/nav2_params.yaml -> /home/pere/GTI-3B-SBOCK/turtlebot3_ws/install/sbock_my_nav2_system/share/sbock_my_nav2_system/config
[0.944s] copying config/my_map.yaml -> /home/pere/GTI-3B-SBOCK/turtlebot3_ws/install/sbock_my_nav2_system/share/sbock_my_nav2_system/config
[0.944s] copying config/my_slam.rviz -> /home/pere/GTI-3B-SBOCK/turtlebot3_ws/install/sbock_my_nav2_system/share/sbock_my_nav2_system/config
[0.945s] copying config/nav2_default_view_new.rviz -> /home/pere/GTI-3B-SBOCK/turtlebot3_ws/install/sbock_my_nav2_system/share/sbock_my_nav2_system/config
[0.945s] creating /home/pere/GTI-3B-SBOCK/turtlebot3_ws/install/sbock_my_nav2_system/share/sbock_my_nav2_system/launch
[0.945s] copying launch/my_tb3_sim_nav2.launch.py -> /home/pere/GTI-3B-SBOCK/turtlebot3_ws/install/sbock_my_nav2_system/share/sbock_my_nav2_system/launch
[0.945s] copying launch/my_nav2_system.launch.py -> /home/pere/GTI-3B-SBOCK/turtlebot3_ws/install/sbock_my_nav2_system/share/sbock_my_nav2_system/launch
[0.945s] copying launch/initial_pose.launch.py -> /home/pere/GTI-3B-SBOCK/turtlebot3_ws/install/sbock_my_nav2_system/share/sbock_my_nav2_system/launch
[0.945s] copying launch/nav_to_pose.launch.py -> /home/pere/GTI-3B-SBOCK/turtlebot3_ws/install/sbock_my_nav2_system/share/sbock_my_nav2_system/launch
[0.945s] copying config/navigate_w_replanning_and_recovery.xml -> /home/pere/GTI-3B-SBOCK/turtlebot3_ws/install/sbock_my_nav2_system/share/sbock_my_nav2_system/config
[0.945s] running install_egg_info
[0.947s] Copying ../../../build/sbock_my_nav2_system/sbock_my_nav2_system.egg-info to /home/pere/GTI-3B-SBOCK/turtlebot3_ws/install/sbock_my_nav2_system/lib/python3.8/site-packages/sbock_my_nav2_system-0.0.0-py3.8.egg-info
[0.948s] running install_scripts
[0.964s] Installing initialPose script to /home/pere/GTI-3B-SBOCK/turtlebot3_ws/install/sbock_my_nav2_system/lib/my_nav2_system
[0.964s] Installing nav_to_pose script to /home/pere/GTI-3B-SBOCK/turtlebot3_ws/install/sbock_my_nav2_system/lib/my_nav2_system
[0.964s] writing list of installed files to '/home/pere/GTI-3B-SBOCK/turtlebot3_ws/build/sbock_my_nav2_system/install.log'
[0.991s] Invoked command in '/home/pere/GTI-3B-SBOCK/turtlebot3_ws/src/sbock/sbock_my_nav2_system' returned '0': PS1=(rosenv) \[\e]0;\u@\h: \w\a\]${debian_chroot:+($debian_chroot)}\[\033[01;32m\]\u@\h\[\033[00m\]:\[\033[01;34m\]\w\[\033[00m\]\$ PYTHONPATH=/home/pere/GTI-3B-SBOCK/turtlebot3_ws/install/sbock_my_nav2_system/lib/python3.8/site-packages:${PYTHONPATH} /usr/bin/python3 setup.py egg_info --egg-base ../../../build/sbock_my_nav2_system build --build-base /home/pere/GTI-3B-SBOCK/turtlebot3_ws/build/sbock_my_nav2_system/build install --prefix /home/pere/GTI-3B-SBOCK/turtlebot3_ws/install/sbock_my_nav2_system --record /home/pere/GTI-3B-SBOCK/turtlebot3_ws/build/sbock_my_nav2_system/install.log --single-version-externally-managed
