[0.966s] Invoking command in '/home/aibes/GTI-3B-SBOCK/turtlebot3_ws/src/sbock/sbock_nav_position': PS1=(rosenv) \[\e]0;\u@\h: \w\a\]${debian_chroot:+($debian_chroot)}\[\033[01;32m\]\u@\h\[\033[00m\]:\[\033[01;34m\]\w\[\033[00m\]\$ PYTHONPATH=/home/aibes/GTI-3B-SBOCK/turtlebot3_ws/install/sbock_nav_position/lib/python3.8/site-packages:${PYTHONPATH} /usr/bin/python3 setup.py egg_info --egg-base ../../../build/sbock_nav_position build --build-base /home/aibes/GTI-3B-SBOCK/turtlebot3_ws/build/sbock_nav_position/build install --prefix /home/aibes/GTI-3B-SBOCK/turtlebot3_ws/install/sbock_nav_position --record /home/aibes/GTI-3B-SBOCK/turtlebot3_ws/build/sbock_nav_position/install.log --single-version-externally-managed
[1.295s] running egg_info
[1.296s] writing ../../../build/sbock_nav_position/sbock_nav_position.egg-info/PKG-INFO
[1.296s] writing dependency_links to ../../../build/sbock_nav_position/sbock_nav_position.egg-info/dependency_links.txt
[1.296s] writing entry points to ../../../build/sbock_nav_position/sbock_nav_position.egg-info/entry_points.txt
[1.297s] writing requirements to ../../../build/sbock_nav_position/sbock_nav_position.egg-info/requires.txt
[1.297s] writing top-level names to ../../../build/sbock_nav_position/sbock_nav_position.egg-info/top_level.txt
[1.359s] reading manifest file '../../../build/sbock_nav_position/sbock_nav_position.egg-info/SOURCES.txt'
[1.361s] writing manifest file '../../../build/sbock_nav_position/sbock_nav_position.egg-info/SOURCES.txt'
[1.362s] running build
[1.362s] running build_py
[1.362s] running install
[1.363s] running install_lib
[1.365s] running install_data
[1.366s] copying config/nav2_params.yaml -> /home/aibes/GTI-3B-SBOCK/turtlebot3_ws/install/sbock_nav_position/share/sbock_nav_position/config
[1.366s] copying config/project_params.yaml -> /home/aibes/GTI-3B-SBOCK/turtlebot3_ws/install/sbock_nav_position/share/sbock_nav_position/config
[1.367s] copying config/nav2_default_view_new.rviz -> /home/aibes/GTI-3B-SBOCK/turtlebot3_ws/install/sbock_nav_position/share/sbock_nav_position/config
[1.367s] running install_egg_info
[1.369s] removing '/home/aibes/GTI-3B-SBOCK/turtlebot3_ws/install/sbock_nav_position/lib/python3.8/site-packages/sbock_nav_position-0.0.0-py3.8.egg-info' (and everything under it)
[1.370s] Copying ../../../build/sbock_nav_position/sbock_nav_position.egg-info to /home/aibes/GTI-3B-SBOCK/turtlebot3_ws/install/sbock_nav_position/lib/python3.8/site-packages/sbock_nav_position-0.0.0-py3.8.egg-info
[1.371s] running install_scripts
[1.396s] Installing initial_pose_pub script to /home/aibes/GTI-3B-SBOCK/turtlebot3_ws/install/sbock_nav_position/lib/sbock_nav_position
[1.396s] Installing nav_to_pose script to /home/aibes/GTI-3B-SBOCK/turtlebot3_ws/install/sbock_nav_position/lib/sbock_nav_position
[1.396s] writing list of installed files to '/home/aibes/GTI-3B-SBOCK/turtlebot3_ws/build/sbock_nav_position/install.log'
[1.422s] Invoked command in '/home/aibes/GTI-3B-SBOCK/turtlebot3_ws/src/sbock/sbock_nav_position' returned '0': PS1=(rosenv) \[\e]0;\u@\h: \w\a\]${debian_chroot:+($debian_chroot)}\[\033[01;32m\]\u@\h\[\033[00m\]:\[\033[01;34m\]\w\[\033[00m\]\$ PYTHONPATH=/home/aibes/GTI-3B-SBOCK/turtlebot3_ws/install/sbock_nav_position/lib/python3.8/site-packages:${PYTHONPATH} /usr/bin/python3 setup.py egg_info --egg-base ../../../build/sbock_nav_position build --build-base /home/aibes/GTI-3B-SBOCK/turtlebot3_ws/build/sbock_nav_position/build install --prefix /home/aibes/GTI-3B-SBOCK/turtlebot3_ws/install/sbock_nav_position --record /home/aibes/GTI-3B-SBOCK/turtlebot3_ws/build/sbock_nav_position/install.log --single-version-externally-managed
