[0.087s] Invoking command in '/home/aibes/GTI-3B-SBOCK/turtlebot3_ws/build/my_world': CMAKE_PREFIX_PATH=${CMAKE_PREFIX_PATH}:/home/aibes/turtlebot3_ws/install/show_msg:/home/aibes/turtlebot3_ws/install/provide_map:/home/aibes/turtlebot3_ws/install/my_slam:/home/aibes/turtlebot3_ws/install/my_nav2_system:/home/aibes/turtlebot3_ws/install/my_first_subscriber:/home/aibes/turtlebot3_ws/install/my_first_service:/home/aibes/turtlebot3_ws/install/my_first_publisher:/home/aibes/turtlebot3_ws/install/my_first_node:/home/aibes/turtlebot3_ws/install/my_first_action:/opt/ros/foxy PS1=(rosenv) \[\e]0;\u@\h: \w\a\]${debian_chroot:+($debian_chroot)}\[\033[01;32m\]\u@\h\[\033[00m\]:\[\033[01;34m\]\w\[\033[00m\]\$ /usr/bin/cmake /home/aibes/GTI-3B-SBOCK/turtlebot3_ws/src/sbock/my_world -DCMAKE_INSTALL_PREFIX=/home/aibes/GTI-3B-SBOCK/turtlebot3_ws/install/my_world
[1.281s] -- The C compiler identification is GNU 9.4.0
[1.380s] -- The CXX compiler identification is GNU 9.4.0
[1.389s] -- Check for working C compiler: /usr/bin/cc
[1.494s] -- Check for working C compiler: /usr/bin/cc -- works
[1.497s] -- Detecting C compiler ABI info
[1.593s] -- Detecting C compiler ABI info - done
[1.617s] -- Detecting C compile features
[1.629s] -- Detecting C compile features - done
[1.635s] -- Check for working CXX compiler: /usr/bin/c++
[1.739s] -- Check for working CXX compiler: /usr/bin/c++ -- works
[1.741s] -- Detecting CXX compiler ABI info
[1.867s] -- Detecting CXX compiler ABI info - done
[1.928s] -- Detecting CXX compile features
[1.929s] -- Detecting CXX compile features - done
[1.983s] -- Found ament_cmake: 0.9.9 (/opt/ros/foxy/share/ament_cmake/cmake)
[2.031s] -- Found PythonInterp: /home/aibes/virtualenvs/rosenv/bin/python3 (found suitable version "3.8.10", minimum required is "3") 
[2.031s] -- Using PYTHON_EXECUTABLE: /home/aibes/virtualenvs/rosenv/bin/python3
[2.387s] -- Found PkgConfig: /usr/bin/pkg-config (found version "0.29.1") 
[2.394s] -- Checking for module 'bullet>=2.82'
[2.438s] --   Found bullet, version 2.88
[2.706s] -- Found ccd: /usr/include (found suitable version "2.0", minimum required is "2.0") 
[2.800s] -- Found fcl: /usr/include (found suitable version "0.5.0", minimum required is "0.3.2") 
[2.894s] -- Found assimp: /usr/include (found version "5.0.0") 
[3.018s] -- Found DART: /usr/include (Required is at least version "6.6") found components: dart 
[3.498s] -- Found Boost: /usr/lib/x86_64-linux-gnu/cmake/Boost-1.71.0/BoostConfig.cmake (found suitable version "1.71.0", minimum required is "1.40.0") found components: thread system filesystem program_options regex iostreams date_time 
[3.536s] -- Found Protobuf: /usr/lib/x86_64-linux-gnu/libprotobuf.so;-lpthread (found version "3.6.1") 
[3.546s] -- Looking for ignition-math6 -- found version 6.9.2
[3.557s] -- Searching for dependencies of ignition-math6
[3.559s] -- Looking for OGRE...
[3.560s] -- OGRE_PREFIX_WATCH changed.
[3.567s] -- Checking for module 'OGRE'
[3.611s] --   Found OGRE, version 1.9.0
[3.665s] -- Found Ogre Ghadamon (1.9.0)
[3.687s] -- Found OGRE: optimized;/usr/lib/x86_64-linux-gnu/libOgreMain.so;debug;/usr/lib/x86_64-linux-gnu/libOgreMain.so
[3.706s] -- Looking for OGRE_Paging...
[3.722s] -- Found OGRE_Paging: optimized;/usr/lib/x86_64-linux-gnu/libOgrePaging.so;debug;/usr/lib/x86_64-linux-gnu/libOgrePaging.so
[3.722s] -- Looking for OGRE_Terrain...
[3.740s] -- Found OGRE_Terrain: optimized;/usr/lib/x86_64-linux-gnu/libOgreTerrain.so;debug;/usr/lib/x86_64-linux-gnu/libOgreTerrain.so
[3.740s] -- Looking for OGRE_Property...
[3.761s] -- Found OGRE_Property: optimized;/usr/lib/x86_64-linux-gnu/libOgreProperty.so;debug;/usr/lib/x86_64-linux-gnu/libOgreProperty.so
[3.761s] -- Looking for OGRE_RTShaderSystem...
[3.778s] -- Found OGRE_RTShaderSystem: optimized;/usr/lib/x86_64-linux-gnu/libOgreRTShaderSystem.so;debug;/usr/lib/x86_64-linux-gnu/libOgreRTShaderSystem.so
[3.778s] -- Looking for OGRE_Volume...
[3.795s] -- Found OGRE_Volume: optimized;/usr/lib/x86_64-linux-gnu/libOgreVolume.so;debug;/usr/lib/x86_64-linux-gnu/libOgreVolume.so
[3.795s] -- Looking for OGRE_Overlay...
[3.824s] -- Found OGRE_Overlay: optimized;/usr/lib/x86_64-linux-gnu/libOgreOverlay.so;debug;/usr/lib/x86_64-linux-gnu/libOgreOverlay.so
[4.349s] -- Looking for ignition-math6 -- found version 6.9.2
[4.369s] -- Looking for ignition-transport8 -- found version 8.2.1
[4.370s] -- Searching for dependencies of ignition-transport8
[4.403s] -- Found Protobuf: /usr/lib/x86_64-linux-gnu/libprotobuf.so;-lpthread (found suitable version "3.6.1", minimum required is "3") 
[4.419s] -- Config-file not installed for ZeroMQ -- checking for pkg-config
[4.426s] -- Checking for module 'libzmq >= 4'
[4.453s] --   Found libzmq , version 4.3.2
[4.509s] -- Found ZeroMQ: TRUE (Required is at least version "4") 
[4.517s] -- Checking for module 'uuid'
[4.538s] --   Found uuid, version 2.34.0
[4.590s] -- Found UUID: TRUE  
[4.607s] -- Looking for ignition-msgs5 -- found version 5.8.1
[4.607s] -- Searching for dependencies of ignition-msgs5
[4.631s] -- Looking for ignition-math6 -- found version 6.9.2
[4.638s] -- Checking for module 'tinyxml2'
[4.668s] --   Found tinyxml2, version 6.2.0
[4.757s] -- Looking for ignition-msgs5 -- found version 5.8.1
[4.759s] -- Looking for ignition-common3 -- found version 3.14.0
[4.763s] -- Searching for dependencies of ignition-common3
[4.766s] -- Looking for dlfcn.h - found
[4.766s] -- Looking for libdl - found
[4.771s] -- Found DL: TRUE  
[4.779s] -- Searching for <ignition-common3> component [graphics]
[4.782s] -- Looking for ignition-common3-graphics -- found version 3.14.0
[4.782s] -- Searching for dependencies of ignition-common3-graphics
[4.783s] -- Looking for ignition-math6 -- found version 6.9.2
[4.792s] -- Looking for ignition-fuel_tools4 -- found version 4.4.0
[4.792s] -- Searching for dependencies of ignition-fuel_tools4
[5.035s] -- Found CURL: /usr/lib/x86_64-linux-gnu/libcurl.so (found version "7.68.0")  
[5.055s] -- Checking for module 'jsoncpp'
[5.078s] --   Found jsoncpp, version 1.7.4
[5.124s] -- Found JSONCPP: TRUE  
[5.132s] -- Checking for module 'libzip'
[5.154s] --   Found libzip, version 1.5.1
[5.203s] -- Found ZIP: TRUE  
[5.203s] -- Looking for ignition-common3 -- found version 3.14.0
[5.204s] -- Looking for ignition-math6 -- found version 6.9.2
[5.205s] -- Looking for ignition-msgs5 -- found version 5.8.1
[5.213s] -- Found gazebo_ros_pkgs: 3.5.3 (/opt/ros/foxy/share/gazebo_ros_pkgs/cmake)
[5.216s] -- Found geometry_msgs: 2.0.5 (/opt/ros/foxy/share/geometry_msgs/cmake)
[5.269s] -- Using all available rosidl_typesupport_c: rosidl_typesupport_fastrtps_c;rosidl_typesupport_introspection_c
[5.283s] -- Found rosidl_adapter: 1.2.1 (/opt/ros/foxy/share/rosidl_adapter/cmake)
[5.410s] -- Found OpenSSL: /usr/lib/x86_64-linux-gnu/libcrypto.so (found version "1.1.1f")  
[5.460s] -- Found FastRTPS: /opt/ros/foxy/include  
[5.594s] -- Using all available rosidl_typesupport_cpp: rosidl_typesupport_fastrtps_cpp;rosidl_typesupport_introspection_cpp
[5.759s] -- Found nav_msgs: 2.0.5 (/opt/ros/foxy/share/nav_msgs/cmake)
[5.910s] -- Found rclcpp: 2.4.1 (/opt/ros/foxy/share/rclcpp/cmake)
[5.991s] -- Found rmw_implementation_cmake: 1.0.3 (/opt/ros/foxy/share/rmw_implementation_cmake/cmake)
[5.995s] -- Using RMW implementation 'rmw_fastrtps_cpp' as default
[5.997s] -- Found Threads: TRUE  
[6.279s] -- Found sensor_msgs: 2.0.5 (/opt/ros/foxy/share/sensor_msgs/cmake)
[6.419s] -- Found tf2: 0.13.13 (/opt/ros/foxy/share/tf2/cmake)
[6.452s] -- Found turtlebot3_gazebo: 2.2.3 (/home/aibes/turtlebot3_ws/install/turtlebot3_gazebo/share/turtlebot3_gazebo/cmake)
[6.754s] -- Configuring done
[6.774s] -- Generating done
[6.779s] -- Build files have been written to: /home/aibes/GTI-3B-SBOCK/turtlebot3_ws/build/my_world
[6.795s] Invoked command in '/home/aibes/GTI-3B-SBOCK/turtlebot3_ws/build/my_world' returned '0': CMAKE_PREFIX_PATH=${CMAKE_PREFIX_PATH}:/home/aibes/turtlebot3_ws/install/show_msg:/home/aibes/turtlebot3_ws/install/provide_map:/home/aibes/turtlebot3_ws/install/my_slam:/home/aibes/turtlebot3_ws/install/my_nav2_system:/home/aibes/turtlebot3_ws/install/my_first_subscriber:/home/aibes/turtlebot3_ws/install/my_first_service:/home/aibes/turtlebot3_ws/install/my_first_publisher:/home/aibes/turtlebot3_ws/install/my_first_node:/home/aibes/turtlebot3_ws/install/my_first_action:/opt/ros/foxy PS1=(rosenv) \[\e]0;\u@\h: \w\a\]${debian_chroot:+($debian_chroot)}\[\033[01;32m\]\u@\h\[\033[00m\]:\[\033[01;34m\]\w\[\033[00m\]\$ /usr/bin/cmake /home/aibes/GTI-3B-SBOCK/turtlebot3_ws/src/sbock/my_world -DCMAKE_INSTALL_PREFIX=/home/aibes/GTI-3B-SBOCK/turtlebot3_ws/install/my_world
[6.797s] Invoking command in '/home/aibes/GTI-3B-SBOCK/turtlebot3_ws/build/my_world': CMAKE_PREFIX_PATH=${CMAKE_PREFIX_PATH}:/home/aibes/turtlebot3_ws/install/show_msg:/home/aibes/turtlebot3_ws/install/provide_map:/home/aibes/turtlebot3_ws/install/my_slam:/home/aibes/turtlebot3_ws/install/my_nav2_system:/home/aibes/turtlebot3_ws/install/my_first_subscriber:/home/aibes/turtlebot3_ws/install/my_first_service:/home/aibes/turtlebot3_ws/install/my_first_publisher:/home/aibes/turtlebot3_ws/install/my_first_node:/home/aibes/turtlebot3_ws/install/my_first_action:/opt/ros/foxy PS1=(rosenv) \[\e]0;\u@\h: \w\a\]${debian_chroot:+($debian_chroot)}\[\033[01;32m\]\u@\h\[\033[00m\]:\[\033[01;34m\]\w\[\033[00m\]\$ /usr/bin/cmake --build /home/aibes/GTI-3B-SBOCK/turtlebot3_ws/build/my_world -- -j4 -l4
[6.852s] [35m[1mScanning dependencies of target turtlebot3_drive[0m
[6.956s] [ 50%] [32mBuilding CXX object CMakeFiles/turtlebot3_drive.dir/src/turtlebot3_drive.cpp.o[0m
[24.464s] [100%] [32m[1mLinking CXX executable turtlebot3_drive[0m
[25.455s] [100%] Built target turtlebot3_drive
[25.495s] Invoked command in '/home/aibes/GTI-3B-SBOCK/turtlebot3_ws/build/my_world' returned '0': CMAKE_PREFIX_PATH=${CMAKE_PREFIX_PATH}:/home/aibes/turtlebot3_ws/install/show_msg:/home/aibes/turtlebot3_ws/install/provide_map:/home/aibes/turtlebot3_ws/install/my_slam:/home/aibes/turtlebot3_ws/install/my_nav2_system:/home/aibes/turtlebot3_ws/install/my_first_subscriber:/home/aibes/turtlebot3_ws/install/my_first_service:/home/aibes/turtlebot3_ws/install/my_first_publisher:/home/aibes/turtlebot3_ws/install/my_first_node:/home/aibes/turtlebot3_ws/install/my_first_action:/opt/ros/foxy PS1=(rosenv) \[\e]0;\u@\h: \w\a\]${debian_chroot:+($debian_chroot)}\[\033[01;32m\]\u@\h\[\033[00m\]:\[\033[01;34m\]\w\[\033[00m\]\$ /usr/bin/cmake --build /home/aibes/GTI-3B-SBOCK/turtlebot3_ws/build/my_world -- -j4 -l4
[25.693s] Invoking command in '/home/aibes/GTI-3B-SBOCK/turtlebot3_ws/build/my_world': CMAKE_PREFIX_PATH=${CMAKE_PREFIX_PATH}:/home/aibes/turtlebot3_ws/install/show_msg:/home/aibes/turtlebot3_ws/install/provide_map:/home/aibes/turtlebot3_ws/install/my_slam:/home/aibes/turtlebot3_ws/install/my_nav2_system:/home/aibes/turtlebot3_ws/install/my_first_subscriber:/home/aibes/turtlebot3_ws/install/my_first_service:/home/aibes/turtlebot3_ws/install/my_first_publisher:/home/aibes/turtlebot3_ws/install/my_first_node:/home/aibes/turtlebot3_ws/install/my_first_action:/opt/ros/foxy PS1=(rosenv) \[\e]0;\u@\h: \w\a\]${debian_chroot:+($debian_chroot)}\[\033[01;32m\]\u@\h\[\033[00m\]:\[\033[01;34m\]\w\[\033[00m\]\$ /usr/bin/cmake --install /home/aibes/GTI-3B-SBOCK/turtlebot3_ws/build/my_world
[25.721s] -- Install configuration: ""
[25.721s] -- Installing: /home/aibes/GTI-3B-SBOCK/turtlebot3_ws/install/my_world/lib/my_world/turtlebot3_drive
[25.726s] -- Set runtime path of "/home/aibes/GTI-3B-SBOCK/turtlebot3_ws/install/my_world/lib/my_world/turtlebot3_drive" to ""
[25.735s] -- Installing: /home/aibes/GTI-3B-SBOCK/turtlebot3_ws/install/my_world/share/my_world//launch
[25.735s] -- Installing: /home/aibes/GTI-3B-SBOCK/turtlebot3_ws/install/my_world/share/my_world//launch/turtlebot3_my_world.launch.py
[25.735s] -- Installing: /home/aibes/GTI-3B-SBOCK/turtlebot3_ws/install/my_world/share/my_world//models
[25.736s] -- Installing: /home/aibes/GTI-3B-SBOCK/turtlebot3_ws/install/my_world/share/my_world//models/turtlebot3_burger
[25.736s] -- Installing: /home/aibes/GTI-3B-SBOCK/turtlebot3_ws/install/my_world/share/my_world//models/turtlebot3_burger/model-1_4.sdf
[25.736s] -- Installing: /home/aibes/GTI-3B-SBOCK/turtlebot3_ws/install/my_world/share/my_world//models/turtlebot3_burger/model.config
[25.736s] -- Installing: /home/aibes/GTI-3B-SBOCK/turtlebot3_ws/install/my_world/share/my_world//models/turtlebot3_burger/meshes
[25.736s] -- Installing: /home/aibes/GTI-3B-SBOCK/turtlebot3_ws/install/my_world/share/my_world//models/turtlebot3_burger/meshes/lds.dae
[25.736s] -- Installing: /home/aibes/GTI-3B-SBOCK/turtlebot3_ws/install/my_world/share/my_world//models/turtlebot3_burger/meshes/burger_base.dae
[25.737s] -- Installing: /home/aibes/GTI-3B-SBOCK/turtlebot3_ws/install/my_world/share/my_world//models/turtlebot3_burger/meshes/tire.dae
[25.737s] -- Installing: /home/aibes/GTI-3B-SBOCK/turtlebot3_ws/install/my_world/share/my_world//models/turtlebot3_burger/model.sdf
[25.737s] -- Installing: /home/aibes/GTI-3B-SBOCK/turtlebot3_ws/install/my_world/share/my_world//models/my_world
[25.737s] -- Installing: /home/aibes/GTI-3B-SBOCK/turtlebot3_ws/install/my_world/share/my_world//models/my_world/model.config
[25.737s] -- Installing: /home/aibes/GTI-3B-SBOCK/turtlebot3_ws/install/my_world/share/my_world//models/my_world/model.sdf
[25.738s] -- Installing: /home/aibes/GTI-3B-SBOCK/turtlebot3_ws/install/my_world/share/my_world//world
[25.738s] -- Installing: /home/aibes/GTI-3B-SBOCK/turtlebot3_ws/install/my_world/share/my_world//world/burger.model
[25.738s] -- Installing: /home/aibes/GTI-3B-SBOCK/turtlebot3_ws/install/my_world/include/
[25.738s] -- Installing: /home/aibes/GTI-3B-SBOCK/turtlebot3_ws/install/my_world/include//my_world
[25.738s] -- Installing: /home/aibes/GTI-3B-SBOCK/turtlebot3_ws/install/my_world/include//my_world/archivo_relleno.txt
[25.739s] -- Installing: /home/aibes/GTI-3B-SBOCK/turtlebot3_ws/install/my_world/share/ament_index/resource_index/package_run_dependencies/my_world
[25.739s] -- Installing: /home/aibes/GTI-3B-SBOCK/turtlebot3_ws/install/my_world/share/ament_index/resource_index/parent_prefix_path/my_world
[25.739s] -- Installing: /home/aibes/GTI-3B-SBOCK/turtlebot3_ws/install/my_world/share/my_world/environment/ament_prefix_path.sh
[25.739s] -- Installing: /home/aibes/GTI-3B-SBOCK/turtlebot3_ws/install/my_world/share/my_world/environment/ament_prefix_path.dsv
[25.740s] -- Installing: /home/aibes/GTI-3B-SBOCK/turtlebot3_ws/install/my_world/share/my_world/environment/path.sh
[25.740s] -- Installing: /home/aibes/GTI-3B-SBOCK/turtlebot3_ws/install/my_world/share/my_world/environment/path.dsv
[25.740s] -- Installing: /home/aibes/GTI-3B-SBOCK/turtlebot3_ws/install/my_world/share/my_world/local_setup.bash
[25.740s] -- Installing: /home/aibes/GTI-3B-SBOCK/turtlebot3_ws/install/my_world/share/my_world/local_setup.sh
[25.740s] -- Installing: /home/aibes/GTI-3B-SBOCK/turtlebot3_ws/install/my_world/share/my_world/local_setup.zsh
[25.741s] -- Installing: /home/aibes/GTI-3B-SBOCK/turtlebot3_ws/install/my_world/share/my_world/local_setup.dsv
[25.741s] -- Installing: /home/aibes/GTI-3B-SBOCK/turtlebot3_ws/install/my_world/share/my_world/package.dsv
[25.741s] -- Installing: /home/aibes/GTI-3B-SBOCK/turtlebot3_ws/install/my_world/share/ament_index/resource_index/packages/my_world
[25.741s] -- Installing: /home/aibes/GTI-3B-SBOCK/turtlebot3_ws/install/my_world/share/my_world/cmake/ament_cmake_export_include_directories-extras.cmake
[25.742s] -- Installing: /home/aibes/GTI-3B-SBOCK/turtlebot3_ws/install/my_world/share/my_world/cmake/ament_cmake_export_dependencies-extras.cmake
[25.742s] -- Installing: /home/aibes/GTI-3B-SBOCK/turtlebot3_ws/install/my_world/share/my_world/cmake/my_worldConfig.cmake
[25.742s] -- Installing: /home/aibes/GTI-3B-SBOCK/turtlebot3_ws/install/my_world/share/my_world/cmake/my_worldConfig-version.cmake
[25.742s] -- Installing: /home/aibes/GTI-3B-SBOCK/turtlebot3_ws/install/my_world/share/my_world/package.xml
[25.763s] Invoked command in '/home/aibes/GTI-3B-SBOCK/turtlebot3_ws/build/my_world' returned '0': CMAKE_PREFIX_PATH=${CMAKE_PREFIX_PATH}:/home/aibes/turtlebot3_ws/install/show_msg:/home/aibes/turtlebot3_ws/install/provide_map:/home/aibes/turtlebot3_ws/install/my_slam:/home/aibes/turtlebot3_ws/install/my_nav2_system:/home/aibes/turtlebot3_ws/install/my_first_subscriber:/home/aibes/turtlebot3_ws/install/my_first_service:/home/aibes/turtlebot3_ws/install/my_first_publisher:/home/aibes/turtlebot3_ws/install/my_first_node:/home/aibes/turtlebot3_ws/install/my_first_action:/opt/ros/foxy PS1=(rosenv) \[\e]0;\u@\h: \w\a\]${debian_chroot:+($debian_chroot)}\[\033[01;32m\]\u@\h\[\033[00m\]:\[\033[01;34m\]\w\[\033[00m\]\$ /usr/bin/cmake --install /home/aibes/GTI-3B-SBOCK/turtlebot3_ws/build/my_world
