running egg_info
creating ../../../build/sbock_nav_position/sbock_nav_position.egg-info
writing ../../../build/sbock_nav_position/sbock_nav_position.egg-info/PKG-INFO
writing dependency_links to ../../../build/sbock_nav_position/sbock_nav_position.egg-info/dependency_links.txt
writing entry points to ../../../build/sbock_nav_position/sbock_nav_position.egg-info/entry_points.txt
writing requirements to ../../../build/sbock_nav_position/sbock_nav_position.egg-info/requires.txt
writing top-level names to ../../../build/sbock_nav_position/sbock_nav_position.egg-info/top_level.txt
writing manifest file '../../../build/sbock_nav_position/sbock_nav_position.egg-info/SOURCES.txt'
reading manifest file '../../../build/sbock_nav_position/sbock_nav_position.egg-info/SOURCES.txt'
writing manifest file '../../../build/sbock_nav_position/sbock_nav_position.egg-info/SOURCES.txt'
running build
running build_py
creating /home/ausiasbm/GTI-3B-SBOCK/turtlebot3_ws/build/sbock_nav_position/build
creating /home/ausiasbm/GTI-3B-SBOCK/turtlebot3_ws/build/sbock_nav_position/build/lib
creating /home/ausiasbm/GTI-3B-SBOCK/turtlebot3_ws/build/sbock_nav_position/build/lib/sbock_nav_position
copying sbock_nav_position/__init__.py -> /home/ausiasbm/GTI-3B-SBOCK/turtlebot3_ws/build/sbock_nav_position/build/lib/sbock_nav_position
copying sbock_nav_position/nav_to_pose.py -> /home/ausiasbm/GTI-3B-SBOCK/turtlebot3_ws/build/sbock_nav_position/build/lib/sbock_nav_position
running install
running install_lib
creating /home/ausiasbm/GTI-3B-SBOCK/turtlebot3_ws/install/sbock_nav_position/lib/python3.8/site-packages/sbock_nav_position
copying /home/ausiasbm/GTI-3B-SBOCK/turtlebot3_ws/build/sbock_nav_position/build/lib/sbock_nav_position/__init__.py -> /home/ausiasbm/GTI-3B-SBOCK/turtlebot3_ws/install/sbock_nav_position/lib/python3.8/site-packages/sbock_nav_position
copying /home/ausiasbm/GTI-3B-SBOCK/turtlebot3_ws/build/sbock_nav_position/build/lib/sbock_nav_position/nav_to_pose.py -> /home/ausiasbm/GTI-3B-SBOCK/turtlebot3_ws/install/sbock_nav_position/lib/python3.8/site-packages/sbock_nav_position
byte-compiling /home/ausiasbm/GTI-3B-SBOCK/turtlebot3_ws/install/sbock_nav_position/lib/python3.8/site-packages/sbock_nav_position/__init__.py to __init__.cpython-38.pyc
byte-compiling /home/ausiasbm/GTI-3B-SBOCK/turtlebot3_ws/install/sbock_nav_position/lib/python3.8/site-packages/sbock_nav_position/nav_to_pose.py to nav_to_pose.cpython-38.pyc
running install_data
creating /home/ausiasbm/GTI-3B-SBOCK/turtlebot3_ws/install/sbock_nav_position/share/ament_index
creating /home/ausiasbm/GTI-3B-SBOCK/turtlebot3_ws/install/sbock_nav_position/share/ament_index/resource_index
creating /home/ausiasbm/GTI-3B-SBOCK/turtlebot3_ws/install/sbock_nav_position/share/ament_index/resource_index/packages
copying resource/sbock_nav_position -> /home/ausiasbm/GTI-3B-SBOCK/turtlebot3_ws/install/sbock_nav_position/share/ament_index/resource_index/packages
copying package.xml -> /home/ausiasbm/GTI-3B-SBOCK/turtlebot3_ws/install/sbock_nav_position/share/sbock_nav_position
creating /home/ausiasbm/GTI-3B-SBOCK/turtlebot3_ws/install/sbock_nav_position/share/sbock_nav_position/launch
copying launch/sbock_nav_to_pose.launch.py -> /home/ausiasbm/GTI-3B-SBOCK/turtlebot3_ws/install/sbock_nav_position/share/sbock_nav_position/launch
copying launch/sbock_tb3_sim_nav2.launch.py -> /home/ausiasbm/GTI-3B-SBOCK/turtlebot3_ws/install/sbock_nav_position/share/sbock_nav_position/launch
creating /home/ausiasbm/GTI-3B-SBOCK/turtlebot3_ws/install/sbock_nav_position/share/sbock_nav_position/config
copying config/project_params.yaml -> /home/ausiasbm/GTI-3B-SBOCK/turtlebot3_ws/install/sbock_nav_position/share/sbock_nav_position/config
copying config/mapa_supermercado_real.yaml -> /home/ausiasbm/GTI-3B-SBOCK/turtlebot3_ws/install/sbock_nav_position/share/sbock_nav_position/config
copying config/mapa_real.yaml -> /home/ausiasbm/GTI-3B-SBOCK/turtlebot3_ws/install/sbock_nav_position/share/sbock_nav_position/config
copying config/nav2_params.yaml -> /home/ausiasbm/GTI-3B-SBOCK/turtlebot3_ws/install/sbock_nav_position/share/sbock_nav_position/config
copying config/my_map.yaml -> /home/ausiasbm/GTI-3B-SBOCK/turtlebot3_ws/install/sbock_nav_position/share/sbock_nav_position/config
copying config/my_map.pgm -> /home/ausiasbm/GTI-3B-SBOCK/turtlebot3_ws/install/sbock_nav_position/share/sbock_nav_position/config
copying config/mapa_real.pgm -> /home/ausiasbm/GTI-3B-SBOCK/turtlebot3_ws/install/sbock_nav_position/share/sbock_nav_position/config
copying config/mapa_supermercado_real.pgm -> /home/ausiasbm/GTI-3B-SBOCK/turtlebot3_ws/install/sbock_nav_position/share/sbock_nav_position/config
copying config/nav2_default_view_new.rviz -> /home/ausiasbm/GTI-3B-SBOCK/turtlebot3_ws/install/sbock_nav_position/share/sbock_nav_position/config
copying config/nav2_default_view.rviz -> /home/ausiasbm/GTI-3B-SBOCK/turtlebot3_ws/install/sbock_nav_position/share/sbock_nav_position/config
copying config/my_slam.rviz -> /home/ausiasbm/GTI-3B-SBOCK/turtlebot3_ws/install/sbock_nav_position/share/sbock_nav_position/config
copying config/navigate_w_replanning_and_recovery.xml -> /home/ausiasbm/GTI-3B-SBOCK/turtlebot3_ws/install/sbock_nav_position/share/sbock_nav_position/config
running install_egg_info
Copying ../../../build/sbock_nav_position/sbock_nav_position.egg-info to /home/ausiasbm/GTI-3B-SBOCK/turtlebot3_ws/install/sbock_nav_position/lib/python3.8/site-packages/sbock_nav_position-0.0.0-py3.8.egg-info
running install_scripts
Installing nav_to_pose script to /home/ausiasbm/GTI-3B-SBOCK/turtlebot3_ws/install/sbock_nav_position/lib/sbock_nav_position
writing list of installed files to '/home/ausiasbm/GTI-3B-SBOCK/turtlebot3_ws/build/sbock_nav_position/install.log'
