[0.621s] Invoking command in '/home/ausiasbm/GTI-3B-SBOCK/turtlebot3_ws/src/sbock/sbock_nav_position': PS1=\[\e]0;\u@\h: \w\a\]${debian_chroot:+($debian_chroot)}\[\033[01;32m\]\u@\h\[\033[00m\]:\[\033[01;34m\]\w\[\033[00m\]\$ PYTHONPATH=/home/ausiasbm/GTI-3B-SBOCK/turtlebot3_ws/install/sbock_nav_position/lib/python3.8/site-packages:${PYTHONPATH} /usr/bin/python3 setup.py egg_info --egg-base ../../../build/sbock_nav_position build --build-base /home/ausiasbm/GTI-3B-SBOCK/turtlebot3_ws/build/sbock_nav_position/build install --prefix /home/ausiasbm/GTI-3B-SBOCK/turtlebot3_ws/install/sbock_nav_position --record /home/ausiasbm/GTI-3B-SBOCK/turtlebot3_ws/build/sbock_nav_position/install.log --single-version-externally-managed
[0.739s] running egg_info
[0.739s] creating ../../../build/sbock_nav_position/sbock_nav_position.egg-info
[0.740s] writing ../../../build/sbock_nav_position/sbock_nav_position.egg-info/PKG-INFO
[0.740s] writing dependency_links to ../../../build/sbock_nav_position/sbock_nav_position.egg-info/dependency_links.txt
[0.740s] writing entry points to ../../../build/sbock_nav_position/sbock_nav_position.egg-info/entry_points.txt
[0.740s] writing requirements to ../../../build/sbock_nav_position/sbock_nav_position.egg-info/requires.txt
[0.740s] writing top-level names to ../../../build/sbock_nav_position/sbock_nav_position.egg-info/top_level.txt
[0.741s] writing manifest file '../../../build/sbock_nav_position/sbock_nav_position.egg-info/SOURCES.txt'
[0.759s] reading manifest file '../../../build/sbock_nav_position/sbock_nav_position.egg-info/SOURCES.txt'
[0.760s] writing manifest file '../../../build/sbock_nav_position/sbock_nav_position.egg-info/SOURCES.txt'
[0.760s] running build
[0.760s] running build_py
[0.760s] creating /home/ausiasbm/GTI-3B-SBOCK/turtlebot3_ws/build/sbock_nav_position/build
[0.760s] creating /home/ausiasbm/GTI-3B-SBOCK/turtlebot3_ws/build/sbock_nav_position/build/lib
[0.760s] creating /home/ausiasbm/GTI-3B-SBOCK/turtlebot3_ws/build/sbock_nav_position/build/lib/sbock_nav_position
[0.760s] copying sbock_nav_position/__init__.py -> /home/ausiasbm/GTI-3B-SBOCK/turtlebot3_ws/build/sbock_nav_position/build/lib/sbock_nav_position
[0.760s] copying sbock_nav_position/nav_to_pose.py -> /home/ausiasbm/GTI-3B-SBOCK/turtlebot3_ws/build/sbock_nav_position/build/lib/sbock_nav_position
[0.760s] running install
[0.761s] running install_lib
[0.761s] creating /home/ausiasbm/GTI-3B-SBOCK/turtlebot3_ws/install/sbock_nav_position/lib/python3.8/site-packages/sbock_nav_position
[0.761s] copying /home/ausiasbm/GTI-3B-SBOCK/turtlebot3_ws/build/sbock_nav_position/build/lib/sbock_nav_position/__init__.py -> /home/ausiasbm/GTI-3B-SBOCK/turtlebot3_ws/install/sbock_nav_position/lib/python3.8/site-packages/sbock_nav_position
[0.762s] copying /home/ausiasbm/GTI-3B-SBOCK/turtlebot3_ws/build/sbock_nav_position/build/lib/sbock_nav_position/nav_to_pose.py -> /home/ausiasbm/GTI-3B-SBOCK/turtlebot3_ws/install/sbock_nav_position/lib/python3.8/site-packages/sbock_nav_position
[0.762s] byte-compiling /home/ausiasbm/GTI-3B-SBOCK/turtlebot3_ws/install/sbock_nav_position/lib/python3.8/site-packages/sbock_nav_position/__init__.py to __init__.cpython-38.pyc
[0.763s] byte-compiling /home/ausiasbm/GTI-3B-SBOCK/turtlebot3_ws/install/sbock_nav_position/lib/python3.8/site-packages/sbock_nav_position/nav_to_pose.py to nav_to_pose.cpython-38.pyc
[0.763s] running install_data
[0.763s] creating /home/ausiasbm/GTI-3B-SBOCK/turtlebot3_ws/install/sbock_nav_position/share/ament_index
[0.764s] creating /home/ausiasbm/GTI-3B-SBOCK/turtlebot3_ws/install/sbock_nav_position/share/ament_index/resource_index
[0.764s] creating /home/ausiasbm/GTI-3B-SBOCK/turtlebot3_ws/install/sbock_nav_position/share/ament_index/resource_index/packages
[0.764s] copying resource/sbock_nav_position -> /home/ausiasbm/GTI-3B-SBOCK/turtlebot3_ws/install/sbock_nav_position/share/ament_index/resource_index/packages
[0.764s] copying package.xml -> /home/ausiasbm/GTI-3B-SBOCK/turtlebot3_ws/install/sbock_nav_position/share/sbock_nav_position
[0.764s] creating /home/ausiasbm/GTI-3B-SBOCK/turtlebot3_ws/install/sbock_nav_position/share/sbock_nav_position/launch
[0.764s] copying launch/sbock_nav_to_pose.launch.py -> /home/ausiasbm/GTI-3B-SBOCK/turtlebot3_ws/install/sbock_nav_position/share/sbock_nav_position/launch
[0.764s] copying launch/sbock_tb3_sim_nav2.launch.py -> /home/ausiasbm/GTI-3B-SBOCK/turtlebot3_ws/install/sbock_nav_position/share/sbock_nav_position/launch
[0.764s] creating /home/ausiasbm/GTI-3B-SBOCK/turtlebot3_ws/install/sbock_nav_position/share/sbock_nav_position/config
[0.764s] copying config/project_params.yaml -> /home/ausiasbm/GTI-3B-SBOCK/turtlebot3_ws/install/sbock_nav_position/share/sbock_nav_position/config
[0.764s] copying config/mapa_supermercado_real.yaml -> /home/ausiasbm/GTI-3B-SBOCK/turtlebot3_ws/install/sbock_nav_position/share/sbock_nav_position/config
[0.764s] copying config/mapa_real.yaml -> /home/ausiasbm/GTI-3B-SBOCK/turtlebot3_ws/install/sbock_nav_position/share/sbock_nav_position/config
[0.764s] copying config/nav2_params.yaml -> /home/ausiasbm/GTI-3B-SBOCK/turtlebot3_ws/install/sbock_nav_position/share/sbock_nav_position/config
[0.764s] copying config/my_map.yaml -> /home/ausiasbm/GTI-3B-SBOCK/turtlebot3_ws/install/sbock_nav_position/share/sbock_nav_position/config
[0.764s] copying config/my_map.pgm -> /home/ausiasbm/GTI-3B-SBOCK/turtlebot3_ws/install/sbock_nav_position/share/sbock_nav_position/config
[0.764s] copying config/mapa_real.pgm -> /home/ausiasbm/GTI-3B-SBOCK/turtlebot3_ws/install/sbock_nav_position/share/sbock_nav_position/config
[0.764s] copying config/mapa_supermercado_real.pgm -> /home/ausiasbm/GTI-3B-SBOCK/turtlebot3_ws/install/sbock_nav_position/share/sbock_nav_position/config
[0.764s] copying config/nav2_default_view_new.rviz -> /home/ausiasbm/GTI-3B-SBOCK/turtlebot3_ws/install/sbock_nav_position/share/sbock_nav_position/config
[0.764s] copying config/nav2_default_view.rviz -> /home/ausiasbm/GTI-3B-SBOCK/turtlebot3_ws/install/sbock_nav_position/share/sbock_nav_position/config
[0.764s] copying config/my_slam.rviz -> /home/ausiasbm/GTI-3B-SBOCK/turtlebot3_ws/install/sbock_nav_position/share/sbock_nav_position/config
[0.764s] copying config/navigate_w_replanning_and_recovery.xml -> /home/ausiasbm/GTI-3B-SBOCK/turtlebot3_ws/install/sbock_nav_position/share/sbock_nav_position/config
[0.764s] running install_egg_info
[0.765s] Copying ../../../build/sbock_nav_position/sbock_nav_position.egg-info to /home/ausiasbm/GTI-3B-SBOCK/turtlebot3_ws/install/sbock_nav_position/lib/python3.8/site-packages/sbock_nav_position-0.0.0-py3.8.egg-info
[0.766s] running install_scripts
[0.776s] Installing nav_to_pose script to /home/ausiasbm/GTI-3B-SBOCK/turtlebot3_ws/install/sbock_nav_position/lib/sbock_nav_position
[0.776s] writing list of installed files to '/home/ausiasbm/GTI-3B-SBOCK/turtlebot3_ws/build/sbock_nav_position/install.log'
[0.792s] Invoked command in '/home/ausiasbm/GTI-3B-SBOCK/turtlebot3_ws/src/sbock/sbock_nav_position' returned '0': PS1=\[\e]0;\u@\h: \w\a\]${debian_chroot:+($debian_chroot)}\[\033[01;32m\]\u@\h\[\033[00m\]:\[\033[01;34m\]\w\[\033[00m\]\$ PYTHONPATH=/home/ausiasbm/GTI-3B-SBOCK/turtlebot3_ws/install/sbock_nav_position/lib/python3.8/site-packages:${PYTHONPATH} /usr/bin/python3 setup.py egg_info --egg-base ../../../build/sbock_nav_position build --build-base /home/ausiasbm/GTI-3B-SBOCK/turtlebot3_ws/build/sbock_nav_position/build install --prefix /home/ausiasbm/GTI-3B-SBOCK/turtlebot3_ws/install/sbock_nav_position --record /home/ausiasbm/GTI-3B-SBOCK/turtlebot3_ws/build/sbock_nav_position/install.log --single-version-externally-managed
