[10.201s] Invoking command in '/home/marc/GTI-3B-SBOCK/turtlebot3_ws/src/provide_map': PS1=(rosenv) \[\e]0;\u@\h: \w\a\]${debian_chroot:+($debian_chroot)}\[\033[01;32m\]\u@\h\[\033[00m\]:\[\033[01;34m\]\w\[\033[00m\]\$ PYTHONPATH=/home/marc/GTI-3B-SBOCK/turtlebot3_ws/install/provide_map/lib/python3.8/site-packages:${PYTHONPATH} /usr/bin/python3 setup.py egg_info --egg-base ../../build/provide_map build --build-base /home/marc/GTI-3B-SBOCK/turtlebot3_ws/build/provide_map/build install --prefix /home/marc/GTI-3B-SBOCK/turtlebot3_ws/install/provide_map --record /home/marc/GTI-3B-SBOCK/turtlebot3_ws/build/provide_map/install.log --single-version-externally-managed
[11.684s] running egg_info
[11.691s] creating ../../build/provide_map/provide_map.egg-info
[11.697s] writing ../../build/provide_map/provide_map.egg-info/PKG-INFO
[11.699s] writing dependency_links to ../../build/provide_map/provide_map.egg-info/dependency_links.txt
[11.711s] writing entry points to ../../build/provide_map/provide_map.egg-info/entry_points.txt
[11.712s] writing requirements to ../../build/provide_map/provide_map.egg-info/requires.txt
[11.713s] writing top-level names to ../../build/provide_map/provide_map.egg-info/top_level.txt
[11.884s] writing manifest file '../../build/provide_map/provide_map.egg-info/SOURCES.txt'
[12.472s] reading manifest file '../../build/provide_map/provide_map.egg-info/SOURCES.txt'
[12.481s] writing manifest file '../../build/provide_map/provide_map.egg-info/SOURCES.txt'
[12.483s] running build
[12.494s] running build_py
[12.498s] creating /home/marc/GTI-3B-SBOCK/turtlebot3_ws/build/provide_map/build
[12.498s] creating /home/marc/GTI-3B-SBOCK/turtlebot3_ws/build/provide_map/build/lib
[12.499s] creating /home/marc/GTI-3B-SBOCK/turtlebot3_ws/build/provide_map/build/lib/provide_map
[12.499s] copying provide_map/__init__.py -> /home/marc/GTI-3B-SBOCK/turtlebot3_ws/build/provide_map/build/lib/provide_map
[12.506s] running install
[12.517s] running install_lib
[12.531s] creating /home/marc/GTI-3B-SBOCK/turtlebot3_ws/install/provide_map/lib/python3.8/site-packages/provide_map
[12.539s] copying /home/marc/GTI-3B-SBOCK/turtlebot3_ws/build/provide_map/build/lib/provide_map/__init__.py -> /home/marc/GTI-3B-SBOCK/turtlebot3_ws/install/provide_map/lib/python3.8/site-packages/provide_map
[12.547s] byte-compiling /home/marc/GTI-3B-SBOCK/turtlebot3_ws/install/provide_map/lib/python3.8/site-packages/provide_map/__init__.py to __init__.cpython-38.pyc
[12.568s] running install_data
[12.579s] creating /home/marc/GTI-3B-SBOCK/turtlebot3_ws/install/provide_map/share/ament_index
[12.583s] creating /home/marc/GTI-3B-SBOCK/turtlebot3_ws/install/provide_map/share/ament_index/resource_index
[12.583s] creating /home/marc/GTI-3B-SBOCK/turtlebot3_ws/install/provide_map/share/ament_index/resource_index/packages
[12.584s] copying resource/provide_map -> /home/marc/GTI-3B-SBOCK/turtlebot3_ws/install/provide_map/share/ament_index/resource_index/packages
[12.587s] copying package.xml -> /home/marc/GTI-3B-SBOCK/turtlebot3_ws/install/provide_map/share/provide_map
[12.587s] creating /home/marc/GTI-3B-SBOCK/turtlebot3_ws/install/provide_map/share/provide_map/map
[12.599s] copying map/my_map.pgm -> /home/marc/GTI-3B-SBOCK/turtlebot3_ws/install/provide_map/share/provide_map/map
[12.600s] copying map/my_map.yaml -> /home/marc/GTI-3B-SBOCK/turtlebot3_ws/install/provide_map/share/provide_map/map
[12.601s] creating /home/marc/GTI-3B-SBOCK/turtlebot3_ws/install/provide_map/share/provide_map/rviz
[12.603s] copying rviz/my_slam.rviz -> /home/marc/GTI-3B-SBOCK/turtlebot3_ws/install/provide_map/share/provide_map/rviz
[12.603s] creating /home/marc/GTI-3B-SBOCK/turtlebot3_ws/install/provide_map/share/provide_map/launch
[12.615s] copying launch/provide_map.launch.py -> /home/marc/GTI-3B-SBOCK/turtlebot3_ws/install/provide_map/share/provide_map/launch
[12.615s] running install_egg_info
[12.648s] Copying ../../build/provide_map/provide_map.egg-info to /home/marc/GTI-3B-SBOCK/turtlebot3_ws/install/provide_map/lib/python3.8/site-packages/provide_map-0.0.0-py3.8.egg-info
[12.667s] running install_scripts
[12.902s] writing list of installed files to '/home/marc/GTI-3B-SBOCK/turtlebot3_ws/build/provide_map/install.log'
[13.163s] Invoked command in '/home/marc/GTI-3B-SBOCK/turtlebot3_ws/src/provide_map' returned '0': PS1=(rosenv) \[\e]0;\u@\h: \w\a\]${debian_chroot:+($debian_chroot)}\[\033[01;32m\]\u@\h\[\033[00m\]:\[\033[01;34m\]\w\[\033[00m\]\$ PYTHONPATH=/home/marc/GTI-3B-SBOCK/turtlebot3_ws/install/provide_map/lib/python3.8/site-packages:${PYTHONPATH} /usr/bin/python3 setup.py egg_info --egg-base ../../build/provide_map build --build-base /home/marc/GTI-3B-SBOCK/turtlebot3_ws/build/provide_map/build install --prefix /home/marc/GTI-3B-SBOCK/turtlebot3_ws/install/provide_map --record /home/marc/GTI-3B-SBOCK/turtlebot3_ws/build/provide_map/install.log --single-version-externally-managed
