[2.601s] Invoking command in '/home/aibes/GTI-3B-SBOCK/turtlebot3_ws/src/sbock/sbock_nav_route': PS1=(rosenv) \[\e]0;\u@\h: \w\a\]${debian_chroot:+($debian_chroot)}\[\033[01;32m\]\u@\h\[\033[00m\]:\[\033[01;34m\]\w\[\033[00m\]\$ PYTHONPATH=/home/aibes/GTI-3B-SBOCK/turtlebot3_ws/install/sbock_nav_route/lib/python3.8/site-packages:${PYTHONPATH} /usr/bin/python3 setup.py egg_info --egg-base ../../../build/sbock_nav_route build --build-base /home/aibes/GTI-3B-SBOCK/turtlebot3_ws/build/sbock_nav_route/build install --prefix /home/aibes/GTI-3B-SBOCK/turtlebot3_ws/install/sbock_nav_route --record /home/aibes/GTI-3B-SBOCK/turtlebot3_ws/build/sbock_nav_route/install.log --single-version-externally-managed
[3.094s] running egg_info
[3.095s] creating ../../../build/sbock_nav_route/sbock_nav_route.egg-info
[3.095s] writing ../../../build/sbock_nav_route/sbock_nav_route.egg-info/PKG-INFO
[3.095s] writing dependency_links to ../../../build/sbock_nav_route/sbock_nav_route.egg-info/dependency_links.txt
[3.095s] writing entry points to ../../../build/sbock_nav_route/sbock_nav_route.egg-info/entry_points.txt
[3.096s] writing requirements to ../../../build/sbock_nav_route/sbock_nav_route.egg-info/requires.txt
[3.096s] writing top-level names to ../../../build/sbock_nav_route/sbock_nav_route.egg-info/top_level.txt
[3.096s] writing manifest file '../../../build/sbock_nav_route/sbock_nav_route.egg-info/SOURCES.txt'
[3.160s] reading manifest file '../../../build/sbock_nav_route/sbock_nav_route.egg-info/SOURCES.txt'
[3.160s] writing manifest file '../../../build/sbock_nav_route/sbock_nav_route.egg-info/SOURCES.txt'
[3.160s] running build
[3.160s] running build_py
[3.160s] creating /home/aibes/GTI-3B-SBOCK/turtlebot3_ws/build/sbock_nav_route/build
[3.160s] creating /home/aibes/GTI-3B-SBOCK/turtlebot3_ws/build/sbock_nav_route/build/lib
[3.161s] creating /home/aibes/GTI-3B-SBOCK/turtlebot3_ws/build/sbock_nav_route/build/lib/sbock_nav_route
[3.161s] copying sbock_nav_route/__init__.py -> /home/aibes/GTI-3B-SBOCK/turtlebot3_ws/build/sbock_nav_route/build/lib/sbock_nav_route
[3.161s] copying sbock_nav_route/prova.py -> /home/aibes/GTI-3B-SBOCK/turtlebot3_ws/build/sbock_nav_route/build/lib/sbock_nav_route
[3.162s] running install
[3.162s] running install_lib
[3.163s] creating /home/aibes/GTI-3B-SBOCK/turtlebot3_ws/install/sbock_nav_route/lib/python3.8/site-packages/sbock_nav_route
[3.164s] copying /home/aibes/GTI-3B-SBOCK/turtlebot3_ws/build/sbock_nav_route/build/lib/sbock_nav_route/__init__.py -> /home/aibes/GTI-3B-SBOCK/turtlebot3_ws/install/sbock_nav_route/lib/python3.8/site-packages/sbock_nav_route
[3.164s] copying /home/aibes/GTI-3B-SBOCK/turtlebot3_ws/build/sbock_nav_route/build/lib/sbock_nav_route/prova.py -> /home/aibes/GTI-3B-SBOCK/turtlebot3_ws/install/sbock_nav_route/lib/python3.8/site-packages/sbock_nav_route
[3.165s] byte-compiling /home/aibes/GTI-3B-SBOCK/turtlebot3_ws/install/sbock_nav_route/lib/python3.8/site-packages/sbock_nav_route/__init__.py to __init__.cpython-38.pyc
[3.167s] byte-compiling /home/aibes/GTI-3B-SBOCK/turtlebot3_ws/install/sbock_nav_route/lib/python3.8/site-packages/sbock_nav_route/prova.py to prova.cpython-38.pyc
[3.169s] running install_data
[3.170s] creating /home/aibes/GTI-3B-SBOCK/turtlebot3_ws/install/sbock_nav_route/share/ament_index
[3.170s] creating /home/aibes/GTI-3B-SBOCK/turtlebot3_ws/install/sbock_nav_route/share/ament_index/resource_index
[3.170s] creating /home/aibes/GTI-3B-SBOCK/turtlebot3_ws/install/sbock_nav_route/share/ament_index/resource_index/packages
[3.170s] copying resource/sbock_nav_route -> /home/aibes/GTI-3B-SBOCK/turtlebot3_ws/install/sbock_nav_route/share/ament_index/resource_index/packages
[3.174s] copying package.xml -> /home/aibes/GTI-3B-SBOCK/turtlebot3_ws/install/sbock_nav_route/share/sbock_nav_route
[3.174s] creating /home/aibes/GTI-3B-SBOCK/turtlebot3_ws/install/sbock_nav_route/share/sbock_nav_route/config
[3.175s] copying config/my_map.pgm -> /home/aibes/GTI-3B-SBOCK/turtlebot3_ws/install/sbock_nav_route/share/sbock_nav_route/config
[3.175s] copying config/my_map.yaml -> /home/aibes/GTI-3B-SBOCK/turtlebot3_ws/install/sbock_nav_route/share/sbock_nav_route/config
[3.175s] copying config/nav2_params.yaml -> /home/aibes/GTI-3B-SBOCK/turtlebot3_ws/install/sbock_nav_route/share/sbock_nav_route/config
[3.175s] copying config/project_params.yaml -> /home/aibes/GTI-3B-SBOCK/turtlebot3_ws/install/sbock_nav_route/share/sbock_nav_route/config
[3.175s] creating /home/aibes/GTI-3B-SBOCK/turtlebot3_ws/install/sbock_nav_route/share/sbock_nav_route/rviz
[3.175s] creating /home/aibes/GTI-3B-SBOCK/turtlebot3_ws/install/sbock_nav_route/share/sbock_nav_route/launch
[3.176s] copying launch/sbock_tb3_route_nav.launch.py -> /home/aibes/GTI-3B-SBOCK/turtlebot3_ws/install/sbock_nav_route/share/sbock_nav_route/launch
[3.176s] copying launch/prova.launch.py -> /home/aibes/GTI-3B-SBOCK/turtlebot3_ws/install/sbock_nav_route/share/sbock_nav_route/launch
[3.179s] copying config/navigate_w_replanning_and_recovery.xml -> /home/aibes/GTI-3B-SBOCK/turtlebot3_ws/install/sbock_nav_route/share/sbock_nav_route/config
[3.180s] copying config/navigate_through_poses_w_replanning_and_recovery.xml -> /home/aibes/GTI-3B-SBOCK/turtlebot3_ws/install/sbock_nav_route/share/sbock_nav_route/config
[3.180s] running install_egg_info
[3.181s] Copying ../../../build/sbock_nav_route/sbock_nav_route.egg-info to /home/aibes/GTI-3B-SBOCK/turtlebot3_ws/install/sbock_nav_route/lib/python3.8/site-packages/sbock_nav_route-0.0.0-py3.8.egg-info
[3.181s] running install_scripts
[3.212s] Installing route script to /home/aibes/GTI-3B-SBOCK/turtlebot3_ws/install/sbock_nav_route/lib/sbock_nav_route
[3.212s] writing list of installed files to '/home/aibes/GTI-3B-SBOCK/turtlebot3_ws/build/sbock_nav_route/install.log'
[3.261s] Invoked command in '/home/aibes/GTI-3B-SBOCK/turtlebot3_ws/src/sbock/sbock_nav_route' returned '0': PS1=(rosenv) \[\e]0;\u@\h: \w\a\]${debian_chroot:+($debian_chroot)}\[\033[01;32m\]\u@\h\[\033[00m\]:\[\033[01;34m\]\w\[\033[00m\]\$ PYTHONPATH=/home/aibes/GTI-3B-SBOCK/turtlebot3_ws/install/sbock_nav_route/lib/python3.8/site-packages:${PYTHONPATH} /usr/bin/python3 setup.py egg_info --egg-base ../../../build/sbock_nav_route build --build-base /home/aibes/GTI-3B-SBOCK/turtlebot3_ws/build/sbock_nav_route/build install --prefix /home/aibes/GTI-3B-SBOCK/turtlebot3_ws/install/sbock_nav_route --record /home/aibes/GTI-3B-SBOCK/turtlebot3_ws/build/sbock_nav_route/install.log --single-version-externally-managed
