[0.036s] Invoking command in '/home/pere/GTI-3B-SBOCK/turtlebot3_ws/build/my_world': CMAKE_PREFIX_PATH=${CMAKE_PREFIX_PATH}:/home/pere/GTI-3B-SBOCK/turtlebot3_ws/install/my_first_publisher:/home/pere/GTI-3B-SBOCK/turtlebot3_ws/install/my_first_node:/opt/ros/foxy PS1=(rosenv) \[\e]0;\u@\h: \w\a\]${debian_chroot:+($debian_chroot)}\[\033[01;32m\]\u@\h\[\033[00m\]:\[\033[01;34m\]\w\[\033[00m\]\$ /usr/bin/cmake /home/pere/GTI-3B-SBOCK/turtlebot3_ws/src/my_world -DCMAKE_INSTALL_PREFIX=/home/pere/GTI-3B-SBOCK/turtlebot3_ws/install/my_world
[0.128s] -- The C compiler identification is GNU 9.4.0
[0.208s] -- The CXX compiler identification is GNU 9.4.0
[0.214s] -- Check for working C compiler: /usr/bin/cc
[0.301s] -- Check for working C compiler: /usr/bin/cc -- works
[0.302s] -- Detecting C compiler ABI info
[0.408s] -- Detecting C compiler ABI info - done
[0.429s] -- Detecting C compile features
[0.429s] -- Detecting C compile features - done
[0.433s] -- Check for working CXX compiler: /usr/bin/c++
[0.543s] -- Check for working CXX compiler: /usr/bin/c++ -- works
[0.544s] -- Detecting CXX compiler ABI info
[0.661s] -- Detecting CXX compiler ABI info - done
[0.685s] -- Detecting CXX compile features
[0.686s] -- Detecting CXX compile features - done
[0.690s] -- Found ament_cmake: 0.9.9 (/opt/ros/foxy/share/ament_cmake/cmake)
[0.720s] -- Found PythonInterp: /usr/bin/python3 (found suitable version "3.8.10", minimum required is "3") 
[0.721s] -- Using PYTHON_EXECUTABLE: /usr/bin/python3
[0.943s] -- Found PkgConfig: /usr/bin/pkg-config (found version "0.29.1") 
[0.948s] -- Checking for module 'bullet>=2.82'
[0.966s] --   Found bullet, version 2.88
[1.120s] -- Found ccd: /usr/include (found suitable version "2.0", minimum required is "2.0") 
[1.207s] -- Found fcl: /usr/include (found suitable version "0.5.0", minimum required is "0.3.2") 
[1.281s] -- Found assimp: /usr/include (found version "5.0.0") 
[1.321s] -- Found DART: /usr/include (Required is at least version "6.6") found components: dart 
[1.763s] -- Found Boost: /usr/lib/x86_64-linux-gnu/cmake/Boost-1.71.0/BoostConfig.cmake (found suitable version "1.71.0", minimum required is "1.40.0") found components: thread system filesystem program_options regex iostreams date_time 
[1.806s] -- Found Protobuf: /usr/lib/x86_64-linux-gnu/libprotobuf.so;-lpthread (found version "3.6.1") 
[1.812s] -- Looking for ignition-math6 -- found version 6.9.2
[1.819s] -- Searching for dependencies of ignition-math6
[1.822s] -- Looking for OGRE...
[1.823s] -- OGRE_PREFIX_WATCH changed.
[1.829s] -- Checking for module 'OGRE'
[1.854s] --   Found OGRE, version 1.9.0
[1.905s] -- Found Ogre Ghadamon (1.9.0)
[1.917s] -- Found OGRE: optimized;/usr/lib/x86_64-linux-gnu/libOgreMain.so;debug;/usr/lib/x86_64-linux-gnu/libOgreMain.so
[1.931s] -- Looking for OGRE_Paging...
[1.940s] -- Found OGRE_Paging: optimized;/usr/lib/x86_64-linux-gnu/libOgrePaging.so;debug;/usr/lib/x86_64-linux-gnu/libOgrePaging.so
[1.940s] -- Looking for OGRE_Terrain...
[1.952s] -- Found OGRE_Terrain: optimized;/usr/lib/x86_64-linux-gnu/libOgreTerrain.so;debug;/usr/lib/x86_64-linux-gnu/libOgreTerrain.so
[1.953s] -- Looking for OGRE_Property...
[1.968s] -- Found OGRE_Property: optimized;/usr/lib/x86_64-linux-gnu/libOgreProperty.so;debug;/usr/lib/x86_64-linux-gnu/libOgreProperty.so
[1.968s] -- Looking for OGRE_RTShaderSystem...
[1.983s] -- Found OGRE_RTShaderSystem: optimized;/usr/lib/x86_64-linux-gnu/libOgreRTShaderSystem.so;debug;/usr/lib/x86_64-linux-gnu/libOgreRTShaderSystem.so
[1.983s] -- Looking for OGRE_Volume...
[1.994s] -- Found OGRE_Volume: optimized;/usr/lib/x86_64-linux-gnu/libOgreVolume.so;debug;/usr/lib/x86_64-linux-gnu/libOgreVolume.so
[1.994s] -- Looking for OGRE_Overlay...
[2.002s] -- Found OGRE_Overlay: optimized;/usr/lib/x86_64-linux-gnu/libOgreOverlay.so;debug;/usr/lib/x86_64-linux-gnu/libOgreOverlay.so
[2.200s] -- Looking for ignition-math6 -- found version 6.9.2
[2.203s] -- Looking for ignition-transport8 -- found version 8.2.1
[2.204s] -- Searching for dependencies of ignition-transport8
[2.232s] -- Found Protobuf: /usr/lib/x86_64-linux-gnu/libprotobuf.so;-lpthread (found suitable version "3.6.1", minimum required is "3") 
[2.250s] -- Config-file not installed for ZeroMQ -- checking for pkg-config
[2.257s] -- Checking for module 'libzmq >= 4'
[2.283s] --   Found libzmq , version 4.3.2
[2.350s] -- Found ZeroMQ: TRUE (Required is at least version "4") 
[2.360s] -- Checking for module 'uuid'
[2.386s] --   Found uuid, version 2.34.0
[2.454s] -- Found UUID: TRUE  
[2.457s] -- Looking for ignition-msgs5 -- found version 5.8.1
[2.458s] -- Searching for dependencies of ignition-msgs5
[2.488s] -- Looking for ignition-math6 -- found version 6.9.2
[2.496s] -- Checking for module 'tinyxml2'
[2.521s] --   Found tinyxml2, version 6.2.0
[2.596s] -- Looking for ignition-msgs5 -- found version 5.8.1
[2.599s] -- Looking for ignition-common3 -- found version 3.14.0
[2.600s] -- Searching for dependencies of ignition-common3
[2.601s] -- Looking for dlfcn.h - found
[2.603s] -- Looking for libdl - found
[2.606s] -- Found DL: TRUE  
[2.619s] -- Searching for <ignition-common3> component [graphics]
[2.623s] -- Looking for ignition-common3-graphics -- found version 3.14.0
[2.624s] -- Searching for dependencies of ignition-common3-graphics
[2.625s] -- Looking for ignition-math6 -- found version 6.9.2
[2.630s] -- Looking for ignition-fuel_tools4 -- found version 4.4.0
[2.631s] -- Searching for dependencies of ignition-fuel_tools4
[2.745s] -- Found CURL: /usr/lib/x86_64-linux-gnu/libcurl.so (found version "7.68.0")  
[2.755s] -- Checking for module 'jsoncpp'
[2.776s] --   Found jsoncpp, version 1.7.4
[2.842s] -- Found JSONCPP: TRUE  
[2.854s] -- Checking for module 'libzip'
[2.888s] --   Found libzip, version 1.5.1
[2.972s] -- Found ZIP: TRUE  
[2.972s] -- Looking for ignition-common3 -- found version 3.14.0
[2.973s] -- Looking for ignition-math6 -- found version 6.9.2
[2.976s] -- Looking for ignition-msgs5 -- found version 5.8.1
[2.979s] -- Found gazebo_ros_pkgs: 3.5.3 (/opt/ros/foxy/share/gazebo_ros_pkgs/cmake)
[2.981s] -- Found geometry_msgs: 2.0.5 (/opt/ros/foxy/share/geometry_msgs/cmake)
[3.027s] -- Using all available rosidl_typesupport_c: rosidl_typesupport_fastrtps_c;rosidl_typesupport_introspection_c
[3.040s] -- Found rosidl_adapter: 1.2.1 (/opt/ros/foxy/share/rosidl_adapter/cmake)
[3.206s] -- Found OpenSSL: /usr/lib/x86_64-linux-gnu/libcrypto.so (found version "1.1.1f")  
[3.252s] -- Found FastRTPS: /opt/ros/foxy/include  
[3.412s] -- Using all available rosidl_typesupport_cpp: rosidl_typesupport_fastrtps_cpp;rosidl_typesupport_introspection_cpp
[3.651s] -- Found nav_msgs: 2.0.5 (/opt/ros/foxy/share/nav_msgs/cmake)
[3.814s] -- Found rclcpp: 2.4.1 (/opt/ros/foxy/share/rclcpp/cmake)
[3.909s] -- Found rmw_implementation_cmake: 1.0.3 (/opt/ros/foxy/share/rmw_implementation_cmake/cmake)
[3.916s] -- Using RMW implementation 'rmw_fastrtps_cpp' as default
[3.919s] -- Found Threads: TRUE  
[4.291s] -- Found sensor_msgs: 2.0.5 (/opt/ros/foxy/share/sensor_msgs/cmake)
[4.453s] -- Found tf2: 0.13.13 (/opt/ros/foxy/share/tf2/cmake)
[4.503s] CMake Error at CMakeLists.txt:30 (find_package):
[4.504s]   By not providing "Findturtlebot3_gazebo.cmake" in CMAKE_MODULE_PATH this
[4.504s]   project has asked CMake to find a package configuration file provided by
[4.504s]   "turtlebot3_gazebo", but CMake did not find one.
[4.504s] 
[4.505s]   Could not find a package configuration file provided by "turtlebot3_gazebo"
[4.505s]   with any of the following names:
[4.505s] 
[4.505s]     turtlebot3_gazeboConfig.cmake
[4.505s]     turtlebot3_gazebo-config.cmake
[4.506s] 
[4.506s]   Add the installation prefix of "turtlebot3_gazebo" to CMAKE_PREFIX_PATH or
[4.506s]   set "turtlebot3_gazebo_DIR" to a directory containing one of the above
[4.506s]   files.  If "turtlebot3_gazebo" provides a separate development package or
[4.506s]   SDK, be sure it has been installed.
[4.507s] 
[4.507s] 
[4.511s] -- Configuring incomplete, errors occurred!
[4.511s] See also "/home/pere/GTI-3B-SBOCK/turtlebot3_ws/build/my_world/CMakeFiles/CMakeOutput.log".
[4.512s] See also "/home/pere/GTI-3B-SBOCK/turtlebot3_ws/build/my_world/CMakeFiles/CMakeError.log".
[4.536s] Invoked command in '/home/pere/GTI-3B-SBOCK/turtlebot3_ws/build/my_world' returned '1': CMAKE_PREFIX_PATH=${CMAKE_PREFIX_PATH}:/home/pere/GTI-3B-SBOCK/turtlebot3_ws/install/my_first_publisher:/home/pere/GTI-3B-SBOCK/turtlebot3_ws/install/my_first_node:/opt/ros/foxy PS1=(rosenv) \[\e]0;\u@\h: \w\a\]${debian_chroot:+($debian_chroot)}\[\033[01;32m\]\u@\h\[\033[00m\]:\[\033[01;34m\]\w\[\033[00m\]\$ /usr/bin/cmake /home/pere/GTI-3B-SBOCK/turtlebot3_ws/src/my_world -DCMAKE_INSTALL_PREFIX=/home/pere/GTI-3B-SBOCK/turtlebot3_ws/install/my_world
