[1.404s] Invoking command in '/home/aibes/GTI-3B-SBOCK/turtlebot3_ws/src/sbock/sbock_position_publisher': PS1=(rosenv) \[\e]0;\u@\h: \w\a\]${debian_chroot:+($debian_chroot)}\[\033[01;32m\]\u@\h\[\033[00m\]:\[\033[01;34m\]\w\[\033[00m\]\$ PYTHONPATH=/home/aibes/GTI-3B-SBOCK/turtlebot3_ws/install/sbock_position_publisher/lib/python3.8/site-packages:${PYTHONPATH} /usr/bin/python3 setup.py egg_info --egg-base ../../../build/sbock_position_publisher build --build-base /home/aibes/GTI-3B-SBOCK/turtlebot3_ws/build/sbock_position_publisher/build install --prefix /home/aibes/GTI-3B-SBOCK/turtlebot3_ws/install/sbock_position_publisher --record /home/aibes/GTI-3B-SBOCK/turtlebot3_ws/build/sbock_position_publisher/install.log --single-version-externally-managed
[1.796s] running egg_info
[1.797s] creating ../../../build/sbock_position_publisher/sbock_position_publisher.egg-info
[1.797s] writing ../../../build/sbock_position_publisher/sbock_position_publisher.egg-info/PKG-INFO
[1.797s] writing dependency_links to ../../../build/sbock_position_publisher/sbock_position_publisher.egg-info/dependency_links.txt
[1.797s] writing entry points to ../../../build/sbock_position_publisher/sbock_position_publisher.egg-info/entry_points.txt
[1.798s] writing requirements to ../../../build/sbock_position_publisher/sbock_position_publisher.egg-info/requires.txt
[1.798s] writing top-level names to ../../../build/sbock_position_publisher/sbock_position_publisher.egg-info/top_level.txt
[1.800s] writing manifest file '../../../build/sbock_position_publisher/sbock_position_publisher.egg-info/SOURCES.txt'
[1.859s] reading manifest file '../../../build/sbock_position_publisher/sbock_position_publisher.egg-info/SOURCES.txt'
[1.861s] writing manifest file '../../../build/sbock_position_publisher/sbock_position_publisher.egg-info/SOURCES.txt'
[1.862s] running build
[1.862s] running build_py
[1.862s] creating /home/aibes/GTI-3B-SBOCK/turtlebot3_ws/build/sbock_position_publisher/build
[1.862s] creating /home/aibes/GTI-3B-SBOCK/turtlebot3_ws/build/sbock_position_publisher/build/lib
[1.862s] creating /home/aibes/GTI-3B-SBOCK/turtlebot3_ws/build/sbock_position_publisher/build/lib/sbock_position_publisher
[1.863s] copying sbock_position_publisher/go_to_pose2.py -> /home/aibes/GTI-3B-SBOCK/turtlebot3_ws/build/sbock_position_publisher/build/lib/sbock_position_publisher
[1.863s] copying sbock_position_publisher/__init__.py -> /home/aibes/GTI-3B-SBOCK/turtlebot3_ws/build/sbock_position_publisher/build/lib/sbock_position_publisher
[1.863s] copying sbock_position_publisher/go_to_pose3.py -> /home/aibes/GTI-3B-SBOCK/turtlebot3_ws/build/sbock_position_publisher/build/lib/sbock_position_publisher
[1.863s] copying sbock_position_publisher/go_to_pose1.py -> /home/aibes/GTI-3B-SBOCK/turtlebot3_ws/build/sbock_position_publisher/build/lib/sbock_position_publisher
[1.863s] running install
[1.863s] running install_lib
[1.865s] creating /home/aibes/GTI-3B-SBOCK/turtlebot3_ws/install/sbock_position_publisher/lib/python3.8/site-packages/sbock_position_publisher
[1.865s] copying /home/aibes/GTI-3B-SBOCK/turtlebot3_ws/build/sbock_position_publisher/build/lib/sbock_position_publisher/go_to_pose2.py -> /home/aibes/GTI-3B-SBOCK/turtlebot3_ws/install/sbock_position_publisher/lib/python3.8/site-packages/sbock_position_publisher
[1.865s] copying /home/aibes/GTI-3B-SBOCK/turtlebot3_ws/build/sbock_position_publisher/build/lib/sbock_position_publisher/__init__.py -> /home/aibes/GTI-3B-SBOCK/turtlebot3_ws/install/sbock_position_publisher/lib/python3.8/site-packages/sbock_position_publisher
[1.865s] copying /home/aibes/GTI-3B-SBOCK/turtlebot3_ws/build/sbock_position_publisher/build/lib/sbock_position_publisher/go_to_pose3.py -> /home/aibes/GTI-3B-SBOCK/turtlebot3_ws/install/sbock_position_publisher/lib/python3.8/site-packages/sbock_position_publisher
[1.865s] copying /home/aibes/GTI-3B-SBOCK/turtlebot3_ws/build/sbock_position_publisher/build/lib/sbock_position_publisher/go_to_pose1.py -> /home/aibes/GTI-3B-SBOCK/turtlebot3_ws/install/sbock_position_publisher/lib/python3.8/site-packages/sbock_position_publisher
[1.866s] byte-compiling /home/aibes/GTI-3B-SBOCK/turtlebot3_ws/install/sbock_position_publisher/lib/python3.8/site-packages/sbock_position_publisher/go_to_pose2.py to go_to_pose2.cpython-38.pyc
[1.868s] byte-compiling /home/aibes/GTI-3B-SBOCK/turtlebot3_ws/install/sbock_position_publisher/lib/python3.8/site-packages/sbock_position_publisher/__init__.py to __init__.cpython-38.pyc
[1.868s] byte-compiling /home/aibes/GTI-3B-SBOCK/turtlebot3_ws/install/sbock_position_publisher/lib/python3.8/site-packages/sbock_position_publisher/go_to_pose3.py to go_to_pose3.cpython-38.pyc
[1.868s] byte-compiling /home/aibes/GTI-3B-SBOCK/turtlebot3_ws/install/sbock_position_publisher/lib/python3.8/site-packages/sbock_position_publisher/go_to_pose1.py to go_to_pose1.cpython-38.pyc
[1.869s] running install_data
[1.870s] creating /home/aibes/GTI-3B-SBOCK/turtlebot3_ws/install/sbock_position_publisher/share/ament_index
[1.870s] creating /home/aibes/GTI-3B-SBOCK/turtlebot3_ws/install/sbock_position_publisher/share/ament_index/resource_index
[1.870s] creating /home/aibes/GTI-3B-SBOCK/turtlebot3_ws/install/sbock_position_publisher/share/ament_index/resource_index/packages
[1.870s] copying resource/sbock_position_publisher -> /home/aibes/GTI-3B-SBOCK/turtlebot3_ws/install/sbock_position_publisher/share/ament_index/resource_index/packages
[1.870s] copying package.xml -> /home/aibes/GTI-3B-SBOCK/turtlebot3_ws/install/sbock_position_publisher/share/sbock_position_publisher
[1.871s] copying launch/go_to_pose2.launch.py -> /home/aibes/GTI-3B-SBOCK/turtlebot3_ws/install/sbock_position_publisher/share/sbock_position_publisher
[1.871s] copying launch/go_to_pose1.launch.py -> /home/aibes/GTI-3B-SBOCK/turtlebot3_ws/install/sbock_position_publisher/share/sbock_position_publisher
[1.871s] copying launch/go_to_pose3.launch.py -> /home/aibes/GTI-3B-SBOCK/turtlebot3_ws/install/sbock_position_publisher/share/sbock_position_publisher
[1.871s] running install_egg_info
[1.873s] Copying ../../../build/sbock_position_publisher/sbock_position_publisher.egg-info to /home/aibes/GTI-3B-SBOCK/turtlebot3_ws/install/sbock_position_publisher/lib/python3.8/site-packages/sbock_position_publisher-0.0.0-py3.8.egg-info
[1.874s] running install_scripts
[1.898s] Installing position1_publisher script to /home/aibes/GTI-3B-SBOCK/turtlebot3_ws/install/sbock_position_publisher/lib/sbock_position_publisher
[1.899s] Installing position2_publisher script to /home/aibes/GTI-3B-SBOCK/turtlebot3_ws/install/sbock_position_publisher/lib/sbock_position_publisher
[1.899s] Installing position3_publisher script to /home/aibes/GTI-3B-SBOCK/turtlebot3_ws/install/sbock_position_publisher/lib/sbock_position_publisher
[1.899s] writing list of installed files to '/home/aibes/GTI-3B-SBOCK/turtlebot3_ws/build/sbock_position_publisher/install.log'
[1.930s] Invoked command in '/home/aibes/GTI-3B-SBOCK/turtlebot3_ws/src/sbock/sbock_position_publisher' returned '0': PS1=(rosenv) \[\e]0;\u@\h: \w\a\]${debian_chroot:+($debian_chroot)}\[\033[01;32m\]\u@\h\[\033[00m\]:\[\033[01;34m\]\w\[\033[00m\]\$ PYTHONPATH=/home/aibes/GTI-3B-SBOCK/turtlebot3_ws/install/sbock_position_publisher/lib/python3.8/site-packages:${PYTHONPATH} /usr/bin/python3 setup.py egg_info --egg-base ../../../build/sbock_position_publisher build --build-base /home/aibes/GTI-3B-SBOCK/turtlebot3_ws/build/sbock_position_publisher/build install --prefix /home/aibes/GTI-3B-SBOCK/turtlebot3_ws/install/sbock_position_publisher --record /home/aibes/GTI-3B-SBOCK/turtlebot3_ws/build/sbock_position_publisher/install.log --single-version-externally-managed
