[0.018s] Invoking command in '/home/aibes/GTI-3B-SBOCK/turtlebot3_ws/build/turtlebot3_simulations': AMENT_PREFIX_PATH=/home/aibes/GTI-3B-SBOCK/turtlebot3_ws/install/turtlebot3_gazebo:/home/aibes/GTI-3B-SBOCK/turtlebot3_ws/install/turtlebot3_fake_node:${AMENT_PREFIX_PATH} CMAKE_PREFIX_PATH=/home/aibes/GTI-3B-SBOCK/turtlebot3_ws/install/turtlebot3_gazebo:/home/aibes/GTI-3B-SBOCK/turtlebot3_ws/install/turtlebot3_fake_node:/home/aibes/turtlebot3_ws/install/turtlebot3_gazebo:/home/aibes/turtlebot3_ws/install/turtlebot3_fake_node:/home/aibes/turtlebot3_ws/install/custom_interface:/home/aibes/turtlebot3_ws/install/show_msg:/home/aibes/turtlebot3_ws/install/provide_map:/home/aibes/turtlebot3_ws/install/my_slam:/home/aibes/turtlebot3_ws/install/my_nav2_system:/home/aibes/turtlebot3_ws/install/my_first_subscriber:/home/aibes/turtlebot3_ws/install/my_first_service:/home/aibes/turtlebot3_ws/install/my_first_publisher:/home/aibes/turtlebot3_ws/install/my_first_node:/home/aibes/turtlebot3_ws/install/my_first_action:/opt/ros/foxy PS1=(rosenv) \[\e]0;\u@\h: \w\a\]${debian_chroot:+($debian_chroot)}\[\033[01;32m\]\u@\h\[\033[00m\]:\[\033[01;34m\]\w\[\033[00m\]\$ /usr/bin/cmake /home/aibes/GTI-3B-SBOCK/turtlebot3_ws/src/turtlebot3_simulations/turtlebot3_simulations -DCMAKE_INSTALL_PREFIX=/home/aibes/GTI-3B-SBOCK/turtlebot3_ws/install/turtlebot3_simulations
[0.091s] -- The C compiler identification is GNU 9.4.0
[0.182s] -- The CXX compiler identification is GNU 9.4.0
[0.190s] -- Check for working C compiler: /usr/bin/cc
[0.286s] -- Check for working C compiler: /usr/bin/cc -- works
[0.287s] -- Detecting C compiler ABI info
[0.382s] -- Detecting C compiler ABI info - done
[0.405s] -- Detecting C compile features
[0.405s] -- Detecting C compile features - done
[0.409s] -- Check for working CXX compiler: /usr/bin/c++
[0.506s] -- Check for working CXX compiler: /usr/bin/c++ -- works
[0.508s] -- Detecting CXX compiler ABI info
[0.603s] -- Detecting CXX compiler ABI info - done
[0.627s] -- Detecting CXX compile features
[0.628s] -- Detecting CXX compile features - done
[0.631s] -- Found ament_cmake: 0.9.9 (/opt/ros/foxy/share/ament_cmake/cmake)
[0.670s] -- Found PythonInterp: /home/aibes/virtualenvs/rosenv/bin/python3 (found suitable version "3.8.10", minimum required is "3") 
[0.670s] -- Using PYTHON_EXECUTABLE: /home/aibes/virtualenvs/rosenv/bin/python3
[1.110s] -- Configuring done
[1.112s] -- Generating done
[1.114s] -- Build files have been written to: /home/aibes/GTI-3B-SBOCK/turtlebot3_ws/build/turtlebot3_simulations
[1.120s] Invoked command in '/home/aibes/GTI-3B-SBOCK/turtlebot3_ws/build/turtlebot3_simulations' returned '0': AMENT_PREFIX_PATH=/home/aibes/GTI-3B-SBOCK/turtlebot3_ws/install/turtlebot3_gazebo:/home/aibes/GTI-3B-SBOCK/turtlebot3_ws/install/turtlebot3_fake_node:${AMENT_PREFIX_PATH} CMAKE_PREFIX_PATH=/home/aibes/GTI-3B-SBOCK/turtlebot3_ws/install/turtlebot3_gazebo:/home/aibes/GTI-3B-SBOCK/turtlebot3_ws/install/turtlebot3_fake_node:/home/aibes/turtlebot3_ws/install/turtlebot3_gazebo:/home/aibes/turtlebot3_ws/install/turtlebot3_fake_node:/home/aibes/turtlebot3_ws/install/custom_interface:/home/aibes/turtlebot3_ws/install/show_msg:/home/aibes/turtlebot3_ws/install/provide_map:/home/aibes/turtlebot3_ws/install/my_slam:/home/aibes/turtlebot3_ws/install/my_nav2_system:/home/aibes/turtlebot3_ws/install/my_first_subscriber:/home/aibes/turtlebot3_ws/install/my_first_service:/home/aibes/turtlebot3_ws/install/my_first_publisher:/home/aibes/turtlebot3_ws/install/my_first_node:/home/aibes/turtlebot3_ws/install/my_first_action:/opt/ros/foxy PS1=(rosenv) \[\e]0;\u@\h: \w\a\]${debian_chroot:+($debian_chroot)}\[\033[01;32m\]\u@\h\[\033[00m\]:\[\033[01;34m\]\w\[\033[00m\]\$ /usr/bin/cmake /home/aibes/GTI-3B-SBOCK/turtlebot3_ws/src/turtlebot3_simulations/turtlebot3_simulations -DCMAKE_INSTALL_PREFIX=/home/aibes/GTI-3B-SBOCK/turtlebot3_ws/install/turtlebot3_simulations
[1.121s] Invoking command in '/home/aibes/GTI-3B-SBOCK/turtlebot3_ws/build/turtlebot3_simulations': AMENT_PREFIX_PATH=/home/aibes/GTI-3B-SBOCK/turtlebot3_ws/install/turtlebot3_gazebo:/home/aibes/GTI-3B-SBOCK/turtlebot3_ws/install/turtlebot3_fake_node:${AMENT_PREFIX_PATH} CMAKE_PREFIX_PATH=/home/aibes/GTI-3B-SBOCK/turtlebot3_ws/install/turtlebot3_gazebo:/home/aibes/GTI-3B-SBOCK/turtlebot3_ws/install/turtlebot3_fake_node:/home/aibes/turtlebot3_ws/install/turtlebot3_gazebo:/home/aibes/turtlebot3_ws/install/turtlebot3_fake_node:/home/aibes/turtlebot3_ws/install/custom_interface:/home/aibes/turtlebot3_ws/install/show_msg:/home/aibes/turtlebot3_ws/install/provide_map:/home/aibes/turtlebot3_ws/install/my_slam:/home/aibes/turtlebot3_ws/install/my_nav2_system:/home/aibes/turtlebot3_ws/install/my_first_subscriber:/home/aibes/turtlebot3_ws/install/my_first_service:/home/aibes/turtlebot3_ws/install/my_first_publisher:/home/aibes/turtlebot3_ws/install/my_first_node:/home/aibes/turtlebot3_ws/install/my_first_action:/opt/ros/foxy PS1=(rosenv) \[\e]0;\u@\h: \w\a\]${debian_chroot:+($debian_chroot)}\[\033[01;32m\]\u@\h\[\033[00m\]:\[\033[01;34m\]\w\[\033[00m\]\$ /usr/bin/cmake --build /home/aibes/GTI-3B-SBOCK/turtlebot3_ws/build/turtlebot3_simulations -- -j4 -l4
[1.162s] Invoked command in '/home/aibes/GTI-3B-SBOCK/turtlebot3_ws/build/turtlebot3_simulations' returned '0': AMENT_PREFIX_PATH=/home/aibes/GTI-3B-SBOCK/turtlebot3_ws/install/turtlebot3_gazebo:/home/aibes/GTI-3B-SBOCK/turtlebot3_ws/install/turtlebot3_fake_node:${AMENT_PREFIX_PATH} CMAKE_PREFIX_PATH=/home/aibes/GTI-3B-SBOCK/turtlebot3_ws/install/turtlebot3_gazebo:/home/aibes/GTI-3B-SBOCK/turtlebot3_ws/install/turtlebot3_fake_node:/home/aibes/turtlebot3_ws/install/turtlebot3_gazebo:/home/aibes/turtlebot3_ws/install/turtlebot3_fake_node:/home/aibes/turtlebot3_ws/install/custom_interface:/home/aibes/turtlebot3_ws/install/show_msg:/home/aibes/turtlebot3_ws/install/provide_map:/home/aibes/turtlebot3_ws/install/my_slam:/home/aibes/turtlebot3_ws/install/my_nav2_system:/home/aibes/turtlebot3_ws/install/my_first_subscriber:/home/aibes/turtlebot3_ws/install/my_first_service:/home/aibes/turtlebot3_ws/install/my_first_publisher:/home/aibes/turtlebot3_ws/install/my_first_node:/home/aibes/turtlebot3_ws/install/my_first_action:/opt/ros/foxy PS1=(rosenv) \[\e]0;\u@\h: \w\a\]${debian_chroot:+($debian_chroot)}\[\033[01;32m\]\u@\h\[\033[00m\]:\[\033[01;34m\]\w\[\033[00m\]\$ /usr/bin/cmake --build /home/aibes/GTI-3B-SBOCK/turtlebot3_ws/build/turtlebot3_simulations -- -j4 -l4
[1.189s] Invoking command in '/home/aibes/GTI-3B-SBOCK/turtlebot3_ws/build/turtlebot3_simulations': AMENT_PREFIX_PATH=/home/aibes/GTI-3B-SBOCK/turtlebot3_ws/install/turtlebot3_gazebo:/home/aibes/GTI-3B-SBOCK/turtlebot3_ws/install/turtlebot3_fake_node:${AMENT_PREFIX_PATH} CMAKE_PREFIX_PATH=/home/aibes/GTI-3B-SBOCK/turtlebot3_ws/install/turtlebot3_gazebo:/home/aibes/GTI-3B-SBOCK/turtlebot3_ws/install/turtlebot3_fake_node:/home/aibes/turtlebot3_ws/install/turtlebot3_gazebo:/home/aibes/turtlebot3_ws/install/turtlebot3_fake_node:/home/aibes/turtlebot3_ws/install/custom_interface:/home/aibes/turtlebot3_ws/install/show_msg:/home/aibes/turtlebot3_ws/install/provide_map:/home/aibes/turtlebot3_ws/install/my_slam:/home/aibes/turtlebot3_ws/install/my_nav2_system:/home/aibes/turtlebot3_ws/install/my_first_subscriber:/home/aibes/turtlebot3_ws/install/my_first_service:/home/aibes/turtlebot3_ws/install/my_first_publisher:/home/aibes/turtlebot3_ws/install/my_first_node:/home/aibes/turtlebot3_ws/install/my_first_action:/opt/ros/foxy PS1=(rosenv) \[\e]0;\u@\h: \w\a\]${debian_chroot:+($debian_chroot)}\[\033[01;32m\]\u@\h\[\033[00m\]:\[\033[01;34m\]\w\[\033[00m\]\$ /usr/bin/cmake --install /home/aibes/GTI-3B-SBOCK/turtlebot3_ws/build/turtlebot3_simulations
[1.197s] -- Install configuration: ""
[1.198s] -- Installing: /home/aibes/GTI-3B-SBOCK/turtlebot3_ws/install/turtlebot3_simulations/share/ament_index/resource_index/package_run_dependencies/turtlebot3_simulations
[1.198s] -- Installing: /home/aibes/GTI-3B-SBOCK/turtlebot3_ws/install/turtlebot3_simulations/share/ament_index/resource_index/parent_prefix_path/turtlebot3_simulations
[1.198s] -- Installing: /home/aibes/GTI-3B-SBOCK/turtlebot3_ws/install/turtlebot3_simulations/share/turtlebot3_simulations/environment/ament_prefix_path.sh
[1.198s] -- Installing: /home/aibes/GTI-3B-SBOCK/turtlebot3_ws/install/turtlebot3_simulations/share/turtlebot3_simulations/environment/ament_prefix_path.dsv
[1.199s] -- Installing: /home/aibes/GTI-3B-SBOCK/turtlebot3_ws/install/turtlebot3_simulations/share/turtlebot3_simulations/environment/path.sh
[1.199s] -- Installing: /home/aibes/GTI-3B-SBOCK/turtlebot3_ws/install/turtlebot3_simulations/share/turtlebot3_simulations/environment/path.dsv
[1.199s] -- Installing: /home/aibes/GTI-3B-SBOCK/turtlebot3_ws/install/turtlebot3_simulations/share/turtlebot3_simulations/local_setup.bash
[1.199s] -- Installing: /home/aibes/GTI-3B-SBOCK/turtlebot3_ws/install/turtlebot3_simulations/share/turtlebot3_simulations/local_setup.sh
[1.199s] -- Installing: /home/aibes/GTI-3B-SBOCK/turtlebot3_ws/install/turtlebot3_simulations/share/turtlebot3_simulations/local_setup.zsh
[1.200s] -- Installing: /home/aibes/GTI-3B-SBOCK/turtlebot3_ws/install/turtlebot3_simulations/share/turtlebot3_simulations/local_setup.dsv
[1.200s] -- Installing: /home/aibes/GTI-3B-SBOCK/turtlebot3_ws/install/turtlebot3_simulations/share/turtlebot3_simulations/package.dsv
[1.200s] -- Installing: /home/aibes/GTI-3B-SBOCK/turtlebot3_ws/install/turtlebot3_simulations/share/ament_index/resource_index/packages/turtlebot3_simulations
[1.200s] -- Installing: /home/aibes/GTI-3B-SBOCK/turtlebot3_ws/install/turtlebot3_simulations/share/turtlebot3_simulations/cmake/turtlebot3_simulationsConfig.cmake
[1.200s] -- Installing: /home/aibes/GTI-3B-SBOCK/turtlebot3_ws/install/turtlebot3_simulations/share/turtlebot3_simulations/cmake/turtlebot3_simulationsConfig-version.cmake
[1.200s] -- Installing: /home/aibes/GTI-3B-SBOCK/turtlebot3_ws/install/turtlebot3_simulations/share/turtlebot3_simulations/package.xml
[1.203s] Invoked command in '/home/aibes/GTI-3B-SBOCK/turtlebot3_ws/build/turtlebot3_simulations' returned '0': AMENT_PREFIX_PATH=/home/aibes/GTI-3B-SBOCK/turtlebot3_ws/install/turtlebot3_gazebo:/home/aibes/GTI-3B-SBOCK/turtlebot3_ws/install/turtlebot3_fake_node:${AMENT_PREFIX_PATH} CMAKE_PREFIX_PATH=/home/aibes/GTI-3B-SBOCK/turtlebot3_ws/install/turtlebot3_gazebo:/home/aibes/GTI-3B-SBOCK/turtlebot3_ws/install/turtlebot3_fake_node:/home/aibes/turtlebot3_ws/install/turtlebot3_gazebo:/home/aibes/turtlebot3_ws/install/turtlebot3_fake_node:/home/aibes/turtlebot3_ws/install/custom_interface:/home/aibes/turtlebot3_ws/install/show_msg:/home/aibes/turtlebot3_ws/install/provide_map:/home/aibes/turtlebot3_ws/install/my_slam:/home/aibes/turtlebot3_ws/install/my_nav2_system:/home/aibes/turtlebot3_ws/install/my_first_subscriber:/home/aibes/turtlebot3_ws/install/my_first_service:/home/aibes/turtlebot3_ws/install/my_first_publisher:/home/aibes/turtlebot3_ws/install/my_first_node:/home/aibes/turtlebot3_ws/install/my_first_action:/opt/ros/foxy PS1=(rosenv) \[\e]0;\u@\h: \w\a\]${debian_chroot:+($debian_chroot)}\[\033[01;32m\]\u@\h\[\033[00m\]:\[\033[01;34m\]\w\[\033[00m\]\$ /usr/bin/cmake --install /home/aibes/GTI-3B-SBOCK/turtlebot3_ws/build/turtlebot3_simulations
