[0.148s] Invoking command in '/home/ausiasbm/GTI-3B-SBOCK/turtlebot3_ws/build/sbock_custom_interface': CMAKE_PREFIX_PATH=${CMAKE_PREFIX_PATH}:/home/ausiasbm/turtlebot3_ws/install/show_msg:/home/ausiasbm/turtlebot3_ws/install/provide_map:/home/ausiasbm/turtlebot3_ws/install/my_slam:/home/ausiasbm/turtlebot3_ws/install/my_nav2_system:/home/ausiasbm/turtlebot3_ws/install/my_first_subscriber:/home/ausiasbm/turtlebot3_ws/install/my_first_service:/home/ausiasbm/turtlebot3_ws/install/my_first_publisher:/home/ausiasbm/turtlebot3_ws/install/ausias_bm_ex_my_nav2_system:/home/ausiasbm/GTI-3B-SBOCK/turtlebot3_ws/install/sbock_show_msg:/home/ausiasbm/GTI-3B-SBOCK/turtlebot3_ws/install/sbock_robot_position_subscriber:/home/ausiasbm/GTI-3B-SBOCK/turtlebot3_ws/install/sbock_position_publisher:/home/ausiasbm/GTI-3B-SBOCK/turtlebot3_ws/install/sbock_nav_route:/home/ausiasbm/GTI-3B-SBOCK/turtlebot3_ws/install/sbock_nav_position:/home/ausiasbm/GTI-3B-SBOCK/turtlebot3_ws/install/sbock_my_first_service:/home/ausiasbm/GTI-3B-SBOCK/turtlebot3_ws/install/provide_map:/opt/ros/foxy PS1=\[\e]0;\u@\h: \w\a\]${debian_chroot:+($debian_chroot)}\[\033[01;32m\]\u@\h\[\033[00m\]:\[\033[01;34m\]\w\[\033[00m\]\$ /usr/bin/cmake /home/ausiasbm/GTI-3B-SBOCK/turtlebot3_ws/src/sbock/sbock_custom_interface -DCMAKE_INSTALL_PREFIX=/home/ausiasbm/GTI-3B-SBOCK/turtlebot3_ws/install/sbock_custom_interface
[0.277s] -- The C compiler identification is GNU 9.4.0
[0.277s] -- The CXX compiler identification is GNU 9.4.0
[0.277s] -- Check for working C compiler: /usr/bin/cc
[0.277s] -- Check for working C compiler: /usr/bin/cc -- works
[0.277s] -- Detecting C compiler ABI info
[0.348s] -- Detecting C compiler ABI info - done
[0.356s] -- Detecting C compile features
[0.356s] -- Detecting C compile features - done
[0.357s] -- Check for working CXX compiler: /usr/bin/c++
[0.414s] -- Check for working CXX compiler: /usr/bin/c++ -- works
[0.416s] -- Detecting CXX compiler ABI info
[0.520s] -- Detecting CXX compiler ABI info - done
[0.529s] -- Detecting CXX compile features
[0.529s] -- Detecting CXX compile features - done
[0.531s] -- Found ament_cmake: 0.9.9 (/opt/ros/foxy/share/ament_cmake/cmake)
[0.549s] -- Found PythonInterp: /usr/bin/python3 (found suitable version "3.8.10", minimum required is "3") 
[0.550s] -- Using PYTHON_EXECUTABLE: /usr/bin/python3
[0.684s] -- Found rclcpp: 2.4.1 (/opt/ros/foxy/share/rclcpp/cmake)
[0.728s] -- Using all available rosidl_typesupport_c: rosidl_typesupport_fastrtps_c;rosidl_typesupport_introspection_c
[0.735s] -- Found rosidl_adapter: 1.2.1 (/opt/ros/foxy/share/rosidl_adapter/cmake)
[0.851s] -- Found OpenSSL: /usr/lib/aarch64-linux-gnu/libcrypto.so (found version "1.1.1f")  
[0.887s] -- Found FastRTPS: /opt/ros/foxy/include  
[0.948s] -- Using all available rosidl_typesupport_cpp: rosidl_typesupport_fastrtps_cpp;rosidl_typesupport_introspection_cpp
[0.996s] -- Found rmw_implementation_cmake: 1.0.3 (/opt/ros/foxy/share/rmw_implementation_cmake/cmake)
[0.998s] -- Using RMW implementation 'rmw_fastrtps_cpp' as default
[0.998s] -- Looking for pthread.h
[1.063s] -- Looking for pthread.h - found
[1.063s] -- Performing Test CMAKE_HAVE_LIBC_PTHREAD
[1.112s] -- Performing Test CMAKE_HAVE_LIBC_PTHREAD - Failed
[1.112s] -- Looking for pthread_create in pthreads
[1.151s] -- Looking for pthread_create in pthreads - not found
[1.151s] -- Looking for pthread_create in pthread
[1.216s] -- Looking for pthread_create in pthread - found
[1.217s] -- Found Threads: TRUE  
[1.346s] -- Found rosidl_default_generators: 1.0.1 (/opt/ros/foxy/share/rosidl_default_generators/cmake)
[1.358s] -- Found ament_lint_auto: 0.9.6 (/opt/ros/foxy/share/ament_lint_auto/cmake)
[1.441s] -- Found PythonInterp: /usr/bin/python3 (found version "3.8.10") 
[1.500s] -- Found ament_cmake_ros: 0.9.2 (/opt/ros/foxy/share/ament_cmake_ros/cmake)
[1.596s] -- Using all available rosidl_typesupport_c: rosidl_typesupport_fastrtps_c;rosidl_typesupport_introspection_c
[1.602s] -- Using all available rosidl_typesupport_cpp: rosidl_typesupport_fastrtps_cpp;rosidl_typesupport_introspection_cpp
[1.649s] -- Found PythonInterp: /usr/bin/python3 (found suitable version "3.8.10", minimum required is "3.5") 
[1.652s] -- Found python_cmake_module: 0.8.1 (/opt/ros/foxy/share/python_cmake_module/cmake)
[1.687s] -- Found PythonLibs: /usr/lib/aarch64-linux-gnu/libpython3.8.so (found suitable version "3.8.10", minimum required is "3.5") 
[1.687s] -- Using PYTHON_EXECUTABLE: /usr/bin/python3
[1.687s] -- Using PYTHON_INCLUDE_DIRS: /usr/include/python3.8
[1.687s] -- Using PYTHON_LIBRARIES: /usr/lib/aarch64-linux-gnu/libpython3.8.so
[1.709s] -- Found PythonExtra: .so  
[1.745s] -- Added test 'copyright' to check source files copyright and LICENSE
[1.747s] -- Added test 'lint_cmake' to check CMake code style
[1.748s] -- Added test 'xmllint' to check XML markup files
[1.753s] -- Configuring done
[1.773s] -- Generating done
[1.775s] -- Build files have been written to: /home/ausiasbm/GTI-3B-SBOCK/turtlebot3_ws/build/sbock_custom_interface
[1.885s] Invoked command in '/home/ausiasbm/GTI-3B-SBOCK/turtlebot3_ws/build/sbock_custom_interface' returned '0': CMAKE_PREFIX_PATH=${CMAKE_PREFIX_PATH}:/home/ausiasbm/turtlebot3_ws/install/show_msg:/home/ausiasbm/turtlebot3_ws/install/provide_map:/home/ausiasbm/turtlebot3_ws/install/my_slam:/home/ausiasbm/turtlebot3_ws/install/my_nav2_system:/home/ausiasbm/turtlebot3_ws/install/my_first_subscriber:/home/ausiasbm/turtlebot3_ws/install/my_first_service:/home/ausiasbm/turtlebot3_ws/install/my_first_publisher:/home/ausiasbm/turtlebot3_ws/install/ausias_bm_ex_my_nav2_system:/home/ausiasbm/GTI-3B-SBOCK/turtlebot3_ws/install/sbock_show_msg:/home/ausiasbm/GTI-3B-SBOCK/turtlebot3_ws/install/sbock_robot_position_subscriber:/home/ausiasbm/GTI-3B-SBOCK/turtlebot3_ws/install/sbock_position_publisher:/home/ausiasbm/GTI-3B-SBOCK/turtlebot3_ws/install/sbock_nav_route:/home/ausiasbm/GTI-3B-SBOCK/turtlebot3_ws/install/sbock_nav_position:/home/ausiasbm/GTI-3B-SBOCK/turtlebot3_ws/install/sbock_my_first_service:/home/ausiasbm/GTI-3B-SBOCK/turtlebot3_ws/install/provide_map:/opt/ros/foxy PS1=\[\e]0;\u@\h: \w\a\]${debian_chroot:+($debian_chroot)}\[\033[01;32m\]\u@\h\[\033[00m\]:\[\033[01;34m\]\w\[\033[00m\]\$ /usr/bin/cmake /home/ausiasbm/GTI-3B-SBOCK/turtlebot3_ws/src/sbock/sbock_custom_interface -DCMAKE_INSTALL_PREFIX=/home/ausiasbm/GTI-3B-SBOCK/turtlebot3_ws/install/sbock_custom_interface
[1.888s] Invoking command in '/home/ausiasbm/GTI-3B-SBOCK/turtlebot3_ws/build/sbock_custom_interface': CMAKE_PREFIX_PATH=${CMAKE_PREFIX_PATH}:/home/ausiasbm/turtlebot3_ws/install/show_msg:/home/ausiasbm/turtlebot3_ws/install/provide_map:/home/ausiasbm/turtlebot3_ws/install/my_slam:/home/ausiasbm/turtlebot3_ws/install/my_nav2_system:/home/ausiasbm/turtlebot3_ws/install/my_first_subscriber:/home/ausiasbm/turtlebot3_ws/install/my_first_service:/home/ausiasbm/turtlebot3_ws/install/my_first_publisher:/home/ausiasbm/turtlebot3_ws/install/ausias_bm_ex_my_nav2_system:/home/ausiasbm/GTI-3B-SBOCK/turtlebot3_ws/install/sbock_show_msg:/home/ausiasbm/GTI-3B-SBOCK/turtlebot3_ws/install/sbock_robot_position_subscriber:/home/ausiasbm/GTI-3B-SBOCK/turtlebot3_ws/install/sbock_position_publisher:/home/ausiasbm/GTI-3B-SBOCK/turtlebot3_ws/install/sbock_nav_route:/home/ausiasbm/GTI-3B-SBOCK/turtlebot3_ws/install/sbock_nav_position:/home/ausiasbm/GTI-3B-SBOCK/turtlebot3_ws/install/sbock_my_first_service:/home/ausiasbm/GTI-3B-SBOCK/turtlebot3_ws/install/provide_map:/opt/ros/foxy PS1=\[\e]0;\u@\h: \w\a\]${debian_chroot:+($debian_chroot)}\[\033[01;32m\]\u@\h\[\033[00m\]:\[\033[01;34m\]\w\[\033[00m\]\$ /usr/bin/cmake --build /home/ausiasbm/GTI-3B-SBOCK/turtlebot3_ws/build/sbock_custom_interface -- -j5 -l5
[1.937s] [  2%] [34m[1mGenerating C code for ROS interfaces[0m
[1.944s] [35m[1mScanning dependencies of target sbock_custom_interface__cpp[0m
[1.979s] [  5%] [34m[1mGenerating C++ code for ROS interfaces[0m
[2.186s] [35m[1mScanning dependencies of target sbock_custom_interface__rosidl_generator_c[0m
[2.219s] [  7%] [32mBuilding C object CMakeFiles/sbock_custom_interface__rosidl_generator_c.dir/rosidl_generator_c/sbock_custom_interface/srv/detail/my_move_msg__functions.c.o[0m
[2.227s] [  7%] Built target sbock_custom_interface__cpp
[2.234s] [ 10%] [34m[1mGenerating C++ introspection for ROS interfaces[0m
[2.239s] [ 12%] [34m[1mGenerating C++ type support for eProsima Fast-RTPS[0m
[2.243s] [ 15%] [32mBuilding C object CMakeFiles/sbock_custom_interface__rosidl_generator_c.dir/rosidl_generator_c/sbock_custom_interface/msg/detail/distvel__functions.c.o[0m
[2.245s] [ 17%] [34m[1mGenerating C++ type support dispatch for ROS interfaces[0m
[2.310s] [ 20%] [32m[1mLinking C shared library libsbock_custom_interface__rosidl_generator_c.so[0m
[2.395s] [ 20%] Built target sbock_custom_interface__rosidl_generator_c
[2.424s] [ 23%] [34m[1mGenerating C type support dispatch for ROS interfaces[0m
[2.429s] [35m[1mScanning dependencies of target sbock_custom_interface__rosidl_typesupport_cpp[0m
[2.432s] [ 25%] [34m[1mGenerating C introspection for ROS interfaces[0m
[2.479s] [35m[1mScanning dependencies of target sbock_custom_interface__rosidl_typesupport_introspection_cpp[0m
[2.486s] [ 28%] [32mBuilding CXX object CMakeFiles/sbock_custom_interface__rosidl_typesupport_cpp.dir/rosidl_typesupport_cpp/sbock_custom_interface/msg/distvel__type_support.cpp.o[0m
[2.499s] [ 30%] [32mBuilding CXX object CMakeFiles/sbock_custom_interface__rosidl_typesupport_introspection_cpp.dir/rosidl_typesupport_introspection_cpp/sbock_custom_interface/msg/detail/distvel__type_support.cpp.o[0m
[2.571s] [35m[1mScanning dependencies of target sbock_custom_interface__rosidl_typesupport_fastrtps_cpp[0m
[2.585s] [ 33%] [32mBuilding CXX object CMakeFiles/sbock_custom_interface__rosidl_typesupport_fastrtps_cpp.dir/rosidl_typesupport_fastrtps_cpp/sbock_custom_interface/msg/detail/dds_fastrtps/distvel__type_support.cpp.o[0m
[2.611s] [35m[1mScanning dependencies of target sbock_custom_interface__rosidl_typesupport_c[0m
[2.640s] [ 35%] [32mBuilding CXX object CMakeFiles/sbock_custom_interface__rosidl_typesupport_c.dir/rosidl_typesupport_c/sbock_custom_interface/msg/distvel__type_support.cpp.o[0m
[2.673s] [ 38%] [32mBuilding CXX object CMakeFiles/sbock_custom_interface__rosidl_typesupport_cpp.dir/rosidl_typesupport_cpp/sbock_custom_interface/srv/my_move_msg__type_support.cpp.o[0m
[2.675s] [35m[1mScanning dependencies of target sbock_custom_interface__rosidl_typesupport_introspection_c[0m
[2.676s] [ 41%] [32mBuilding CXX object CMakeFiles/sbock_custom_interface__rosidl_typesupport_introspection_cpp.dir/rosidl_typesupport_introspection_cpp/sbock_custom_interface/srv/detail/my_move_msg__type_support.cpp.o[0m
[2.695s] [ 43%] [32mBuilding CXX object CMakeFiles/sbock_custom_interface__rosidl_typesupport_c.dir/rosidl_typesupport_c/sbock_custom_interface/srv/my_move_msg__type_support.cpp.o[0m
[2.708s] [ 46%] [32mBuilding C object CMakeFiles/sbock_custom_interface__rosidl_typesupport_introspection_c.dir/rosidl_typesupport_introspection_c/sbock_custom_interface/msg/detail/distvel__type_support.c.o[0m
[2.746s] [ 48%] [32m[1mLinking CXX shared library libsbock_custom_interface__rosidl_typesupport_c.so[0m
[2.759s] [ 51%] [32mBuilding C object CMakeFiles/sbock_custom_interface__rosidl_typesupport_introspection_c.dir/rosidl_typesupport_introspection_c/sbock_custom_interface/srv/detail/my_move_msg__type_support.c.o[0m
[2.859s] [ 53%] [32m[1mLinking C shared library libsbock_custom_interface__rosidl_typesupport_introspection_c.so[0m
[2.859s] [ 53%] Built target sbock_custom_interface__rosidl_typesupport_c
[2.881s] [ 56%] [32mBuilding CXX object CMakeFiles/sbock_custom_interface__rosidl_typesupport_fastrtps_cpp.dir/rosidl_typesupport_fastrtps_cpp/sbock_custom_interface/srv/detail/dds_fastrtps/my_move_msg__type_support.cpp.o[0m
[2.907s] [ 58%] [32m[1mLinking CXX shared library libsbock_custom_interface__rosidl_typesupport_cpp.so[0m
[2.908s] [ 61%] [32m[1mLinking CXX shared library libsbock_custom_interface__rosidl_typesupport_introspection_cpp.so[0m
[2.912s] [ 61%] Built target sbock_custom_interface__rosidl_typesupport_introspection_c
[2.937s] [ 61%] Built target sbock_custom_interface__rosidl_typesupport_cpp
[2.955s] [ 61%] Built target sbock_custom_interface__rosidl_typesupport_introspection_cpp
[3.152s] [ 64%] [32m[1mLinking CXX shared library libsbock_custom_interface__rosidl_typesupport_fastrtps_cpp.so[0m
[3.222s] [ 64%] Built target sbock_custom_interface__rosidl_typesupport_fastrtps_cpp
[3.233s] [ 66%] [34m[1mGenerating C type support for eProsima Fast-RTPS[0m
[3.412s] [35m[1mScanning dependencies of target sbock_custom_interface__rosidl_typesupport_fastrtps_c[0m
[3.431s] [ 69%] [32mBuilding CXX object CMakeFiles/sbock_custom_interface__rosidl_typesupport_fastrtps_c.dir/rosidl_typesupport_fastrtps_c/sbock_custom_interface/msg/detail/distvel__type_support_c.cpp.o[0m
[3.452s] [ 71%] [32mBuilding CXX object CMakeFiles/sbock_custom_interface__rosidl_typesupport_fastrtps_c.dir/rosidl_typesupport_fastrtps_c/sbock_custom_interface/srv/detail/my_move_msg__type_support_c.cpp.o[0m
[3.656s] [ 74%] [32m[1mLinking CXX shared library libsbock_custom_interface__rosidl_typesupport_fastrtps_c.so[0m
[3.706s] [ 74%] Built target sbock_custom_interface__rosidl_typesupport_fastrtps_c
[3.725s] [35m[1mScanning dependencies of target sbock_custom_interface[0m
[3.732s] [ 74%] Built target sbock_custom_interface
[3.738s] [35m[1mScanning dependencies of target sbock_custom_interface__py[0m
[3.745s] [ 76%] [34m[1mGenerating Python code for ROS interfaces[0m
[4.109s] [ 76%] Built target sbock_custom_interface__py
[4.115s] [35m[1mScanning dependencies of target sbock_custom_interface__python[0m
[4.133s] [ 79%] [32mBuilding C object CMakeFiles/sbock_custom_interface__python.dir/rosidl_generator_py/sbock_custom_interface/srv/_my_move_msg_s.c.o[0m
[4.135s] [ 82%] [32mBuilding C object CMakeFiles/sbock_custom_interface__python.dir/rosidl_generator_py/sbock_custom_interface/msg/_distvel_s.c.o[0m
[4.217s] [ 84%] [32m[1mLinking C shared library rosidl_generator_py/sbock_custom_interface/libsbock_custom_interface__python.so[0m
[4.244s] [ 84%] Built target sbock_custom_interface__python
[4.252s] [35m[1mScanning dependencies of target sbock_custom_interface__rosidl_typesupport_fastrtps_c__pyext[0m
[4.256s] [35m[1mScanning dependencies of target sbock_custom_interface__rosidl_typesupport_introspection_c__pyext[0m
[4.270s] [ 87%] [32mBuilding C object CMakeFiles/sbock_custom_interface__rosidl_typesupport_fastrtps_c__pyext.dir/rosidl_generator_py/sbock_custom_interface/_sbock_custom_interface_s.ep.rosidl_typesupport_fastrtps_c.c.o[0m
[4.276s] [35m[1mScanning dependencies of target sbock_custom_interface__rosidl_typesupport_c__pyext[0m
[4.307s] [ 89%] [32mBuilding C object CMakeFiles/sbock_custom_interface__rosidl_typesupport_introspection_c__pyext.dir/rosidl_generator_py/sbock_custom_interface/_sbock_custom_interface_s.ep.rosidl_typesupport_introspection_c.c.o[0m
[4.316s] [ 92%] [32mBuilding C object CMakeFiles/sbock_custom_interface__rosidl_typesupport_c__pyext.dir/rosidl_generator_py/sbock_custom_interface/_sbock_custom_interface_s.ep.rosidl_typesupport_c.c.o[0m
[4.325s] [ 94%] [32m[1mLinking CXX shared library rosidl_generator_py/sbock_custom_interface/sbock_custom_interface_s__rosidl_typesupport_fastrtps_c.cpython-38-aarch64-linux-gnu.so[0m
[4.411s] [ 94%] Built target sbock_custom_interface__rosidl_typesupport_fastrtps_c__pyext
[4.421s] [ 97%] [32m[1mLinking C shared library rosidl_generator_py/sbock_custom_interface/sbock_custom_interface_s__rosidl_typesupport_introspection_c.cpython-38-aarch64-linux-gnu.so[0m
[4.427s] [100%] [32m[1mLinking C shared library rosidl_generator_py/sbock_custom_interface/sbock_custom_interface_s__rosidl_typesupport_c.cpython-38-aarch64-linux-gnu.so[0m
[4.443s] [100%] Built target sbock_custom_interface__rosidl_typesupport_introspection_c__pyext
[4.463s] [100%] Built target sbock_custom_interface__rosidl_typesupport_c__pyext
[4.472s] Invoked command in '/home/ausiasbm/GTI-3B-SBOCK/turtlebot3_ws/build/sbock_custom_interface' returned '0': CMAKE_PREFIX_PATH=${CMAKE_PREFIX_PATH}:/home/ausiasbm/turtlebot3_ws/install/show_msg:/home/ausiasbm/turtlebot3_ws/install/provide_map:/home/ausiasbm/turtlebot3_ws/install/my_slam:/home/ausiasbm/turtlebot3_ws/install/my_nav2_system:/home/ausiasbm/turtlebot3_ws/install/my_first_subscriber:/home/ausiasbm/turtlebot3_ws/install/my_first_service:/home/ausiasbm/turtlebot3_ws/install/my_first_publisher:/home/ausiasbm/turtlebot3_ws/install/ausias_bm_ex_my_nav2_system:/home/ausiasbm/GTI-3B-SBOCK/turtlebot3_ws/install/sbock_show_msg:/home/ausiasbm/GTI-3B-SBOCK/turtlebot3_ws/install/sbock_robot_position_subscriber:/home/ausiasbm/GTI-3B-SBOCK/turtlebot3_ws/install/sbock_position_publisher:/home/ausiasbm/GTI-3B-SBOCK/turtlebot3_ws/install/sbock_nav_route:/home/ausiasbm/GTI-3B-SBOCK/turtlebot3_ws/install/sbock_nav_position:/home/ausiasbm/GTI-3B-SBOCK/turtlebot3_ws/install/sbock_my_first_service:/home/ausiasbm/GTI-3B-SBOCK/turtlebot3_ws/install/provide_map:/opt/ros/foxy PS1=\[\e]0;\u@\h: \w\a\]${debian_chroot:+($debian_chroot)}\[\033[01;32m\]\u@\h\[\033[00m\]:\[\033[01;34m\]\w\[\033[00m\]\$ /usr/bin/cmake --build /home/ausiasbm/GTI-3B-SBOCK/turtlebot3_ws/build/sbock_custom_interface -- -j5 -l5
[4.556s] Invoking command in '/home/ausiasbm/GTI-3B-SBOCK/turtlebot3_ws/build/sbock_custom_interface': CMAKE_PREFIX_PATH=${CMAKE_PREFIX_PATH}:/home/ausiasbm/turtlebot3_ws/install/show_msg:/home/ausiasbm/turtlebot3_ws/install/provide_map:/home/ausiasbm/turtlebot3_ws/install/my_slam:/home/ausiasbm/turtlebot3_ws/install/my_nav2_system:/home/ausiasbm/turtlebot3_ws/install/my_first_subscriber:/home/ausiasbm/turtlebot3_ws/install/my_first_service:/home/ausiasbm/turtlebot3_ws/install/my_first_publisher:/home/ausiasbm/turtlebot3_ws/install/ausias_bm_ex_my_nav2_system:/home/ausiasbm/GTI-3B-SBOCK/turtlebot3_ws/install/sbock_show_msg:/home/ausiasbm/GTI-3B-SBOCK/turtlebot3_ws/install/sbock_robot_position_subscriber:/home/ausiasbm/GTI-3B-SBOCK/turtlebot3_ws/install/sbock_position_publisher:/home/ausiasbm/GTI-3B-SBOCK/turtlebot3_ws/install/sbock_nav_route:/home/ausiasbm/GTI-3B-SBOCK/turtlebot3_ws/install/sbock_nav_position:/home/ausiasbm/GTI-3B-SBOCK/turtlebot3_ws/install/sbock_my_first_service:/home/ausiasbm/GTI-3B-SBOCK/turtlebot3_ws/install/provide_map:/opt/ros/foxy PS1=\[\e]0;\u@\h: \w\a\]${debian_chroot:+($debian_chroot)}\[\033[01;32m\]\u@\h\[\033[00m\]:\[\033[01;34m\]\w\[\033[00m\]\$ /usr/bin/cmake --install /home/ausiasbm/GTI-3B-SBOCK/turtlebot3_ws/build/sbock_custom_interface
[4.562s] -- Install configuration: ""
[4.562s] -- Installing: /home/ausiasbm/GTI-3B-SBOCK/turtlebot3_ws/install/sbock_custom_interface/share/ament_index/resource_index/rosidl_interfaces/sbock_custom_interface
[4.562s] -- Installing: /home/ausiasbm/GTI-3B-SBOCK/turtlebot3_ws/install/sbock_custom_interface/include/sbock_custom_interface
[4.562s] -- Installing: /home/ausiasbm/GTI-3B-SBOCK/turtlebot3_ws/install/sbock_custom_interface/include/sbock_custom_interface/srv
[4.562s] -- Installing: /home/ausiasbm/GTI-3B-SBOCK/turtlebot3_ws/install/sbock_custom_interface/include/sbock_custom_interface/srv/my_move_msg.h
[4.562s] -- Installing: /home/ausiasbm/GTI-3B-SBOCK/turtlebot3_ws/install/sbock_custom_interface/include/sbock_custom_interface/srv/detail
[4.562s] -- Installing: /home/ausiasbm/GTI-3B-SBOCK/turtlebot3_ws/install/sbock_custom_interface/include/sbock_custom_interface/srv/detail/my_move_msg__struct.h
[4.562s] -- Installing: /home/ausiasbm/GTI-3B-SBOCK/turtlebot3_ws/install/sbock_custom_interface/include/sbock_custom_interface/srv/detail/my_move_msg__functions.c
[4.562s] -- Installing: /home/ausiasbm/GTI-3B-SBOCK/turtlebot3_ws/install/sbock_custom_interface/include/sbock_custom_interface/srv/detail/my_move_msg__type_support.h
[4.562s] -- Installing: /home/ausiasbm/GTI-3B-SBOCK/turtlebot3_ws/install/sbock_custom_interface/include/sbock_custom_interface/srv/detail/my_move_msg__functions.h
[4.562s] -- Installing: /home/ausiasbm/GTI-3B-SBOCK/turtlebot3_ws/install/sbock_custom_interface/include/sbock_custom_interface/msg
[4.562s] -- Installing: /home/ausiasbm/GTI-3B-SBOCK/turtlebot3_ws/install/sbock_custom_interface/include/sbock_custom_interface/msg/distvel.h
[4.562s] -- Installing: /home/ausiasbm/GTI-3B-SBOCK/turtlebot3_ws/install/sbock_custom_interface/include/sbock_custom_interface/msg/detail
[4.562s] -- Installing: /home/ausiasbm/GTI-3B-SBOCK/turtlebot3_ws/install/sbock_custom_interface/include/sbock_custom_interface/msg/detail/distvel__functions.h
[4.562s] -- Installing: /home/ausiasbm/GTI-3B-SBOCK/turtlebot3_ws/install/sbock_custom_interface/include/sbock_custom_interface/msg/detail/distvel__struct.h
[4.562s] -- Installing: /home/ausiasbm/GTI-3B-SBOCK/turtlebot3_ws/install/sbock_custom_interface/include/sbock_custom_interface/msg/detail/distvel__functions.c
[4.562s] -- Installing: /home/ausiasbm/GTI-3B-SBOCK/turtlebot3_ws/install/sbock_custom_interface/include/sbock_custom_interface/msg/detail/distvel__type_support.h
[4.562s] -- Installing: /home/ausiasbm/GTI-3B-SBOCK/turtlebot3_ws/install/sbock_custom_interface/include/sbock_custom_interface/msg/rosidl_generator_c__visibility_control.h
[4.563s] -- Installing: /home/ausiasbm/GTI-3B-SBOCK/turtlebot3_ws/install/sbock_custom_interface/share/sbock_custom_interface/environment/library_path.sh
[4.563s] -- Installing: /home/ausiasbm/GTI-3B-SBOCK/turtlebot3_ws/install/sbock_custom_interface/share/sbock_custom_interface/environment/library_path.dsv
[4.563s] -- Installing: /home/ausiasbm/GTI-3B-SBOCK/turtlebot3_ws/install/sbock_custom_interface/lib/libsbock_custom_interface__rosidl_generator_c.so
[4.563s] -- Set runtime path of "/home/ausiasbm/GTI-3B-SBOCK/turtlebot3_ws/install/sbock_custom_interface/lib/libsbock_custom_interface__rosidl_generator_c.so" to ""
[4.563s] -- Up-to-date: /home/ausiasbm/GTI-3B-SBOCK/turtlebot3_ws/install/sbock_custom_interface/include/sbock_custom_interface
[4.563s] -- Up-to-date: /home/ausiasbm/GTI-3B-SBOCK/turtlebot3_ws/install/sbock_custom_interface/include/sbock_custom_interface/srv
[4.563s] -- Up-to-date: /home/ausiasbm/GTI-3B-SBOCK/turtlebot3_ws/install/sbock_custom_interface/include/sbock_custom_interface/srv/detail
[4.563s] -- Installing: /home/ausiasbm/GTI-3B-SBOCK/turtlebot3_ws/install/sbock_custom_interface/include/sbock_custom_interface/srv/detail/my_move_msg__rosidl_typesupport_fastrtps_c.h
[4.563s] -- Up-to-date: /home/ausiasbm/GTI-3B-SBOCK/turtlebot3_ws/install/sbock_custom_interface/include/sbock_custom_interface/msg
[4.563s] -- Up-to-date: /home/ausiasbm/GTI-3B-SBOCK/turtlebot3_ws/install/sbock_custom_interface/include/sbock_custom_interface/msg/detail
[4.563s] -- Installing: /home/ausiasbm/GTI-3B-SBOCK/turtlebot3_ws/install/sbock_custom_interface/include/sbock_custom_interface/msg/detail/distvel__rosidl_typesupport_fastrtps_c.h
[4.564s] -- Installing: /home/ausiasbm/GTI-3B-SBOCK/turtlebot3_ws/install/sbock_custom_interface/include/sbock_custom_interface/msg/rosidl_typesupport_fastrtps_c__visibility_control.h
[4.564s] -- Installing: /home/ausiasbm/GTI-3B-SBOCK/turtlebot3_ws/install/sbock_custom_interface/lib/libsbock_custom_interface__rosidl_typesupport_fastrtps_c.so
[4.564s] -- Set runtime path of "/home/ausiasbm/GTI-3B-SBOCK/turtlebot3_ws/install/sbock_custom_interface/lib/libsbock_custom_interface__rosidl_typesupport_fastrtps_c.so" to ""
[4.564s] -- Up-to-date: /home/ausiasbm/GTI-3B-SBOCK/turtlebot3_ws/install/sbock_custom_interface/include/sbock_custom_interface
[4.564s] -- Up-to-date: /home/ausiasbm/GTI-3B-SBOCK/turtlebot3_ws/install/sbock_custom_interface/include/sbock_custom_interface/srv
[4.564s] -- Up-to-date: /home/ausiasbm/GTI-3B-SBOCK/turtlebot3_ws/install/sbock_custom_interface/include/sbock_custom_interface/srv/detail
[4.564s] -- Installing: /home/ausiasbm/GTI-3B-SBOCK/turtlebot3_ws/install/sbock_custom_interface/include/sbock_custom_interface/srv/detail/dds_fastrtps
[4.564s] -- Installing: /home/ausiasbm/GTI-3B-SBOCK/turtlebot3_ws/install/sbock_custom_interface/include/sbock_custom_interface/srv/detail/my_move_msg__rosidl_typesupport_fastrtps_cpp.hpp
[4.564s] -- Up-to-date: /home/ausiasbm/GTI-3B-SBOCK/turtlebot3_ws/install/sbock_custom_interface/include/sbock_custom_interface/msg
[4.564s] -- Up-to-date: /home/ausiasbm/GTI-3B-SBOCK/turtlebot3_ws/install/sbock_custom_interface/include/sbock_custom_interface/msg/detail
[4.564s] -- Installing: /home/ausiasbm/GTI-3B-SBOCK/turtlebot3_ws/install/sbock_custom_interface/include/sbock_custom_interface/msg/detail/distvel__rosidl_typesupport_fastrtps_cpp.hpp
[4.564s] -- Installing: /home/ausiasbm/GTI-3B-SBOCK/turtlebot3_ws/install/sbock_custom_interface/include/sbock_custom_interface/msg/detail/dds_fastrtps
[4.564s] -- Installing: /home/ausiasbm/GTI-3B-SBOCK/turtlebot3_ws/install/sbock_custom_interface/include/sbock_custom_interface/msg/rosidl_typesupport_fastrtps_cpp__visibility_control.h
[4.564s] -- Installing: /home/ausiasbm/GTI-3B-SBOCK/turtlebot3_ws/install/sbock_custom_interface/lib/libsbock_custom_interface__rosidl_typesupport_fastrtps_cpp.so
[4.565s] -- Set runtime path of "/home/ausiasbm/GTI-3B-SBOCK/turtlebot3_ws/install/sbock_custom_interface/lib/libsbock_custom_interface__rosidl_typesupport_fastrtps_cpp.so" to ""
[4.565s] -- Up-to-date: /home/ausiasbm/GTI-3B-SBOCK/turtlebot3_ws/install/sbock_custom_interface/include/sbock_custom_interface
[4.565s] -- Up-to-date: /home/ausiasbm/GTI-3B-SBOCK/turtlebot3_ws/install/sbock_custom_interface/include/sbock_custom_interface/srv
[4.565s] -- Up-to-date: /home/ausiasbm/GTI-3B-SBOCK/turtlebot3_ws/install/sbock_custom_interface/include/sbock_custom_interface/srv/detail
[4.565s] -- Installing: /home/ausiasbm/GTI-3B-SBOCK/turtlebot3_ws/install/sbock_custom_interface/include/sbock_custom_interface/srv/detail/my_move_msg__type_support.c
[4.565s] -- Installing: /home/ausiasbm/GTI-3B-SBOCK/turtlebot3_ws/install/sbock_custom_interface/include/sbock_custom_interface/srv/detail/my_move_msg__rosidl_typesupport_introspection_c.h
[4.565s] -- Up-to-date: /home/ausiasbm/GTI-3B-SBOCK/turtlebot3_ws/install/sbock_custom_interface/include/sbock_custom_interface/msg
[4.565s] -- Up-to-date: /home/ausiasbm/GTI-3B-SBOCK/turtlebot3_ws/install/sbock_custom_interface/include/sbock_custom_interface/msg/detail
[4.565s] -- Installing: /home/ausiasbm/GTI-3B-SBOCK/turtlebot3_ws/install/sbock_custom_interface/include/sbock_custom_interface/msg/detail/distvel__type_support.c
[4.565s] -- Installing: /home/ausiasbm/GTI-3B-SBOCK/turtlebot3_ws/install/sbock_custom_interface/include/sbock_custom_interface/msg/detail/distvel__rosidl_typesupport_introspection_c.h
[4.565s] -- Installing: /home/ausiasbm/GTI-3B-SBOCK/turtlebot3_ws/install/sbock_custom_interface/include/sbock_custom_interface/msg/rosidl_typesupport_introspection_c__visibility_control.h
[4.565s] -- Installing: /home/ausiasbm/GTI-3B-SBOCK/turtlebot3_ws/install/sbock_custom_interface/lib/libsbock_custom_interface__rosidl_typesupport_introspection_c.so
[4.565s] -- Set runtime path of "/home/ausiasbm/GTI-3B-SBOCK/turtlebot3_ws/install/sbock_custom_interface/lib/libsbock_custom_interface__rosidl_typesupport_introspection_c.so" to ""
[4.565s] -- Installing: /home/ausiasbm/GTI-3B-SBOCK/turtlebot3_ws/install/sbock_custom_interface/lib/libsbock_custom_interface__rosidl_typesupport_c.so
[4.566s] -- Set runtime path of "/home/ausiasbm/GTI-3B-SBOCK/turtlebot3_ws/install/sbock_custom_interface/lib/libsbock_custom_interface__rosidl_typesupport_c.so" to ""
[4.566s] -- Up-to-date: /home/ausiasbm/GTI-3B-SBOCK/turtlebot3_ws/install/sbock_custom_interface/include/sbock_custom_interface
[4.566s] -- Up-to-date: /home/ausiasbm/GTI-3B-SBOCK/turtlebot3_ws/install/sbock_custom_interface/include/sbock_custom_interface/srv
[4.566s] -- Installing: /home/ausiasbm/GTI-3B-SBOCK/turtlebot3_ws/install/sbock_custom_interface/include/sbock_custom_interface/srv/my_move_msg.hpp
[4.566s] -- Up-to-date: /home/ausiasbm/GTI-3B-SBOCK/turtlebot3_ws/install/sbock_custom_interface/include/sbock_custom_interface/srv/detail
[4.566s] -- Installing: /home/ausiasbm/GTI-3B-SBOCK/turtlebot3_ws/install/sbock_custom_interface/include/sbock_custom_interface/srv/detail/my_move_msg__builder.hpp
[4.566s] -- Installing: /home/ausiasbm/GTI-3B-SBOCK/turtlebot3_ws/install/sbock_custom_interface/include/sbock_custom_interface/srv/detail/my_move_msg__traits.hpp
[4.566s] -- Installing: /home/ausiasbm/GTI-3B-SBOCK/turtlebot3_ws/install/sbock_custom_interface/include/sbock_custom_interface/srv/detail/my_move_msg__struct.hpp
[4.566s] -- Up-to-date: /home/ausiasbm/GTI-3B-SBOCK/turtlebot3_ws/install/sbock_custom_interface/include/sbock_custom_interface/msg
[4.566s] -- Installing: /home/ausiasbm/GTI-3B-SBOCK/turtlebot3_ws/install/sbock_custom_interface/include/sbock_custom_interface/msg/distvel.hpp
[4.566s] -- Up-to-date: /home/ausiasbm/GTI-3B-SBOCK/turtlebot3_ws/install/sbock_custom_interface/include/sbock_custom_interface/msg/detail
[4.566s] -- Installing: /home/ausiasbm/GTI-3B-SBOCK/turtlebot3_ws/install/sbock_custom_interface/include/sbock_custom_interface/msg/detail/distvel__traits.hpp
[4.566s] -- Installing: /home/ausiasbm/GTI-3B-SBOCK/turtlebot3_ws/install/sbock_custom_interface/include/sbock_custom_interface/msg/detail/distvel__builder.hpp
[4.566s] -- Installing: /home/ausiasbm/GTI-3B-SBOCK/turtlebot3_ws/install/sbock_custom_interface/include/sbock_custom_interface/msg/detail/distvel__struct.hpp
[4.566s] -- Up-to-date: /home/ausiasbm/GTI-3B-SBOCK/turtlebot3_ws/install/sbock_custom_interface/include/sbock_custom_interface
[4.566s] -- Up-to-date: /home/ausiasbm/GTI-3B-SBOCK/turtlebot3_ws/install/sbock_custom_interface/include/sbock_custom_interface/srv
[4.566s] -- Up-to-date: /home/ausiasbm/GTI-3B-SBOCK/turtlebot3_ws/install/sbock_custom_interface/include/sbock_custom_interface/srv/detail
[4.566s] -- Installing: /home/ausiasbm/GTI-3B-SBOCK/turtlebot3_ws/install/sbock_custom_interface/include/sbock_custom_interface/srv/detail/my_move_msg__rosidl_typesupport_introspection_cpp.hpp
[4.566s] -- Installing: /home/ausiasbm/GTI-3B-SBOCK/turtlebot3_ws/install/sbock_custom_interface/include/sbock_custom_interface/srv/detail/my_move_msg__type_support.cpp
[4.566s] -- Up-to-date: /home/ausiasbm/GTI-3B-SBOCK/turtlebot3_ws/install/sbock_custom_interface/include/sbock_custom_interface/msg
[4.566s] -- Up-to-date: /home/ausiasbm/GTI-3B-SBOCK/turtlebot3_ws/install/sbock_custom_interface/include/sbock_custom_interface/msg/detail
[4.566s] -- Installing: /home/ausiasbm/GTI-3B-SBOCK/turtlebot3_ws/install/sbock_custom_interface/include/sbock_custom_interface/msg/detail/distvel__rosidl_typesupport_introspection_cpp.hpp
[4.566s] -- Installing: /home/ausiasbm/GTI-3B-SBOCK/turtlebot3_ws/install/sbock_custom_interface/include/sbock_custom_interface/msg/detail/distvel__type_support.cpp
[4.567s] -- Installing: /home/ausiasbm/GTI-3B-SBOCK/turtlebot3_ws/install/sbock_custom_interface/lib/libsbock_custom_interface__rosidl_typesupport_introspection_cpp.so
[4.567s] -- Set runtime path of "/home/ausiasbm/GTI-3B-SBOCK/turtlebot3_ws/install/sbock_custom_interface/lib/libsbock_custom_interface__rosidl_typesupport_introspection_cpp.so" to ""
[4.567s] -- Installing: /home/ausiasbm/GTI-3B-SBOCK/turtlebot3_ws/install/sbock_custom_interface/lib/libsbock_custom_interface__rosidl_typesupport_cpp.so
[4.567s] -- Set runtime path of "/home/ausiasbm/GTI-3B-SBOCK/turtlebot3_ws/install/sbock_custom_interface/lib/libsbock_custom_interface__rosidl_typesupport_cpp.so" to ""
[4.567s] -- Installing: /home/ausiasbm/GTI-3B-SBOCK/turtlebot3_ws/install/sbock_custom_interface/share/sbock_custom_interface/environment/pythonpath.sh
[4.567s] -- Installing: /home/ausiasbm/GTI-3B-SBOCK/turtlebot3_ws/install/sbock_custom_interface/share/sbock_custom_interface/environment/pythonpath.dsv
[4.568s] -- Installing: /home/ausiasbm/GTI-3B-SBOCK/turtlebot3_ws/install/sbock_custom_interface/lib/python3.8/site-packages/sbock_custom_interface/__init__.py
[4.590s] Compiling '/home/ausiasbm/GTI-3B-SBOCK/turtlebot3_ws/install/sbock_custom_interface/lib/python3.8/site-packages/sbock_custom_interface/__init__.py'...
[4.594s] -- Installing: /home/ausiasbm/GTI-3B-SBOCK/turtlebot3_ws/install/sbock_custom_interface/lib/python3.8/site-packages/sbock_custom_interface/msg
[4.594s] -- Installing: /home/ausiasbm/GTI-3B-SBOCK/turtlebot3_ws/install/sbock_custom_interface/lib/python3.8/site-packages/sbock_custom_interface/msg/_distvel.py
[4.594s] -- Installing: /home/ausiasbm/GTI-3B-SBOCK/turtlebot3_ws/install/sbock_custom_interface/lib/python3.8/site-packages/sbock_custom_interface/msg/__init__.py
[4.594s] -- Installing: /home/ausiasbm/GTI-3B-SBOCK/turtlebot3_ws/install/sbock_custom_interface/lib/python3.8/site-packages/sbock_custom_interface/msg/_distvel_s.c
[4.594s] -- Installing: /home/ausiasbm/GTI-3B-SBOCK/turtlebot3_ws/install/sbock_custom_interface/lib/python3.8/site-packages/sbock_custom_interface/srv
[4.594s] -- Installing: /home/ausiasbm/GTI-3B-SBOCK/turtlebot3_ws/install/sbock_custom_interface/lib/python3.8/site-packages/sbock_custom_interface/srv/_my_move_msg.py
[4.594s] -- Installing: /home/ausiasbm/GTI-3B-SBOCK/turtlebot3_ws/install/sbock_custom_interface/lib/python3.8/site-packages/sbock_custom_interface/srv/__init__.py
[4.594s] -- Installing: /home/ausiasbm/GTI-3B-SBOCK/turtlebot3_ws/install/sbock_custom_interface/lib/python3.8/site-packages/sbock_custom_interface/srv/_my_move_msg_s.c
[4.594s] -- Installing: /home/ausiasbm/GTI-3B-SBOCK/turtlebot3_ws/install/sbock_custom_interface/lib/python3.8/site-packages/sbock_custom_interface/sbock_custom_interface_s__rosidl_typesupport_fastrtps_c.cpython-38-aarch64-linux-gnu.so
[4.595s] -- Set runtime path of "/home/ausiasbm/GTI-3B-SBOCK/turtlebot3_ws/install/sbock_custom_interface/lib/python3.8/site-packages/sbock_custom_interface/sbock_custom_interface_s__rosidl_typesupport_fastrtps_c.cpython-38-aarch64-linux-gnu.so" to ""
[4.595s] -- Installing: /home/ausiasbm/GTI-3B-SBOCK/turtlebot3_ws/install/sbock_custom_interface/lib/python3.8/site-packages/sbock_custom_interface/sbock_custom_interface_s__rosidl_typesupport_introspection_c.cpython-38-aarch64-linux-gnu.so
[4.595s] -- Set runtime path of "/home/ausiasbm/GTI-3B-SBOCK/turtlebot3_ws/install/sbock_custom_interface/lib/python3.8/site-packages/sbock_custom_interface/sbock_custom_interface_s__rosidl_typesupport_introspection_c.cpython-38-aarch64-linux-gnu.so" to ""
[4.596s] -- Installing: /home/ausiasbm/GTI-3B-SBOCK/turtlebot3_ws/install/sbock_custom_interface/lib/python3.8/site-packages/sbock_custom_interface/sbock_custom_interface_s__rosidl_typesupport_c.cpython-38-aarch64-linux-gnu.so
[4.596s] -- Set runtime path of "/home/ausiasbm/GTI-3B-SBOCK/turtlebot3_ws/install/sbock_custom_interface/lib/python3.8/site-packages/sbock_custom_interface/sbock_custom_interface_s__rosidl_typesupport_c.cpython-38-aarch64-linux-gnu.so" to ""
[4.596s] -- Installing: /home/ausiasbm/GTI-3B-SBOCK/turtlebot3_ws/install/sbock_custom_interface/lib/libsbock_custom_interface__python.so
[4.596s] -- Set runtime path of "/home/ausiasbm/GTI-3B-SBOCK/turtlebot3_ws/install/sbock_custom_interface/lib/libsbock_custom_interface__python.so" to ""
[4.596s] -- Installing: /home/ausiasbm/GTI-3B-SBOCK/turtlebot3_ws/install/sbock_custom_interface/share/sbock_custom_interface/msg/Distvel.idl
[4.596s] -- Installing: /home/ausiasbm/GTI-3B-SBOCK/turtlebot3_ws/install/sbock_custom_interface/share/sbock_custom_interface/srv/MyMoveMsg.idl
[4.596s] -- Installing: /home/ausiasbm/GTI-3B-SBOCK/turtlebot3_ws/install/sbock_custom_interface/share/sbock_custom_interface/msg/Distvel.msg
[4.596s] -- Installing: /home/ausiasbm/GTI-3B-SBOCK/turtlebot3_ws/install/sbock_custom_interface/share/sbock_custom_interface/srv/MyMoveMsg.srv
[4.596s] -- Installing: /home/ausiasbm/GTI-3B-SBOCK/turtlebot3_ws/install/sbock_custom_interface/share/sbock_custom_interface/srv/MyMoveMsg_Request.msg
[4.597s] -- Installing: /home/ausiasbm/GTI-3B-SBOCK/turtlebot3_ws/install/sbock_custom_interface/share/sbock_custom_interface/srv/MyMoveMsg_Response.msg
[4.597s] -- Installing: /home/ausiasbm/GTI-3B-SBOCK/turtlebot3_ws/install/sbock_custom_interface/share/ament_index/resource_index/package_run_dependencies/sbock_custom_interface
[4.597s] -- Installing: /home/ausiasbm/GTI-3B-SBOCK/turtlebot3_ws/install/sbock_custom_interface/share/ament_index/resource_index/parent_prefix_path/sbock_custom_interface
[4.597s] -- Installing: /home/ausiasbm/GTI-3B-SBOCK/turtlebot3_ws/install/sbock_custom_interface/share/sbock_custom_interface/environment/ament_prefix_path.sh
[4.597s] -- Installing: /home/ausiasbm/GTI-3B-SBOCK/turtlebot3_ws/install/sbock_custom_interface/share/sbock_custom_interface/environment/ament_prefix_path.dsv
[4.597s] -- Installing: /home/ausiasbm/GTI-3B-SBOCK/turtlebot3_ws/install/sbock_custom_interface/share/sbock_custom_interface/environment/path.sh
[4.597s] -- Installing: /home/ausiasbm/GTI-3B-SBOCK/turtlebot3_ws/install/sbock_custom_interface/share/sbock_custom_interface/environment/path.dsv
[4.597s] -- Installing: /home/ausiasbm/GTI-3B-SBOCK/turtlebot3_ws/install/sbock_custom_interface/share/sbock_custom_interface/local_setup.bash
[4.597s] -- Installing: /home/ausiasbm/GTI-3B-SBOCK/turtlebot3_ws/install/sbock_custom_interface/share/sbock_custom_interface/local_setup.sh
[4.597s] -- Installing: /home/ausiasbm/GTI-3B-SBOCK/turtlebot3_ws/install/sbock_custom_interface/share/sbock_custom_interface/local_setup.zsh
[4.597s] -- Installing: /home/ausiasbm/GTI-3B-SBOCK/turtlebot3_ws/install/sbock_custom_interface/share/sbock_custom_interface/local_setup.dsv
[4.598s] -- Installing: /home/ausiasbm/GTI-3B-SBOCK/turtlebot3_ws/install/sbock_custom_interface/share/sbock_custom_interface/package.dsv
[4.598s] -- Installing: /home/ausiasbm/GTI-3B-SBOCK/turtlebot3_ws/install/sbock_custom_interface/share/ament_index/resource_index/packages/sbock_custom_interface
[4.598s] -- Installing: /home/ausiasbm/GTI-3B-SBOCK/turtlebot3_ws/install/sbock_custom_interface/share/sbock_custom_interface/cmake/sbock_custom_interface__rosidl_generator_cExport.cmake
[4.598s] -- Installing: /home/ausiasbm/GTI-3B-SBOCK/turtlebot3_ws/install/sbock_custom_interface/share/sbock_custom_interface/cmake/sbock_custom_interface__rosidl_generator_cExport-noconfig.cmake
[4.598s] -- Installing: /home/ausiasbm/GTI-3B-SBOCK/turtlebot3_ws/install/sbock_custom_interface/share/sbock_custom_interface/cmake/sbock_custom_interface__rosidl_typesupport_introspection_cExport.cmake
[4.598s] -- Installing: /home/ausiasbm/GTI-3B-SBOCK/turtlebot3_ws/install/sbock_custom_interface/share/sbock_custom_interface/cmake/sbock_custom_interface__rosidl_typesupport_introspection_cExport-noconfig.cmake
[4.598s] -- Installing: /home/ausiasbm/GTI-3B-SBOCK/turtlebot3_ws/install/sbock_custom_interface/share/sbock_custom_interface/cmake/sbock_custom_interface__rosidl_typesupport_cExport.cmake
[4.598s] -- Installing: /home/ausiasbm/GTI-3B-SBOCK/turtlebot3_ws/install/sbock_custom_interface/share/sbock_custom_interface/cmake/sbock_custom_interface__rosidl_typesupport_cExport-noconfig.cmake
[4.598s] -- Installing: /home/ausiasbm/GTI-3B-SBOCK/turtlebot3_ws/install/sbock_custom_interface/share/sbock_custom_interface/cmake/sbock_custom_interface__rosidl_generator_cppExport.cmake
[4.598s] -- Installing: /home/ausiasbm/GTI-3B-SBOCK/turtlebot3_ws/install/sbock_custom_interface/share/sbock_custom_interface/cmake/sbock_custom_interface__rosidl_typesupport_introspection_cppExport.cmake
[4.599s] -- Installing: /home/ausiasbm/GTI-3B-SBOCK/turtlebot3_ws/install/sbock_custom_interface/share/sbock_custom_interface/cmake/sbock_custom_interface__rosidl_typesupport_introspection_cppExport-noconfig.cmake
[4.599s] -- Installing: /home/ausiasbm/GTI-3B-SBOCK/turtlebot3_ws/install/sbock_custom_interface/share/sbock_custom_interface/cmake/sbock_custom_interface__rosidl_typesupport_cppExport.cmake
[4.599s] -- Installing: /home/ausiasbm/GTI-3B-SBOCK/turtlebot3_ws/install/sbock_custom_interface/share/sbock_custom_interface/cmake/sbock_custom_interface__rosidl_typesupport_cppExport-noconfig.cmake
[4.599s] -- Installing: /home/ausiasbm/GTI-3B-SBOCK/turtlebot3_ws/install/sbock_custom_interface/share/sbock_custom_interface/cmake/rosidl_cmake-extras.cmake
[4.599s] -- Installing: /home/ausiasbm/GTI-3B-SBOCK/turtlebot3_ws/install/sbock_custom_interface/share/sbock_custom_interface/cmake/ament_cmake_export_dependencies-extras.cmake
[4.599s] -- Installing: /home/ausiasbm/GTI-3B-SBOCK/turtlebot3_ws/install/sbock_custom_interface/share/sbock_custom_interface/cmake/ament_cmake_export_libraries-extras.cmake
[4.599s] -- Installing: /home/ausiasbm/GTI-3B-SBOCK/turtlebot3_ws/install/sbock_custom_interface/share/sbock_custom_interface/cmake/ament_cmake_export_targets-extras.cmake
[4.599s] -- Installing: /home/ausiasbm/GTI-3B-SBOCK/turtlebot3_ws/install/sbock_custom_interface/share/sbock_custom_interface/cmake/ament_cmake_export_include_directories-extras.cmake
[4.599s] -- Installing: /home/ausiasbm/GTI-3B-SBOCK/turtlebot3_ws/install/sbock_custom_interface/share/sbock_custom_interface/cmake/rosidl_cmake_export_typesupport_libraries-extras.cmake
[4.599s] -- Installing: /home/ausiasbm/GTI-3B-SBOCK/turtlebot3_ws/install/sbock_custom_interface/share/sbock_custom_interface/cmake/rosidl_cmake_export_typesupport_targets-extras.cmake
[4.600s] -- Installing: /home/ausiasbm/GTI-3B-SBOCK/turtlebot3_ws/install/sbock_custom_interface/share/sbock_custom_interface/cmake/sbock_custom_interfaceConfig.cmake
[4.600s] -- Installing: /home/ausiasbm/GTI-3B-SBOCK/turtlebot3_ws/install/sbock_custom_interface/share/sbock_custom_interface/cmake/sbock_custom_interfaceConfig-version.cmake
[4.600s] -- Installing: /home/ausiasbm/GTI-3B-SBOCK/turtlebot3_ws/install/sbock_custom_interface/share/sbock_custom_interface/package.xml
[4.602s] Invoked command in '/home/ausiasbm/GTI-3B-SBOCK/turtlebot3_ws/build/sbock_custom_interface' returned '0': CMAKE_PREFIX_PATH=${CMAKE_PREFIX_PATH}:/home/ausiasbm/turtlebot3_ws/install/show_msg:/home/ausiasbm/turtlebot3_ws/install/provide_map:/home/ausiasbm/turtlebot3_ws/install/my_slam:/home/ausiasbm/turtlebot3_ws/install/my_nav2_system:/home/ausiasbm/turtlebot3_ws/install/my_first_subscriber:/home/ausiasbm/turtlebot3_ws/install/my_first_service:/home/ausiasbm/turtlebot3_ws/install/my_first_publisher:/home/ausiasbm/turtlebot3_ws/install/ausias_bm_ex_my_nav2_system:/home/ausiasbm/GTI-3B-SBOCK/turtlebot3_ws/install/sbock_show_msg:/home/ausiasbm/GTI-3B-SBOCK/turtlebot3_ws/install/sbock_robot_position_subscriber:/home/ausiasbm/GTI-3B-SBOCK/turtlebot3_ws/install/sbock_position_publisher:/home/ausiasbm/GTI-3B-SBOCK/turtlebot3_ws/install/sbock_nav_route:/home/ausiasbm/GTI-3B-SBOCK/turtlebot3_ws/install/sbock_nav_position:/home/ausiasbm/GTI-3B-SBOCK/turtlebot3_ws/install/sbock_my_first_service:/home/ausiasbm/GTI-3B-SBOCK/turtlebot3_ws/install/provide_map:/opt/ros/foxy PS1=\[\e]0;\u@\h: \w\a\]${debian_chroot:+($debian_chroot)}\[\033[01;32m\]\u@\h\[\033[00m\]:\[\033[01;34m\]\w\[\033[00m\]\$ /usr/bin/cmake --install /home/ausiasbm/GTI-3B-SBOCK/turtlebot3_ws/build/sbock_custom_interface
