[1.227s] Invoking command in '/home/natxo/GTI-3B-SBOCK/turtlebot3_ws/src/sbock/sbock_nav_position': PS1=(rosenv) \[\e]0;\u@\h: \w\a\]${debian_chroot:+($debian_chroot)}\[\033[01;32m\]\u@\h\[\033[00m\]:\[\033[01;34m\]\w\[\033[00m\]\$ PYTHONPATH=/home/natxo/GTI-3B-SBOCK/turtlebot3_ws/install/sbock_nav_position/lib/python3.8/site-packages:${PYTHONPATH} /usr/bin/python3 setup.py egg_info --egg-base ../../../build/sbock_nav_position build --build-base /home/natxo/GTI-3B-SBOCK/turtlebot3_ws/build/sbock_nav_position/build install --prefix /home/natxo/GTI-3B-SBOCK/turtlebot3_ws/install/sbock_nav_position --record /home/natxo/GTI-3B-SBOCK/turtlebot3_ws/build/sbock_nav_position/install.log --single-version-externally-managed
[1.621s] running egg_info
[1.621s] writing ../../../build/sbock_nav_position/sbock_nav_position.egg-info/PKG-INFO
[1.622s] writing dependency_links to ../../../build/sbock_nav_position/sbock_nav_position.egg-info/dependency_links.txt
[1.623s] writing entry points to ../../../build/sbock_nav_position/sbock_nav_position.egg-info/entry_points.txt
[1.623s] writing requirements to ../../../build/sbock_nav_position/sbock_nav_position.egg-info/requires.txt
[1.623s] writing top-level names to ../../../build/sbock_nav_position/sbock_nav_position.egg-info/top_level.txt
[1.700s] reading manifest file '../../../build/sbock_nav_position/sbock_nav_position.egg-info/SOURCES.txt'
[1.702s] writing manifest file '../../../build/sbock_nav_position/sbock_nav_position.egg-info/SOURCES.txt'
[1.702s] running build
[1.703s] running build_py
[1.703s] copying sbock_nav_position/initial_pose_pub.py -> /home/natxo/GTI-3B-SBOCK/turtlebot3_ws/build/sbock_nav_position/build/lib/sbock_nav_position
[1.703s] running install
[1.705s] running install_lib
[1.706s] copying /home/natxo/GTI-3B-SBOCK/turtlebot3_ws/build/sbock_nav_position/build/lib/sbock_nav_position/initial_pose_pub.py -> /home/natxo/GTI-3B-SBOCK/turtlebot3_ws/install/sbock_nav_position/lib/python3.8/site-packages/sbock_nav_position
[1.707s] byte-compiling /home/natxo/GTI-3B-SBOCK/turtlebot3_ws/install/sbock_nav_position/lib/python3.8/site-packages/sbock_nav_position/initial_pose_pub.py to initial_pose_pub.cpython-38.pyc
[1.710s] running install_data
[1.711s] running install_egg_info
[1.714s] removing '/home/natxo/GTI-3B-SBOCK/turtlebot3_ws/install/sbock_nav_position/lib/python3.8/site-packages/sbock_nav_position-0.0.0-py3.8.egg-info' (and everything under it)
[1.714s] Copying ../../../build/sbock_nav_position/sbock_nav_position.egg-info to /home/natxo/GTI-3B-SBOCK/turtlebot3_ws/install/sbock_nav_position/lib/python3.8/site-packages/sbock_nav_position-0.0.0-py3.8.egg-info
[1.715s] running install_scripts
[1.745s] Installing initial_pose_pub script to /home/natxo/GTI-3B-SBOCK/turtlebot3_ws/install/sbock_nav_position/lib/sbock_nav_position
[1.746s] Installing nav_to_pose script to /home/natxo/GTI-3B-SBOCK/turtlebot3_ws/install/sbock_nav_position/lib/sbock_nav_position
[1.746s] writing list of installed files to '/home/natxo/GTI-3B-SBOCK/turtlebot3_ws/build/sbock_nav_position/install.log'
[1.781s] Invoked command in '/home/natxo/GTI-3B-SBOCK/turtlebot3_ws/src/sbock/sbock_nav_position' returned '0': PS1=(rosenv) \[\e]0;\u@\h: \w\a\]${debian_chroot:+($debian_chroot)}\[\033[01;32m\]\u@\h\[\033[00m\]:\[\033[01;34m\]\w\[\033[00m\]\$ PYTHONPATH=/home/natxo/GTI-3B-SBOCK/turtlebot3_ws/install/sbock_nav_position/lib/python3.8/site-packages:${PYTHONPATH} /usr/bin/python3 setup.py egg_info --egg-base ../../../build/sbock_nav_position build --build-base /home/natxo/GTI-3B-SBOCK/turtlebot3_ws/build/sbock_nav_position/build install --prefix /home/natxo/GTI-3B-SBOCK/turtlebot3_ws/install/sbock_nav_position --record /home/natxo/GTI-3B-SBOCK/turtlebot3_ws/build/sbock_nav_position/install.log --single-version-externally-managed
