[0.148s] Invoking command in '/home/aibes/GTI-3B-SBOCK/turtlebot3_ws/build/turtlebot3_gazebo': CMAKE_PREFIX_PATH=${CMAKE_PREFIX_PATH}:/home/aibes/turtlebot3_ws/install/show_msg:/home/aibes/turtlebot3_ws/install/provide_map:/home/aibes/turtlebot3_ws/install/my_slam:/home/aibes/turtlebot3_ws/install/my_nav2_system:/home/aibes/turtlebot3_ws/install/my_first_subscriber:/home/aibes/turtlebot3_ws/install/my_first_service:/home/aibes/turtlebot3_ws/install/my_first_publisher:/home/aibes/turtlebot3_ws/install/my_first_node:/home/aibes/GTI-3B-SBOCK/turtlebot3_ws/install/sbock_nav2_system:/home/aibes/GTI-3B-SBOCK/turtlebot3_ws/install/provide_map:/home/aibes/GTI-3B-SBOCK/turtlebot3_ws/install/my_first_publisher:/home/aibes/GTI-3B-SBOCK/turtlebot3_ws/install/my_first_node:/opt/ros/foxy PS1=(rosenv) \[\e]0;\u@\h: \w\a\]${debian_chroot:+($debian_chroot)}\[\033[01;32m\]\u@\h\[\033[00m\]:\[\033[01;34m\]\w\[\033[00m\]\$ /usr/bin/cmake /home/aibes/GTI-3B-SBOCK/turtlebot3_ws/src/turtlebot3_simulations/turtlebot3_gazebo -DCMAKE_INSTALL_PREFIX=/home/aibes/GTI-3B-SBOCK/turtlebot3_ws/install/turtlebot3_gazebo
[1.333s] -- The C compiler identification is GNU 9.4.0
[1.333s] -- The CXX compiler identification is GNU 9.4.0
[1.334s] -- Check for working C compiler: /usr/bin/cc
[1.334s] -- Check for working C compiler: /usr/bin/cc -- works
[1.334s] -- Detecting C compiler ABI info
[1.334s] -- Detecting C compiler ABI info - done
[1.334s] -- Detecting C compile features
[1.335s] -- Detecting C compile features - done
[1.335s] -- Check for working CXX compiler: /usr/bin/c++
[1.335s] -- Check for working CXX compiler: /usr/bin/c++ -- works
[1.335s] -- Detecting CXX compiler ABI info
[1.335s] -- Detecting CXX compiler ABI info - done
[1.335s] -- Detecting CXX compile features
[1.336s] -- Detecting CXX compile features - done
[1.336s] -- Found ament_cmake: 0.9.9 (/opt/ros/foxy/share/ament_cmake/cmake)
[1.336s] -- Found PythonInterp: /home/aibes/virtualenvs/rosenv/bin/python3 (found suitable version "3.8.10", minimum required is "3") 
[1.336s] -- Using PYTHON_EXECUTABLE: /home/aibes/virtualenvs/rosenv/bin/python3
[1.337s] -- Found PkgConfig: /usr/bin/pkg-config (found version "0.29.1") 
[1.338s] -- Checking for module 'bullet>=2.82'
[1.340s] --   Found bullet, version 2.88
[1.534s] -- Found ccd: /usr/include (found suitable version "2.0", minimum required is "2.0") 
[1.632s] -- Found fcl: /usr/include (found suitable version "0.5.0", minimum required is "0.3.2") 
[1.738s] -- Found assimp: /usr/include (found version "5.0.0") 
[1.786s] -- Found DART: /usr/include (Required is at least version "6.6") found components: dart 
[2.452s] -- Found Boost: /usr/lib/x86_64-linux-gnu/cmake/Boost-1.71.0/BoostConfig.cmake (found suitable version "1.71.0", minimum required is "1.40.0") found components: thread system filesystem program_options regex iostreams date_time 
[2.496s] -- Found Protobuf: /usr/lib/x86_64-linux-gnu/libprotobuf.so;-lpthread (found version "3.6.1") 
[2.505s] -- Looking for ignition-math6 -- found version 6.9.2
[2.518s] -- Searching for dependencies of ignition-math6
[2.521s] -- Looking for OGRE...
[2.522s] -- OGRE_PREFIX_WATCH changed.
[2.532s] -- Checking for module 'OGRE'
[2.569s] --   Found OGRE, version 1.9.0
[2.651s] -- Found Ogre Ghadamon (1.9.0)
[2.675s] -- Found OGRE: optimized;/usr/lib/x86_64-linux-gnu/libOgreMain.so;debug;/usr/lib/x86_64-linux-gnu/libOgreMain.so
[2.706s] -- Looking for OGRE_Paging...
[2.725s] -- Found OGRE_Paging: optimized;/usr/lib/x86_64-linux-gnu/libOgrePaging.so;debug;/usr/lib/x86_64-linux-gnu/libOgrePaging.so
[2.725s] -- Looking for OGRE_Terrain...
[2.745s] -- Found OGRE_Terrain: optimized;/usr/lib/x86_64-linux-gnu/libOgreTerrain.so;debug;/usr/lib/x86_64-linux-gnu/libOgreTerrain.so
[2.746s] -- Looking for OGRE_Property...
[2.761s] -- Found OGRE_Property: optimized;/usr/lib/x86_64-linux-gnu/libOgreProperty.so;debug;/usr/lib/x86_64-linux-gnu/libOgreProperty.so
[2.761s] -- Looking for OGRE_RTShaderSystem...
[2.782s] -- Found OGRE_RTShaderSystem: optimized;/usr/lib/x86_64-linux-gnu/libOgreRTShaderSystem.so;debug;/usr/lib/x86_64-linux-gnu/libOgreRTShaderSystem.so
[2.783s] -- Looking for OGRE_Volume...
[2.802s] -- Found OGRE_Volume: optimized;/usr/lib/x86_64-linux-gnu/libOgreVolume.so;debug;/usr/lib/x86_64-linux-gnu/libOgreVolume.so
[2.802s] -- Looking for OGRE_Overlay...
[2.823s] -- Found OGRE_Overlay: optimized;/usr/lib/x86_64-linux-gnu/libOgreOverlay.so;debug;/usr/lib/x86_64-linux-gnu/libOgreOverlay.so
[3.239s] -- Looking for ignition-math6 -- found version 6.9.2
[3.244s] -- Looking for ignition-transport8 -- found version 8.2.1
[3.244s] -- Searching for dependencies of ignition-transport8
[3.275s] -- Found Protobuf: /usr/lib/x86_64-linux-gnu/libprotobuf.so;-lpthread (found suitable version "3.6.1", minimum required is "3") 
[3.292s] -- Config-file not installed for ZeroMQ -- checking for pkg-config
[3.299s] -- Checking for module 'libzmq >= 4'
[3.328s] --   Found libzmq , version 4.3.2
[3.392s] -- Found ZeroMQ: TRUE (Required is at least version "4") 
[3.401s] -- Checking for module 'uuid'
[3.428s] --   Found uuid, version 2.34.0
[3.486s] -- Found UUID: TRUE  
[3.490s] -- Looking for ignition-msgs5 -- found version 5.8.1
[3.491s] -- Searching for dependencies of ignition-msgs5
[3.521s] -- Looking for ignition-math6 -- found version 6.9.2
[3.530s] -- Checking for module 'tinyxml2'
[3.555s] --   Found tinyxml2, version 6.2.0
[3.620s] -- Looking for ignition-msgs5 -- found version 5.8.1
[3.624s] -- Looking for ignition-common3 -- found version 3.14.0
[3.625s] -- Searching for dependencies of ignition-common3
[3.626s] -- Looking for dlfcn.h - found
[3.628s] -- Looking for libdl - found
[3.631s] -- Found DL: TRUE  
[3.642s] -- Searching for <ignition-common3> component [graphics]
[3.648s] -- Looking for ignition-common3-graphics -- found version 3.14.0
[3.648s] -- Searching for dependencies of ignition-common3-graphics
[3.649s] -- Looking for ignition-math6 -- found version 6.9.2
[3.655s] -- Looking for ignition-fuel_tools4 -- found version 4.4.0
[3.656s] -- Searching for dependencies of ignition-fuel_tools4
[3.778s] -- Found CURL: /usr/lib/x86_64-linux-gnu/libcurl.so (found version "7.68.0")  
[3.793s] -- Checking for module 'jsoncpp'
[3.818s] --   Found jsoncpp, version 1.7.4
[3.882s] -- Found JSONCPP: TRUE  
[3.894s] -- Checking for module 'libzip'
[3.919s] --   Found libzip, version 1.5.1
[4.027s] -- Found ZIP: TRUE  
[4.027s] -- Looking for ignition-common3 -- found version 3.14.0
[4.028s] -- Looking for ignition-math6 -- found version 6.9.2
[4.029s] -- Looking for ignition-msgs5 -- found version 5.8.1
[4.034s] -- Found gazebo_ros_pkgs: 3.5.3 (/opt/ros/foxy/share/gazebo_ros_pkgs/cmake)
[4.038s] -- Found geometry_msgs: 2.0.5 (/opt/ros/foxy/share/geometry_msgs/cmake)
[4.116s] -- Using all available rosidl_typesupport_c: rosidl_typesupport_fastrtps_c;rosidl_typesupport_introspection_c
[4.132s] -- Found rosidl_adapter: 1.2.1 (/opt/ros/foxy/share/rosidl_adapter/cmake)
[4.292s] -- Found OpenSSL: /usr/lib/x86_64-linux-gnu/libcrypto.so (found version "1.1.1f")  
[4.339s] -- Found FastRTPS: /opt/ros/foxy/include  
[4.499s] -- Using all available rosidl_typesupport_cpp: rosidl_typesupport_fastrtps_cpp;rosidl_typesupport_introspection_cpp
[4.680s] -- Found nav_msgs: 2.0.5 (/opt/ros/foxy/share/nav_msgs/cmake)
[4.849s] -- Found rclcpp: 2.4.1 (/opt/ros/foxy/share/rclcpp/cmake)
[4.943s] -- Found rmw_implementation_cmake: 1.0.3 (/opt/ros/foxy/share/rmw_implementation_cmake/cmake)
[4.943s] -- Using RMW implementation 'rmw_fastrtps_cpp' as default
[4.944s] -- Found Threads: TRUE  
[5.225s] -- Found sensor_msgs: 2.0.5 (/opt/ros/foxy/share/sensor_msgs/cmake)
[5.369s] -- Found tf2: 0.13.13 (/opt/ros/foxy/share/tf2/cmake)
[5.637s] -- Configuring done
[5.806s] -- Generating done
[5.811s] -- Build files have been written to: /home/aibes/GTI-3B-SBOCK/turtlebot3_ws/build/turtlebot3_gazebo
[5.826s] Invoked command in '/home/aibes/GTI-3B-SBOCK/turtlebot3_ws/build/turtlebot3_gazebo' returned '0': CMAKE_PREFIX_PATH=${CMAKE_PREFIX_PATH}:/home/aibes/turtlebot3_ws/install/show_msg:/home/aibes/turtlebot3_ws/install/provide_map:/home/aibes/turtlebot3_ws/install/my_slam:/home/aibes/turtlebot3_ws/install/my_nav2_system:/home/aibes/turtlebot3_ws/install/my_first_subscriber:/home/aibes/turtlebot3_ws/install/my_first_service:/home/aibes/turtlebot3_ws/install/my_first_publisher:/home/aibes/turtlebot3_ws/install/my_first_node:/home/aibes/GTI-3B-SBOCK/turtlebot3_ws/install/sbock_nav2_system:/home/aibes/GTI-3B-SBOCK/turtlebot3_ws/install/provide_map:/home/aibes/GTI-3B-SBOCK/turtlebot3_ws/install/my_first_publisher:/home/aibes/GTI-3B-SBOCK/turtlebot3_ws/install/my_first_node:/opt/ros/foxy PS1=(rosenv) \[\e]0;\u@\h: \w\a\]${debian_chroot:+($debian_chroot)}\[\033[01;32m\]\u@\h\[\033[00m\]:\[\033[01;34m\]\w\[\033[00m\]\$ /usr/bin/cmake /home/aibes/GTI-3B-SBOCK/turtlebot3_ws/src/turtlebot3_simulations/turtlebot3_gazebo -DCMAKE_INSTALL_PREFIX=/home/aibes/GTI-3B-SBOCK/turtlebot3_ws/install/turtlebot3_gazebo
[5.832s] Invoking command in '/home/aibes/GTI-3B-SBOCK/turtlebot3_ws/build/turtlebot3_gazebo': CMAKE_PREFIX_PATH=${CMAKE_PREFIX_PATH}:/home/aibes/turtlebot3_ws/install/show_msg:/home/aibes/turtlebot3_ws/install/provide_map:/home/aibes/turtlebot3_ws/install/my_slam:/home/aibes/turtlebot3_ws/install/my_nav2_system:/home/aibes/turtlebot3_ws/install/my_first_subscriber:/home/aibes/turtlebot3_ws/install/my_first_service:/home/aibes/turtlebot3_ws/install/my_first_publisher:/home/aibes/turtlebot3_ws/install/my_first_node:/home/aibes/GTI-3B-SBOCK/turtlebot3_ws/install/sbock_nav2_system:/home/aibes/GTI-3B-SBOCK/turtlebot3_ws/install/provide_map:/home/aibes/GTI-3B-SBOCK/turtlebot3_ws/install/my_first_publisher:/home/aibes/GTI-3B-SBOCK/turtlebot3_ws/install/my_first_node:/opt/ros/foxy PS1=(rosenv) \[\e]0;\u@\h: \w\a\]${debian_chroot:+($debian_chroot)}\[\033[01;32m\]\u@\h\[\033[00m\]:\[\033[01;34m\]\w\[\033[00m\]\$ /usr/bin/cmake --build /home/aibes/GTI-3B-SBOCK/turtlebot3_ws/build/turtlebot3_gazebo -- -j6 -l6
[5.906s] [35m[1mScanning dependencies of target turtlebot3_drive[0m
[5.906s] [35m[1mScanning dependencies of target obstacle2[0m
[5.920s] [35m[1mScanning dependencies of target obstacles[0m
[5.921s] [35m[1mScanning dependencies of target obstacle1[0m
[6.066s] [ 12%] [32mBuilding CXX object CMakeFiles/turtlebot3_drive.dir/src/turtlebot3_drive.cpp.o[0m
[6.795s] [ 25%] [32mBuilding CXX object CMakeFiles/obstacle2.dir/models/turtlebot3_dqn_world/obstacle_plugin/obstacle2.cc.o[0m
[6.846s] [ 37%] [32mBuilding CXX object CMakeFiles/obstacle1.dir/models/turtlebot3_dqn_world/obstacle_plugin/obstacle1.cc.o[0m
[6.862s] [ 50%] [32mBuilding CXX object CMakeFiles/obstacles.dir/models/turtlebot3_dqn_world/obstacle_plugin/obstacles.cc.o[0m
[20.605s] [ 62%] [32m[1mLinking CXX executable turtlebot3_drive[0m
[21.243s] [ 62%] Built target turtlebot3_drive
[29.055s] [ 75%] [32m[1mLinking CXX shared library libobstacle2.so[0m
[29.184s] [ 87%] [32m[1mLinking CXX shared library libobstacle1.so[0m
[29.336s] [100%] [32m[1mLinking CXX shared library libobstacles.so[0m
[29.699s] [100%] Built target obstacle1
[29.740s] [100%] Built target obstacle2
[29.800s] [100%] Built target obstacles
