[0.325s] DEBUG:colcon:Command line arguments: ['/usr/bin/colcon', 'build', '--symlink-install']
[0.325s] DEBUG:colcon:Parsed command line arguments: Namespace(allow_overriding=[], ament_cmake_args=None, base_paths=['.'], build_base='build', catkin_cmake_args=None, catkin_skip_building_tests=False, cmake_args=None, cmake_clean_cache=False, cmake_clean_first=False, cmake_force_configure=False, cmake_target=None, cmake_target_skip_unavailable=False, continue_on_error=False, event_handlers=None, executor='parallel', ignore_user_meta=False, install_base='install', log_base=None, log_level=None, main=<bound method BuildVerb.main of <colcon_core.verb.build.BuildVerb object at 0x7f7240369970>>, merge_install=False, metas=['./colcon.meta'], packages_above=None, packages_above_and_dependencies=None, packages_above_depth=None, packages_end=None, packages_ignore=None, packages_ignore_regex=None, packages_select=None, packages_select_build_failed=False, packages_select_by_dep=None, packages_select_regex=None, packages_select_test_failures=False, packages_skip=None, packages_skip_build_finished=False, packages_skip_by_dep=None, packages_skip_regex=None, packages_skip_test_passed=False, packages_skip_up_to=None, packages_start=None, packages_up_to=None, packages_up_to_regex=None, parallel_workers=5, paths=None, symlink_install=True, test_result_base=None, verb_extension=<colcon_core.verb.build.BuildVerb object at 0x7f7240369970>, verb_name='build', verb_parser=<colcon_defaults.argument_parser.defaults.DefaultArgumentsDecorator object at 0x7f7240369ee0>)
[0.333s] Level 1:colcon.colcon_core.package_discovery:discover_packages(colcon_meta) check parameters
[0.333s] Level 1:colcon.colcon_core.package_discovery:discover_packages(recursive) check parameters
[0.333s] Level 1:colcon.colcon_core.package_discovery:discover_packages(ignore) check parameters
[0.333s] Level 1:colcon.colcon_core.package_discovery:discover_packages(path) check parameters
[0.333s] Level 1:colcon.colcon_core.package_discovery:discover_packages(colcon_meta) discover
[0.333s] Level 1:colcon.colcon_core.package_discovery:discover_packages(recursive) discover
[0.333s] INFO:colcon.colcon_core.package_discovery:Crawling recursively for packages in '/home/aibes/GTI-3B-SBOCK/turtlebot3_ws'
[0.333s] Level 1:colcon.colcon_core.package_identification:_identify(.) by extensions ['ignore', 'ignore_ament_install']
[0.334s] Level 1:colcon.colcon_core.package_identification:_identify(.) by extension 'ignore'
[0.334s] Level 1:colcon.colcon_core.package_identification:_identify(.) by extension 'ignore_ament_install'
[0.334s] Level 1:colcon.colcon_core.package_identification:_identify(.) by extensions ['colcon_pkg']
[0.334s] Level 1:colcon.colcon_core.package_identification:_identify(.) by extension 'colcon_pkg'
[0.334s] Level 1:colcon.colcon_core.package_identification:_identify(.) by extensions ['colcon_meta']
[0.334s] Level 1:colcon.colcon_core.package_identification:_identify(.) by extension 'colcon_meta'
[0.334s] Level 1:colcon.colcon_core.package_identification:_identify(.) by extensions ['ros']
[0.334s] Level 1:colcon.colcon_core.package_identification:_identify(.) by extension 'ros'
[0.352s] Level 1:colcon.colcon_core.package_identification:_identify(.) by extensions ['cmake', 'python']
[0.352s] Level 1:colcon.colcon_core.package_identification:_identify(.) by extension 'cmake'
[0.352s] Level 1:colcon.colcon_core.package_identification:_identify(.) by extension 'python'
[0.352s] Level 1:colcon.colcon_core.package_identification:_identify(.) by extensions ['python_setup_py']
[0.352s] Level 1:colcon.colcon_core.package_identification:_identify(.) by extension 'python_setup_py'
[0.352s] Level 1:colcon.colcon_core.package_identification:_identify(build) by extensions ['ignore', 'ignore_ament_install']
[0.352s] Level 1:colcon.colcon_core.package_identification:_identify(build) by extension 'ignore'
[0.352s] Level 1:colcon.colcon_core.package_identification:_identify(build) ignored
[0.353s] Level 1:colcon.colcon_core.package_identification:_identify(install) by extensions ['ignore', 'ignore_ament_install']
[0.353s] Level 1:colcon.colcon_core.package_identification:_identify(install) by extension 'ignore'
[0.353s] Level 1:colcon.colcon_core.package_identification:_identify(install) ignored
[0.353s] Level 1:colcon.colcon_core.package_identification:_identify(log) by extensions ['ignore', 'ignore_ament_install']
[0.353s] Level 1:colcon.colcon_core.package_identification:_identify(log) by extension 'ignore'
[0.353s] Level 1:colcon.colcon_core.package_identification:_identify(log) ignored
[0.353s] Level 1:colcon.colcon_core.package_identification:_identify(turtlebot3_simulations) by extensions ['ignore', 'ignore_ament_install']
[0.353s] Level 1:colcon.colcon_core.package_identification:_identify(turtlebot3_simulations) by extension 'ignore'
[0.353s] Level 1:colcon.colcon_core.package_identification:_identify(turtlebot3_simulations) by extension 'ignore_ament_install'
[0.354s] Level 1:colcon.colcon_core.package_identification:_identify(turtlebot3_simulations) by extensions ['colcon_pkg']
[0.354s] Level 1:colcon.colcon_core.package_identification:_identify(turtlebot3_simulations) by extension 'colcon_pkg'
[0.354s] Level 1:colcon.colcon_core.package_identification:_identify(turtlebot3_simulations) by extensions ['colcon_meta']
[0.354s] Level 1:colcon.colcon_core.package_identification:_identify(turtlebot3_simulations) by extension 'colcon_meta'
[0.354s] Level 1:colcon.colcon_core.package_identification:_identify(turtlebot3_simulations) by extensions ['ros']
[0.354s] Level 1:colcon.colcon_core.package_identification:_identify(turtlebot3_simulations) by extension 'ros'
[0.354s] Level 1:colcon.colcon_core.package_identification:_identify(turtlebot3_simulations) by extensions ['cmake', 'python']
[0.354s] Level 1:colcon.colcon_core.package_identification:_identify(turtlebot3_simulations) by extension 'cmake'
[0.354s] Level 1:colcon.colcon_core.package_identification:_identify(turtlebot3_simulations) by extension 'python'
[0.354s] Level 1:colcon.colcon_core.package_identification:_identify(turtlebot3_simulations) by extensions ['python_setup_py']
[0.354s] Level 1:colcon.colcon_core.package_identification:_identify(turtlebot3_simulations) by extension 'python_setup_py'
[0.354s] Level 1:colcon.colcon_core.package_identification:_identify(turtlebot3_simulations/turtlebot3_fake_node) by extensions ['ignore', 'ignore_ament_install']
[0.354s] Level 1:colcon.colcon_core.package_identification:_identify(turtlebot3_simulations/turtlebot3_fake_node) by extension 'ignore'
[0.355s] Level 1:colcon.colcon_core.package_identification:_identify(turtlebot3_simulations/turtlebot3_fake_node) by extension 'ignore_ament_install'
[0.355s] Level 1:colcon.colcon_core.package_identification:_identify(turtlebot3_simulations/turtlebot3_fake_node) by extensions ['colcon_pkg']
[0.355s] Level 1:colcon.colcon_core.package_identification:_identify(turtlebot3_simulations/turtlebot3_fake_node) by extension 'colcon_pkg'
[0.355s] Level 1:colcon.colcon_core.package_identification:_identify(turtlebot3_simulations/turtlebot3_fake_node) by extensions ['colcon_meta']
[0.355s] Level 1:colcon.colcon_core.package_identification:_identify(turtlebot3_simulations/turtlebot3_fake_node) by extension 'colcon_meta'
[0.355s] Level 1:colcon.colcon_core.package_identification:_identify(turtlebot3_simulations/turtlebot3_fake_node) by extensions ['ros']
[0.355s] Level 1:colcon.colcon_core.package_identification:_identify(turtlebot3_simulations/turtlebot3_fake_node) by extension 'ros'
[0.360s] DEBUG:colcon.colcon_core.package_identification:Package 'turtlebot3_simulations/turtlebot3_fake_node' with type 'ros.ament_cmake' and name 'turtlebot3_fake_node'
[0.360s] Level 1:colcon.colcon_core.package_identification:_identify(turtlebot3_simulations/turtlebot3_gazebo) by extensions ['ignore', 'ignore_ament_install']
[0.360s] Level 1:colcon.colcon_core.package_identification:_identify(turtlebot3_simulations/turtlebot3_gazebo) by extension 'ignore'
[0.361s] Level 1:colcon.colcon_core.package_identification:_identify(turtlebot3_simulations/turtlebot3_gazebo) by extension 'ignore_ament_install'
[0.361s] Level 1:colcon.colcon_core.package_identification:_identify(turtlebot3_simulations/turtlebot3_gazebo) by extensions ['colcon_pkg']
[0.361s] Level 1:colcon.colcon_core.package_identification:_identify(turtlebot3_simulations/turtlebot3_gazebo) by extension 'colcon_pkg'
[0.361s] Level 1:colcon.colcon_core.package_identification:_identify(turtlebot3_simulations/turtlebot3_gazebo) by extensions ['colcon_meta']
[0.361s] Level 1:colcon.colcon_core.package_identification:_identify(turtlebot3_simulations/turtlebot3_gazebo) by extension 'colcon_meta'
[0.361s] Level 1:colcon.colcon_core.package_identification:_identify(turtlebot3_simulations/turtlebot3_gazebo) by extensions ['ros']
[0.361s] Level 1:colcon.colcon_core.package_identification:_identify(turtlebot3_simulations/turtlebot3_gazebo) by extension 'ros'
[0.363s] DEBUG:colcon.colcon_core.package_identification:Package 'turtlebot3_simulations/turtlebot3_gazebo' with type 'ros.ament_cmake' and name 'turtlebot3_gazebo'
[0.363s] Level 1:colcon.colcon_core.package_identification:_identify(turtlebot3_simulations/turtlebot3_simulations) by extensions ['ignore', 'ignore_ament_install']
[0.363s] Level 1:colcon.colcon_core.package_identification:_identify(turtlebot3_simulations/turtlebot3_simulations) by extension 'ignore'
[0.364s] Level 1:colcon.colcon_core.package_identification:_identify(turtlebot3_simulations/turtlebot3_simulations) by extension 'ignore_ament_install'
[0.364s] Level 1:colcon.colcon_core.package_identification:_identify(turtlebot3_simulations/turtlebot3_simulations) by extensions ['colcon_pkg']
[0.364s] Level 1:colcon.colcon_core.package_identification:_identify(turtlebot3_simulations/turtlebot3_simulations) by extension 'colcon_pkg'
[0.364s] Level 1:colcon.colcon_core.package_identification:_identify(turtlebot3_simulations/turtlebot3_simulations) by extensions ['colcon_meta']
[0.364s] Level 1:colcon.colcon_core.package_identification:_identify(turtlebot3_simulations/turtlebot3_simulations) by extension 'colcon_meta'
[0.364s] Level 1:colcon.colcon_core.package_identification:_identify(turtlebot3_simulations/turtlebot3_simulations) by extensions ['ros']
[0.364s] Level 1:colcon.colcon_core.package_identification:_identify(turtlebot3_simulations/turtlebot3_simulations) by extension 'ros'
[0.365s] DEBUG:colcon.colcon_core.package_identification:Package 'turtlebot3_simulations/turtlebot3_simulations' with type 'ros.ament_cmake' and name 'turtlebot3_simulations'
[0.365s] Level 1:colcon.colcon_core.package_discovery:discover_packages(recursive) using defaults
[0.365s] Level 1:colcon.colcon_core.package_discovery:discover_packages(ignore) discover
[0.365s] Level 1:colcon.colcon_core.package_discovery:discover_packages(ignore) using defaults
[0.365s] Level 1:colcon.colcon_core.package_discovery:discover_packages(path) discover
[0.365s] Level 1:colcon.colcon_core.package_discovery:discover_packages(path) using defaults
[0.397s] Level 5:colcon.colcon_core.verb:set package 'turtlebot3_fake_node' build argument 'cmake_args' from command line to 'None'
[0.397s] Level 5:colcon.colcon_core.verb:set package 'turtlebot3_fake_node' build argument 'cmake_target' from command line to 'None'
[0.397s] Level 5:colcon.colcon_core.verb:set package 'turtlebot3_fake_node' build argument 'cmake_target_skip_unavailable' from command line to 'False'
[0.397s] Level 5:colcon.colcon_core.verb:set package 'turtlebot3_fake_node' build argument 'cmake_clean_cache' from command line to 'False'
[0.397s] Level 5:colcon.colcon_core.verb:set package 'turtlebot3_fake_node' build argument 'cmake_clean_first' from command line to 'False'
[0.397s] Level 5:colcon.colcon_core.verb:set package 'turtlebot3_fake_node' build argument 'cmake_force_configure' from command line to 'False'
[0.397s] Level 5:colcon.colcon_core.verb:set package 'turtlebot3_fake_node' build argument 'ament_cmake_args' from command line to 'None'
[0.397s] Level 5:colcon.colcon_core.verb:set package 'turtlebot3_fake_node' build argument 'catkin_cmake_args' from command line to 'None'
[0.397s] Level 5:colcon.colcon_core.verb:set package 'turtlebot3_fake_node' build argument 'catkin_skip_building_tests' from command line to 'False'
[0.398s] DEBUG:colcon.colcon_core.verb:Building package 'turtlebot3_fake_node' with the following arguments: {'ament_cmake_args': None, 'build_base': '/home/aibes/GTI-3B-SBOCK/turtlebot3_ws/build/turtlebot3_fake_node', 'catkin_cmake_args': None, 'catkin_skip_building_tests': False, 'cmake_args': None, 'cmake_clean_cache': False, 'cmake_clean_first': False, 'cmake_force_configure': False, 'cmake_target': None, 'cmake_target_skip_unavailable': False, 'install_base': '/home/aibes/GTI-3B-SBOCK/turtlebot3_ws/install/turtlebot3_fake_node', 'merge_install': False, 'path': '/home/aibes/GTI-3B-SBOCK/turtlebot3_ws/turtlebot3_simulations/turtlebot3_fake_node', 'symlink_install': True, 'test_result_base': None}
[0.399s] Level 5:colcon.colcon_core.verb:set package 'turtlebot3_gazebo' build argument 'cmake_args' from command line to 'None'
[0.399s] Level 5:colcon.colcon_core.verb:set package 'turtlebot3_gazebo' build argument 'cmake_target' from command line to 'None'
[0.399s] Level 5:colcon.colcon_core.verb:set package 'turtlebot3_gazebo' build argument 'cmake_target_skip_unavailable' from command line to 'False'
[0.399s] Level 5:colcon.colcon_core.verb:set package 'turtlebot3_gazebo' build argument 'cmake_clean_cache' from command line to 'False'
[0.399s] Level 5:colcon.colcon_core.verb:set package 'turtlebot3_gazebo' build argument 'cmake_clean_first' from command line to 'False'
[0.399s] Level 5:colcon.colcon_core.verb:set package 'turtlebot3_gazebo' build argument 'cmake_force_configure' from command line to 'False'
[0.399s] Level 5:colcon.colcon_core.verb:set package 'turtlebot3_gazebo' build argument 'ament_cmake_args' from command line to 'None'
[0.399s] Level 5:colcon.colcon_core.verb:set package 'turtlebot3_gazebo' build argument 'catkin_cmake_args' from command line to 'None'
[0.399s] Level 5:colcon.colcon_core.verb:set package 'turtlebot3_gazebo' build argument 'catkin_skip_building_tests' from command line to 'False'
[0.399s] DEBUG:colcon.colcon_core.verb:Building package 'turtlebot3_gazebo' with the following arguments: {'ament_cmake_args': None, 'build_base': '/home/aibes/GTI-3B-SBOCK/turtlebot3_ws/build/turtlebot3_gazebo', 'catkin_cmake_args': None, 'catkin_skip_building_tests': False, 'cmake_args': None, 'cmake_clean_cache': False, 'cmake_clean_first': False, 'cmake_force_configure': False, 'cmake_target': None, 'cmake_target_skip_unavailable': False, 'install_base': '/home/aibes/GTI-3B-SBOCK/turtlebot3_ws/install/turtlebot3_gazebo', 'merge_install': False, 'path': '/home/aibes/GTI-3B-SBOCK/turtlebot3_ws/turtlebot3_simulations/turtlebot3_gazebo', 'symlink_install': True, 'test_result_base': None}
[0.400s] Level 5:colcon.colcon_core.verb:set package 'turtlebot3_simulations' build argument 'cmake_args' from command line to 'None'
[0.400s] Level 5:colcon.colcon_core.verb:set package 'turtlebot3_simulations' build argument 'cmake_target' from command line to 'None'
[0.400s] Level 5:colcon.colcon_core.verb:set package 'turtlebot3_simulations' build argument 'cmake_target_skip_unavailable' from command line to 'False'
[0.400s] Level 5:colcon.colcon_core.verb:set package 'turtlebot3_simulations' build argument 'cmake_clean_cache' from command line to 'False'
[0.400s] Level 5:colcon.colcon_core.verb:set package 'turtlebot3_simulations' build argument 'cmake_clean_first' from command line to 'False'
[0.400s] Level 5:colcon.colcon_core.verb:set package 'turtlebot3_simulations' build argument 'cmake_force_configure' from command line to 'False'
[0.401s] Level 5:colcon.colcon_core.verb:set package 'turtlebot3_simulations' build argument 'ament_cmake_args' from command line to 'None'
[0.401s] Level 5:colcon.colcon_core.verb:set package 'turtlebot3_simulations' build argument 'catkin_cmake_args' from command line to 'None'
[0.401s] Level 5:colcon.colcon_core.verb:set package 'turtlebot3_simulations' build argument 'catkin_skip_building_tests' from command line to 'False'
[0.401s] DEBUG:colcon.colcon_core.verb:Building package 'turtlebot3_simulations' with the following arguments: {'ament_cmake_args': None, 'build_base': '/home/aibes/GTI-3B-SBOCK/turtlebot3_ws/build/turtlebot3_simulations', 'catkin_cmake_args': None, 'catkin_skip_building_tests': False, 'cmake_args': None, 'cmake_clean_cache': False, 'cmake_clean_first': False, 'cmake_force_configure': False, 'cmake_target': None, 'cmake_target_skip_unavailable': False, 'install_base': '/home/aibes/GTI-3B-SBOCK/turtlebot3_ws/install/turtlebot3_simulations', 'merge_install': False, 'path': '/home/aibes/GTI-3B-SBOCK/turtlebot3_ws/turtlebot3_simulations/turtlebot3_simulations', 'symlink_install': True, 'test_result_base': None}
[0.407s] INFO:colcon.colcon_core.executor:Executing jobs using 'parallel' executor
[0.411s] DEBUG:colcon.colcon_parallel_executor.executor.parallel:run_until_complete
[0.411s] INFO:colcon.colcon_ros.task.ament_cmake.build:Building ROS package in '/home/aibes/GTI-3B-SBOCK/turtlebot3_ws/turtlebot3_simulations/turtlebot3_fake_node' with build type 'ament_cmake'
[0.411s] INFO:colcon.colcon_cmake.task.cmake.build:Building CMake package in '/home/aibes/GTI-3B-SBOCK/turtlebot3_ws/turtlebot3_simulations/turtlebot3_fake_node'
[0.418s] INFO:colcon.colcon_core.plugin_system:Skipping extension 'colcon_core.shell.bat': Not used on non-Windows systems
[0.418s] INFO:colcon.colcon_core.shell:Skip shell extension 'powershell' for command environment: Not usable outside of PowerShell
[0.418s] DEBUG:colcon.colcon_core.shell:Skip shell extension 'dsv' for command environment
[0.426s] INFO:colcon.colcon_ros.task.ament_cmake.build:Building ROS package in '/home/aibes/GTI-3B-SBOCK/turtlebot3_ws/turtlebot3_simulations/turtlebot3_gazebo' with build type 'ament_cmake'
[0.426s] INFO:colcon.colcon_cmake.task.cmake.build:Building CMake package in '/home/aibes/GTI-3B-SBOCK/turtlebot3_ws/turtlebot3_simulations/turtlebot3_gazebo'
[0.427s] INFO:colcon.colcon_core.shell:Skip shell extension 'powershell' for command environment: Not usable outside of PowerShell
[0.427s] DEBUG:colcon.colcon_core.shell:Skip shell extension 'dsv' for command environment
[0.445s] DEBUG:colcon.colcon_core.event_handler.log_command:Invoking command in '/home/aibes/GTI-3B-SBOCK/turtlebot3_ws/build/turtlebot3_fake_node': CMAKE_PREFIX_PATH=/opt/ros/foxy /usr/bin/cmake /home/aibes/GTI-3B-SBOCK/turtlebot3_ws/turtlebot3_simulations/turtlebot3_fake_node -DAMENT_CMAKE_SYMLINK_INSTALL=1 -DCMAKE_INSTALL_PREFIX=/home/aibes/GTI-3B-SBOCK/turtlebot3_ws/install/turtlebot3_fake_node
[0.480s] DEBUG:colcon.colcon_core.event_handler.log_command:Invoking command in '/home/aibes/GTI-3B-SBOCK/turtlebot3_ws/build/turtlebot3_gazebo': CMAKE_PREFIX_PATH=/opt/ros/foxy /usr/bin/cmake /home/aibes/GTI-3B-SBOCK/turtlebot3_ws/turtlebot3_simulations/turtlebot3_gazebo -DAMENT_CMAKE_SYMLINK_INSTALL=1 -DCMAKE_INSTALL_PREFIX=/home/aibes/GTI-3B-SBOCK/turtlebot3_ws/install/turtlebot3_gazebo
[9.842s] DEBUG:colcon.colcon_core.event_handler.log_command:Invoked command in '/home/aibes/GTI-3B-SBOCK/turtlebot3_ws/build/turtlebot3_fake_node' returned '0': CMAKE_PREFIX_PATH=/opt/ros/foxy /usr/bin/cmake /home/aibes/GTI-3B-SBOCK/turtlebot3_ws/turtlebot3_simulations/turtlebot3_fake_node -DAMENT_CMAKE_SYMLINK_INSTALL=1 -DCMAKE_INSTALL_PREFIX=/home/aibes/GTI-3B-SBOCK/turtlebot3_ws/install/turtlebot3_fake_node
[9.843s] DEBUG:colcon.colcon_core.event_handler.log_command:Invoking command in '/home/aibes/GTI-3B-SBOCK/turtlebot3_ws/build/turtlebot3_fake_node': CMAKE_PREFIX_PATH=/opt/ros/foxy /usr/bin/cmake --build /home/aibes/GTI-3B-SBOCK/turtlebot3_ws/build/turtlebot3_fake_node -- -j5 -l5
[10.663s] DEBUG:colcon.colcon_core.event_handler.log_command:Invoked command in '/home/aibes/GTI-3B-SBOCK/turtlebot3_ws/build/turtlebot3_gazebo' returned '0': CMAKE_PREFIX_PATH=/opt/ros/foxy /usr/bin/cmake /home/aibes/GTI-3B-SBOCK/turtlebot3_ws/turtlebot3_simulations/turtlebot3_gazebo -DAMENT_CMAKE_SYMLINK_INSTALL=1 -DCMAKE_INSTALL_PREFIX=/home/aibes/GTI-3B-SBOCK/turtlebot3_ws/install/turtlebot3_gazebo
[10.664s] DEBUG:colcon.colcon_core.event_handler.log_command:Invoking command in '/home/aibes/GTI-3B-SBOCK/turtlebot3_ws/build/turtlebot3_gazebo': CMAKE_PREFIX_PATH=/opt/ros/foxy /usr/bin/cmake --build /home/aibes/GTI-3B-SBOCK/turtlebot3_ws/build/turtlebot3_gazebo -- -j5 -l5
[26.505s] DEBUG:colcon.colcon_core.event_handler.log_command:Invoked command in '/home/aibes/GTI-3B-SBOCK/turtlebot3_ws/build/turtlebot3_fake_node' returned '0': CMAKE_PREFIX_PATH=/opt/ros/foxy /usr/bin/cmake --build /home/aibes/GTI-3B-SBOCK/turtlebot3_ws/build/turtlebot3_fake_node -- -j5 -l5
[26.559s] DEBUG:colcon.colcon_core.event_handler.log_command:Invoking command in '/home/aibes/GTI-3B-SBOCK/turtlebot3_ws/build/turtlebot3_fake_node': CMAKE_PREFIX_PATH=/opt/ros/foxy /usr/bin/cmake --install /home/aibes/GTI-3B-SBOCK/turtlebot3_ws/build/turtlebot3_fake_node
[26.885s] Level 1:colcon.colcon_core.environment:create_environment_scripts_only(turtlebot3_fake_node)
[26.887s] DEBUG:colcon.colcon_core.event_handler.log_command:Invoked command in '/home/aibes/GTI-3B-SBOCK/turtlebot3_ws/build/turtlebot3_fake_node' returned '0': CMAKE_PREFIX_PATH=/opt/ros/foxy /usr/bin/cmake --install /home/aibes/GTI-3B-SBOCK/turtlebot3_ws/build/turtlebot3_fake_node
[26.985s] Level 1:colcon.colcon_core.environment:checking '/home/aibes/GTI-3B-SBOCK/turtlebot3_ws/install/turtlebot3_fake_node' for CMake module files
[26.986s] Level 1:colcon.colcon_core.environment:checking '/home/aibes/GTI-3B-SBOCK/turtlebot3_ws/install/turtlebot3_fake_node' for CMake config files
[26.986s] Level 1:colcon.colcon_core.shell:create_environment_hook('turtlebot3_fake_node', 'cmake_prefix_path')
[26.987s] INFO:colcon.colcon_core.shell:Creating environment hook '/home/aibes/GTI-3B-SBOCK/turtlebot3_ws/install/turtlebot3_fake_node/share/turtlebot3_fake_node/hook/cmake_prefix_path.ps1'
[26.988s] INFO:colcon.colcon_core.shell:Creating environment descriptor '/home/aibes/GTI-3B-SBOCK/turtlebot3_ws/install/turtlebot3_fake_node/share/turtlebot3_fake_node/hook/cmake_prefix_path.dsv'
[26.989s] INFO:colcon.colcon_core.shell:Creating environment hook '/home/aibes/GTI-3B-SBOCK/turtlebot3_ws/install/turtlebot3_fake_node/share/turtlebot3_fake_node/hook/cmake_prefix_path.sh'
[26.990s] Level 1:colcon.colcon_core.environment:checking '/home/aibes/GTI-3B-SBOCK/turtlebot3_ws/install/turtlebot3_fake_node/lib'
[26.991s] Level 1:colcon.colcon_core.environment:checking '/home/aibes/GTI-3B-SBOCK/turtlebot3_ws/install/turtlebot3_fake_node/bin'
[26.991s] Level 1:colcon.colcon_core.environment:checking '/home/aibes/GTI-3B-SBOCK/turtlebot3_ws/install/turtlebot3_fake_node/lib/pkgconfig/turtlebot3_fake_node.pc'
[26.991s] Level 1:colcon.colcon_core.environment:checking '/home/aibes/GTI-3B-SBOCK/turtlebot3_ws/install/turtlebot3_fake_node/lib/python3.8/site-packages'
[26.992s] INFO:colcon.colcon_core.shell:Creating package script '/home/aibes/GTI-3B-SBOCK/turtlebot3_ws/install/turtlebot3_fake_node/share/turtlebot3_fake_node/package.ps1'
[26.993s] INFO:colcon.colcon_core.shell:Creating package descriptor '/home/aibes/GTI-3B-SBOCK/turtlebot3_ws/install/turtlebot3_fake_node/share/turtlebot3_fake_node/package.dsv'
[26.994s] INFO:colcon.colcon_core.shell:Creating package script '/home/aibes/GTI-3B-SBOCK/turtlebot3_ws/install/turtlebot3_fake_node/share/turtlebot3_fake_node/package.sh'
[26.995s] INFO:colcon.colcon_core.shell:Creating package script '/home/aibes/GTI-3B-SBOCK/turtlebot3_ws/install/turtlebot3_fake_node/share/turtlebot3_fake_node/package.bash'
[26.996s] INFO:colcon.colcon_core.shell:Creating package script '/home/aibes/GTI-3B-SBOCK/turtlebot3_ws/install/turtlebot3_fake_node/share/turtlebot3_fake_node/package.zsh'
[26.998s] Level 1:colcon.colcon_core.environment:create_file_with_runtime_dependencies(/home/aibes/GTI-3B-SBOCK/turtlebot3_ws/install/turtlebot3_fake_node/share/colcon-core/packages/turtlebot3_fake_node)
[27.031s] Level 1:colcon.colcon_core.environment:create_environment_scripts_only(turtlebot3_fake_node)
[27.032s] Level 1:colcon.colcon_core.environment:checking '/home/aibes/GTI-3B-SBOCK/turtlebot3_ws/install/turtlebot3_fake_node' for CMake module files
[27.033s] Level 1:colcon.colcon_core.environment:checking '/home/aibes/GTI-3B-SBOCK/turtlebot3_ws/install/turtlebot3_fake_node' for CMake config files
[27.034s] Level 1:colcon.colcon_core.shell:create_environment_hook('turtlebot3_fake_node', 'cmake_prefix_path')
[27.034s] INFO:colcon.colcon_core.shell:Creating environment hook '/home/aibes/GTI-3B-SBOCK/turtlebot3_ws/install/turtlebot3_fake_node/share/turtlebot3_fake_node/hook/cmake_prefix_path.ps1'
[27.035s] INFO:colcon.colcon_core.shell:Creating environment descriptor '/home/aibes/GTI-3B-SBOCK/turtlebot3_ws/install/turtlebot3_fake_node/share/turtlebot3_fake_node/hook/cmake_prefix_path.dsv'
[27.036s] INFO:colcon.colcon_core.shell:Creating environment hook '/home/aibes/GTI-3B-SBOCK/turtlebot3_ws/install/turtlebot3_fake_node/share/turtlebot3_fake_node/hook/cmake_prefix_path.sh'
[27.037s] Level 1:colcon.colcon_core.environment:checking '/home/aibes/GTI-3B-SBOCK/turtlebot3_ws/install/turtlebot3_fake_node/lib'
[27.037s] Level 1:colcon.colcon_core.environment:checking '/home/aibes/GTI-3B-SBOCK/turtlebot3_ws/install/turtlebot3_fake_node/bin'
[27.037s] Level 1:colcon.colcon_core.environment:checking '/home/aibes/GTI-3B-SBOCK/turtlebot3_ws/install/turtlebot3_fake_node/lib/pkgconfig/turtlebot3_fake_node.pc'
[27.037s] Level 1:colcon.colcon_core.environment:checking '/home/aibes/GTI-3B-SBOCK/turtlebot3_ws/install/turtlebot3_fake_node/lib/python3.8/site-packages'
[27.039s] INFO:colcon.colcon_core.shell:Creating package script '/home/aibes/GTI-3B-SBOCK/turtlebot3_ws/install/turtlebot3_fake_node/share/turtlebot3_fake_node/package.ps1'
[27.040s] INFO:colcon.colcon_core.shell:Creating package descriptor '/home/aibes/GTI-3B-SBOCK/turtlebot3_ws/install/turtlebot3_fake_node/share/turtlebot3_fake_node/package.dsv'
[27.041s] INFO:colcon.colcon_core.shell:Creating package script '/home/aibes/GTI-3B-SBOCK/turtlebot3_ws/install/turtlebot3_fake_node/share/turtlebot3_fake_node/package.sh'
[27.042s] INFO:colcon.colcon_core.shell:Creating package script '/home/aibes/GTI-3B-SBOCK/turtlebot3_ws/install/turtlebot3_fake_node/share/turtlebot3_fake_node/package.bash'
[27.042s] INFO:colcon.colcon_core.shell:Creating package script '/home/aibes/GTI-3B-SBOCK/turtlebot3_ws/install/turtlebot3_fake_node/share/turtlebot3_fake_node/package.zsh'
[27.043s] Level 1:colcon.colcon_core.environment:create_file_with_runtime_dependencies(/home/aibes/GTI-3B-SBOCK/turtlebot3_ws/install/turtlebot3_fake_node/share/colcon-core/packages/turtlebot3_fake_node)
[33.306s] DEBUG:colcon.colcon_core.event_handler.log_command:Invoked command in '/home/aibes/GTI-3B-SBOCK/turtlebot3_ws/build/turtlebot3_gazebo' returned '0': CMAKE_PREFIX_PATH=/opt/ros/foxy /usr/bin/cmake --build /home/aibes/GTI-3B-SBOCK/turtlebot3_ws/build/turtlebot3_gazebo -- -j5 -l5
[33.348s] DEBUG:colcon.colcon_core.event_handler.log_command:Invoking command in '/home/aibes/GTI-3B-SBOCK/turtlebot3_ws/build/turtlebot3_gazebo': CMAKE_PREFIX_PATH=/opt/ros/foxy /usr/bin/cmake --install /home/aibes/GTI-3B-SBOCK/turtlebot3_ws/build/turtlebot3_gazebo
[34.811s] Level 1:colcon.colcon_core.environment:create_environment_scripts_only(turtlebot3_gazebo)
[34.813s] Level 1:colcon.colcon_core.environment:checking '/home/aibes/GTI-3B-SBOCK/turtlebot3_ws/install/turtlebot3_gazebo' for CMake module files
[34.814s] DEBUG:colcon.colcon_core.event_handler.log_command:Invoked command in '/home/aibes/GTI-3B-SBOCK/turtlebot3_ws/build/turtlebot3_gazebo' returned '0': CMAKE_PREFIX_PATH=/opt/ros/foxy /usr/bin/cmake --install /home/aibes/GTI-3B-SBOCK/turtlebot3_ws/build/turtlebot3_gazebo
[34.814s] Level 1:colcon.colcon_core.environment:checking '/home/aibes/GTI-3B-SBOCK/turtlebot3_ws/install/turtlebot3_gazebo' for CMake config files
[34.817s] Level 1:colcon.colcon_core.shell:create_environment_hook('turtlebot3_gazebo', 'cmake_prefix_path')
[34.817s] INFO:colcon.colcon_core.shell:Creating environment hook '/home/aibes/GTI-3B-SBOCK/turtlebot3_ws/install/turtlebot3_gazebo/share/turtlebot3_gazebo/hook/cmake_prefix_path.ps1'
[34.818s] INFO:colcon.colcon_core.shell:Creating environment descriptor '/home/aibes/GTI-3B-SBOCK/turtlebot3_ws/install/turtlebot3_gazebo/share/turtlebot3_gazebo/hook/cmake_prefix_path.dsv'
[34.818s] INFO:colcon.colcon_core.shell:Creating environment hook '/home/aibes/GTI-3B-SBOCK/turtlebot3_ws/install/turtlebot3_gazebo/share/turtlebot3_gazebo/hook/cmake_prefix_path.sh'
[34.819s] Level 1:colcon.colcon_core.environment:checking '/home/aibes/GTI-3B-SBOCK/turtlebot3_ws/install/turtlebot3_gazebo/lib'
[34.819s] Level 1:colcon.colcon_core.environment:checking '/home/aibes/GTI-3B-SBOCK/turtlebot3_ws/install/turtlebot3_gazebo/bin'
[34.819s] Level 1:colcon.colcon_core.environment:checking '/home/aibes/GTI-3B-SBOCK/turtlebot3_ws/install/turtlebot3_gazebo/lib/pkgconfig/turtlebot3_gazebo.pc'
[34.819s] Level 1:colcon.colcon_core.environment:checking '/home/aibes/GTI-3B-SBOCK/turtlebot3_ws/install/turtlebot3_gazebo/lib/python3.8/site-packages'
[34.820s] INFO:colcon.colcon_core.shell:Creating package script '/home/aibes/GTI-3B-SBOCK/turtlebot3_ws/install/turtlebot3_gazebo/share/turtlebot3_gazebo/package.ps1'
[34.821s] INFO:colcon.colcon_core.shell:Creating package descriptor '/home/aibes/GTI-3B-SBOCK/turtlebot3_ws/install/turtlebot3_gazebo/share/turtlebot3_gazebo/package.dsv'
[34.821s] INFO:colcon.colcon_core.shell:Creating package script '/home/aibes/GTI-3B-SBOCK/turtlebot3_ws/install/turtlebot3_gazebo/share/turtlebot3_gazebo/package.sh'
[34.822s] INFO:colcon.colcon_core.shell:Creating package script '/home/aibes/GTI-3B-SBOCK/turtlebot3_ws/install/turtlebot3_gazebo/share/turtlebot3_gazebo/package.bash'
[34.822s] INFO:colcon.colcon_core.shell:Creating package script '/home/aibes/GTI-3B-SBOCK/turtlebot3_ws/install/turtlebot3_gazebo/share/turtlebot3_gazebo/package.zsh'
[34.822s] Level 1:colcon.colcon_core.environment:create_file_with_runtime_dependencies(/home/aibes/GTI-3B-SBOCK/turtlebot3_ws/install/turtlebot3_gazebo/share/colcon-core/packages/turtlebot3_gazebo)
[34.861s] Level 1:colcon.colcon_core.environment:create_environment_scripts_only(turtlebot3_gazebo)
[34.863s] Level 1:colcon.colcon_core.environment:checking '/home/aibes/GTI-3B-SBOCK/turtlebot3_ws/install/turtlebot3_gazebo' for CMake module files
[34.863s] Level 1:colcon.colcon_core.environment:checking '/home/aibes/GTI-3B-SBOCK/turtlebot3_ws/install/turtlebot3_gazebo' for CMake config files
[34.866s] Level 1:colcon.colcon_core.shell:create_environment_hook('turtlebot3_gazebo', 'cmake_prefix_path')
[34.867s] INFO:colcon.colcon_core.shell:Creating environment hook '/home/aibes/GTI-3B-SBOCK/turtlebot3_ws/install/turtlebot3_gazebo/share/turtlebot3_gazebo/hook/cmake_prefix_path.ps1'
[34.867s] INFO:colcon.colcon_core.shell:Creating environment descriptor '/home/aibes/GTI-3B-SBOCK/turtlebot3_ws/install/turtlebot3_gazebo/share/turtlebot3_gazebo/hook/cmake_prefix_path.dsv'
[34.868s] INFO:colcon.colcon_core.shell:Creating environment hook '/home/aibes/GTI-3B-SBOCK/turtlebot3_ws/install/turtlebot3_gazebo/share/turtlebot3_gazebo/hook/cmake_prefix_path.sh'
[34.870s] Level 1:colcon.colcon_core.environment:checking '/home/aibes/GTI-3B-SBOCK/turtlebot3_ws/install/turtlebot3_gazebo/lib'
[34.870s] Level 1:colcon.colcon_core.environment:checking '/home/aibes/GTI-3B-SBOCK/turtlebot3_ws/install/turtlebot3_gazebo/bin'
[34.870s] Level 1:colcon.colcon_core.environment:checking '/home/aibes/GTI-3B-SBOCK/turtlebot3_ws/install/turtlebot3_gazebo/lib/pkgconfig/turtlebot3_gazebo.pc'
[34.870s] Level 1:colcon.colcon_core.environment:checking '/home/aibes/GTI-3B-SBOCK/turtlebot3_ws/install/turtlebot3_gazebo/lib/python3.8/site-packages'
[34.871s] INFO:colcon.colcon_core.shell:Creating package script '/home/aibes/GTI-3B-SBOCK/turtlebot3_ws/install/turtlebot3_gazebo/share/turtlebot3_gazebo/package.ps1'
[34.871s] INFO:colcon.colcon_core.shell:Creating package descriptor '/home/aibes/GTI-3B-SBOCK/turtlebot3_ws/install/turtlebot3_gazebo/share/turtlebot3_gazebo/package.dsv'
[34.872s] INFO:colcon.colcon_core.shell:Creating package script '/home/aibes/GTI-3B-SBOCK/turtlebot3_ws/install/turtlebot3_gazebo/share/turtlebot3_gazebo/package.sh'
[34.873s] INFO:colcon.colcon_core.shell:Creating package script '/home/aibes/GTI-3B-SBOCK/turtlebot3_ws/install/turtlebot3_gazebo/share/turtlebot3_gazebo/package.bash'
[34.873s] INFO:colcon.colcon_core.shell:Creating package script '/home/aibes/GTI-3B-SBOCK/turtlebot3_ws/install/turtlebot3_gazebo/share/turtlebot3_gazebo/package.zsh'
[34.874s] Level 1:colcon.colcon_core.environment:create_file_with_runtime_dependencies(/home/aibes/GTI-3B-SBOCK/turtlebot3_ws/install/turtlebot3_gazebo/share/colcon-core/packages/turtlebot3_gazebo)
[34.875s] INFO:colcon.colcon_ros.task.ament_cmake.build:Building ROS package in '/home/aibes/GTI-3B-SBOCK/turtlebot3_ws/turtlebot3_simulations/turtlebot3_simulations' with build type 'ament_cmake'
[34.875s] INFO:colcon.colcon_cmake.task.cmake.build:Building CMake package in '/home/aibes/GTI-3B-SBOCK/turtlebot3_ws/turtlebot3_simulations/turtlebot3_simulations'
[34.876s] INFO:colcon.colcon_core.shell:Skip shell extension 'powershell' for command environment: Not usable outside of PowerShell
[34.876s] DEBUG:colcon.colcon_core.shell:Skip shell extension 'dsv' for command environment
[34.922s] DEBUG:colcon.colcon_core.event_handler.log_command:Invoking command in '/home/aibes/GTI-3B-SBOCK/turtlebot3_ws/build/turtlebot3_simulations': AMENT_PREFIX_PATH=/home/aibes/GTI-3B-SBOCK/turtlebot3_ws/install/turtlebot3_gazebo:/home/aibes/GTI-3B-SBOCK/turtlebot3_ws/install/turtlebot3_fake_node:${AMENT_PREFIX_PATH} CMAKE_PREFIX_PATH=/home/aibes/GTI-3B-SBOCK/turtlebot3_ws/install/turtlebot3_gazebo:/home/aibes/GTI-3B-SBOCK/turtlebot3_ws/install/turtlebot3_fake_node:/opt/ros/foxy /usr/bin/cmake /home/aibes/GTI-3B-SBOCK/turtlebot3_ws/turtlebot3_simulations/turtlebot3_simulations -DAMENT_CMAKE_SYMLINK_INSTALL=1 -DCMAKE_INSTALL_PREFIX=/home/aibes/GTI-3B-SBOCK/turtlebot3_ws/install/turtlebot3_simulations
[36.022s] DEBUG:colcon.colcon_core.event_handler.log_command:Invoked command in '/home/aibes/GTI-3B-SBOCK/turtlebot3_ws/build/turtlebot3_simulations' returned '0': AMENT_PREFIX_PATH=/home/aibes/GTI-3B-SBOCK/turtlebot3_ws/install/turtlebot3_gazebo:/home/aibes/GTI-3B-SBOCK/turtlebot3_ws/install/turtlebot3_fake_node:${AMENT_PREFIX_PATH} CMAKE_PREFIX_PATH=/home/aibes/GTI-3B-SBOCK/turtlebot3_ws/install/turtlebot3_gazebo:/home/aibes/GTI-3B-SBOCK/turtlebot3_ws/install/turtlebot3_fake_node:/opt/ros/foxy /usr/bin/cmake /home/aibes/GTI-3B-SBOCK/turtlebot3_ws/turtlebot3_simulations/turtlebot3_simulations -DAMENT_CMAKE_SYMLINK_INSTALL=1 -DCMAKE_INSTALL_PREFIX=/home/aibes/GTI-3B-SBOCK/turtlebot3_ws/install/turtlebot3_simulations
[36.025s] DEBUG:colcon.colcon_core.event_handler.log_command:Invoking command in '/home/aibes/GTI-3B-SBOCK/turtlebot3_ws/build/turtlebot3_simulations': AMENT_PREFIX_PATH=/home/aibes/GTI-3B-SBOCK/turtlebot3_ws/install/turtlebot3_gazebo:/home/aibes/GTI-3B-SBOCK/turtlebot3_ws/install/turtlebot3_fake_node:${AMENT_PREFIX_PATH} CMAKE_PREFIX_PATH=/home/aibes/GTI-3B-SBOCK/turtlebot3_ws/install/turtlebot3_gazebo:/home/aibes/GTI-3B-SBOCK/turtlebot3_ws/install/turtlebot3_fake_node:/opt/ros/foxy /usr/bin/cmake --build /home/aibes/GTI-3B-SBOCK/turtlebot3_ws/build/turtlebot3_simulations -- -j5 -l5
[36.069s] DEBUG:colcon.colcon_core.event_handler.log_command:Invoked command in '/home/aibes/GTI-3B-SBOCK/turtlebot3_ws/build/turtlebot3_simulations' returned '0': AMENT_PREFIX_PATH=/home/aibes/GTI-3B-SBOCK/turtlebot3_ws/install/turtlebot3_gazebo:/home/aibes/GTI-3B-SBOCK/turtlebot3_ws/install/turtlebot3_fake_node:${AMENT_PREFIX_PATH} CMAKE_PREFIX_PATH=/home/aibes/GTI-3B-SBOCK/turtlebot3_ws/install/turtlebot3_gazebo:/home/aibes/GTI-3B-SBOCK/turtlebot3_ws/install/turtlebot3_fake_node:/opt/ros/foxy /usr/bin/cmake --build /home/aibes/GTI-3B-SBOCK/turtlebot3_ws/build/turtlebot3_simulations -- -j5 -l5
[36.098s] DEBUG:colcon.colcon_core.event_handler.log_command:Invoking command in '/home/aibes/GTI-3B-SBOCK/turtlebot3_ws/build/turtlebot3_simulations': AMENT_PREFIX_PATH=/home/aibes/GTI-3B-SBOCK/turtlebot3_ws/install/turtlebot3_gazebo:/home/aibes/GTI-3B-SBOCK/turtlebot3_ws/install/turtlebot3_fake_node:${AMENT_PREFIX_PATH} CMAKE_PREFIX_PATH=/home/aibes/GTI-3B-SBOCK/turtlebot3_ws/install/turtlebot3_gazebo:/home/aibes/GTI-3B-SBOCK/turtlebot3_ws/install/turtlebot3_fake_node:/opt/ros/foxy /usr/bin/cmake --install /home/aibes/GTI-3B-SBOCK/turtlebot3_ws/build/turtlebot3_simulations
[36.276s] Level 1:colcon.colcon_core.environment:create_environment_scripts_only(turtlebot3_simulations)
[36.278s] Level 1:colcon.colcon_core.environment:checking '/home/aibes/GTI-3B-SBOCK/turtlebot3_ws/install/turtlebot3_simulations' for CMake module files
[36.278s] DEBUG:colcon.colcon_core.event_handler.log_command:Invoked command in '/home/aibes/GTI-3B-SBOCK/turtlebot3_ws/build/turtlebot3_simulations' returned '0': AMENT_PREFIX_PATH=/home/aibes/GTI-3B-SBOCK/turtlebot3_ws/install/turtlebot3_gazebo:/home/aibes/GTI-3B-SBOCK/turtlebot3_ws/install/turtlebot3_fake_node:${AMENT_PREFIX_PATH} CMAKE_PREFIX_PATH=/home/aibes/GTI-3B-SBOCK/turtlebot3_ws/install/turtlebot3_gazebo:/home/aibes/GTI-3B-SBOCK/turtlebot3_ws/install/turtlebot3_fake_node:/opt/ros/foxy /usr/bin/cmake --install /home/aibes/GTI-3B-SBOCK/turtlebot3_ws/build/turtlebot3_simulations
[36.279s] Level 1:colcon.colcon_core.environment:checking '/home/aibes/GTI-3B-SBOCK/turtlebot3_ws/install/turtlebot3_simulations' for CMake config files
[36.279s] Level 1:colcon.colcon_core.shell:create_environment_hook('turtlebot3_simulations', 'cmake_prefix_path')
[36.280s] INFO:colcon.colcon_core.shell:Creating environment hook '/home/aibes/GTI-3B-SBOCK/turtlebot3_ws/install/turtlebot3_simulations/share/turtlebot3_simulations/hook/cmake_prefix_path.ps1'
[36.280s] INFO:colcon.colcon_core.shell:Creating environment descriptor '/home/aibes/GTI-3B-SBOCK/turtlebot3_ws/install/turtlebot3_simulations/share/turtlebot3_simulations/hook/cmake_prefix_path.dsv'
[36.281s] INFO:colcon.colcon_core.shell:Creating environment hook '/home/aibes/GTI-3B-SBOCK/turtlebot3_ws/install/turtlebot3_simulations/share/turtlebot3_simulations/hook/cmake_prefix_path.sh'
[36.281s] Level 1:colcon.colcon_core.environment:checking '/home/aibes/GTI-3B-SBOCK/turtlebot3_ws/install/turtlebot3_simulations/bin'
[36.281s] Level 1:colcon.colcon_core.environment:checking '/home/aibes/GTI-3B-SBOCK/turtlebot3_ws/install/turtlebot3_simulations/lib/pkgconfig/turtlebot3_simulations.pc'
[36.282s] Level 1:colcon.colcon_core.environment:checking '/home/aibes/GTI-3B-SBOCK/turtlebot3_ws/install/turtlebot3_simulations/lib/python3.8/site-packages'
[36.283s] INFO:colcon.colcon_core.shell:Creating package script '/home/aibes/GTI-3B-SBOCK/turtlebot3_ws/install/turtlebot3_simulations/share/turtlebot3_simulations/package.ps1'
[36.283s] INFO:colcon.colcon_core.shell:Creating package descriptor '/home/aibes/GTI-3B-SBOCK/turtlebot3_ws/install/turtlebot3_simulations/share/turtlebot3_simulations/package.dsv'
[36.283s] INFO:colcon.colcon_core.shell:Creating package script '/home/aibes/GTI-3B-SBOCK/turtlebot3_ws/install/turtlebot3_simulations/share/turtlebot3_simulations/package.sh'
[36.284s] INFO:colcon.colcon_core.shell:Creating package script '/home/aibes/GTI-3B-SBOCK/turtlebot3_ws/install/turtlebot3_simulations/share/turtlebot3_simulations/package.bash'
[36.284s] INFO:colcon.colcon_core.shell:Creating package script '/home/aibes/GTI-3B-SBOCK/turtlebot3_ws/install/turtlebot3_simulations/share/turtlebot3_simulations/package.zsh'
[36.285s] Level 1:colcon.colcon_core.environment:create_file_with_runtime_dependencies(/home/aibes/GTI-3B-SBOCK/turtlebot3_ws/install/turtlebot3_simulations/share/colcon-core/packages/turtlebot3_simulations)
[36.313s] Level 1:colcon.colcon_core.environment:create_environment_scripts_only(turtlebot3_simulations)
[36.314s] Level 1:colcon.colcon_core.environment:checking '/home/aibes/GTI-3B-SBOCK/turtlebot3_ws/install/turtlebot3_simulations' for CMake module files
[36.315s] Level 1:colcon.colcon_core.environment:checking '/home/aibes/GTI-3B-SBOCK/turtlebot3_ws/install/turtlebot3_simulations' for CMake config files
[36.315s] Level 1:colcon.colcon_core.shell:create_environment_hook('turtlebot3_simulations', 'cmake_prefix_path')
[36.316s] INFO:colcon.colcon_core.shell:Creating environment hook '/home/aibes/GTI-3B-SBOCK/turtlebot3_ws/install/turtlebot3_simulations/share/turtlebot3_simulations/hook/cmake_prefix_path.ps1'
[36.316s] INFO:colcon.colcon_core.shell:Creating environment descriptor '/home/aibes/GTI-3B-SBOCK/turtlebot3_ws/install/turtlebot3_simulations/share/turtlebot3_simulations/hook/cmake_prefix_path.dsv'
[36.317s] INFO:colcon.colcon_core.shell:Creating environment hook '/home/aibes/GTI-3B-SBOCK/turtlebot3_ws/install/turtlebot3_simulations/share/turtlebot3_simulations/hook/cmake_prefix_path.sh'
[36.317s] Level 1:colcon.colcon_core.environment:checking '/home/aibes/GTI-3B-SBOCK/turtlebot3_ws/install/turtlebot3_simulations/bin'
[36.317s] Level 1:colcon.colcon_core.environment:checking '/home/aibes/GTI-3B-SBOCK/turtlebot3_ws/install/turtlebot3_simulations/lib/pkgconfig/turtlebot3_simulations.pc'
[36.318s] Level 1:colcon.colcon_core.environment:checking '/home/aibes/GTI-3B-SBOCK/turtlebot3_ws/install/turtlebot3_simulations/lib/python3.8/site-packages'
[36.318s] INFO:colcon.colcon_core.shell:Creating package script '/home/aibes/GTI-3B-SBOCK/turtlebot3_ws/install/turtlebot3_simulations/share/turtlebot3_simulations/package.ps1'
[36.319s] INFO:colcon.colcon_core.shell:Creating package descriptor '/home/aibes/GTI-3B-SBOCK/turtlebot3_ws/install/turtlebot3_simulations/share/turtlebot3_simulations/package.dsv'
[36.320s] INFO:colcon.colcon_core.shell:Creating package script '/home/aibes/GTI-3B-SBOCK/turtlebot3_ws/install/turtlebot3_simulations/share/turtlebot3_simulations/package.sh'
[36.320s] INFO:colcon.colcon_core.shell:Creating package script '/home/aibes/GTI-3B-SBOCK/turtlebot3_ws/install/turtlebot3_simulations/share/turtlebot3_simulations/package.bash'
[36.321s] INFO:colcon.colcon_core.shell:Creating package script '/home/aibes/GTI-3B-SBOCK/turtlebot3_ws/install/turtlebot3_simulations/share/turtlebot3_simulations/package.zsh'
[36.321s] Level 1:colcon.colcon_core.environment:create_file_with_runtime_dependencies(/home/aibes/GTI-3B-SBOCK/turtlebot3_ws/install/turtlebot3_simulations/share/colcon-core/packages/turtlebot3_simulations)
[36.322s] DEBUG:colcon.colcon_parallel_executor.executor.parallel:closing loop
[36.322s] DEBUG:colcon.colcon_parallel_executor.executor.parallel:loop closed
[36.322s] DEBUG:colcon.colcon_parallel_executor.executor.parallel:run_until_complete finished with '0'
[36.323s] DEBUG:colcon.colcon_core.event_reactor:joining thread
[36.483s] INFO:colcon.colcon_core.plugin_system:Skipping extension 'colcon_notification.desktop_notification.terminal_notifier': Not used on non-Darwin systems
[36.483s] INFO:colcon.colcon_core.plugin_system:Skipping extension 'colcon_notification.desktop_notification.win32': Not used on non-Windows systems
[36.483s] INFO:colcon.colcon_notification.desktop_notification:Sending desktop notification using 'notify2'
[36.507s] DEBUG:colcon.colcon_core.event_reactor:joined thread
[36.508s] INFO:colcon.colcon_core.shell:Creating prefix script '/home/aibes/GTI-3B-SBOCK/turtlebot3_ws/install/local_setup.ps1'
[36.509s] INFO:colcon.colcon_core.shell:Creating prefix util module '/home/aibes/GTI-3B-SBOCK/turtlebot3_ws/install/_local_setup_util_ps1.py'
[36.512s] INFO:colcon.colcon_core.shell:Creating prefix chain script '/home/aibes/GTI-3B-SBOCK/turtlebot3_ws/install/setup.ps1'
[36.514s] INFO:colcon.colcon_core.shell:Creating prefix script '/home/aibes/GTI-3B-SBOCK/turtlebot3_ws/install/local_setup.sh'
[36.515s] INFO:colcon.colcon_core.shell:Creating prefix util module '/home/aibes/GTI-3B-SBOCK/turtlebot3_ws/install/_local_setup_util_sh.py'
[36.515s] INFO:colcon.colcon_core.shell:Creating prefix chain script '/home/aibes/GTI-3B-SBOCK/turtlebot3_ws/install/setup.sh'
[36.517s] INFO:colcon.colcon_core.shell:Creating prefix script '/home/aibes/GTI-3B-SBOCK/turtlebot3_ws/install/local_setup.bash'
[36.518s] INFO:colcon.colcon_core.shell:Creating prefix chain script '/home/aibes/GTI-3B-SBOCK/turtlebot3_ws/install/setup.bash'
[36.520s] INFO:colcon.colcon_core.shell:Creating prefix script '/home/aibes/GTI-3B-SBOCK/turtlebot3_ws/install/local_setup.zsh'
[36.520s] INFO:colcon.colcon_core.shell:Creating prefix chain script '/home/aibes/GTI-3B-SBOCK/turtlebot3_ws/install/setup.zsh'
