[1.333s] Invoking command in '/home/pere/GTI-3B-SBOCK/turtlebot3_ws/src/my_first_publisher': PS1=(rosenv) \[\e]0;\u@\h: \w\a\]${debian_chroot:+($debian_chroot)}\[\033[01;32m\]\u@\h\[\033[00m\]:\[\033[01;34m\]\w\[\033[00m\]\$ PYTHONPATH=/home/pere/GTI-3B-SBOCK/turtlebot3_ws/install/my_first_publisher/lib/python3.8/site-packages:${PYTHONPATH} /usr/bin/python3 setup.py egg_info --egg-base ../../build/my_first_publisher build --build-base /home/pere/GTI-3B-SBOCK/turtlebot3_ws/build/my_first_publisher/build install --prefix /home/pere/GTI-3B-SBOCK/turtlebot3_ws/install/my_first_publisher --record /home/pere/GTI-3B-SBOCK/turtlebot3_ws/build/my_first_publisher/install.log --single-version-externally-managed
[1.695s] running egg_info
[1.696s] creating ../../build/my_first_publisher/my_first_publisher.egg-info
[1.696s] writing ../../build/my_first_publisher/my_first_publisher.egg-info/PKG-INFO
[1.696s] writing dependency_links to ../../build/my_first_publisher/my_first_publisher.egg-info/dependency_links.txt
[1.697s] writing entry points to ../../build/my_first_publisher/my_first_publisher.egg-info/entry_points.txt
[1.697s] writing requirements to ../../build/my_first_publisher/my_first_publisher.egg-info/requires.txt
[1.697s] writing top-level names to ../../build/my_first_publisher/my_first_publisher.egg-info/top_level.txt
[1.701s] writing manifest file '../../build/my_first_publisher/my_first_publisher.egg-info/SOURCES.txt'
[1.755s] reading manifest file '../../build/my_first_publisher/my_first_publisher.egg-info/SOURCES.txt'
[1.757s] writing manifest file '../../build/my_first_publisher/my_first_publisher.egg-info/SOURCES.txt'
[1.757s] running build
[1.757s] running build_py
[1.758s] creating /home/pere/GTI-3B-SBOCK/turtlebot3_ws/build/my_first_publisher/build
[1.758s] creating /home/pere/GTI-3B-SBOCK/turtlebot3_ws/build/my_first_publisher/build/lib
[1.758s] creating /home/pere/GTI-3B-SBOCK/turtlebot3_ws/build/my_first_publisher/build/lib/my_first_publisher
[1.758s] copying my_first_publisher/__init__.py -> /home/pere/GTI-3B-SBOCK/turtlebot3_ws/build/my_first_publisher/build/lib/my_first_publisher
[1.758s] copying my_first_publisher/simple_publisher.py -> /home/pere/GTI-3B-SBOCK/turtlebot3_ws/build/my_first_publisher/build/lib/my_first_publisher
[1.758s] running install
[1.760s] running install_lib
[1.761s] creating /home/pere/GTI-3B-SBOCK/turtlebot3_ws/install/my_first_publisher/lib/python3.8/site-packages/my_first_publisher
[1.761s] copying /home/pere/GTI-3B-SBOCK/turtlebot3_ws/build/my_first_publisher/build/lib/my_first_publisher/__init__.py -> /home/pere/GTI-3B-SBOCK/turtlebot3_ws/install/my_first_publisher/lib/python3.8/site-packages/my_first_publisher
[1.761s] copying /home/pere/GTI-3B-SBOCK/turtlebot3_ws/build/my_first_publisher/build/lib/my_first_publisher/simple_publisher.py -> /home/pere/GTI-3B-SBOCK/turtlebot3_ws/install/my_first_publisher/lib/python3.8/site-packages/my_first_publisher
[1.762s] byte-compiling /home/pere/GTI-3B-SBOCK/turtlebot3_ws/install/my_first_publisher/lib/python3.8/site-packages/my_first_publisher/__init__.py to __init__.cpython-38.pyc
[1.764s] byte-compiling /home/pere/GTI-3B-SBOCK/turtlebot3_ws/install/my_first_publisher/lib/python3.8/site-packages/my_first_publisher/simple_publisher.py to simple_publisher.cpython-38.pyc
[1.764s] running install_data
[1.765s] creating /home/pere/GTI-3B-SBOCK/turtlebot3_ws/install/my_first_publisher/share/ament_index
[1.765s] creating /home/pere/GTI-3B-SBOCK/turtlebot3_ws/install/my_first_publisher/share/ament_index/resource_index
[1.765s] creating /home/pere/GTI-3B-SBOCK/turtlebot3_ws/install/my_first_publisher/share/ament_index/resource_index/packages
[1.766s] copying resource/my_first_publisher -> /home/pere/GTI-3B-SBOCK/turtlebot3_ws/install/my_first_publisher/share/ament_index/resource_index/packages
[1.766s] copying package.xml -> /home/pere/GTI-3B-SBOCK/turtlebot3_ws/install/my_first_publisher/share/my_first_publisher
[1.766s] copying launch/my_first_publisher.launch.py -> /home/pere/GTI-3B-SBOCK/turtlebot3_ws/install/my_first_publisher/share/my_first_publisher
[1.767s] running install_egg_info
[1.769s] Copying ../../build/my_first_publisher/my_first_publisher.egg-info to /home/pere/GTI-3B-SBOCK/turtlebot3_ws/install/my_first_publisher/lib/python3.8/site-packages/my_first_publisher-0.0.0-py3.8.egg-info
[1.770s] running install_scripts
[1.796s] Installing simple_publisher script to /home/pere/GTI-3B-SBOCK/turtlebot3_ws/install/my_first_publisher/lib/my_first_publisher
[1.797s] writing list of installed files to '/home/pere/GTI-3B-SBOCK/turtlebot3_ws/build/my_first_publisher/install.log'
[1.841s] Invoked command in '/home/pere/GTI-3B-SBOCK/turtlebot3_ws/src/my_first_publisher' returned '0': PS1=(rosenv) \[\e]0;\u@\h: \w\a\]${debian_chroot:+($debian_chroot)}\[\033[01;32m\]\u@\h\[\033[00m\]:\[\033[01;34m\]\w\[\033[00m\]\$ PYTHONPATH=/home/pere/GTI-3B-SBOCK/turtlebot3_ws/install/my_first_publisher/lib/python3.8/site-packages:${PYTHONPATH} /usr/bin/python3 setup.py egg_info --egg-base ../../build/my_first_publisher build --build-base /home/pere/GTI-3B-SBOCK/turtlebot3_ws/build/my_first_publisher/build install --prefix /home/pere/GTI-3B-SBOCK/turtlebot3_ws/install/my_first_publisher --record /home/pere/GTI-3B-SBOCK/turtlebot3_ws/build/my_first_publisher/install.log --single-version-externally-managed
