running egg_info
writing ../../../build/sbock_my_nav2_system/sbock_my_nav2_system.egg-info/PKG-INFO
writing dependency_links to ../../../build/sbock_my_nav2_system/sbock_my_nav2_system.egg-info/dependency_links.txt
writing entry points to ../../../build/sbock_my_nav2_system/sbock_my_nav2_system.egg-info/entry_points.txt
writing requirements to ../../../build/sbock_my_nav2_system/sbock_my_nav2_system.egg-info/requires.txt
writing top-level names to ../../../build/sbock_my_nav2_system/sbock_my_nav2_system.egg-info/top_level.txt
reading manifest file '../../../build/sbock_my_nav2_system/sbock_my_nav2_system.egg-info/SOURCES.txt'
writing manifest file '../../../build/sbock_my_nav2_system/sbock_my_nav2_system.egg-info/SOURCES.txt'
running build
running build_py
running install
running install_lib
running install_data
creating /home/pere/GTI-3B-SBOCK/turtlebot3_ws/install/sbock_my_nav2_system/config
creating /home/pere/GTI-3B-SBOCK/turtlebot3_ws/install/sbock_my_nav2_system/config/sbock_my_nav2_system
creating /home/pere/GTI-3B-SBOCK/turtlebot3_ws/install/sbock_my_nav2_system/config/sbock_my_nav2_system/config
copying config/my_slam.rviz -> /home/pere/GTI-3B-SBOCK/turtlebot3_ws/install/sbock_my_nav2_system/config/sbock_my_nav2_system/config
copying config/nav2_default_view_new.rviz -> /home/pere/GTI-3B-SBOCK/turtlebot3_ws/install/sbock_my_nav2_system/config/sbock_my_nav2_system/config
running install_egg_info
removing '/home/pere/GTI-3B-SBOCK/turtlebot3_ws/install/sbock_my_nav2_system/lib/python3.8/site-packages/sbock_my_nav2_system-0.0.0-py3.8.egg-info' (and everything under it)
Copying ../../../build/sbock_my_nav2_system/sbock_my_nav2_system.egg-info to /home/pere/GTI-3B-SBOCK/turtlebot3_ws/install/sbock_my_nav2_system/lib/python3.8/site-packages/sbock_my_nav2_system-0.0.0-py3.8.egg-info
running install_scripts
Installing initialPose script to /home/pere/GTI-3B-SBOCK/turtlebot3_ws/install/sbock_my_nav2_system/lib/my_nav2_system
Installing nav_to_pose script to /home/pere/GTI-3B-SBOCK/turtlebot3_ws/install/sbock_my_nav2_system/lib/my_nav2_system
writing list of installed files to '/home/pere/GTI-3B-SBOCK/turtlebot3_ws/build/sbock_my_nav2_system/install.log'
