[0.744s] Invoking command in '/home/pere/GTI-3B-SBOCK/turtlebot3_ws/src/sbock/sbock_my_nav2_system': PS1=(rosenv) \[\e]0;\u@\h: \w\a\]${debian_chroot:+($debian_chroot)}\[\033[01;32m\]\u@\h\[\033[00m\]:\[\033[01;34m\]\w\[\033[00m\]\$ PYTHONPATH=/home/pere/GTI-3B-SBOCK/turtlebot3_ws/install/sbock_my_nav2_system/lib/python3.8/site-packages:${PYTHONPATH} /usr/bin/python3 setup.py egg_info --egg-base ../../../build/sbock_my_nav2_system build --build-base /home/pere/GTI-3B-SBOCK/turtlebot3_ws/build/sbock_my_nav2_system/build install --prefix /home/pere/GTI-3B-SBOCK/turtlebot3_ws/install/sbock_my_nav2_system --record /home/pere/GTI-3B-SBOCK/turtlebot3_ws/build/sbock_my_nav2_system/install.log --single-version-externally-managed
[1.005s] running egg_info
[1.005s] writing ../../../build/sbock_my_nav2_system/sbock_my_nav2_system.egg-info/PKG-INFO
[1.006s] writing dependency_links to ../../../build/sbock_my_nav2_system/sbock_my_nav2_system.egg-info/dependency_links.txt
[1.006s] writing entry points to ../../../build/sbock_my_nav2_system/sbock_my_nav2_system.egg-info/entry_points.txt
[1.006s] writing requirements to ../../../build/sbock_my_nav2_system/sbock_my_nav2_system.egg-info/requires.txt
[1.006s] writing top-level names to ../../../build/sbock_my_nav2_system/sbock_my_nav2_system.egg-info/top_level.txt
[1.048s] reading manifest file '../../../build/sbock_my_nav2_system/sbock_my_nav2_system.egg-info/SOURCES.txt'
[1.049s] writing manifest file '../../../build/sbock_my_nav2_system/sbock_my_nav2_system.egg-info/SOURCES.txt'
[1.049s] running build
[1.049s] running build_py
[1.049s] running install
[1.050s] running install_lib
[1.052s] running install_data
[1.053s] creating /home/pere/GTI-3B-SBOCK/turtlebot3_ws/install/sbock_my_nav2_system/config
[1.053s] creating /home/pere/GTI-3B-SBOCK/turtlebot3_ws/install/sbock_my_nav2_system/config/sbock_my_nav2_system
[1.053s] creating /home/pere/GTI-3B-SBOCK/turtlebot3_ws/install/sbock_my_nav2_system/config/sbock_my_nav2_system/config
[1.053s] copying config/my_slam.rviz -> /home/pere/GTI-3B-SBOCK/turtlebot3_ws/install/sbock_my_nav2_system/config/sbock_my_nav2_system/config
[1.054s] copying config/nav2_default_view_new.rviz -> /home/pere/GTI-3B-SBOCK/turtlebot3_ws/install/sbock_my_nav2_system/config/sbock_my_nav2_system/config
[1.054s] running install_egg_info
[1.056s] removing '/home/pere/GTI-3B-SBOCK/turtlebot3_ws/install/sbock_my_nav2_system/lib/python3.8/site-packages/sbock_my_nav2_system-0.0.0-py3.8.egg-info' (and everything under it)
[1.056s] Copying ../../../build/sbock_my_nav2_system/sbock_my_nav2_system.egg-info to /home/pere/GTI-3B-SBOCK/turtlebot3_ws/install/sbock_my_nav2_system/lib/python3.8/site-packages/sbock_my_nav2_system-0.0.0-py3.8.egg-info
[1.057s] running install_scripts
[1.077s] Installing initialPose script to /home/pere/GTI-3B-SBOCK/turtlebot3_ws/install/sbock_my_nav2_system/lib/my_nav2_system
[1.077s] Installing nav_to_pose script to /home/pere/GTI-3B-SBOCK/turtlebot3_ws/install/sbock_my_nav2_system/lib/my_nav2_system
[1.078s] writing list of installed files to '/home/pere/GTI-3B-SBOCK/turtlebot3_ws/build/sbock_my_nav2_system/install.log'
[1.103s] Invoked command in '/home/pere/GTI-3B-SBOCK/turtlebot3_ws/src/sbock/sbock_my_nav2_system' returned '0': PS1=(rosenv) \[\e]0;\u@\h: \w\a\]${debian_chroot:+($debian_chroot)}\[\033[01;32m\]\u@\h\[\033[00m\]:\[\033[01;34m\]\w\[\033[00m\]\$ PYTHONPATH=/home/pere/GTI-3B-SBOCK/turtlebot3_ws/install/sbock_my_nav2_system/lib/python3.8/site-packages:${PYTHONPATH} /usr/bin/python3 setup.py egg_info --egg-base ../../../build/sbock_my_nav2_system build --build-base /home/pere/GTI-3B-SBOCK/turtlebot3_ws/build/sbock_my_nav2_system/build install --prefix /home/pere/GTI-3B-SBOCK/turtlebot3_ws/install/sbock_my_nav2_system --record /home/pere/GTI-3B-SBOCK/turtlebot3_ws/build/sbock_my_nav2_system/install.log --single-version-externally-managed
