[100%] Built target turtlebot3_drive
-- Install configuration: ""
-- Up-to-date: /home/natxo/GTI-3B-SBOCK/turtlebot3_ws/install/my_world/lib/my_world/turtlebot3_drive
-- Up-to-date: /home/natxo/GTI-3B-SBOCK/turtlebot3_ws/install/my_world/share/my_world//launch
-- Up-to-date: /home/natxo/GTI-3B-SBOCK/turtlebot3_ws/install/my_world/share/my_world//launch/turtlebot3_my_world.launch.py
-- Up-to-date: /home/natxo/GTI-3B-SBOCK/turtlebot3_ws/install/my_world/share/my_world//models
-- Up-to-date: /home/natxo/GTI-3B-SBOCK/turtlebot3_ws/install/my_world/share/my_world//models/my_world
-- Up-to-date: /home/natxo/GTI-3B-SBOCK/turtlebot3_ws/install/my_world/share/my_world//models/my_world/model.config
-- Up-to-date: /home/natxo/GTI-3B-SBOCK/turtlebot3_ws/install/my_world/share/my_world//models/my_world/model.sdf
-- Up-to-date: /home/natxo/GTI-3B-SBOCK/turtlebot3_ws/install/my_world/share/my_world//models/turtlebot3_burger
-- Up-to-date: /home/natxo/GTI-3B-SBOCK/turtlebot3_ws/install/my_world/share/my_world//models/turtlebot3_burger/model.config
-- Up-to-date: /home/natxo/GTI-3B-SBOCK/turtlebot3_ws/install/my_world/share/my_world//models/turtlebot3_burger/model-1_4.sdf
-- Up-to-date: /home/natxo/GTI-3B-SBOCK/turtlebot3_ws/install/my_world/share/my_world//models/turtlebot3_burger/meshes
-- Up-to-date: /home/natxo/GTI-3B-SBOCK/turtlebot3_ws/install/my_world/share/my_world//models/turtlebot3_burger/meshes/lds.dae
-- Up-to-date: /home/natxo/GTI-3B-SBOCK/turtlebot3_ws/install/my_world/share/my_world//models/turtlebot3_burger/meshes/burger_base.dae
-- Up-to-date: /home/natxo/GTI-3B-SBOCK/turtlebot3_ws/install/my_world/share/my_world//models/turtlebot3_burger/meshes/tire.dae
-- Up-to-date: /home/natxo/GTI-3B-SBOCK/turtlebot3_ws/install/my_world/share/my_world//models/turtlebot3_burger/model.sdf
-- Up-to-date: /home/natxo/GTI-3B-SBOCK/turtlebot3_ws/install/my_world/share/my_world//world
-- Up-to-date: /home/natxo/GTI-3B-SBOCK/turtlebot3_ws/install/my_world/share/my_world//world/burger.model
-- Installing: /home/natxo/GTI-3B-SBOCK/turtlebot3_ws/install/my_world/include/
-- Installing: /home/natxo/GTI-3B-SBOCK/turtlebot3_ws/install/my_world/share/ament_index/resource_index/package_run_dependencies/my_world
-- Installing: /home/natxo/GTI-3B-SBOCK/turtlebot3_ws/install/my_world/share/ament_index/resource_index/parent_prefix_path/my_world
-- Installing: /home/natxo/GTI-3B-SBOCK/turtlebot3_ws/install/my_world/share/my_world/environment/ament_prefix_path.sh
-- Installing: /home/natxo/GTI-3B-SBOCK/turtlebot3_ws/install/my_world/share/my_world/environment/ament_prefix_path.dsv
-- Installing: /home/natxo/GTI-3B-SBOCK/turtlebot3_ws/install/my_world/share/my_world/environment/path.sh
-- Installing: /home/natxo/GTI-3B-SBOCK/turtlebot3_ws/install/my_world/share/my_world/environment/path.dsv
-- Installing: /home/natxo/GTI-3B-SBOCK/turtlebot3_ws/install/my_world/share/my_world/local_setup.bash
-- Installing: /home/natxo/GTI-3B-SBOCK/turtlebot3_ws/install/my_world/share/my_world/local_setup.sh
-- Installing: /home/natxo/GTI-3B-SBOCK/turtlebot3_ws/install/my_world/share/my_world/local_setup.zsh
-- Installing: /home/natxo/GTI-3B-SBOCK/turtlebot3_ws/install/my_world/share/my_world/local_setup.dsv
-- Installing: /home/natxo/GTI-3B-SBOCK/turtlebot3_ws/install/my_world/share/my_world/package.dsv
-- Installing: /home/natxo/GTI-3B-SBOCK/turtlebot3_ws/install/my_world/share/ament_index/resource_index/packages/my_world
-- Installing: /home/natxo/GTI-3B-SBOCK/turtlebot3_ws/install/my_world/share/my_world/cmake/ament_cmake_export_include_directories-extras.cmake
-- Installing: /home/natxo/GTI-3B-SBOCK/turtlebot3_ws/install/my_world/share/my_world/cmake/ament_cmake_export_dependencies-extras.cmake
-- Installing: /home/natxo/GTI-3B-SBOCK/turtlebot3_ws/install/my_world/share/my_world/cmake/my_worldConfig.cmake
-- Installing: /home/natxo/GTI-3B-SBOCK/turtlebot3_ws/install/my_world/share/my_world/cmake/my_worldConfig-version.cmake
-- Installing: /home/natxo/GTI-3B-SBOCK/turtlebot3_ws/install/my_world/share/my_world/package.xml
