[2.052s] Invoking command in '/home/aibes/GTI-3B-SBOCK/turtlebot3_ws/src/my_first_node': PS1=(rosenv) \[\e]0;\u@\h: \w\a\]${debian_chroot:+($debian_chroot)}\[\033[01;32m\]\u@\h\[\033[00m\]:\[\033[01;34m\]\w\[\033[00m\]\$ PYTHONPATH=/home/aibes/GTI-3B-SBOCK/turtlebot3_ws/install/my_first_node/lib/python3.8/site-packages:${PYTHONPATH} /usr/bin/python3 setup.py egg_info --egg-base ../../build/my_first_node build --build-base /home/aibes/GTI-3B-SBOCK/turtlebot3_ws/build/my_first_node/build install --prefix /home/aibes/GTI-3B-SBOCK/turtlebot3_ws/install/my_first_node --record /home/aibes/GTI-3B-SBOCK/turtlebot3_ws/build/my_first_node/install.log --single-version-externally-managed
[2.476s] running egg_info
[2.477s] creating ../../build/my_first_node/my_first_node.egg-info
[2.479s] writing ../../build/my_first_node/my_first_node.egg-info/PKG-INFO
[2.479s] writing dependency_links to ../../build/my_first_node/my_first_node.egg-info/dependency_links.txt
[2.479s] writing entry points to ../../build/my_first_node/my_first_node.egg-info/entry_points.txt
[2.479s] writing requirements to ../../build/my_first_node/my_first_node.egg-info/requires.txt
[2.479s] writing top-level names to ../../build/my_first_node/my_first_node.egg-info/top_level.txt
[2.479s] writing manifest file '../../build/my_first_node/my_first_node.egg-info/SOURCES.txt'
[2.550s] reading manifest file '../../build/my_first_node/my_first_node.egg-info/SOURCES.txt'
[2.551s] writing manifest file '../../build/my_first_node/my_first_node.egg-info/SOURCES.txt'
[2.551s] running build
[2.551s] running build_py
[2.551s] creating /home/aibes/GTI-3B-SBOCK/turtlebot3_ws/build/my_first_node/build
[2.552s] creating /home/aibes/GTI-3B-SBOCK/turtlebot3_ws/build/my_first_node/build/lib
[2.552s] creating /home/aibes/GTI-3B-SBOCK/turtlebot3_ws/build/my_first_node/build/lib/my_first_node
[2.552s] copying my_first_node/__init__.py -> /home/aibes/GTI-3B-SBOCK/turtlebot3_ws/build/my_first_node/build/lib/my_first_node
[2.552s] copying my_first_node/simple_node.py -> /home/aibes/GTI-3B-SBOCK/turtlebot3_ws/build/my_first_node/build/lib/my_first_node
[2.582s] running install
[2.583s] running install_lib
[2.585s] creating /home/aibes/GTI-3B-SBOCK/turtlebot3_ws/install/my_first_node/lib/python3.8/site-packages/my_first_node
[2.585s] copying /home/aibes/GTI-3B-SBOCK/turtlebot3_ws/build/my_first_node/build/lib/my_first_node/__init__.py -> /home/aibes/GTI-3B-SBOCK/turtlebot3_ws/install/my_first_node/lib/python3.8/site-packages/my_first_node
[2.585s] copying /home/aibes/GTI-3B-SBOCK/turtlebot3_ws/build/my_first_node/build/lib/my_first_node/simple_node.py -> /home/aibes/GTI-3B-SBOCK/turtlebot3_ws/install/my_first_node/lib/python3.8/site-packages/my_first_node
[2.586s] byte-compiling /home/aibes/GTI-3B-SBOCK/turtlebot3_ws/install/my_first_node/lib/python3.8/site-packages/my_first_node/__init__.py to __init__.cpython-38.pyc
[2.589s] byte-compiling /home/aibes/GTI-3B-SBOCK/turtlebot3_ws/install/my_first_node/lib/python3.8/site-packages/my_first_node/simple_node.py to simple_node.cpython-38.pyc
[2.589s] running install_data
[2.590s] creating /home/aibes/GTI-3B-SBOCK/turtlebot3_ws/install/my_first_node/share/ament_index
[2.591s] creating /home/aibes/GTI-3B-SBOCK/turtlebot3_ws/install/my_first_node/share/ament_index/resource_index
[2.591s] creating /home/aibes/GTI-3B-SBOCK/turtlebot3_ws/install/my_first_node/share/ament_index/resource_index/packages
[2.591s] copying resource/my_first_node -> /home/aibes/GTI-3B-SBOCK/turtlebot3_ws/install/my_first_node/share/ament_index/resource_index/packages
[2.591s] copying package.xml -> /home/aibes/GTI-3B-SBOCK/turtlebot3_ws/install/my_first_node/share/my_first_node
[2.591s] running install_egg_info
[2.594s] Copying ../../build/my_first_node/my_first_node.egg-info to /home/aibes/GTI-3B-SBOCK/turtlebot3_ws/install/my_first_node/lib/python3.8/site-packages/my_first_node-0.0.0-py3.8.egg-info
[2.595s] running install_scripts
[2.623s] Installing simple_node script to /home/aibes/GTI-3B-SBOCK/turtlebot3_ws/install/my_first_node/lib/my_first_node
[2.624s] writing list of installed files to '/home/aibes/GTI-3B-SBOCK/turtlebot3_ws/build/my_first_node/install.log'
[2.669s] Invoked command in '/home/aibes/GTI-3B-SBOCK/turtlebot3_ws/src/my_first_node' returned '0': PS1=(rosenv) \[\e]0;\u@\h: \w\a\]${debian_chroot:+($debian_chroot)}\[\033[01;32m\]\u@\h\[\033[00m\]:\[\033[01;34m\]\w\[\033[00m\]\$ PYTHONPATH=/home/aibes/GTI-3B-SBOCK/turtlebot3_ws/install/my_first_node/lib/python3.8/site-packages:${PYTHONPATH} /usr/bin/python3 setup.py egg_info --egg-base ../../build/my_first_node build --build-base /home/aibes/GTI-3B-SBOCK/turtlebot3_ws/build/my_first_node/build install --prefix /home/aibes/GTI-3B-SBOCK/turtlebot3_ws/install/my_first_node --record /home/aibes/GTI-3B-SBOCK/turtlebot3_ws/build/my_first_node/install.log --single-version-externally-managed
