[0.711s] Invoking command in '/home/ausiasbm/GTI-3B-SBOCK/turtlebot3_ws/src/sbock/sbock_nav_route': PS1=\[\e]0;\u@\h: \w\a\]${debian_chroot:+($debian_chroot)}\[\033[01;32m\]\u@\h\[\033[00m\]:\[\033[01;34m\]\w\[\033[00m\]\$ PYTHONPATH=/home/ausiasbm/GTI-3B-SBOCK/turtlebot3_ws/install/sbock_nav_route/lib/python3.8/site-packages:${PYTHONPATH} /usr/bin/python3 setup.py egg_info --egg-base ../../../build/sbock_nav_route build --build-base /home/ausiasbm/GTI-3B-SBOCK/turtlebot3_ws/build/sbock_nav_route/build install --prefix /home/ausiasbm/GTI-3B-SBOCK/turtlebot3_ws/install/sbock_nav_route --record /home/ausiasbm/GTI-3B-SBOCK/turtlebot3_ws/build/sbock_nav_route/install.log --single-version-externally-managed
[0.827s] running egg_info
[0.827s] creating ../../../build/sbock_nav_route/sbock_nav_route.egg-info
[0.827s] writing ../../../build/sbock_nav_route/sbock_nav_route.egg-info/PKG-INFO
[0.827s] writing dependency_links to ../../../build/sbock_nav_route/sbock_nav_route.egg-info/dependency_links.txt
[0.827s] writing entry points to ../../../build/sbock_nav_route/sbock_nav_route.egg-info/entry_points.txt
[0.827s] writing requirements to ../../../build/sbock_nav_route/sbock_nav_route.egg-info/requires.txt
[0.827s] writing top-level names to ../../../build/sbock_nav_route/sbock_nav_route.egg-info/top_level.txt
[0.828s] writing manifest file '../../../build/sbock_nav_route/sbock_nav_route.egg-info/SOURCES.txt'
[0.846s] reading manifest file '../../../build/sbock_nav_route/sbock_nav_route.egg-info/SOURCES.txt'
[0.847s] writing manifest file '../../../build/sbock_nav_route/sbock_nav_route.egg-info/SOURCES.txt'
[0.847s] running build
[0.847s] running build_py
[0.847s] creating /home/ausiasbm/GTI-3B-SBOCK/turtlebot3_ws/build/sbock_nav_route/build
[0.847s] creating /home/ausiasbm/GTI-3B-SBOCK/turtlebot3_ws/build/sbock_nav_route/build/lib
[0.848s] creating /home/ausiasbm/GTI-3B-SBOCK/turtlebot3_ws/build/sbock_nav_route/build/lib/sbock_nav_route
[0.848s] copying sbock_nav_route/__init__.py -> /home/ausiasbm/GTI-3B-SBOCK/turtlebot3_ws/build/sbock_nav_route/build/lib/sbock_nav_route
[0.848s] copying sbock_nav_route/prova.py -> /home/ausiasbm/GTI-3B-SBOCK/turtlebot3_ws/build/sbock_nav_route/build/lib/sbock_nav_route
[0.848s] running install
[0.848s] running install_lib
[0.849s] creating /home/ausiasbm/GTI-3B-SBOCK/turtlebot3_ws/install/sbock_nav_route/lib/python3.8/site-packages/sbock_nav_route
[0.849s] copying /home/ausiasbm/GTI-3B-SBOCK/turtlebot3_ws/build/sbock_nav_route/build/lib/sbock_nav_route/__init__.py -> /home/ausiasbm/GTI-3B-SBOCK/turtlebot3_ws/install/sbock_nav_route/lib/python3.8/site-packages/sbock_nav_route
[0.849s] copying /home/ausiasbm/GTI-3B-SBOCK/turtlebot3_ws/build/sbock_nav_route/build/lib/sbock_nav_route/prova.py -> /home/ausiasbm/GTI-3B-SBOCK/turtlebot3_ws/install/sbock_nav_route/lib/python3.8/site-packages/sbock_nav_route
[0.849s] byte-compiling /home/ausiasbm/GTI-3B-SBOCK/turtlebot3_ws/install/sbock_nav_route/lib/python3.8/site-packages/sbock_nav_route/__init__.py to __init__.cpython-38.pyc
[0.850s] byte-compiling /home/ausiasbm/GTI-3B-SBOCK/turtlebot3_ws/install/sbock_nav_route/lib/python3.8/site-packages/sbock_nav_route/prova.py to prova.cpython-38.pyc
[0.851s] running install_data
[0.851s] creating /home/ausiasbm/GTI-3B-SBOCK/turtlebot3_ws/install/sbock_nav_route/share/ament_index
[0.851s] creating /home/ausiasbm/GTI-3B-SBOCK/turtlebot3_ws/install/sbock_nav_route/share/ament_index/resource_index
[0.851s] creating /home/ausiasbm/GTI-3B-SBOCK/turtlebot3_ws/install/sbock_nav_route/share/ament_index/resource_index/packages
[0.851s] copying resource/sbock_nav_route -> /home/ausiasbm/GTI-3B-SBOCK/turtlebot3_ws/install/sbock_nav_route/share/ament_index/resource_index/packages
[0.851s] copying package.xml -> /home/ausiasbm/GTI-3B-SBOCK/turtlebot3_ws/install/sbock_nav_route/share/sbock_nav_route
[0.851s] creating /home/ausiasbm/GTI-3B-SBOCK/turtlebot3_ws/install/sbock_nav_route/share/sbock_nav_route/config
[0.852s] copying config/my_map.pgm -> /home/ausiasbm/GTI-3B-SBOCK/turtlebot3_ws/install/sbock_nav_route/share/sbock_nav_route/config
[0.852s] copying config/project_params.yaml -> /home/ausiasbm/GTI-3B-SBOCK/turtlebot3_ws/install/sbock_nav_route/share/sbock_nav_route/config
[0.852s] copying config/nav2_params.yaml -> /home/ausiasbm/GTI-3B-SBOCK/turtlebot3_ws/install/sbock_nav_route/share/sbock_nav_route/config
[0.852s] copying config/my_map.yaml -> /home/ausiasbm/GTI-3B-SBOCK/turtlebot3_ws/install/sbock_nav_route/share/sbock_nav_route/config
[0.852s] creating /home/ausiasbm/GTI-3B-SBOCK/turtlebot3_ws/install/sbock_nav_route/share/sbock_nav_route/rviz
[0.852s] creating /home/ausiasbm/GTI-3B-SBOCK/turtlebot3_ws/install/sbock_nav_route/share/sbock_nav_route/launch
[0.852s] copying launch/sbock_tb3_route_nav.launch.py -> /home/ausiasbm/GTI-3B-SBOCK/turtlebot3_ws/install/sbock_nav_route/share/sbock_nav_route/launch
[0.852s] copying launch/prova.launch.py -> /home/ausiasbm/GTI-3B-SBOCK/turtlebot3_ws/install/sbock_nav_route/share/sbock_nav_route/launch
[0.852s] copying config/navigate_w_replanning_and_recovery.xml -> /home/ausiasbm/GTI-3B-SBOCK/turtlebot3_ws/install/sbock_nav_route/share/sbock_nav_route/config
[0.852s] copying config/navigate_through_poses_w_replanning_and_recovery.xml -> /home/ausiasbm/GTI-3B-SBOCK/turtlebot3_ws/install/sbock_nav_route/share/sbock_nav_route/config
[0.852s] running install_egg_info
[0.853s] Copying ../../../build/sbock_nav_route/sbock_nav_route.egg-info to /home/ausiasbm/GTI-3B-SBOCK/turtlebot3_ws/install/sbock_nav_route/lib/python3.8/site-packages/sbock_nav_route-0.0.0-py3.8.egg-info
[0.854s] running install_scripts
[0.865s] Installing route script to /home/ausiasbm/GTI-3B-SBOCK/turtlebot3_ws/install/sbock_nav_route/lib/sbock_nav_route
[0.865s] writing list of installed files to '/home/ausiasbm/GTI-3B-SBOCK/turtlebot3_ws/build/sbock_nav_route/install.log'
[0.883s] Invoked command in '/home/ausiasbm/GTI-3B-SBOCK/turtlebot3_ws/src/sbock/sbock_nav_route' returned '0': PS1=\[\e]0;\u@\h: \w\a\]${debian_chroot:+($debian_chroot)}\[\033[01;32m\]\u@\h\[\033[00m\]:\[\033[01;34m\]\w\[\033[00m\]\$ PYTHONPATH=/home/ausiasbm/GTI-3B-SBOCK/turtlebot3_ws/install/sbock_nav_route/lib/python3.8/site-packages:${PYTHONPATH} /usr/bin/python3 setup.py egg_info --egg-base ../../../build/sbock_nav_route build --build-base /home/ausiasbm/GTI-3B-SBOCK/turtlebot3_ws/build/sbock_nav_route/build install --prefix /home/ausiasbm/GTI-3B-SBOCK/turtlebot3_ws/install/sbock_nav_route --record /home/ausiasbm/GTI-3B-SBOCK/turtlebot3_ws/build/sbock_nav_route/install.log --single-version-externally-managed
