[0.014s] Invoking command in '/home/pere/GTI-3B-SBOCK/turtlebot3_ws/build/sbock_my_world': CMAKE_PREFIX_PATH=${CMAKE_PREFIX_PATH}:/home/pere/turtlebot3_ws/install/show_msg:/home/pere/turtlebot3_ws/install/provide_map:/home/pere/turtlebot3_ws/install/pere_ex_my_nav2_system:/home/pere/turtlebot3_ws/install/my_slam:/home/pere/turtlebot3_ws/install/my_nav2_system:/home/pere/turtlebot3_ws/install/my_first_subscriber:/home/pere/turtlebot3_ws/install/my_first_service:/home/pere/turtlebot3_ws/install/my_first_publisher:/home/pere/turtlebot3_ws/install/my_first_node:/home/pere/turtlebot3_ws/install/my_first_action:/opt/ros/foxy PS1=(rosenv) \[\e]0;\u@\h: \w\a\]${debian_chroot:+($debian_chroot)}\[\033[01;32m\]\u@\h\[\033[00m\]:\[\033[01;34m\]\w\[\033[00m\]\$ /usr/bin/cmake /home/pere/GTI-3B-SBOCK/turtlebot3_ws/src/sbock/sbock_my_world -DCMAKE_INSTALL_PREFIX=/home/pere/GTI-3B-SBOCK/turtlebot3_ws/install/sbock_my_world
[0.033s] -- Found ament_cmake: 0.9.9 (/opt/ros/foxy/share/ament_cmake/cmake)
[0.058s] -- Using PYTHON_EXECUTABLE: /usr/bin/python3
[0.293s] -- Found DART: /usr/include (Required is at least version "6.6") found components: dart 
[0.324s] -- Found Protobuf: /usr/lib/x86_64-linux-gnu/libprotobuf.so;-lpthread (found version "3.6.1") 
[0.326s] -- Looking for ignition-math6 -- found version 6.9.2
[0.331s] -- Searching for dependencies of ignition-math6
[0.332s] -- Looking for OGRE...
[0.338s] -- Found Ogre Ghadamon (1.9.0)
[0.338s] -- Found OGRE: optimized;/usr/lib/x86_64-linux-gnu/libOgreMain.so;debug;/usr/lib/x86_64-linux-gnu/libOgreMain.so
[0.348s] -- Looking for OGRE_Paging...
[0.349s] -- Found OGRE_Paging: optimized;/usr/lib/x86_64-linux-gnu/libOgrePaging.so;debug;/usr/lib/x86_64-linux-gnu/libOgrePaging.so
[0.349s] -- Looking for OGRE_Terrain...
[0.349s] -- Found OGRE_Terrain: optimized;/usr/lib/x86_64-linux-gnu/libOgreTerrain.so;debug;/usr/lib/x86_64-linux-gnu/libOgreTerrain.so
[0.349s] -- Looking for OGRE_Property...
[0.349s] -- Found OGRE_Property: optimized;/usr/lib/x86_64-linux-gnu/libOgreProperty.so;debug;/usr/lib/x86_64-linux-gnu/libOgreProperty.so
[0.349s] -- Looking for OGRE_RTShaderSystem...
[0.350s] -- Found OGRE_RTShaderSystem: optimized;/usr/lib/x86_64-linux-gnu/libOgreRTShaderSystem.so;debug;/usr/lib/x86_64-linux-gnu/libOgreRTShaderSystem.so
[0.350s] -- Looking for OGRE_Volume...
[0.350s] -- Found OGRE_Volume: optimized;/usr/lib/x86_64-linux-gnu/libOgreVolume.so;debug;/usr/lib/x86_64-linux-gnu/libOgreVolume.so
[0.350s] -- Looking for OGRE_Overlay...
[0.350s] -- Found OGRE_Overlay: optimized;/usr/lib/x86_64-linux-gnu/libOgreOverlay.so;debug;/usr/lib/x86_64-linux-gnu/libOgreOverlay.so
[0.506s] -- Looking for ignition-math6 -- found version 6.9.2
[0.506s] -- Looking for ignition-transport8 -- found version 8.2.1
[0.507s] -- Searching for dependencies of ignition-transport8
[0.527s] -- Found Protobuf: /usr/lib/x86_64-linux-gnu/libprotobuf.so;-lpthread (found suitable version "3.6.1", minimum required is "3") 
[0.539s] -- Config-file not installed for ZeroMQ -- checking for pkg-config
[0.544s] -- Checking for module 'libzmq >= 4'
[0.560s] --   Found libzmq , version 4.3.2
[0.608s] -- Checking for module 'uuid'
[0.627s] --   Found uuid, version 2.34.0
[0.670s] -- Looking for ignition-msgs5 -- found version 5.8.1
[0.671s] -- Searching for dependencies of ignition-msgs5
[0.693s] -- Looking for ignition-math6 -- found version 6.9.2
[0.698s] -- Checking for module 'tinyxml2'
[0.716s] --   Found tinyxml2, version 6.2.0
[0.760s] -- Looking for ignition-msgs5 -- found version 5.8.1
[0.760s] -- Looking for ignition-common3 -- found version 3.14.0
[0.761s] -- Searching for dependencies of ignition-common3
[0.761s] -- Looking for dlfcn.h - found
[0.761s] -- Looking for libdl - found
[0.770s] -- Searching for <ignition-common3> component [graphics]
[0.770s] -- Looking for ignition-common3-graphics -- found version 3.14.0
[0.771s] -- Searching for dependencies of ignition-common3-graphics
[0.771s] -- Looking for ignition-math6 -- found version 6.9.2
[0.772s] -- Looking for ignition-fuel_tools4 -- found version 4.4.0
[0.773s] -- Searching for dependencies of ignition-fuel_tools4
[0.804s] -- Checking for module 'jsoncpp'
[0.822s] --   Found jsoncpp, version 1.7.4
[0.873s] -- Checking for module 'libzip'
[0.892s] --   Found libzip, version 1.5.1
[0.936s] -- Looking for ignition-common3 -- found version 3.14.0
[0.937s] -- Looking for ignition-math6 -- found version 6.9.2
[0.937s] -- Looking for ignition-msgs5 -- found version 5.8.1
[0.939s] -- Found gazebo_ros_pkgs: 3.5.3 (/opt/ros/foxy/share/gazebo_ros_pkgs/cmake)
[0.939s] -- Found geometry_msgs: 2.0.5 (/opt/ros/foxy/share/geometry_msgs/cmake)
[0.959s] -- Using all available rosidl_typesupport_c: rosidl_typesupport_fastrtps_c;rosidl_typesupport_introspection_c
[0.962s] -- Found rosidl_adapter: 1.2.1 (/opt/ros/foxy/share/rosidl_adapter/cmake)
[1.086s] -- Using all available rosidl_typesupport_cpp: rosidl_typesupport_fastrtps_cpp;rosidl_typesupport_introspection_cpp
[1.167s] -- Found nav_msgs: 2.0.5 (/opt/ros/foxy/share/nav_msgs/cmake)
[1.237s] -- Found rclcpp: 2.4.1 (/opt/ros/foxy/share/rclcpp/cmake)
[1.272s] -- Found rmw_implementation_cmake: 1.0.3 (/opt/ros/foxy/share/rmw_implementation_cmake/cmake)
[1.274s] -- Using RMW implementation 'rmw_fastrtps_cpp' as default
[1.404s] -- Found sensor_msgs: 2.0.5 (/opt/ros/foxy/share/sensor_msgs/cmake)
[1.475s] -- Found tf2: 0.13.13 (/opt/ros/foxy/share/tf2/cmake)
[1.484s] -- Found turtlebot3_gazebo: 2.2.3 (/home/pere/turtlebot3_ws/install/turtlebot3_gazebo/share/turtlebot3_gazebo/cmake)
[1.593s] -- Configuring done
[1.604s] -- Generating done
[1.607s] -- Build files have been written to: /home/pere/GTI-3B-SBOCK/turtlebot3_ws/build/sbock_my_world
[1.617s] Invoked command in '/home/pere/GTI-3B-SBOCK/turtlebot3_ws/build/sbock_my_world' returned '0': CMAKE_PREFIX_PATH=${CMAKE_PREFIX_PATH}:/home/pere/turtlebot3_ws/install/show_msg:/home/pere/turtlebot3_ws/install/provide_map:/home/pere/turtlebot3_ws/install/pere_ex_my_nav2_system:/home/pere/turtlebot3_ws/install/my_slam:/home/pere/turtlebot3_ws/install/my_nav2_system:/home/pere/turtlebot3_ws/install/my_first_subscriber:/home/pere/turtlebot3_ws/install/my_first_service:/home/pere/turtlebot3_ws/install/my_first_publisher:/home/pere/turtlebot3_ws/install/my_first_node:/home/pere/turtlebot3_ws/install/my_first_action:/opt/ros/foxy PS1=(rosenv) \[\e]0;\u@\h: \w\a\]${debian_chroot:+($debian_chroot)}\[\033[01;32m\]\u@\h\[\033[00m\]:\[\033[01;34m\]\w\[\033[00m\]\$ /usr/bin/cmake /home/pere/GTI-3B-SBOCK/turtlebot3_ws/src/sbock/sbock_my_world -DCMAKE_INSTALL_PREFIX=/home/pere/GTI-3B-SBOCK/turtlebot3_ws/install/sbock_my_world
[1.620s] Invoking command in '/home/pere/GTI-3B-SBOCK/turtlebot3_ws/build/sbock_my_world': CMAKE_PREFIX_PATH=${CMAKE_PREFIX_PATH}:/home/pere/turtlebot3_ws/install/show_msg:/home/pere/turtlebot3_ws/install/provide_map:/home/pere/turtlebot3_ws/install/pere_ex_my_nav2_system:/home/pere/turtlebot3_ws/install/my_slam:/home/pere/turtlebot3_ws/install/my_nav2_system:/home/pere/turtlebot3_ws/install/my_first_subscriber:/home/pere/turtlebot3_ws/install/my_first_service:/home/pere/turtlebot3_ws/install/my_first_publisher:/home/pere/turtlebot3_ws/install/my_first_node:/home/pere/turtlebot3_ws/install/my_first_action:/opt/ros/foxy PS1=(rosenv) \[\e]0;\u@\h: \w\a\]${debian_chroot:+($debian_chroot)}\[\033[01;32m\]\u@\h\[\033[00m\]:\[\033[01;34m\]\w\[\033[00m\]\$ /usr/bin/cmake --build /home/pere/GTI-3B-SBOCK/turtlebot3_ws/build/sbock_my_world -- -j4 -l4
[1.673s] [35m[1mScanning dependencies of target turtlebot3_drive[0m
[1.784s] [ 50%] [32mBuilding CXX object CMakeFiles/turtlebot3_drive.dir/src/turtlebot3_drive.cpp.o[0m
[9.142s] [100%] [32m[1mLinking CXX executable turtlebot3_drive[0m
[9.583s] [100%] Built target turtlebot3_drive
[9.598s] Invoked command in '/home/pere/GTI-3B-SBOCK/turtlebot3_ws/build/sbock_my_world' returned '0': CMAKE_PREFIX_PATH=${CMAKE_PREFIX_PATH}:/home/pere/turtlebot3_ws/install/show_msg:/home/pere/turtlebot3_ws/install/provide_map:/home/pere/turtlebot3_ws/install/pere_ex_my_nav2_system:/home/pere/turtlebot3_ws/install/my_slam:/home/pere/turtlebot3_ws/install/my_nav2_system:/home/pere/turtlebot3_ws/install/my_first_subscriber:/home/pere/turtlebot3_ws/install/my_first_service:/home/pere/turtlebot3_ws/install/my_first_publisher:/home/pere/turtlebot3_ws/install/my_first_node:/home/pere/turtlebot3_ws/install/my_first_action:/opt/ros/foxy PS1=(rosenv) \[\e]0;\u@\h: \w\a\]${debian_chroot:+($debian_chroot)}\[\033[01;32m\]\u@\h\[\033[00m\]:\[\033[01;34m\]\w\[\033[00m\]\$ /usr/bin/cmake --build /home/pere/GTI-3B-SBOCK/turtlebot3_ws/build/sbock_my_world -- -j4 -l4
[9.642s] Invoking command in '/home/pere/GTI-3B-SBOCK/turtlebot3_ws/build/sbock_my_world': CMAKE_PREFIX_PATH=${CMAKE_PREFIX_PATH}:/home/pere/turtlebot3_ws/install/show_msg:/home/pere/turtlebot3_ws/install/provide_map:/home/pere/turtlebot3_ws/install/pere_ex_my_nav2_system:/home/pere/turtlebot3_ws/install/my_slam:/home/pere/turtlebot3_ws/install/my_nav2_system:/home/pere/turtlebot3_ws/install/my_first_subscriber:/home/pere/turtlebot3_ws/install/my_first_service:/home/pere/turtlebot3_ws/install/my_first_publisher:/home/pere/turtlebot3_ws/install/my_first_node:/home/pere/turtlebot3_ws/install/my_first_action:/opt/ros/foxy PS1=(rosenv) \[\e]0;\u@\h: \w\a\]${debian_chroot:+($debian_chroot)}\[\033[01;32m\]\u@\h\[\033[00m\]:\[\033[01;34m\]\w\[\033[00m\]\$ /usr/bin/cmake --install /home/pere/GTI-3B-SBOCK/turtlebot3_ws/build/sbock_my_world
[9.656s] -- Install configuration: ""
[9.656s] -- Installing: /home/pere/GTI-3B-SBOCK/turtlebot3_ws/install/sbock_my_world/lib/sbock_my_world/turtlebot3_drive
[9.659s] -- Set runtime path of "/home/pere/GTI-3B-SBOCK/turtlebot3_ws/install/sbock_my_world/lib/sbock_my_world/turtlebot3_drive" to ""
[9.660s] -- Installing: /home/pere/GTI-3B-SBOCK/turtlebot3_ws/install/sbock_my_world/share/sbock_my_world//launch
[9.660s] -- Installing: /home/pere/GTI-3B-SBOCK/turtlebot3_ws/install/sbock_my_world/share/sbock_my_world//launch/turtlebot3_my_world.launch.py
[9.660s] -- Installing: /home/pere/GTI-3B-SBOCK/turtlebot3_ws/install/sbock_my_world/share/sbock_my_world//models
[9.660s] -- Installing: /home/pere/GTI-3B-SBOCK/turtlebot3_ws/install/sbock_my_world/share/sbock_my_world//models/sbock_my_world
[9.660s] -- Installing: /home/pere/GTI-3B-SBOCK/turtlebot3_ws/install/sbock_my_world/share/sbock_my_world//models/sbock_my_world/model.config
[9.660s] -- Installing: /home/pere/GTI-3B-SBOCK/turtlebot3_ws/install/sbock_my_world/share/sbock_my_world//models/sbock_my_world/model.sdf
[9.660s] -- Installing: /home/pere/GTI-3B-SBOCK/turtlebot3_ws/install/sbock_my_world/share/sbock_my_world//models/turtlebot3_burger
[9.660s] -- Installing: /home/pere/GTI-3B-SBOCK/turtlebot3_ws/install/sbock_my_world/share/sbock_my_world//models/turtlebot3_burger/meshes
[9.661s] -- Installing: /home/pere/GTI-3B-SBOCK/turtlebot3_ws/install/sbock_my_world/share/sbock_my_world//models/turtlebot3_burger/meshes/tire.dae
[9.661s] -- Installing: /home/pere/GTI-3B-SBOCK/turtlebot3_ws/install/sbock_my_world/share/sbock_my_world//models/turtlebot3_burger/meshes/burger_base.dae
[9.661s] -- Installing: /home/pere/GTI-3B-SBOCK/turtlebot3_ws/install/sbock_my_world/share/sbock_my_world//models/turtlebot3_burger/meshes/lds.dae
[9.661s] -- Installing: /home/pere/GTI-3B-SBOCK/turtlebot3_ws/install/sbock_my_world/share/sbock_my_world//models/turtlebot3_burger/model-1_4.sdf
[9.661s] -- Installing: /home/pere/GTI-3B-SBOCK/turtlebot3_ws/install/sbock_my_world/share/sbock_my_world//models/turtlebot3_burger/model.config
[9.661s] -- Installing: /home/pere/GTI-3B-SBOCK/turtlebot3_ws/install/sbock_my_world/share/sbock_my_world//models/turtlebot3_burger/model.sdf
[9.661s] -- Installing: /home/pere/GTI-3B-SBOCK/turtlebot3_ws/install/sbock_my_world/share/sbock_my_world//world
[9.661s] -- Installing: /home/pere/GTI-3B-SBOCK/turtlebot3_ws/install/sbock_my_world/share/sbock_my_world//world/burger.model
[9.661s] -- Installing: /home/pere/GTI-3B-SBOCK/turtlebot3_ws/install/sbock_my_world/include/
[9.661s] -- Installing: /home/pere/GTI-3B-SBOCK/turtlebot3_ws/install/sbock_my_world/include//sbock_my_world
[9.662s] -- Installing: /home/pere/GTI-3B-SBOCK/turtlebot3_ws/install/sbock_my_world/share/ament_index/resource_index/package_run_dependencies/sbock_my_world
[9.662s] -- Installing: /home/pere/GTI-3B-SBOCK/turtlebot3_ws/install/sbock_my_world/share/ament_index/resource_index/parent_prefix_path/sbock_my_world
[9.662s] -- Installing: /home/pere/GTI-3B-SBOCK/turtlebot3_ws/install/sbock_my_world/share/sbock_my_world/environment/ament_prefix_path.sh
[9.662s] -- Installing: /home/pere/GTI-3B-SBOCK/turtlebot3_ws/install/sbock_my_world/share/sbock_my_world/environment/ament_prefix_path.dsv
[9.662s] -- Installing: /home/pere/GTI-3B-SBOCK/turtlebot3_ws/install/sbock_my_world/share/sbock_my_world/environment/path.sh
[9.662s] -- Installing: /home/pere/GTI-3B-SBOCK/turtlebot3_ws/install/sbock_my_world/share/sbock_my_world/environment/path.dsv
[9.662s] -- Installing: /home/pere/GTI-3B-SBOCK/turtlebot3_ws/install/sbock_my_world/share/sbock_my_world/local_setup.bash
[9.663s] -- Installing: /home/pere/GTI-3B-SBOCK/turtlebot3_ws/install/sbock_my_world/share/sbock_my_world/local_setup.sh
[9.663s] -- Installing: /home/pere/GTI-3B-SBOCK/turtlebot3_ws/install/sbock_my_world/share/sbock_my_world/local_setup.zsh
[9.663s] -- Installing: /home/pere/GTI-3B-SBOCK/turtlebot3_ws/install/sbock_my_world/share/sbock_my_world/local_setup.dsv
[9.663s] -- Installing: /home/pere/GTI-3B-SBOCK/turtlebot3_ws/install/sbock_my_world/share/sbock_my_world/package.dsv
[9.663s] -- Installing: /home/pere/GTI-3B-SBOCK/turtlebot3_ws/install/sbock_my_world/share/ament_index/resource_index/packages/sbock_my_world
[9.663s] -- Installing: /home/pere/GTI-3B-SBOCK/turtlebot3_ws/install/sbock_my_world/share/sbock_my_world/cmake/ament_cmake_export_include_directories-extras.cmake
[9.663s] -- Installing: /home/pere/GTI-3B-SBOCK/turtlebot3_ws/install/sbock_my_world/share/sbock_my_world/cmake/ament_cmake_export_dependencies-extras.cmake
[9.664s] -- Installing: /home/pere/GTI-3B-SBOCK/turtlebot3_ws/install/sbock_my_world/share/sbock_my_world/cmake/sbock_my_worldConfig.cmake
[9.664s] -- Installing: /home/pere/GTI-3B-SBOCK/turtlebot3_ws/install/sbock_my_world/share/sbock_my_world/cmake/sbock_my_worldConfig-version.cmake
[9.664s] -- Installing: /home/pere/GTI-3B-SBOCK/turtlebot3_ws/install/sbock_my_world/share/sbock_my_world/package.xml
[9.667s] Invoked command in '/home/pere/GTI-3B-SBOCK/turtlebot3_ws/build/sbock_my_world' returned '0': CMAKE_PREFIX_PATH=${CMAKE_PREFIX_PATH}:/home/pere/turtlebot3_ws/install/show_msg:/home/pere/turtlebot3_ws/install/provide_map:/home/pere/turtlebot3_ws/install/pere_ex_my_nav2_system:/home/pere/turtlebot3_ws/install/my_slam:/home/pere/turtlebot3_ws/install/my_nav2_system:/home/pere/turtlebot3_ws/install/my_first_subscriber:/home/pere/turtlebot3_ws/install/my_first_service:/home/pere/turtlebot3_ws/install/my_first_publisher:/home/pere/turtlebot3_ws/install/my_first_node:/home/pere/turtlebot3_ws/install/my_first_action:/opt/ros/foxy PS1=(rosenv) \[\e]0;\u@\h: \w\a\]${debian_chroot:+($debian_chroot)}\[\033[01;32m\]\u@\h\[\033[00m\]:\[\033[01;34m\]\w\[\033[00m\]\$ /usr/bin/cmake --install /home/pere/GTI-3B-SBOCK/turtlebot3_ws/build/sbock_my_world
