/home/ausiasbm/GTI-3B-SBOCK/turtlebot3_ws/install/sbock_nav_route/lib/python3.8/site-packages/sbock_nav_route/__init__.py
/home/ausiasbm/GTI-3B-SBOCK/turtlebot3_ws/install/sbock_nav_route/lib/python3.8/site-packages/sbock_nav_route/prova.py
/home/ausiasbm/GTI-3B-SBOCK/turtlebot3_ws/install/sbock_nav_route/lib/python3.8/site-packages/sbock_nav_route/__pycache__/__init__.cpython-38.pyc
/home/ausiasbm/GTI-3B-SBOCK/turtlebot3_ws/install/sbock_nav_route/lib/python3.8/site-packages/sbock_nav_route/__pycache__/prova.cpython-38.pyc
/home/ausiasbm/GTI-3B-SBOCK/turtlebot3_ws/install/sbock_nav_route/share/ament_index/resource_index/packages/sbock_nav_route
/home/ausiasbm/GTI-3B-SBOCK/turtlebot3_ws/install/sbock_nav_route/share/sbock_nav_route/package.xml
/home/ausiasbm/GTI-3B-SBOCK/turtlebot3_ws/install/sbock_nav_route/share/sbock_nav_route/config/my_map.pgm
/home/ausiasbm/GTI-3B-SBOCK/turtlebot3_ws/install/sbock_nav_route/share/sbock_nav_route/config/project_params.yaml
/home/ausiasbm/GTI-3B-SBOCK/turtlebot3_ws/install/sbock_nav_route/share/sbock_nav_route/config/nav2_params.yaml
/home/ausiasbm/GTI-3B-SBOCK/turtlebot3_ws/install/sbock_nav_route/share/sbock_nav_route/config/my_map.yaml
/home/ausiasbm/GTI-3B-SBOCK/turtlebot3_ws/install/sbock_nav_route/share/sbock_nav_route/rviz
/home/ausiasbm/GTI-3B-SBOCK/turtlebot3_ws/install/sbock_nav_route/share/sbock_nav_route/launch/sbock_tb3_route_nav.launch.py
/home/ausiasbm/GTI-3B-SBOCK/turtlebot3_ws/install/sbock_nav_route/share/sbock_nav_route/launch/prova.launch.py
/home/ausiasbm/GTI-3B-SBOCK/turtlebot3_ws/install/sbock_nav_route/share/sbock_nav_route/config
/home/ausiasbm/GTI-3B-SBOCK/turtlebot3_ws/install/sbock_nav_route/share/sbock_nav_route/config/navigate_w_replanning_and_recovery.xml
/home/ausiasbm/GTI-3B-SBOCK/turtlebot3_ws/install/sbock_nav_route/share/sbock_nav_route/config/navigate_through_poses_w_replanning_and_recovery.xml
/home/ausiasbm/GTI-3B-SBOCK/turtlebot3_ws/install/sbock_nav_route/lib/python3.8/site-packages/sbock_nav_route-0.0.0-py3.8.egg-info/PKG-INFO
/home/ausiasbm/GTI-3B-SBOCK/turtlebot3_ws/install/sbock_nav_route/lib/python3.8/site-packages/sbock_nav_route-0.0.0-py3.8.egg-info/zip-safe
/home/ausiasbm/GTI-3B-SBOCK/turtlebot3_ws/install/sbock_nav_route/lib/python3.8/site-packages/sbock_nav_route-0.0.0-py3.8.egg-info/SOURCES.txt
/home/ausiasbm/GTI-3B-SBOCK/turtlebot3_ws/install/sbock_nav_route/lib/python3.8/site-packages/sbock_nav_route-0.0.0-py3.8.egg-info/requires.txt
/home/ausiasbm/GTI-3B-SBOCK/turtlebot3_ws/install/sbock_nav_route/lib/python3.8/site-packages/sbock_nav_route-0.0.0-py3.8.egg-info/entry_points.txt
/home/ausiasbm/GTI-3B-SBOCK/turtlebot3_ws/install/sbock_nav_route/lib/python3.8/site-packages/sbock_nav_route-0.0.0-py3.8.egg-info/top_level.txt
/home/ausiasbm/GTI-3B-SBOCK/turtlebot3_ws/install/sbock_nav_route/lib/python3.8/site-packages/sbock_nav_route-0.0.0-py3.8.egg-info/dependency_links.txt
/home/ausiasbm/GTI-3B-SBOCK/turtlebot3_ws/install/sbock_nav_route/lib/sbock_nav_route/route
