[0.137s] DEBUG:colcon:Command line arguments: ['/usr/bin/colcon', 'build', '--packages-select', 'sbock_my_world']
[0.137s] DEBUG:colcon:Parsed command line arguments: Namespace(allow_overriding=[], ament_cmake_args=None, base_paths=['.'], build_base='build', catkin_cmake_args=None, catkin_skip_building_tests=False, cmake_args=None, cmake_clean_cache=False, cmake_clean_first=False, cmake_force_configure=False, cmake_target=None, cmake_target_skip_unavailable=False, continue_on_error=False, event_handlers=None, executor='parallel', ignore_user_meta=False, install_base='install', log_base=None, log_level=None, main=<bound method BuildVerb.main of <colcon_core.verb.build.BuildVerb object at 0x7f842061abb0>>, merge_install=False, metas=['./colcon.meta'], packages_above=None, packages_above_and_dependencies=None, packages_above_depth=None, packages_end=None, packages_ignore=None, packages_ignore_regex=None, packages_select=['sbock_my_world'], packages_select_build_failed=False, packages_select_by_dep=None, packages_select_regex=None, packages_select_test_failures=False, packages_skip=None, packages_skip_build_finished=False, packages_skip_by_dep=None, packages_skip_regex=None, packages_skip_test_passed=False, packages_skip_up_to=None, packages_start=None, packages_up_to=None, packages_up_to_regex=None, parallel_workers=4, paths=None, symlink_install=False, test_result_base=None, verb_extension=<colcon_core.verb.build.BuildVerb object at 0x7f842061abb0>, verb_name='build', verb_parser=<colcon_defaults.argument_parser.defaults.DefaultArgumentsDecorator object at 0x7f8420626160>)
[0.142s] Level 1:colcon.colcon_core.package_discovery:discover_packages(colcon_meta) check parameters
[0.142s] Level 1:colcon.colcon_core.package_discovery:discover_packages(recursive) check parameters
[0.142s] Level 1:colcon.colcon_core.package_discovery:discover_packages(ignore) check parameters
[0.142s] Level 1:colcon.colcon_core.package_discovery:discover_packages(path) check parameters
[0.142s] Level 1:colcon.colcon_core.package_discovery:discover_packages(colcon_meta) discover
[0.142s] Level 1:colcon.colcon_core.package_discovery:discover_packages(recursive) discover
[0.142s] INFO:colcon.colcon_core.package_discovery:Crawling recursively for packages in '/home/pere/GTI-3B-SBOCK/turtlebot3_ws'
[0.142s] Level 1:colcon.colcon_core.package_identification:_identify(.) by extensions ['ignore', 'ignore_ament_install']
[0.142s] Level 1:colcon.colcon_core.package_identification:_identify(.) by extension 'ignore'
[0.142s] Level 1:colcon.colcon_core.package_identification:_identify(.) by extension 'ignore_ament_install'
[0.142s] Level 1:colcon.colcon_core.package_identification:_identify(.) by extensions ['colcon_pkg']
[0.142s] Level 1:colcon.colcon_core.package_identification:_identify(.) by extension 'colcon_pkg'
[0.142s] Level 1:colcon.colcon_core.package_identification:_identify(.) by extensions ['colcon_meta']
[0.143s] Level 1:colcon.colcon_core.package_identification:_identify(.) by extension 'colcon_meta'
[0.143s] Level 1:colcon.colcon_core.package_identification:_identify(.) by extensions ['ros']
[0.143s] Level 1:colcon.colcon_core.package_identification:_identify(.) by extension 'ros'
[0.153s] Level 1:colcon.colcon_core.package_identification:_identify(.) by extensions ['cmake', 'python']
[0.153s] Level 1:colcon.colcon_core.package_identification:_identify(.) by extension 'cmake'
[0.153s] Level 1:colcon.colcon_core.package_identification:_identify(.) by extension 'python'
[0.153s] Level 1:colcon.colcon_core.package_identification:_identify(.) by extensions ['python_setup_py']
[0.154s] Level 1:colcon.colcon_core.package_identification:_identify(.) by extension 'python_setup_py'
[0.154s] Level 1:colcon.colcon_core.package_identification:_identify(build) by extensions ['ignore', 'ignore_ament_install']
[0.154s] Level 1:colcon.colcon_core.package_identification:_identify(build) by extension 'ignore'
[0.154s] Level 1:colcon.colcon_core.package_identification:_identify(build) ignored
[0.154s] Level 1:colcon.colcon_core.package_identification:_identify(install) by extensions ['ignore', 'ignore_ament_install']
[0.154s] Level 1:colcon.colcon_core.package_identification:_identify(install) by extension 'ignore'
[0.154s] Level 1:colcon.colcon_core.package_identification:_identify(install) ignored
[0.154s] Level 1:colcon.colcon_core.package_identification:_identify(log) by extensions ['ignore', 'ignore_ament_install']
[0.154s] Level 1:colcon.colcon_core.package_identification:_identify(log) by extension 'ignore'
[0.154s] Level 1:colcon.colcon_core.package_identification:_identify(log) ignored
[0.154s] Level 1:colcon.colcon_core.package_identification:_identify(src) by extensions ['ignore', 'ignore_ament_install']
[0.154s] Level 1:colcon.colcon_core.package_identification:_identify(src) by extension 'ignore'
[0.154s] Level 1:colcon.colcon_core.package_identification:_identify(src) by extension 'ignore_ament_install'
[0.154s] Level 1:colcon.colcon_core.package_identification:_identify(src) by extensions ['colcon_pkg']
[0.155s] Level 1:colcon.colcon_core.package_identification:_identify(src) by extension 'colcon_pkg'
[0.155s] Level 1:colcon.colcon_core.package_identification:_identify(src) by extensions ['colcon_meta']
[0.155s] Level 1:colcon.colcon_core.package_identification:_identify(src) by extension 'colcon_meta'
[0.155s] Level 1:colcon.colcon_core.package_identification:_identify(src) by extensions ['ros']
[0.155s] Level 1:colcon.colcon_core.package_identification:_identify(src) by extension 'ros'
[0.155s] Level 1:colcon.colcon_core.package_identification:_identify(src) by extensions ['cmake', 'python']
[0.155s] Level 1:colcon.colcon_core.package_identification:_identify(src) by extension 'cmake'
[0.155s] Level 1:colcon.colcon_core.package_identification:_identify(src) by extension 'python'
[0.155s] Level 1:colcon.colcon_core.package_identification:_identify(src) by extensions ['python_setup_py']
[0.155s] Level 1:colcon.colcon_core.package_identification:_identify(src) by extension 'python_setup_py'
[0.155s] Level 1:colcon.colcon_core.package_identification:_identify(src/sbock) by extensions ['ignore', 'ignore_ament_install']
[0.155s] Level 1:colcon.colcon_core.package_identification:_identify(src/sbock) by extension 'ignore'
[0.155s] Level 1:colcon.colcon_core.package_identification:_identify(src/sbock) by extension 'ignore_ament_install'
[0.155s] Level 1:colcon.colcon_core.package_identification:_identify(src/sbock) by extensions ['colcon_pkg']
[0.155s] Level 1:colcon.colcon_core.package_identification:_identify(src/sbock) by extension 'colcon_pkg'
[0.155s] Level 1:colcon.colcon_core.package_identification:_identify(src/sbock) by extensions ['colcon_meta']
[0.155s] Level 1:colcon.colcon_core.package_identification:_identify(src/sbock) by extension 'colcon_meta'
[0.155s] Level 1:colcon.colcon_core.package_identification:_identify(src/sbock) by extensions ['ros']
[0.155s] Level 1:colcon.colcon_core.package_identification:_identify(src/sbock) by extension 'ros'
[0.155s] Level 1:colcon.colcon_core.package_identification:_identify(src/sbock) by extensions ['cmake', 'python']
[0.155s] Level 1:colcon.colcon_core.package_identification:_identify(src/sbock) by extension 'cmake'
[0.156s] Level 1:colcon.colcon_core.package_identification:_identify(src/sbock) by extension 'python'
[0.156s] Level 1:colcon.colcon_core.package_identification:_identify(src/sbock) by extensions ['python_setup_py']
[0.156s] Level 1:colcon.colcon_core.package_identification:_identify(src/sbock) by extension 'python_setup_py'
[0.156s] Level 1:colcon.colcon_core.package_identification:_identify(src/sbock/provide_map) by extensions ['ignore', 'ignore_ament_install']
[0.156s] Level 1:colcon.colcon_core.package_identification:_identify(src/sbock/provide_map) by extension 'ignore'
[0.156s] Level 1:colcon.colcon_core.package_identification:_identify(src/sbock/provide_map) by extension 'ignore_ament_install'
[0.156s] Level 1:colcon.colcon_core.package_identification:_identify(src/sbock/provide_map) by extensions ['colcon_pkg']
[0.156s] Level 1:colcon.colcon_core.package_identification:_identify(src/sbock/provide_map) by extension 'colcon_pkg'
[0.156s] Level 1:colcon.colcon_core.package_identification:_identify(src/sbock/provide_map) by extensions ['colcon_meta']
[0.156s] Level 1:colcon.colcon_core.package_identification:_identify(src/sbock/provide_map) by extension 'colcon_meta'
[0.156s] Level 1:colcon.colcon_core.package_identification:_identify(src/sbock/provide_map) by extensions ['ros']
[0.156s] Level 1:colcon.colcon_core.package_identification:_identify(src/sbock/provide_map) by extension 'ros'
[0.158s] DEBUG:colcon.colcon_core.package_identification:Package 'src/sbock/provide_map' with type 'ros.ament_python' and name 'provide_map'
[0.158s] Level 1:colcon.colcon_core.package_identification:_identify(src/sbock/sbock) by extensions ['ignore', 'ignore_ament_install']
[0.158s] Level 1:colcon.colcon_core.package_identification:_identify(src/sbock/sbock) by extension 'ignore'
[0.158s] Level 1:colcon.colcon_core.package_identification:_identify(src/sbock/sbock) by extension 'ignore_ament_install'
[0.158s] Level 1:colcon.colcon_core.package_identification:_identify(src/sbock/sbock) by extensions ['colcon_pkg']
[0.159s] Level 1:colcon.colcon_core.package_identification:_identify(src/sbock/sbock) by extension 'colcon_pkg'
[0.159s] Level 1:colcon.colcon_core.package_identification:_identify(src/sbock/sbock) by extensions ['colcon_meta']
[0.159s] Level 1:colcon.colcon_core.package_identification:_identify(src/sbock/sbock) by extension 'colcon_meta'
[0.159s] Level 1:colcon.colcon_core.package_identification:_identify(src/sbock/sbock) by extensions ['ros']
[0.159s] Level 1:colcon.colcon_core.package_identification:_identify(src/sbock/sbock) by extension 'ros'
[0.159s] DEBUG:colcon.colcon_core.package_identification:Package 'src/sbock/sbock' with type 'ros.ament_cmake' and name 'sbock'
[0.159s] Level 1:colcon.colcon_core.package_identification:_identify(src/sbock/sbock_my_world) by extensions ['ignore', 'ignore_ament_install']
[0.159s] Level 1:colcon.colcon_core.package_identification:_identify(src/sbock/sbock_my_world) by extension 'ignore'
[0.159s] Level 1:colcon.colcon_core.package_identification:_identify(src/sbock/sbock_my_world) by extension 'ignore_ament_install'
[0.159s] Level 1:colcon.colcon_core.package_identification:_identify(src/sbock/sbock_my_world) by extensions ['colcon_pkg']
[0.160s] Level 1:colcon.colcon_core.package_identification:_identify(src/sbock/sbock_my_world) by extension 'colcon_pkg'
[0.160s] Level 1:colcon.colcon_core.package_identification:_identify(src/sbock/sbock_my_world) by extensions ['colcon_meta']
[0.160s] Level 1:colcon.colcon_core.package_identification:_identify(src/sbock/sbock_my_world) by extension 'colcon_meta'
[0.160s] Level 1:colcon.colcon_core.package_identification:_identify(src/sbock/sbock_my_world) by extensions ['ros']
[0.160s] Level 1:colcon.colcon_core.package_identification:_identify(src/sbock/sbock_my_world) by extension 'ros'
[0.160s] DEBUG:colcon.colcon_core.package_identification:Package 'src/sbock/sbock_my_world' with type 'ros.ament_cmake' and name 'sbock_my_world'
[0.161s] Level 1:colcon.colcon_core.package_identification:_identify(src/sbock/sbock_nav_position) by extensions ['ignore', 'ignore_ament_install']
[0.161s] Level 1:colcon.colcon_core.package_identification:_identify(src/sbock/sbock_nav_position) by extension 'ignore'
[0.161s] Level 1:colcon.colcon_core.package_identification:_identify(src/sbock/sbock_nav_position) by extension 'ignore_ament_install'
[0.161s] Level 1:colcon.colcon_core.package_identification:_identify(src/sbock/sbock_nav_position) by extensions ['colcon_pkg']
[0.161s] Level 1:colcon.colcon_core.package_identification:_identify(src/sbock/sbock_nav_position) by extension 'colcon_pkg'
[0.161s] Level 1:colcon.colcon_core.package_identification:_identify(src/sbock/sbock_nav_position) by extensions ['colcon_meta']
[0.161s] Level 1:colcon.colcon_core.package_identification:_identify(src/sbock/sbock_nav_position) by extension 'colcon_meta'
[0.161s] Level 1:colcon.colcon_core.package_identification:_identify(src/sbock/sbock_nav_position) by extensions ['ros']
[0.161s] Level 1:colcon.colcon_core.package_identification:_identify(src/sbock/sbock_nav_position) by extension 'ros'
[0.162s] DEBUG:colcon.colcon_core.package_identification:Package 'src/sbock/sbock_nav_position' with type 'ros.ament_python' and name 'sbock_nav_position'
[0.162s] Level 1:colcon.colcon_core.package_identification:_identify(src/sbock/sbock_nav_route) by extensions ['ignore', 'ignore_ament_install']
[0.162s] Level 1:colcon.colcon_core.package_identification:_identify(src/sbock/sbock_nav_route) by extension 'ignore'
[0.162s] Level 1:colcon.colcon_core.package_identification:_identify(src/sbock/sbock_nav_route) by extension 'ignore_ament_install'
[0.162s] Level 1:colcon.colcon_core.package_identification:_identify(src/sbock/sbock_nav_route) by extensions ['colcon_pkg']
[0.162s] Level 1:colcon.colcon_core.package_identification:_identify(src/sbock/sbock_nav_route) by extension 'colcon_pkg'
[0.162s] Level 1:colcon.colcon_core.package_identification:_identify(src/sbock/sbock_nav_route) by extensions ['colcon_meta']
[0.162s] Level 1:colcon.colcon_core.package_identification:_identify(src/sbock/sbock_nav_route) by extension 'colcon_meta'
[0.162s] Level 1:colcon.colcon_core.package_identification:_identify(src/sbock/sbock_nav_route) by extensions ['ros']
[0.162s] Level 1:colcon.colcon_core.package_identification:_identify(src/sbock/sbock_nav_route) by extension 'ros'
[0.163s] DEBUG:colcon.colcon_core.package_identification:Package 'src/sbock/sbock_nav_route' with type 'ros.ament_python' and name 'sbock_nav_route'
[0.163s] Level 1:colcon.colcon_core.package_identification:_identify(src/sbock/sbock_position_publisher) by extensions ['ignore', 'ignore_ament_install']
[0.163s] Level 1:colcon.colcon_core.package_identification:_identify(src/sbock/sbock_position_publisher) by extension 'ignore'
[0.163s] Level 1:colcon.colcon_core.package_identification:_identify(src/sbock/sbock_position_publisher) by extension 'ignore_ament_install'
[0.163s] Level 1:colcon.colcon_core.package_identification:_identify(src/sbock/sbock_position_publisher) by extensions ['colcon_pkg']
[0.163s] Level 1:colcon.colcon_core.package_identification:_identify(src/sbock/sbock_position_publisher) by extension 'colcon_pkg'
[0.163s] Level 1:colcon.colcon_core.package_identification:_identify(src/sbock/sbock_position_publisher) by extensions ['colcon_meta']
[0.163s] Level 1:colcon.colcon_core.package_identification:_identify(src/sbock/sbock_position_publisher) by extension 'colcon_meta'
[0.163s] Level 1:colcon.colcon_core.package_identification:_identify(src/sbock/sbock_position_publisher) by extensions ['ros']
[0.163s] Level 1:colcon.colcon_core.package_identification:_identify(src/sbock/sbock_position_publisher) by extension 'ros'
[0.164s] DEBUG:colcon.colcon_core.package_identification:Package 'src/sbock/sbock_position_publisher' with type 'ros.ament_python' and name 'sbock_position_publisher'
[0.164s] Level 1:colcon.colcon_core.package_identification:_identify(src/sbock/sbock_robot_position_subscriber) by extensions ['ignore', 'ignore_ament_install']
[0.164s] Level 1:colcon.colcon_core.package_identification:_identify(src/sbock/sbock_robot_position_subscriber) by extension 'ignore'
[0.164s] Level 1:colcon.colcon_core.package_identification:_identify(src/sbock/sbock_robot_position_subscriber) by extension 'ignore_ament_install'
[0.164s] Level 1:colcon.colcon_core.package_identification:_identify(src/sbock/sbock_robot_position_subscriber) by extensions ['colcon_pkg']
[0.164s] Level 1:colcon.colcon_core.package_identification:_identify(src/sbock/sbock_robot_position_subscriber) by extension 'colcon_pkg'
[0.164s] Level 1:colcon.colcon_core.package_identification:_identify(src/sbock/sbock_robot_position_subscriber) by extensions ['colcon_meta']
[0.164s] Level 1:colcon.colcon_core.package_identification:_identify(src/sbock/sbock_robot_position_subscriber) by extension 'colcon_meta'
[0.164s] Level 1:colcon.colcon_core.package_identification:_identify(src/sbock/sbock_robot_position_subscriber) by extensions ['ros']
[0.164s] Level 1:colcon.colcon_core.package_identification:_identify(src/sbock/sbock_robot_position_subscriber) by extension 'ros'
[0.165s] DEBUG:colcon.colcon_core.package_identification:Package 'src/sbock/sbock_robot_position_subscriber' with type 'ros.ament_python' and name 'sbock_robot_position_subscriber'
[0.165s] Level 1:colcon.colcon_core.package_identification:_identify(src/turtlebot3_simulations) by extensions ['ignore', 'ignore_ament_install']
[0.165s] Level 1:colcon.colcon_core.package_identification:_identify(src/turtlebot3_simulations) by extension 'ignore'
[0.165s] Level 1:colcon.colcon_core.package_identification:_identify(src/turtlebot3_simulations) by extension 'ignore_ament_install'
[0.165s] Level 1:colcon.colcon_core.package_identification:_identify(src/turtlebot3_simulations) by extensions ['colcon_pkg']
[0.165s] Level 1:colcon.colcon_core.package_identification:_identify(src/turtlebot3_simulations) by extension 'colcon_pkg'
[0.165s] Level 1:colcon.colcon_core.package_identification:_identify(src/turtlebot3_simulations) by extensions ['colcon_meta']
[0.165s] Level 1:colcon.colcon_core.package_identification:_identify(src/turtlebot3_simulations) by extension 'colcon_meta'
[0.165s] Level 1:colcon.colcon_core.package_identification:_identify(src/turtlebot3_simulations) by extensions ['ros']
[0.165s] Level 1:colcon.colcon_core.package_identification:_identify(src/turtlebot3_simulations) by extension 'ros'
[0.166s] Level 1:colcon.colcon_core.package_identification:_identify(src/turtlebot3_simulations) by extensions ['cmake', 'python']
[0.166s] Level 1:colcon.colcon_core.package_identification:_identify(src/turtlebot3_simulations) by extension 'cmake'
[0.166s] Level 1:colcon.colcon_core.package_identification:_identify(src/turtlebot3_simulations) by extension 'python'
[0.166s] Level 1:colcon.colcon_core.package_identification:_identify(src/turtlebot3_simulations) by extensions ['python_setup_py']
[0.166s] Level 1:colcon.colcon_core.package_identification:_identify(src/turtlebot3_simulations) by extension 'python_setup_py'
[0.166s] Level 1:colcon.colcon_core.package_identification:_identify(src/turtlebot3_simulations/turtlebot3_fake_node) by extensions ['ignore', 'ignore_ament_install']
[0.166s] Level 1:colcon.colcon_core.package_identification:_identify(src/turtlebot3_simulations/turtlebot3_fake_node) by extension 'ignore'
[0.166s] Level 1:colcon.colcon_core.package_identification:_identify(src/turtlebot3_simulations/turtlebot3_fake_node) by extension 'ignore_ament_install'
[0.166s] Level 1:colcon.colcon_core.package_identification:_identify(src/turtlebot3_simulations/turtlebot3_fake_node) by extensions ['colcon_pkg']
[0.166s] Level 1:colcon.colcon_core.package_identification:_identify(src/turtlebot3_simulations/turtlebot3_fake_node) by extension 'colcon_pkg'
[0.166s] Level 1:colcon.colcon_core.package_identification:_identify(src/turtlebot3_simulations/turtlebot3_fake_node) by extensions ['colcon_meta']
[0.166s] Level 1:colcon.colcon_core.package_identification:_identify(src/turtlebot3_simulations/turtlebot3_fake_node) by extension 'colcon_meta'
[0.166s] Level 1:colcon.colcon_core.package_identification:_identify(src/turtlebot3_simulations/turtlebot3_fake_node) by extensions ['ros']
[0.166s] Level 1:colcon.colcon_core.package_identification:_identify(src/turtlebot3_simulations/turtlebot3_fake_node) by extension 'ros'
[0.167s] DEBUG:colcon.colcon_core.package_identification:Package 'src/turtlebot3_simulations/turtlebot3_fake_node' with type 'ros.ament_cmake' and name 'turtlebot3_fake_node'
[0.167s] Level 1:colcon.colcon_core.package_identification:_identify(src/turtlebot3_simulations/turtlebot3_gazebo) by extensions ['ignore', 'ignore_ament_install']
[0.167s] Level 1:colcon.colcon_core.package_identification:_identify(src/turtlebot3_simulations/turtlebot3_gazebo) by extension 'ignore'
[0.167s] Level 1:colcon.colcon_core.package_identification:_identify(src/turtlebot3_simulations/turtlebot3_gazebo) by extension 'ignore_ament_install'
[0.167s] Level 1:colcon.colcon_core.package_identification:_identify(src/turtlebot3_simulations/turtlebot3_gazebo) by extensions ['colcon_pkg']
[0.167s] Level 1:colcon.colcon_core.package_identification:_identify(src/turtlebot3_simulations/turtlebot3_gazebo) by extension 'colcon_pkg'
[0.167s] Level 1:colcon.colcon_core.package_identification:_identify(src/turtlebot3_simulations/turtlebot3_gazebo) by extensions ['colcon_meta']
[0.168s] Level 1:colcon.colcon_core.package_identification:_identify(src/turtlebot3_simulations/turtlebot3_gazebo) by extension 'colcon_meta'
[0.168s] Level 1:colcon.colcon_core.package_identification:_identify(src/turtlebot3_simulations/turtlebot3_gazebo) by extensions ['ros']
[0.168s] Level 1:colcon.colcon_core.package_identification:_identify(src/turtlebot3_simulations/turtlebot3_gazebo) by extension 'ros'
[0.168s] DEBUG:colcon.colcon_core.package_identification:Package 'src/turtlebot3_simulations/turtlebot3_gazebo' with type 'ros.ament_cmake' and name 'turtlebot3_gazebo'
[0.169s] Level 1:colcon.colcon_core.package_identification:_identify(src/turtlebot3_simulations/turtlebot3_simulations) by extensions ['ignore', 'ignore_ament_install']
[0.169s] Level 1:colcon.colcon_core.package_identification:_identify(src/turtlebot3_simulations/turtlebot3_simulations) by extension 'ignore'
[0.169s] Level 1:colcon.colcon_core.package_identification:_identify(src/turtlebot3_simulations/turtlebot3_simulations) by extension 'ignore_ament_install'
[0.169s] Level 1:colcon.colcon_core.package_identification:_identify(src/turtlebot3_simulations/turtlebot3_simulations) by extensions ['colcon_pkg']
[0.169s] Level 1:colcon.colcon_core.package_identification:_identify(src/turtlebot3_simulations/turtlebot3_simulations) by extension 'colcon_pkg'
[0.169s] Level 1:colcon.colcon_core.package_identification:_identify(src/turtlebot3_simulations/turtlebot3_simulations) by extensions ['colcon_meta']
[0.169s] Level 1:colcon.colcon_core.package_identification:_identify(src/turtlebot3_simulations/turtlebot3_simulations) by extension 'colcon_meta'
[0.169s] Level 1:colcon.colcon_core.package_identification:_identify(src/turtlebot3_simulations/turtlebot3_simulations) by extensions ['ros']
[0.169s] Level 1:colcon.colcon_core.package_identification:_identify(src/turtlebot3_simulations/turtlebot3_simulations) by extension 'ros'
[0.169s] DEBUG:colcon.colcon_core.package_identification:Package 'src/turtlebot3_simulations/turtlebot3_simulations' with type 'ros.ament_cmake' and name 'turtlebot3_simulations'
[0.169s] Level 1:colcon.colcon_core.package_discovery:discover_packages(recursive) using defaults
[0.169s] Level 1:colcon.colcon_core.package_discovery:discover_packages(ignore) discover
[0.170s] Level 1:colcon.colcon_core.package_discovery:discover_packages(ignore) using defaults
[0.170s] Level 1:colcon.colcon_core.package_discovery:discover_packages(path) discover
[0.170s] Level 1:colcon.colcon_core.package_discovery:discover_packages(path) using defaults
[0.188s] INFO:colcon.colcon_core.package_selection:Skipping not selected package 'provide_map' in 'src/sbock/provide_map'
[0.188s] INFO:colcon.colcon_core.package_selection:Skipping not selected package 'sbock_nav_position' in 'src/sbock/sbock_nav_position'
[0.188s] INFO:colcon.colcon_core.package_selection:Skipping not selected package 'sbock_nav_route' in 'src/sbock/sbock_nav_route'
[0.188s] INFO:colcon.colcon_core.package_selection:Skipping not selected package 'sbock_position_publisher' in 'src/sbock/sbock_position_publisher'
[0.188s] INFO:colcon.colcon_core.package_selection:Skipping not selected package 'sbock_robot_position_subscriber' in 'src/sbock/sbock_robot_position_subscriber'
[0.188s] INFO:colcon.colcon_core.package_selection:Skipping not selected package 'turtlebot3_fake_node' in 'src/turtlebot3_simulations/turtlebot3_fake_node'
[0.188s] INFO:colcon.colcon_core.package_selection:Skipping not selected package 'turtlebot3_gazebo' in 'src/turtlebot3_simulations/turtlebot3_gazebo'
[0.188s] INFO:colcon.colcon_core.package_selection:Skipping not selected package 'sbock' in 'src/sbock/sbock'
[0.188s] INFO:colcon.colcon_core.package_selection:Skipping not selected package 'turtlebot3_simulations' in 'src/turtlebot3_simulations/turtlebot3_simulations'
[0.188s] Level 5:colcon.colcon_core.verb:set package 'sbock_my_world' build argument 'cmake_args' from command line to 'None'
[0.188s] Level 5:colcon.colcon_core.verb:set package 'sbock_my_world' build argument 'cmake_target' from command line to 'None'
[0.189s] Level 5:colcon.colcon_core.verb:set package 'sbock_my_world' build argument 'cmake_target_skip_unavailable' from command line to 'False'
[0.189s] Level 5:colcon.colcon_core.verb:set package 'sbock_my_world' build argument 'cmake_clean_cache' from command line to 'False'
[0.189s] Level 5:colcon.colcon_core.verb:set package 'sbock_my_world' build argument 'cmake_clean_first' from command line to 'False'
[0.189s] Level 5:colcon.colcon_core.verb:set package 'sbock_my_world' build argument 'cmake_force_configure' from command line to 'False'
[0.189s] Level 5:colcon.colcon_core.verb:set package 'sbock_my_world' build argument 'ament_cmake_args' from command line to 'None'
[0.189s] Level 5:colcon.colcon_core.verb:set package 'sbock_my_world' build argument 'catkin_cmake_args' from command line to 'None'
[0.189s] Level 5:colcon.colcon_core.verb:set package 'sbock_my_world' build argument 'catkin_skip_building_tests' from command line to 'False'
[0.189s] DEBUG:colcon.colcon_core.verb:Building package 'sbock_my_world' with the following arguments: {'ament_cmake_args': None, 'build_base': '/home/pere/GTI-3B-SBOCK/turtlebot3_ws/build/sbock_my_world', 'catkin_cmake_args': None, 'catkin_skip_building_tests': False, 'cmake_args': None, 'cmake_clean_cache': False, 'cmake_clean_first': False, 'cmake_force_configure': False, 'cmake_target': None, 'cmake_target_skip_unavailable': False, 'install_base': '/home/pere/GTI-3B-SBOCK/turtlebot3_ws/install/sbock_my_world', 'merge_install': False, 'path': '/home/pere/GTI-3B-SBOCK/turtlebot3_ws/src/sbock/sbock_my_world', 'symlink_install': False, 'test_result_base': None}
[0.193s] INFO:colcon.colcon_core.executor:Executing jobs using 'parallel' executor
[0.195s] DEBUG:colcon.colcon_parallel_executor.executor.parallel:run_until_complete
[0.195s] INFO:colcon.colcon_ros.task.ament_cmake.build:Building ROS package in '/home/pere/GTI-3B-SBOCK/turtlebot3_ws/src/sbock/sbock_my_world' with build type 'ament_cmake'
[0.195s] INFO:colcon.colcon_cmake.task.cmake.build:Building CMake package in '/home/pere/GTI-3B-SBOCK/turtlebot3_ws/src/sbock/sbock_my_world'
[0.200s] INFO:colcon.colcon_core.plugin_system:Skipping extension 'colcon_core.shell.bat': Not used on non-Windows systems
[0.200s] INFO:colcon.colcon_core.shell:Skip shell extension 'powershell' for command environment: Not usable outside of PowerShell
[0.200s] DEBUG:colcon.colcon_core.shell:Skip shell extension 'dsv' for command environment
[0.211s] DEBUG:colcon.colcon_core.event_handler.log_command:Invoking command in '/home/pere/GTI-3B-SBOCK/turtlebot3_ws/build/sbock_my_world': CMAKE_PREFIX_PATH=${CMAKE_PREFIX_PATH}:/home/pere/turtlebot3_ws/install/show_msg:/home/pere/turtlebot3_ws/install/provide_map:/home/pere/turtlebot3_ws/install/pere_ex_my_nav2_system:/home/pere/turtlebot3_ws/install/my_slam:/home/pere/turtlebot3_ws/install/my_nav2_system:/home/pere/turtlebot3_ws/install/my_first_subscriber:/home/pere/turtlebot3_ws/install/my_first_service:/home/pere/turtlebot3_ws/install/my_first_publisher:/home/pere/turtlebot3_ws/install/my_first_node:/home/pere/turtlebot3_ws/install/my_first_action:/opt/ros/foxy PS1=(rosenv) \[\e]0;\u@\h: \w\a\]${debian_chroot:+($debian_chroot)}\[\033[01;32m\]\u@\h\[\033[00m\]:\[\033[01;34m\]\w\[\033[00m\]\$ /usr/bin/cmake /home/pere/GTI-3B-SBOCK/turtlebot3_ws/src/sbock/sbock_my_world -DCMAKE_INSTALL_PREFIX=/home/pere/GTI-3B-SBOCK/turtlebot3_ws/install/sbock_my_world
[1.814s] DEBUG:colcon.colcon_core.event_handler.log_command:Invoked command in '/home/pere/GTI-3B-SBOCK/turtlebot3_ws/build/sbock_my_world' returned '0': CMAKE_PREFIX_PATH=${CMAKE_PREFIX_PATH}:/home/pere/turtlebot3_ws/install/show_msg:/home/pere/turtlebot3_ws/install/provide_map:/home/pere/turtlebot3_ws/install/pere_ex_my_nav2_system:/home/pere/turtlebot3_ws/install/my_slam:/home/pere/turtlebot3_ws/install/my_nav2_system:/home/pere/turtlebot3_ws/install/my_first_subscriber:/home/pere/turtlebot3_ws/install/my_first_service:/home/pere/turtlebot3_ws/install/my_first_publisher:/home/pere/turtlebot3_ws/install/my_first_node:/home/pere/turtlebot3_ws/install/my_first_action:/opt/ros/foxy PS1=(rosenv) \[\e]0;\u@\h: \w\a\]${debian_chroot:+($debian_chroot)}\[\033[01;32m\]\u@\h\[\033[00m\]:\[\033[01;34m\]\w\[\033[00m\]\$ /usr/bin/cmake /home/pere/GTI-3B-SBOCK/turtlebot3_ws/src/sbock/sbock_my_world -DCMAKE_INSTALL_PREFIX=/home/pere/GTI-3B-SBOCK/turtlebot3_ws/install/sbock_my_world
[1.818s] DEBUG:colcon.colcon_core.event_handler.log_command:Invoking command in '/home/pere/GTI-3B-SBOCK/turtlebot3_ws/build/sbock_my_world': CMAKE_PREFIX_PATH=${CMAKE_PREFIX_PATH}:/home/pere/turtlebot3_ws/install/show_msg:/home/pere/turtlebot3_ws/install/provide_map:/home/pere/turtlebot3_ws/install/pere_ex_my_nav2_system:/home/pere/turtlebot3_ws/install/my_slam:/home/pere/turtlebot3_ws/install/my_nav2_system:/home/pere/turtlebot3_ws/install/my_first_subscriber:/home/pere/turtlebot3_ws/install/my_first_service:/home/pere/turtlebot3_ws/install/my_first_publisher:/home/pere/turtlebot3_ws/install/my_first_node:/home/pere/turtlebot3_ws/install/my_first_action:/opt/ros/foxy PS1=(rosenv) \[\e]0;\u@\h: \w\a\]${debian_chroot:+($debian_chroot)}\[\033[01;32m\]\u@\h\[\033[00m\]:\[\033[01;34m\]\w\[\033[00m\]\$ /usr/bin/cmake --build /home/pere/GTI-3B-SBOCK/turtlebot3_ws/build/sbock_my_world -- -j4 -l4
[9.797s] DEBUG:colcon.colcon_core.event_handler.log_command:Invoked command in '/home/pere/GTI-3B-SBOCK/turtlebot3_ws/build/sbock_my_world' returned '0': CMAKE_PREFIX_PATH=${CMAKE_PREFIX_PATH}:/home/pere/turtlebot3_ws/install/show_msg:/home/pere/turtlebot3_ws/install/provide_map:/home/pere/turtlebot3_ws/install/pere_ex_my_nav2_system:/home/pere/turtlebot3_ws/install/my_slam:/home/pere/turtlebot3_ws/install/my_nav2_system:/home/pere/turtlebot3_ws/install/my_first_subscriber:/home/pere/turtlebot3_ws/install/my_first_service:/home/pere/turtlebot3_ws/install/my_first_publisher:/home/pere/turtlebot3_ws/install/my_first_node:/home/pere/turtlebot3_ws/install/my_first_action:/opt/ros/foxy PS1=(rosenv) \[\e]0;\u@\h: \w\a\]${debian_chroot:+($debian_chroot)}\[\033[01;32m\]\u@\h\[\033[00m\]:\[\033[01;34m\]\w\[\033[00m\]\$ /usr/bin/cmake --build /home/pere/GTI-3B-SBOCK/turtlebot3_ws/build/sbock_my_world -- -j4 -l4
[9.840s] DEBUG:colcon.colcon_core.event_handler.log_command:Invoking command in '/home/pere/GTI-3B-SBOCK/turtlebot3_ws/build/sbock_my_world': CMAKE_PREFIX_PATH=${CMAKE_PREFIX_PATH}:/home/pere/turtlebot3_ws/install/show_msg:/home/pere/turtlebot3_ws/install/provide_map:/home/pere/turtlebot3_ws/install/pere_ex_my_nav2_system:/home/pere/turtlebot3_ws/install/my_slam:/home/pere/turtlebot3_ws/install/my_nav2_system:/home/pere/turtlebot3_ws/install/my_first_subscriber:/home/pere/turtlebot3_ws/install/my_first_service:/home/pere/turtlebot3_ws/install/my_first_publisher:/home/pere/turtlebot3_ws/install/my_first_node:/home/pere/turtlebot3_ws/install/my_first_action:/opt/ros/foxy PS1=(rosenv) \[\e]0;\u@\h: \w\a\]${debian_chroot:+($debian_chroot)}\[\033[01;32m\]\u@\h\[\033[00m\]:\[\033[01;34m\]\w\[\033[00m\]\$ /usr/bin/cmake --install /home/pere/GTI-3B-SBOCK/turtlebot3_ws/build/sbock_my_world
[9.863s] Level 1:colcon.colcon_core.environment:create_environment_scripts_only(sbock_my_world)
[9.864s] DEBUG:colcon.colcon_core.event_handler.log_command:Invoked command in '/home/pere/GTI-3B-SBOCK/turtlebot3_ws/build/sbock_my_world' returned '0': CMAKE_PREFIX_PATH=${CMAKE_PREFIX_PATH}:/home/pere/turtlebot3_ws/install/show_msg:/home/pere/turtlebot3_ws/install/provide_map:/home/pere/turtlebot3_ws/install/pere_ex_my_nav2_system:/home/pere/turtlebot3_ws/install/my_slam:/home/pere/turtlebot3_ws/install/my_nav2_system:/home/pere/turtlebot3_ws/install/my_first_subscriber:/home/pere/turtlebot3_ws/install/my_first_service:/home/pere/turtlebot3_ws/install/my_first_publisher:/home/pere/turtlebot3_ws/install/my_first_node:/home/pere/turtlebot3_ws/install/my_first_action:/opt/ros/foxy PS1=(rosenv) \[\e]0;\u@\h: \w\a\]${debian_chroot:+($debian_chroot)}\[\033[01;32m\]\u@\h\[\033[00m\]:\[\033[01;34m\]\w\[\033[00m\]\$ /usr/bin/cmake --install /home/pere/GTI-3B-SBOCK/turtlebot3_ws/build/sbock_my_world
[9.869s] Level 1:colcon.colcon_core.environment:checking '/home/pere/GTI-3B-SBOCK/turtlebot3_ws/install/sbock_my_world' for CMake module files
[9.869s] Level 1:colcon.colcon_core.environment:checking '/home/pere/GTI-3B-SBOCK/turtlebot3_ws/install/sbock_my_world' for CMake config files
[9.870s] Level 1:colcon.colcon_core.shell:create_environment_hook('sbock_my_world', 'cmake_prefix_path')
[9.870s] INFO:colcon.colcon_core.shell:Creating environment hook '/home/pere/GTI-3B-SBOCK/turtlebot3_ws/install/sbock_my_world/share/sbock_my_world/hook/cmake_prefix_path.ps1'
[9.872s] INFO:colcon.colcon_core.shell:Creating environment descriptor '/home/pere/GTI-3B-SBOCK/turtlebot3_ws/install/sbock_my_world/share/sbock_my_world/hook/cmake_prefix_path.dsv'
[9.873s] INFO:colcon.colcon_core.shell:Creating environment hook '/home/pere/GTI-3B-SBOCK/turtlebot3_ws/install/sbock_my_world/share/sbock_my_world/hook/cmake_prefix_path.sh'
[9.874s] Level 1:colcon.colcon_core.environment:checking '/home/pere/GTI-3B-SBOCK/turtlebot3_ws/install/sbock_my_world/lib'
[9.875s] Level 1:colcon.colcon_core.environment:checking '/home/pere/GTI-3B-SBOCK/turtlebot3_ws/install/sbock_my_world/bin'
[9.875s] Level 1:colcon.colcon_core.environment:checking '/home/pere/GTI-3B-SBOCK/turtlebot3_ws/install/sbock_my_world/lib/pkgconfig/sbock_my_world.pc'
[9.875s] Level 1:colcon.colcon_core.environment:checking '/home/pere/GTI-3B-SBOCK/turtlebot3_ws/install/sbock_my_world/lib/python3.8/site-packages'
[9.875s] INFO:colcon.colcon_core.shell:Creating package script '/home/pere/GTI-3B-SBOCK/turtlebot3_ws/install/sbock_my_world/share/sbock_my_world/package.ps1'
[9.877s] INFO:colcon.colcon_core.shell:Creating package descriptor '/home/pere/GTI-3B-SBOCK/turtlebot3_ws/install/sbock_my_world/share/sbock_my_world/package.dsv'
[9.877s] INFO:colcon.colcon_core.shell:Creating package script '/home/pere/GTI-3B-SBOCK/turtlebot3_ws/install/sbock_my_world/share/sbock_my_world/package.sh'
[9.878s] INFO:colcon.colcon_core.shell:Creating package script '/home/pere/GTI-3B-SBOCK/turtlebot3_ws/install/sbock_my_world/share/sbock_my_world/package.bash'
[9.879s] INFO:colcon.colcon_core.shell:Creating package script '/home/pere/GTI-3B-SBOCK/turtlebot3_ws/install/sbock_my_world/share/sbock_my_world/package.zsh'
[9.879s] Level 1:colcon.colcon_core.environment:create_file_with_runtime_dependencies(/home/pere/GTI-3B-SBOCK/turtlebot3_ws/install/sbock_my_world/share/colcon-core/packages/sbock_my_world)
[9.909s] Level 1:colcon.colcon_core.environment:create_environment_scripts_only(sbock_my_world)
[9.910s] Level 1:colcon.colcon_core.environment:checking '/home/pere/GTI-3B-SBOCK/turtlebot3_ws/install/sbock_my_world' for CMake module files
[9.910s] Level 1:colcon.colcon_core.environment:checking '/home/pere/GTI-3B-SBOCK/turtlebot3_ws/install/sbock_my_world' for CMake config files
[9.910s] Level 1:colcon.colcon_core.shell:create_environment_hook('sbock_my_world', 'cmake_prefix_path')
[9.911s] INFO:colcon.colcon_core.shell:Creating environment hook '/home/pere/GTI-3B-SBOCK/turtlebot3_ws/install/sbock_my_world/share/sbock_my_world/hook/cmake_prefix_path.ps1'
[9.912s] INFO:colcon.colcon_core.shell:Creating environment descriptor '/home/pere/GTI-3B-SBOCK/turtlebot3_ws/install/sbock_my_world/share/sbock_my_world/hook/cmake_prefix_path.dsv'
[9.912s] INFO:colcon.colcon_core.shell:Creating environment hook '/home/pere/GTI-3B-SBOCK/turtlebot3_ws/install/sbock_my_world/share/sbock_my_world/hook/cmake_prefix_path.sh'
[9.912s] Level 1:colcon.colcon_core.environment:checking '/home/pere/GTI-3B-SBOCK/turtlebot3_ws/install/sbock_my_world/lib'
[9.913s] Level 1:colcon.colcon_core.environment:checking '/home/pere/GTI-3B-SBOCK/turtlebot3_ws/install/sbock_my_world/bin'
[9.913s] Level 1:colcon.colcon_core.environment:checking '/home/pere/GTI-3B-SBOCK/turtlebot3_ws/install/sbock_my_world/lib/pkgconfig/sbock_my_world.pc'
[9.913s] Level 1:colcon.colcon_core.environment:checking '/home/pere/GTI-3B-SBOCK/turtlebot3_ws/install/sbock_my_world/lib/python3.8/site-packages'
[9.913s] INFO:colcon.colcon_core.shell:Creating package script '/home/pere/GTI-3B-SBOCK/turtlebot3_ws/install/sbock_my_world/share/sbock_my_world/package.ps1'
[9.914s] INFO:colcon.colcon_core.shell:Creating package descriptor '/home/pere/GTI-3B-SBOCK/turtlebot3_ws/install/sbock_my_world/share/sbock_my_world/package.dsv'
[9.914s] INFO:colcon.colcon_core.shell:Creating package script '/home/pere/GTI-3B-SBOCK/turtlebot3_ws/install/sbock_my_world/share/sbock_my_world/package.sh'
[9.915s] INFO:colcon.colcon_core.shell:Creating package script '/home/pere/GTI-3B-SBOCK/turtlebot3_ws/install/sbock_my_world/share/sbock_my_world/package.bash'
[9.915s] INFO:colcon.colcon_core.shell:Creating package script '/home/pere/GTI-3B-SBOCK/turtlebot3_ws/install/sbock_my_world/share/sbock_my_world/package.zsh'
[9.916s] Level 1:colcon.colcon_core.environment:create_file_with_runtime_dependencies(/home/pere/GTI-3B-SBOCK/turtlebot3_ws/install/sbock_my_world/share/colcon-core/packages/sbock_my_world)
[9.916s] DEBUG:colcon.colcon_parallel_executor.executor.parallel:closing loop
[9.917s] DEBUG:colcon.colcon_parallel_executor.executor.parallel:loop closed
[9.917s] DEBUG:colcon.colcon_parallel_executor.executor.parallel:run_until_complete finished with '0'
[9.917s] DEBUG:colcon.colcon_core.event_reactor:joining thread
[9.924s] INFO:colcon.colcon_core.plugin_system:Skipping extension 'colcon_notification.desktop_notification.terminal_notifier': Not used on non-Darwin systems
[9.924s] INFO:colcon.colcon_core.plugin_system:Skipping extension 'colcon_notification.desktop_notification.win32': Not used on non-Windows systems
[9.924s] INFO:colcon.colcon_notification.desktop_notification:Sending desktop notification using 'notify2'
[9.945s] DEBUG:colcon.colcon_core.event_reactor:joined thread
[9.946s] INFO:colcon.colcon_core.shell:Creating prefix script '/home/pere/GTI-3B-SBOCK/turtlebot3_ws/install/local_setup.ps1'
[9.948s] INFO:colcon.colcon_core.shell:Creating prefix util module '/home/pere/GTI-3B-SBOCK/turtlebot3_ws/install/_local_setup_util_ps1.py'
[9.950s] INFO:colcon.colcon_core.shell:Creating prefix chain script '/home/pere/GTI-3B-SBOCK/turtlebot3_ws/install/setup.ps1'
[9.953s] INFO:colcon.colcon_core.shell:Creating prefix script '/home/pere/GTI-3B-SBOCK/turtlebot3_ws/install/local_setup.sh'
[9.954s] INFO:colcon.colcon_core.shell:Creating prefix util module '/home/pere/GTI-3B-SBOCK/turtlebot3_ws/install/_local_setup_util_sh.py'
[9.955s] INFO:colcon.colcon_core.shell:Creating prefix chain script '/home/pere/GTI-3B-SBOCK/turtlebot3_ws/install/setup.sh'
[9.957s] INFO:colcon.colcon_core.shell:Creating prefix script '/home/pere/GTI-3B-SBOCK/turtlebot3_ws/install/local_setup.bash'
[9.958s] INFO:colcon.colcon_core.shell:Creating prefix chain script '/home/pere/GTI-3B-SBOCK/turtlebot3_ws/install/setup.bash'
[9.960s] INFO:colcon.colcon_core.shell:Creating prefix script '/home/pere/GTI-3B-SBOCK/turtlebot3_ws/install/local_setup.zsh'
[9.960s] INFO:colcon.colcon_core.shell:Creating prefix chain script '/home/pere/GTI-3B-SBOCK/turtlebot3_ws/install/setup.zsh'
