[2.563s] Invoking command in '/home/aibes/GTI-3B-SBOCK/turtlebot3_ws/src/sbock/provide_map': PS1=(rosenv) \[\e]0;\u@\h: \w\a\]${debian_chroot:+($debian_chroot)}\[\033[01;32m\]\u@\h\[\033[00m\]:\[\033[01;34m\]\w\[\033[00m\]\$ PYTHONPATH=/home/aibes/GTI-3B-SBOCK/turtlebot3_ws/install/provide_map/lib/python3.8/site-packages:${PYTHONPATH} /usr/bin/python3 setup.py egg_info --egg-base ../../../build/provide_map build --build-base /home/aibes/GTI-3B-SBOCK/turtlebot3_ws/build/provide_map/build install --prefix /home/aibes/GTI-3B-SBOCK/turtlebot3_ws/install/provide_map --record /home/aibes/GTI-3B-SBOCK/turtlebot3_ws/build/provide_map/install.log --single-version-externally-managed
[2.940s] running egg_info
[2.941s] creating ../../../build/provide_map/provide_map.egg-info
[2.941s] writing ../../../build/provide_map/provide_map.egg-info/PKG-INFO
[2.941s] writing dependency_links to ../../../build/provide_map/provide_map.egg-info/dependency_links.txt
[2.941s] writing entry points to ../../../build/provide_map/provide_map.egg-info/entry_points.txt
[2.942s] writing requirements to ../../../build/provide_map/provide_map.egg-info/requires.txt
[2.942s] writing top-level names to ../../../build/provide_map/provide_map.egg-info/top_level.txt
[2.944s] writing manifest file '../../../build/provide_map/provide_map.egg-info/SOURCES.txt'
[3.015s] reading manifest file '../../../build/provide_map/provide_map.egg-info/SOURCES.txt'
[3.016s] writing manifest file '../../../build/provide_map/provide_map.egg-info/SOURCES.txt'
[3.017s] running build
[3.017s] running build_py
[3.017s] creating /home/aibes/GTI-3B-SBOCK/turtlebot3_ws/build/provide_map/build
[3.017s] creating /home/aibes/GTI-3B-SBOCK/turtlebot3_ws/build/provide_map/build/lib
[3.017s] creating /home/aibes/GTI-3B-SBOCK/turtlebot3_ws/build/provide_map/build/lib/provide_map
[3.017s] copying provide_map/__init__.py -> /home/aibes/GTI-3B-SBOCK/turtlebot3_ws/build/provide_map/build/lib/provide_map
[3.018s] running install
[3.018s] running install_lib
[3.020s] creating /home/aibes/GTI-3B-SBOCK/turtlebot3_ws/install/provide_map/lib/python3.8/site-packages/provide_map
[3.021s] copying /home/aibes/GTI-3B-SBOCK/turtlebot3_ws/build/provide_map/build/lib/provide_map/__init__.py -> /home/aibes/GTI-3B-SBOCK/turtlebot3_ws/install/provide_map/lib/python3.8/site-packages/provide_map
[3.037s] byte-compiling /home/aibes/GTI-3B-SBOCK/turtlebot3_ws/install/provide_map/lib/python3.8/site-packages/provide_map/__init__.py to __init__.cpython-38.pyc
[3.038s] running install_data
[3.038s] creating /home/aibes/GTI-3B-SBOCK/turtlebot3_ws/install/provide_map/share/ament_index
[3.038s] creating /home/aibes/GTI-3B-SBOCK/turtlebot3_ws/install/provide_map/share/ament_index/resource_index
[3.038s] creating /home/aibes/GTI-3B-SBOCK/turtlebot3_ws/install/provide_map/share/ament_index/resource_index/packages
[3.038s] copying resource/provide_map -> /home/aibes/GTI-3B-SBOCK/turtlebot3_ws/install/provide_map/share/ament_index/resource_index/packages
[3.038s] copying package.xml -> /home/aibes/GTI-3B-SBOCK/turtlebot3_ws/install/provide_map/share/provide_map
[3.038s] creating /home/aibes/GTI-3B-SBOCK/turtlebot3_ws/install/provide_map/share/provide_map/map
[3.038s] copying map/my_map.pgm -> /home/aibes/GTI-3B-SBOCK/turtlebot3_ws/install/provide_map/share/provide_map/map
[3.038s] copying map/my_map.yaml -> /home/aibes/GTI-3B-SBOCK/turtlebot3_ws/install/provide_map/share/provide_map/map
[3.039s] creating /home/aibes/GTI-3B-SBOCK/turtlebot3_ws/install/provide_map/share/provide_map/rviz
[3.039s] copying rviz/my_slam.rviz -> /home/aibes/GTI-3B-SBOCK/turtlebot3_ws/install/provide_map/share/provide_map/rviz
[3.039s] creating /home/aibes/GTI-3B-SBOCK/turtlebot3_ws/install/provide_map/share/provide_map/launch
[3.039s] copying launch/provide_map.launch.py -> /home/aibes/GTI-3B-SBOCK/turtlebot3_ws/install/provide_map/share/provide_map/launch
[3.039s] running install_egg_info
[3.039s] Copying ../../../build/provide_map/provide_map.egg-info to /home/aibes/GTI-3B-SBOCK/turtlebot3_ws/install/provide_map/lib/python3.8/site-packages/provide_map-0.0.0-py3.8.egg-info
[3.040s] running install_scripts
[3.067s] writing list of installed files to '/home/aibes/GTI-3B-SBOCK/turtlebot3_ws/build/provide_map/install.log'
[3.168s] Invoked command in '/home/aibes/GTI-3B-SBOCK/turtlebot3_ws/src/sbock/provide_map' returned '0': PS1=(rosenv) \[\e]0;\u@\h: \w\a\]${debian_chroot:+($debian_chroot)}\[\033[01;32m\]\u@\h\[\033[00m\]:\[\033[01;34m\]\w\[\033[00m\]\$ PYTHONPATH=/home/aibes/GTI-3B-SBOCK/turtlebot3_ws/install/provide_map/lib/python3.8/site-packages:${PYTHONPATH} /usr/bin/python3 setup.py egg_info --egg-base ../../../build/provide_map build --build-base /home/aibes/GTI-3B-SBOCK/turtlebot3_ws/build/provide_map/build install --prefix /home/aibes/GTI-3B-SBOCK/turtlebot3_ws/install/provide_map --record /home/aibes/GTI-3B-SBOCK/turtlebot3_ws/build/provide_map/install.log --single-version-externally-managed
