/home/aibes/GTI-3B-SBOCK/turtlebot3_ws/install/sbock_position_publisher/lib/python3.8/site-packages/sbock_position_publisher/go_to_pose2.py
/home/aibes/GTI-3B-SBOCK/turtlebot3_ws/install/sbock_position_publisher/lib/python3.8/site-packages/sbock_position_publisher/__init__.py
/home/aibes/GTI-3B-SBOCK/turtlebot3_ws/install/sbock_position_publisher/lib/python3.8/site-packages/sbock_position_publisher/go_to_pose3.py
/home/aibes/GTI-3B-SBOCK/turtlebot3_ws/install/sbock_position_publisher/lib/python3.8/site-packages/sbock_position_publisher/go_to_pose1.py
/home/aibes/GTI-3B-SBOCK/turtlebot3_ws/install/sbock_position_publisher/lib/python3.8/site-packages/sbock_position_publisher/__pycache__/go_to_pose2.cpython-38.pyc
/home/aibes/GTI-3B-SBOCK/turtlebot3_ws/install/sbock_position_publisher/lib/python3.8/site-packages/sbock_position_publisher/__pycache__/__init__.cpython-38.pyc
/home/aibes/GTI-3B-SBOCK/turtlebot3_ws/install/sbock_position_publisher/lib/python3.8/site-packages/sbock_position_publisher/__pycache__/go_to_pose3.cpython-38.pyc
/home/aibes/GTI-3B-SBOCK/turtlebot3_ws/install/sbock_position_publisher/lib/python3.8/site-packages/sbock_position_publisher/__pycache__/go_to_pose1.cpython-38.pyc
/home/aibes/GTI-3B-SBOCK/turtlebot3_ws/install/sbock_position_publisher/share/ament_index/resource_index/packages/sbock_position_publisher
/home/aibes/GTI-3B-SBOCK/turtlebot3_ws/install/sbock_position_publisher/share/sbock_position_publisher/package.xml
/home/aibes/GTI-3B-SBOCK/turtlebot3_ws/install/sbock_position_publisher/share/sbock_position_publisher/go_to_pose2.launch.py
/home/aibes/GTI-3B-SBOCK/turtlebot3_ws/install/sbock_position_publisher/share/sbock_position_publisher/go_to_pose1.launch.py
/home/aibes/GTI-3B-SBOCK/turtlebot3_ws/install/sbock_position_publisher/share/sbock_position_publisher/go_to_pose3.launch.py
/home/aibes/GTI-3B-SBOCK/turtlebot3_ws/install/sbock_position_publisher/lib/python3.8/site-packages/sbock_position_publisher-0.0.0-py3.8.egg-info/PKG-INFO
/home/aibes/GTI-3B-SBOCK/turtlebot3_ws/install/sbock_position_publisher/lib/python3.8/site-packages/sbock_position_publisher-0.0.0-py3.8.egg-info/SOURCES.txt
/home/aibes/GTI-3B-SBOCK/turtlebot3_ws/install/sbock_position_publisher/lib/python3.8/site-packages/sbock_position_publisher-0.0.0-py3.8.egg-info/dependency_links.txt
/home/aibes/GTI-3B-SBOCK/turtlebot3_ws/install/sbock_position_publisher/lib/python3.8/site-packages/sbock_position_publisher-0.0.0-py3.8.egg-info/top_level.txt
/home/aibes/GTI-3B-SBOCK/turtlebot3_ws/install/sbock_position_publisher/lib/python3.8/site-packages/sbock_position_publisher-0.0.0-py3.8.egg-info/requires.txt
/home/aibes/GTI-3B-SBOCK/turtlebot3_ws/install/sbock_position_publisher/lib/python3.8/site-packages/sbock_position_publisher-0.0.0-py3.8.egg-info/entry_points.txt
/home/aibes/GTI-3B-SBOCK/turtlebot3_ws/install/sbock_position_publisher/lib/python3.8/site-packages/sbock_position_publisher-0.0.0-py3.8.egg-info/zip-safe
/home/aibes/GTI-3B-SBOCK/turtlebot3_ws/install/sbock_position_publisher/lib/sbock_position_publisher/position1_publisher
/home/aibes/GTI-3B-SBOCK/turtlebot3_ws/install/sbock_position_publisher/lib/sbock_position_publisher/position2_publisher
/home/aibes/GTI-3B-SBOCK/turtlebot3_ws/install/sbock_position_publisher/lib/sbock_position_publisher/position3_publisher
