[0.140s] DEBUG:colcon:Command line arguments: ['/usr/bin/colcon', 'build', '--packages-select', 'sbock_my_nav2_system44']
[0.140s] DEBUG:colcon:Parsed command line arguments: Namespace(allow_overriding=[], ament_cmake_args=None, base_paths=['.'], build_base='build', catkin_cmake_args=None, catkin_skip_building_tests=False, cmake_args=None, cmake_clean_cache=False, cmake_clean_first=False, cmake_force_configure=False, cmake_target=None, cmake_target_skip_unavailable=False, continue_on_error=False, event_handlers=None, executor='parallel', ignore_user_meta=False, install_base='install', log_base=None, log_level=None, main=<bound method BuildVerb.main of <colcon_core.verb.build.BuildVerb object at 0x7f66582f0a30>>, merge_install=False, metas=['./colcon.meta'], packages_above=None, packages_above_and_dependencies=None, packages_above_depth=None, packages_end=None, packages_ignore=None, packages_ignore_regex=None, packages_select=['sbock_my_nav2_system44'], packages_select_build_failed=False, packages_select_by_dep=None, packages_select_regex=None, packages_select_test_failures=False, packages_skip=None, packages_skip_build_finished=False, packages_skip_by_dep=None, packages_skip_regex=None, packages_skip_test_passed=False, packages_skip_up_to=None, packages_start=None, packages_up_to=None, packages_up_to_regex=None, parallel_workers=4, paths=None, symlink_install=False, test_result_base=None, verb_extension=<colcon_core.verb.build.BuildVerb object at 0x7f66582f0a30>, verb_name='build', verb_parser=<colcon_defaults.argument_parser.defaults.DefaultArgumentsDecorator object at 0x7f66582f0fa0>)
[0.144s] Level 1:colcon.colcon_core.package_discovery:discover_packages(colcon_meta) check parameters
[0.145s] Level 1:colcon.colcon_core.package_discovery:discover_packages(recursive) check parameters
[0.145s] Level 1:colcon.colcon_core.package_discovery:discover_packages(ignore) check parameters
[0.145s] Level 1:colcon.colcon_core.package_discovery:discover_packages(path) check parameters
[0.145s] Level 1:colcon.colcon_core.package_discovery:discover_packages(colcon_meta) discover
[0.145s] Level 1:colcon.colcon_core.package_discovery:discover_packages(recursive) discover
[0.145s] INFO:colcon.colcon_core.package_discovery:Crawling recursively for packages in '/home/pere/GTI-3B-SBOCK/turtlebot3_ws'
[0.145s] Level 1:colcon.colcon_core.package_identification:_identify(.) by extensions ['ignore', 'ignore_ament_install']
[0.145s] Level 1:colcon.colcon_core.package_identification:_identify(.) by extension 'ignore'
[0.145s] Level 1:colcon.colcon_core.package_identification:_identify(.) by extension 'ignore_ament_install'
[0.145s] Level 1:colcon.colcon_core.package_identification:_identify(.) by extensions ['colcon_pkg']
[0.145s] Level 1:colcon.colcon_core.package_identification:_identify(.) by extension 'colcon_pkg'
[0.145s] Level 1:colcon.colcon_core.package_identification:_identify(.) by extensions ['colcon_meta']
[0.145s] Level 1:colcon.colcon_core.package_identification:_identify(.) by extension 'colcon_meta'
[0.145s] Level 1:colcon.colcon_core.package_identification:_identify(.) by extensions ['ros']
[0.145s] Level 1:colcon.colcon_core.package_identification:_identify(.) by extension 'ros'
[0.156s] Level 1:colcon.colcon_core.package_identification:_identify(.) by extensions ['cmake', 'python']
[0.156s] Level 1:colcon.colcon_core.package_identification:_identify(.) by extension 'cmake'
[0.156s] Level 1:colcon.colcon_core.package_identification:_identify(.) by extension 'python'
[0.156s] Level 1:colcon.colcon_core.package_identification:_identify(.) by extensions ['python_setup_py']
[0.156s] Level 1:colcon.colcon_core.package_identification:_identify(.) by extension 'python_setup_py'
[0.157s] Level 1:colcon.colcon_core.package_identification:_identify(build) by extensions ['ignore', 'ignore_ament_install']
[0.157s] Level 1:colcon.colcon_core.package_identification:_identify(build) by extension 'ignore'
[0.157s] Level 1:colcon.colcon_core.package_identification:_identify(build) ignored
[0.157s] Level 1:colcon.colcon_core.package_identification:_identify(install) by extensions ['ignore', 'ignore_ament_install']
[0.157s] Level 1:colcon.colcon_core.package_identification:_identify(install) by extension 'ignore'
[0.157s] Level 1:colcon.colcon_core.package_identification:_identify(install) ignored
[0.157s] Level 1:colcon.colcon_core.package_identification:_identify(log) by extensions ['ignore', 'ignore_ament_install']
[0.157s] Level 1:colcon.colcon_core.package_identification:_identify(log) by extension 'ignore'
[0.157s] Level 1:colcon.colcon_core.package_identification:_identify(log) ignored
[0.157s] Level 1:colcon.colcon_core.package_identification:_identify(src) by extensions ['ignore', 'ignore_ament_install']
[0.157s] Level 1:colcon.colcon_core.package_identification:_identify(src) by extension 'ignore'
[0.157s] Level 1:colcon.colcon_core.package_identification:_identify(src) by extension 'ignore_ament_install'
[0.157s] Level 1:colcon.colcon_core.package_identification:_identify(src) by extensions ['colcon_pkg']
[0.157s] Level 1:colcon.colcon_core.package_identification:_identify(src) by extension 'colcon_pkg'
[0.157s] Level 1:colcon.colcon_core.package_identification:_identify(src) by extensions ['colcon_meta']
[0.157s] Level 1:colcon.colcon_core.package_identification:_identify(src) by extension 'colcon_meta'
[0.158s] Level 1:colcon.colcon_core.package_identification:_identify(src) by extensions ['ros']
[0.158s] Level 1:colcon.colcon_core.package_identification:_identify(src) by extension 'ros'
[0.158s] Level 1:colcon.colcon_core.package_identification:_identify(src) by extensions ['cmake', 'python']
[0.158s] Level 1:colcon.colcon_core.package_identification:_identify(src) by extension 'cmake'
[0.158s] Level 1:colcon.colcon_core.package_identification:_identify(src) by extension 'python'
[0.158s] Level 1:colcon.colcon_core.package_identification:_identify(src) by extensions ['python_setup_py']
[0.158s] Level 1:colcon.colcon_core.package_identification:_identify(src) by extension 'python_setup_py'
[0.158s] Level 1:colcon.colcon_core.package_identification:_identify(src/sbock) by extensions ['ignore', 'ignore_ament_install']
[0.158s] Level 1:colcon.colcon_core.package_identification:_identify(src/sbock) by extension 'ignore'
[0.158s] Level 1:colcon.colcon_core.package_identification:_identify(src/sbock) by extension 'ignore_ament_install'
[0.158s] Level 1:colcon.colcon_core.package_identification:_identify(src/sbock) by extensions ['colcon_pkg']
[0.158s] Level 1:colcon.colcon_core.package_identification:_identify(src/sbock) by extension 'colcon_pkg'
[0.158s] Level 1:colcon.colcon_core.package_identification:_identify(src/sbock) by extensions ['colcon_meta']
[0.158s] Level 1:colcon.colcon_core.package_identification:_identify(src/sbock) by extension 'colcon_meta'
[0.158s] Level 1:colcon.colcon_core.package_identification:_identify(src/sbock) by extensions ['ros']
[0.158s] Level 1:colcon.colcon_core.package_identification:_identify(src/sbock) by extension 'ros'
[0.158s] Level 1:colcon.colcon_core.package_identification:_identify(src/sbock) by extensions ['cmake', 'python']
[0.158s] Level 1:colcon.colcon_core.package_identification:_identify(src/sbock) by extension 'cmake'
[0.158s] Level 1:colcon.colcon_core.package_identification:_identify(src/sbock) by extension 'python'
[0.158s] Level 1:colcon.colcon_core.package_identification:_identify(src/sbock) by extensions ['python_setup_py']
[0.158s] Level 1:colcon.colcon_core.package_identification:_identify(src/sbock) by extension 'python_setup_py'
[0.159s] Level 1:colcon.colcon_core.package_identification:_identify(src/sbock/provide_map) by extensions ['ignore', 'ignore_ament_install']
[0.159s] Level 1:colcon.colcon_core.package_identification:_identify(src/sbock/provide_map) by extension 'ignore'
[0.159s] Level 1:colcon.colcon_core.package_identification:_identify(src/sbock/provide_map) by extension 'ignore_ament_install'
[0.159s] Level 1:colcon.colcon_core.package_identification:_identify(src/sbock/provide_map) by extensions ['colcon_pkg']
[0.159s] Level 1:colcon.colcon_core.package_identification:_identify(src/sbock/provide_map) by extension 'colcon_pkg'
[0.159s] Level 1:colcon.colcon_core.package_identification:_identify(src/sbock/provide_map) by extensions ['colcon_meta']
[0.159s] Level 1:colcon.colcon_core.package_identification:_identify(src/sbock/provide_map) by extension 'colcon_meta'
[0.159s] Level 1:colcon.colcon_core.package_identification:_identify(src/sbock/provide_map) by extensions ['ros']
[0.159s] Level 1:colcon.colcon_core.package_identification:_identify(src/sbock/provide_map) by extension 'ros'
[0.161s] DEBUG:colcon.colcon_core.package_identification:Package 'src/sbock/provide_map' with type 'ros.ament_python' and name 'provide_map'
[0.161s] Level 1:colcon.colcon_core.package_identification:_identify(src/sbock/sbock) by extensions ['ignore', 'ignore_ament_install']
[0.161s] Level 1:colcon.colcon_core.package_identification:_identify(src/sbock/sbock) by extension 'ignore'
[0.161s] Level 1:colcon.colcon_core.package_identification:_identify(src/sbock/sbock) by extension 'ignore_ament_install'
[0.161s] Level 1:colcon.colcon_core.package_identification:_identify(src/sbock/sbock) by extensions ['colcon_pkg']
[0.161s] Level 1:colcon.colcon_core.package_identification:_identify(src/sbock/sbock) by extension 'colcon_pkg'
[0.161s] Level 1:colcon.colcon_core.package_identification:_identify(src/sbock/sbock) by extensions ['colcon_meta']
[0.161s] Level 1:colcon.colcon_core.package_identification:_identify(src/sbock/sbock) by extension 'colcon_meta'
[0.161s] Level 1:colcon.colcon_core.package_identification:_identify(src/sbock/sbock) by extensions ['ros']
[0.162s] Level 1:colcon.colcon_core.package_identification:_identify(src/sbock/sbock) by extension 'ros'
[0.162s] DEBUG:colcon.colcon_core.package_identification:Package 'src/sbock/sbock' with type 'ros.ament_cmake' and name 'sbock'
[0.162s] Level 1:colcon.colcon_core.package_identification:_identify(src/sbock/sbock_my_nav2_system) by extensions ['ignore', 'ignore_ament_install']
[0.162s] Level 1:colcon.colcon_core.package_identification:_identify(src/sbock/sbock_my_nav2_system) by extension 'ignore'
[0.162s] Level 1:colcon.colcon_core.package_identification:_identify(src/sbock/sbock_my_nav2_system) by extension 'ignore_ament_install'
[0.162s] Level 1:colcon.colcon_core.package_identification:_identify(src/sbock/sbock_my_nav2_system) by extensions ['colcon_pkg']
[0.162s] Level 1:colcon.colcon_core.package_identification:_identify(src/sbock/sbock_my_nav2_system) by extension 'colcon_pkg'
[0.162s] Level 1:colcon.colcon_core.package_identification:_identify(src/sbock/sbock_my_nav2_system) by extensions ['colcon_meta']
[0.162s] Level 1:colcon.colcon_core.package_identification:_identify(src/sbock/sbock_my_nav2_system) by extension 'colcon_meta'
[0.162s] Level 1:colcon.colcon_core.package_identification:_identify(src/sbock/sbock_my_nav2_system) by extensions ['ros']
[0.162s] Level 1:colcon.colcon_core.package_identification:_identify(src/sbock/sbock_my_nav2_system) by extension 'ros'
[0.163s] DEBUG:colcon.colcon_core.package_identification:Package 'src/sbock/sbock_my_nav2_system' with type 'ros.ament_python' and name 'sbock_my_nav2_system'
[0.163s] Level 1:colcon.colcon_core.package_identification:_identify(src/sbock/sbock_my_world) by extensions ['ignore', 'ignore_ament_install']
[0.163s] Level 1:colcon.colcon_core.package_identification:_identify(src/sbock/sbock_my_world) by extension 'ignore'
[0.163s] Level 1:colcon.colcon_core.package_identification:_identify(src/sbock/sbock_my_world) by extension 'ignore_ament_install'
[0.163s] Level 1:colcon.colcon_core.package_identification:_identify(src/sbock/sbock_my_world) by extensions ['colcon_pkg']
[0.163s] Level 1:colcon.colcon_core.package_identification:_identify(src/sbock/sbock_my_world) by extension 'colcon_pkg'
[0.163s] Level 1:colcon.colcon_core.package_identification:_identify(src/sbock/sbock_my_world) by extensions ['colcon_meta']
[0.164s] Level 1:colcon.colcon_core.package_identification:_identify(src/sbock/sbock_my_world) by extension 'colcon_meta'
[0.164s] Level 1:colcon.colcon_core.package_identification:_identify(src/sbock/sbock_my_world) by extensions ['ros']
[0.164s] Level 1:colcon.colcon_core.package_identification:_identify(src/sbock/sbock_my_world) by extension 'ros'
[0.164s] DEBUG:colcon.colcon_core.package_identification:Package 'src/sbock/sbock_my_world' with type 'ros.ament_cmake' and name 'sbock_my_world'
[0.164s] Level 1:colcon.colcon_core.package_identification:_identify(src/sbock/sbock_nav_position) by extensions ['ignore', 'ignore_ament_install']
[0.165s] Level 1:colcon.colcon_core.package_identification:_identify(src/sbock/sbock_nav_position) by extension 'ignore'
[0.165s] Level 1:colcon.colcon_core.package_identification:_identify(src/sbock/sbock_nav_position) by extension 'ignore_ament_install'
[0.165s] Level 1:colcon.colcon_core.package_identification:_identify(src/sbock/sbock_nav_position) by extensions ['colcon_pkg']
[0.165s] Level 1:colcon.colcon_core.package_identification:_identify(src/sbock/sbock_nav_position) by extension 'colcon_pkg'
[0.165s] Level 1:colcon.colcon_core.package_identification:_identify(src/sbock/sbock_nav_position) by extensions ['colcon_meta']
[0.165s] Level 1:colcon.colcon_core.package_identification:_identify(src/sbock/sbock_nav_position) by extension 'colcon_meta'
[0.165s] Level 1:colcon.colcon_core.package_identification:_identify(src/sbock/sbock_nav_position) by extensions ['ros']
[0.165s] Level 1:colcon.colcon_core.package_identification:_identify(src/sbock/sbock_nav_position) by extension 'ros'
[0.165s] DEBUG:colcon.colcon_core.package_identification:Package 'src/sbock/sbock_nav_position' with type 'ros.ament_python' and name 'sbock_nav_position'
[0.166s] Level 1:colcon.colcon_core.package_identification:_identify(src/sbock/sbock_nav_route) by extensions ['ignore', 'ignore_ament_install']
[0.166s] Level 1:colcon.colcon_core.package_identification:_identify(src/sbock/sbock_nav_route) by extension 'ignore'
[0.166s] Level 1:colcon.colcon_core.package_identification:_identify(src/sbock/sbock_nav_route) by extension 'ignore_ament_install'
[0.166s] Level 1:colcon.colcon_core.package_identification:_identify(src/sbock/sbock_nav_route) by extensions ['colcon_pkg']
[0.166s] Level 1:colcon.colcon_core.package_identification:_identify(src/sbock/sbock_nav_route) by extension 'colcon_pkg'
[0.166s] Level 1:colcon.colcon_core.package_identification:_identify(src/sbock/sbock_nav_route) by extensions ['colcon_meta']
[0.166s] Level 1:colcon.colcon_core.package_identification:_identify(src/sbock/sbock_nav_route) by extension 'colcon_meta'
[0.166s] Level 1:colcon.colcon_core.package_identification:_identify(src/sbock/sbock_nav_route) by extensions ['ros']
[0.166s] Level 1:colcon.colcon_core.package_identification:_identify(src/sbock/sbock_nav_route) by extension 'ros'
[0.167s] DEBUG:colcon.colcon_core.package_identification:Package 'src/sbock/sbock_nav_route' with type 'ros.ament_python' and name 'sbock_nav_route'
[0.167s] Level 1:colcon.colcon_core.package_identification:_identify(src/sbock/sbock_position_publisher) by extensions ['ignore', 'ignore_ament_install']
[0.167s] Level 1:colcon.colcon_core.package_identification:_identify(src/sbock/sbock_position_publisher) by extension 'ignore'
[0.167s] Level 1:colcon.colcon_core.package_identification:_identify(src/sbock/sbock_position_publisher) by extension 'ignore_ament_install'
[0.167s] Level 1:colcon.colcon_core.package_identification:_identify(src/sbock/sbock_position_publisher) by extensions ['colcon_pkg']
[0.167s] Level 1:colcon.colcon_core.package_identification:_identify(src/sbock/sbock_position_publisher) by extension 'colcon_pkg'
[0.167s] Level 1:colcon.colcon_core.package_identification:_identify(src/sbock/sbock_position_publisher) by extensions ['colcon_meta']
[0.167s] Level 1:colcon.colcon_core.package_identification:_identify(src/sbock/sbock_position_publisher) by extension 'colcon_meta'
[0.167s] Level 1:colcon.colcon_core.package_identification:_identify(src/sbock/sbock_position_publisher) by extensions ['ros']
[0.167s] Level 1:colcon.colcon_core.package_identification:_identify(src/sbock/sbock_position_publisher) by extension 'ros'
[0.168s] DEBUG:colcon.colcon_core.package_identification:Package 'src/sbock/sbock_position_publisher' with type 'ros.ament_python' and name 'sbock_position_publisher'
[0.168s] Level 1:colcon.colcon_core.package_identification:_identify(src/sbock/sbock_robot_position_subscriber) by extensions ['ignore', 'ignore_ament_install']
[0.168s] Level 1:colcon.colcon_core.package_identification:_identify(src/sbock/sbock_robot_position_subscriber) by extension 'ignore'
[0.168s] Level 1:colcon.colcon_core.package_identification:_identify(src/sbock/sbock_robot_position_subscriber) by extension 'ignore_ament_install'
[0.168s] Level 1:colcon.colcon_core.package_identification:_identify(src/sbock/sbock_robot_position_subscriber) by extensions ['colcon_pkg']
[0.168s] Level 1:colcon.colcon_core.package_identification:_identify(src/sbock/sbock_robot_position_subscriber) by extension 'colcon_pkg'
[0.168s] Level 1:colcon.colcon_core.package_identification:_identify(src/sbock/sbock_robot_position_subscriber) by extensions ['colcon_meta']
[0.168s] Level 1:colcon.colcon_core.package_identification:_identify(src/sbock/sbock_robot_position_subscriber) by extension 'colcon_meta'
[0.168s] Level 1:colcon.colcon_core.package_identification:_identify(src/sbock/sbock_robot_position_subscriber) by extensions ['ros']
[0.168s] Level 1:colcon.colcon_core.package_identification:_identify(src/sbock/sbock_robot_position_subscriber) by extension 'ros'
[0.169s] DEBUG:colcon.colcon_core.package_identification:Package 'src/sbock/sbock_robot_position_subscriber' with type 'ros.ament_python' and name 'sbock_robot_position_subscriber'
[0.169s] Level 1:colcon.colcon_core.package_identification:_identify(src/turtlebot3_simulations) by extensions ['ignore', 'ignore_ament_install']
[0.169s] Level 1:colcon.colcon_core.package_identification:_identify(src/turtlebot3_simulations) by extension 'ignore'
[0.169s] Level 1:colcon.colcon_core.package_identification:_identify(src/turtlebot3_simulations) by extension 'ignore_ament_install'
[0.169s] Level 1:colcon.colcon_core.package_identification:_identify(src/turtlebot3_simulations) by extensions ['colcon_pkg']
[0.169s] Level 1:colcon.colcon_core.package_identification:_identify(src/turtlebot3_simulations) by extension 'colcon_pkg'
[0.169s] Level 1:colcon.colcon_core.package_identification:_identify(src/turtlebot3_simulations) by extensions ['colcon_meta']
[0.169s] Level 1:colcon.colcon_core.package_identification:_identify(src/turtlebot3_simulations) by extension 'colcon_meta'
[0.169s] Level 1:colcon.colcon_core.package_identification:_identify(src/turtlebot3_simulations) by extensions ['ros']
[0.169s] Level 1:colcon.colcon_core.package_identification:_identify(src/turtlebot3_simulations) by extension 'ros'
[0.169s] Level 1:colcon.colcon_core.package_identification:_identify(src/turtlebot3_simulations) by extensions ['cmake', 'python']
[0.169s] Level 1:colcon.colcon_core.package_identification:_identify(src/turtlebot3_simulations) by extension 'cmake'
[0.169s] Level 1:colcon.colcon_core.package_identification:_identify(src/turtlebot3_simulations) by extension 'python'
[0.170s] Level 1:colcon.colcon_core.package_identification:_identify(src/turtlebot3_simulations) by extensions ['python_setup_py']
[0.170s] Level 1:colcon.colcon_core.package_identification:_identify(src/turtlebot3_simulations) by extension 'python_setup_py'
[0.170s] Level 1:colcon.colcon_core.package_identification:_identify(src/turtlebot3_simulations/turtlebot3_fake_node) by extensions ['ignore', 'ignore_ament_install']
[0.170s] Level 1:colcon.colcon_core.package_identification:_identify(src/turtlebot3_simulations/turtlebot3_fake_node) by extension 'ignore'
[0.170s] Level 1:colcon.colcon_core.package_identification:_identify(src/turtlebot3_simulations/turtlebot3_fake_node) by extension 'ignore_ament_install'
[0.170s] Level 1:colcon.colcon_core.package_identification:_identify(src/turtlebot3_simulations/turtlebot3_fake_node) by extensions ['colcon_pkg']
[0.170s] Level 1:colcon.colcon_core.package_identification:_identify(src/turtlebot3_simulations/turtlebot3_fake_node) by extension 'colcon_pkg'
[0.170s] Level 1:colcon.colcon_core.package_identification:_identify(src/turtlebot3_simulations/turtlebot3_fake_node) by extensions ['colcon_meta']
[0.170s] Level 1:colcon.colcon_core.package_identification:_identify(src/turtlebot3_simulations/turtlebot3_fake_node) by extension 'colcon_meta'
[0.170s] Level 1:colcon.colcon_core.package_identification:_identify(src/turtlebot3_simulations/turtlebot3_fake_node) by extensions ['ros']
[0.170s] Level 1:colcon.colcon_core.package_identification:_identify(src/turtlebot3_simulations/turtlebot3_fake_node) by extension 'ros'
[0.171s] DEBUG:colcon.colcon_core.package_identification:Package 'src/turtlebot3_simulations/turtlebot3_fake_node' with type 'ros.ament_cmake' and name 'turtlebot3_fake_node'
[0.171s] Level 1:colcon.colcon_core.package_identification:_identify(src/turtlebot3_simulations/turtlebot3_gazebo) by extensions ['ignore', 'ignore_ament_install']
[0.171s] Level 1:colcon.colcon_core.package_identification:_identify(src/turtlebot3_simulations/turtlebot3_gazebo) by extension 'ignore'
[0.171s] Level 1:colcon.colcon_core.package_identification:_identify(src/turtlebot3_simulations/turtlebot3_gazebo) by extension 'ignore_ament_install'
[0.171s] Level 1:colcon.colcon_core.package_identification:_identify(src/turtlebot3_simulations/turtlebot3_gazebo) by extensions ['colcon_pkg']
[0.171s] Level 1:colcon.colcon_core.package_identification:_identify(src/turtlebot3_simulations/turtlebot3_gazebo) by extension 'colcon_pkg'
[0.171s] Level 1:colcon.colcon_core.package_identification:_identify(src/turtlebot3_simulations/turtlebot3_gazebo) by extensions ['colcon_meta']
[0.171s] Level 1:colcon.colcon_core.package_identification:_identify(src/turtlebot3_simulations/turtlebot3_gazebo) by extension 'colcon_meta'
[0.172s] Level 1:colcon.colcon_core.package_identification:_identify(src/turtlebot3_simulations/turtlebot3_gazebo) by extensions ['ros']
[0.172s] Level 1:colcon.colcon_core.package_identification:_identify(src/turtlebot3_simulations/turtlebot3_gazebo) by extension 'ros'
[0.172s] DEBUG:colcon.colcon_core.package_identification:Package 'src/turtlebot3_simulations/turtlebot3_gazebo' with type 'ros.ament_cmake' and name 'turtlebot3_gazebo'
[0.172s] Level 1:colcon.colcon_core.package_identification:_identify(src/turtlebot3_simulations/turtlebot3_simulations) by extensions ['ignore', 'ignore_ament_install']
[0.173s] Level 1:colcon.colcon_core.package_identification:_identify(src/turtlebot3_simulations/turtlebot3_simulations) by extension 'ignore'
[0.173s] Level 1:colcon.colcon_core.package_identification:_identify(src/turtlebot3_simulations/turtlebot3_simulations) by extension 'ignore_ament_install'
[0.173s] Level 1:colcon.colcon_core.package_identification:_identify(src/turtlebot3_simulations/turtlebot3_simulations) by extensions ['colcon_pkg']
[0.173s] Level 1:colcon.colcon_core.package_identification:_identify(src/turtlebot3_simulations/turtlebot3_simulations) by extension 'colcon_pkg'
[0.173s] Level 1:colcon.colcon_core.package_identification:_identify(src/turtlebot3_simulations/turtlebot3_simulations) by extensions ['colcon_meta']
[0.173s] Level 1:colcon.colcon_core.package_identification:_identify(src/turtlebot3_simulations/turtlebot3_simulations) by extension 'colcon_meta'
[0.173s] Level 1:colcon.colcon_core.package_identification:_identify(src/turtlebot3_simulations/turtlebot3_simulations) by extensions ['ros']
[0.173s] Level 1:colcon.colcon_core.package_identification:_identify(src/turtlebot3_simulations/turtlebot3_simulations) by extension 'ros'
[0.173s] DEBUG:colcon.colcon_core.package_identification:Package 'src/turtlebot3_simulations/turtlebot3_simulations' with type 'ros.ament_cmake' and name 'turtlebot3_simulations'
[0.173s] Level 1:colcon.colcon_core.package_discovery:discover_packages(recursive) using defaults
[0.173s] Level 1:colcon.colcon_core.package_discovery:discover_packages(ignore) discover
[0.173s] Level 1:colcon.colcon_core.package_discovery:discover_packages(ignore) using defaults
[0.173s] Level 1:colcon.colcon_core.package_discovery:discover_packages(path) discover
[0.173s] Level 1:colcon.colcon_core.package_discovery:discover_packages(path) using defaults
[0.174s] WARNING:colcon.colcon_core.package_selection:ignoring unknown package 'sbock_my_nav2_system44' in --packages-select
[0.193s] INFO:colcon.colcon_core.package_selection:Skipping not selected package 'provide_map' in 'src/sbock/provide_map'
[0.193s] INFO:colcon.colcon_core.package_selection:Skipping not selected package 'sbock_my_nav2_system' in 'src/sbock/sbock_my_nav2_system'
[0.193s] INFO:colcon.colcon_core.package_selection:Skipping not selected package 'sbock_my_world' in 'src/sbock/sbock_my_world'
[0.193s] INFO:colcon.colcon_core.package_selection:Skipping not selected package 'sbock_nav_position' in 'src/sbock/sbock_nav_position'
[0.193s] INFO:colcon.colcon_core.package_selection:Skipping not selected package 'sbock_nav_route' in 'src/sbock/sbock_nav_route'
[0.193s] INFO:colcon.colcon_core.package_selection:Skipping not selected package 'sbock_position_publisher' in 'src/sbock/sbock_position_publisher'
[0.193s] INFO:colcon.colcon_core.package_selection:Skipping not selected package 'sbock_robot_position_subscriber' in 'src/sbock/sbock_robot_position_subscriber'
[0.193s] INFO:colcon.colcon_core.package_selection:Skipping not selected package 'turtlebot3_fake_node' in 'src/turtlebot3_simulations/turtlebot3_fake_node'
[0.193s] INFO:colcon.colcon_core.package_selection:Skipping not selected package 'turtlebot3_gazebo' in 'src/turtlebot3_simulations/turtlebot3_gazebo'
[0.193s] INFO:colcon.colcon_core.package_selection:Skipping not selected package 'sbock' in 'src/sbock/sbock'
[0.193s] INFO:colcon.colcon_core.package_selection:Skipping not selected package 'turtlebot3_simulations' in 'src/turtlebot3_simulations/turtlebot3_simulations'
[0.199s] INFO:colcon.colcon_core.executor:Executing jobs using 'parallel' executor
[0.202s] DEBUG:colcon.colcon_parallel_executor.executor.parallel:run_until_complete
[0.202s] DEBUG:colcon.colcon_parallel_executor.executor.parallel:closing loop
[0.202s] DEBUG:colcon.colcon_parallel_executor.executor.parallel:loop closed
[0.202s] DEBUG:colcon.colcon_parallel_executor.executor.parallel:run_until_complete finished with '0'
[0.202s] DEBUG:colcon.colcon_core.event_reactor:joining thread
[0.208s] INFO:colcon.colcon_core.plugin_system:Skipping extension 'colcon_notification.desktop_notification.terminal_notifier': Not used on non-Darwin systems
[0.208s] INFO:colcon.colcon_core.plugin_system:Skipping extension 'colcon_notification.desktop_notification.win32': Not used on non-Windows systems
[0.208s] INFO:colcon.colcon_notification.desktop_notification:Sending desktop notification using 'notify2'
[0.223s] DEBUG:colcon.colcon_core.event_reactor:joined thread
[0.226s] INFO:colcon.colcon_core.plugin_system:Skipping extension 'colcon_core.shell.bat': Not used on non-Windows systems
[0.227s] INFO:colcon.colcon_core.shell:Creating prefix script '/home/pere/GTI-3B-SBOCK/turtlebot3_ws/install/local_setup.ps1'
[0.227s] INFO:colcon.colcon_core.shell:Creating prefix util module '/home/pere/GTI-3B-SBOCK/turtlebot3_ws/install/_local_setup_util_ps1.py'
[0.229s] INFO:colcon.colcon_core.shell:Creating prefix chain script '/home/pere/GTI-3B-SBOCK/turtlebot3_ws/install/setup.ps1'
[0.231s] INFO:colcon.colcon_core.shell:Creating prefix script '/home/pere/GTI-3B-SBOCK/turtlebot3_ws/install/local_setup.sh'
[0.232s] INFO:colcon.colcon_core.shell:Creating prefix util module '/home/pere/GTI-3B-SBOCK/turtlebot3_ws/install/_local_setup_util_sh.py'
[0.233s] INFO:colcon.colcon_core.shell:Creating prefix chain script '/home/pere/GTI-3B-SBOCK/turtlebot3_ws/install/setup.sh'
[0.236s] INFO:colcon.colcon_core.shell:Creating prefix script '/home/pere/GTI-3B-SBOCK/turtlebot3_ws/install/local_setup.bash'
[0.236s] INFO:colcon.colcon_core.shell:Creating prefix chain script '/home/pere/GTI-3B-SBOCK/turtlebot3_ws/install/setup.bash'
[0.239s] INFO:colcon.colcon_core.shell:Creating prefix script '/home/pere/GTI-3B-SBOCK/turtlebot3_ws/install/local_setup.zsh'
[0.239s] INFO:colcon.colcon_core.shell:Creating prefix chain script '/home/pere/GTI-3B-SBOCK/turtlebot3_ws/install/setup.zsh'
