[0.032s] Invoking command in '/home/aibes/GTI-3B-SBOCK/turtlebot3_ws/build/my_world': CMAKE_PREFIX_PATH=${CMAKE_PREFIX_PATH}:/home/aibes/turtlebot3_ws/install/show_msg:/home/aibes/turtlebot3_ws/install/provide_map:/home/aibes/turtlebot3_ws/install/my_slam:/home/aibes/turtlebot3_ws/install/my_nav2_system:/home/aibes/turtlebot3_ws/install/my_first_subscriber:/home/aibes/turtlebot3_ws/install/my_first_service:/home/aibes/turtlebot3_ws/install/my_first_publisher:/home/aibes/turtlebot3_ws/install/my_first_node:/home/aibes/GTI-3B-SBOCK/turtlebot3_ws/install/sbock_nav2_system:/home/aibes/GTI-3B-SBOCK/turtlebot3_ws/install/provide_map:/home/aibes/GTI-3B-SBOCK/turtlebot3_ws/install/my_first_publisher:/home/aibes/GTI-3B-SBOCK/turtlebot3_ws/install/my_first_node:/opt/ros/foxy PS1=(rosenv) \[\e]0;\u@\h: \w\a\]${debian_chroot:+($debian_chroot)}\[\033[01;32m\]\u@\h\[\033[00m\]:\[\033[01;34m\]\w\[\033[00m\]\$ /usr/bin/cmake /home/aibes/GTI-3B-SBOCK/turtlebot3_ws/src/my_world -DCMAKE_INSTALL_PREFIX=/home/aibes/GTI-3B-SBOCK/turtlebot3_ws/install/my_world
[0.120s] -- The C compiler identification is GNU 9.4.0
[0.215s] -- The CXX compiler identification is GNU 9.4.0
[0.224s] -- Check for working C compiler: /usr/bin/cc
[0.330s] -- Check for working C compiler: /usr/bin/cc -- works
[0.332s] -- Detecting C compiler ABI info
[0.436s] -- Detecting C compiler ABI info - done
[0.461s] -- Detecting C compile features
[0.461s] -- Detecting C compile features - done
[0.465s] -- Check for working CXX compiler: /usr/bin/c++
[0.570s] -- Check for working CXX compiler: /usr/bin/c++ -- works
[0.572s] -- Detecting CXX compiler ABI info
[0.708s] -- Detecting CXX compiler ABI info - done
[0.733s] -- Detecting CXX compile features
[0.734s] -- Detecting CXX compile features - done
[0.739s] -- Found ament_cmake: 0.9.9 (/opt/ros/foxy/share/ament_cmake/cmake)
[0.785s] -- Found PythonInterp: /home/aibes/virtualenvs/rosenv/bin/python3 (found suitable version "3.8.10", minimum required is "3") 
[0.786s] -- Using PYTHON_EXECUTABLE: /home/aibes/virtualenvs/rosenv/bin/python3
[1.060s] -- Found PkgConfig: /usr/bin/pkg-config (found version "0.29.1") 
[1.066s] -- Checking for module 'bullet>=2.82'
[1.088s] --   Found bullet, version 2.88
[1.262s] -- Found ccd: /usr/include (found suitable version "2.0", minimum required is "2.0") 
[1.341s] -- Found fcl: /usr/include (found suitable version "0.5.0", minimum required is "0.3.2") 
[1.420s] -- Found assimp: /usr/include (found version "5.0.0") 
[1.469s] -- Found DART: /usr/include (Required is at least version "6.6") found components: dart 
[1.968s] -- Found Boost: /usr/lib/x86_64-linux-gnu/cmake/Boost-1.71.0/BoostConfig.cmake (found suitable version "1.71.0", minimum required is "1.40.0") found components: thread system filesystem program_options regex iostreams date_time 
[2.008s] -- Found Protobuf: /usr/lib/x86_64-linux-gnu/libprotobuf.so;-lpthread (found version "3.6.1") 
[2.028s] -- Looking for ignition-math6 -- found version 6.9.2
[2.039s] -- Searching for dependencies of ignition-math6
[2.041s] -- Looking for OGRE...
[2.042s] -- OGRE_PREFIX_WATCH changed.
[2.050s] -- Checking for module 'OGRE'
[2.075s] --   Found OGRE, version 1.9.0
[2.126s] -- Found Ogre Ghadamon (1.9.0)
[2.147s] -- Found OGRE: optimized;/usr/lib/x86_64-linux-gnu/libOgreMain.so;debug;/usr/lib/x86_64-linux-gnu/libOgreMain.so
[2.164s] -- Looking for OGRE_Paging...
[2.180s] -- Found OGRE_Paging: optimized;/usr/lib/x86_64-linux-gnu/libOgrePaging.so;debug;/usr/lib/x86_64-linux-gnu/libOgrePaging.so
[2.180s] -- Looking for OGRE_Terrain...
[2.197s] -- Found OGRE_Terrain: optimized;/usr/lib/x86_64-linux-gnu/libOgreTerrain.so;debug;/usr/lib/x86_64-linux-gnu/libOgreTerrain.so
[2.197s] -- Looking for OGRE_Property...
[2.216s] -- Found OGRE_Property: optimized;/usr/lib/x86_64-linux-gnu/libOgreProperty.so;debug;/usr/lib/x86_64-linux-gnu/libOgreProperty.so
[2.217s] -- Looking for OGRE_RTShaderSystem...
[2.235s] -- Found OGRE_RTShaderSystem: optimized;/usr/lib/x86_64-linux-gnu/libOgreRTShaderSystem.so;debug;/usr/lib/x86_64-linux-gnu/libOgreRTShaderSystem.so
[2.236s] -- Looking for OGRE_Volume...
[2.253s] -- Found OGRE_Volume: optimized;/usr/lib/x86_64-linux-gnu/libOgreVolume.so;debug;/usr/lib/x86_64-linux-gnu/libOgreVolume.so
[2.254s] -- Looking for OGRE_Overlay...
[2.271s] -- Found OGRE_Overlay: optimized;/usr/lib/x86_64-linux-gnu/libOgreOverlay.so;debug;/usr/lib/x86_64-linux-gnu/libOgreOverlay.so
[2.630s] -- Looking for ignition-math6 -- found version 6.9.2
[2.634s] -- Looking for ignition-transport8 -- found version 8.2.1
[2.635s] -- Searching for dependencies of ignition-transport8
[2.664s] -- Found Protobuf: /usr/lib/x86_64-linux-gnu/libprotobuf.so;-lpthread (found suitable version "3.6.1", minimum required is "3") 
[2.682s] -- Config-file not installed for ZeroMQ -- checking for pkg-config
[2.689s] -- Checking for module 'libzmq >= 4'
[2.712s] --   Found libzmq , version 4.3.2
[2.772s] -- Found ZeroMQ: TRUE (Required is at least version "4") 
[2.788s] -- Checking for module 'uuid'
[2.817s] --   Found uuid, version 2.34.0
[2.859s] -- Found UUID: TRUE  
[2.863s] -- Looking for ignition-msgs5 -- found version 5.8.1
[2.864s] -- Searching for dependencies of ignition-msgs5
[2.894s] -- Looking for ignition-math6 -- found version 6.9.2
[2.901s] -- Checking for module 'tinyxml2'
[2.932s] --   Found tinyxml2, version 6.2.0
[2.989s] -- Looking for ignition-msgs5 -- found version 5.8.1
[2.993s] -- Looking for ignition-common3 -- found version 3.14.0
[2.994s] -- Searching for dependencies of ignition-common3
[2.994s] -- Looking for dlfcn.h - found
[2.997s] -- Looking for libdl - found
[2.999s] -- Found DL: TRUE  
[3.009s] -- Searching for <ignition-common3> component [graphics]
[3.018s] -- Looking for ignition-common3-graphics -- found version 3.14.0
[3.019s] -- Searching for dependencies of ignition-common3-graphics
[3.020s] -- Looking for ignition-math6 -- found version 6.9.2
[3.026s] -- Looking for ignition-fuel_tools4 -- found version 4.4.0
[3.027s] -- Searching for dependencies of ignition-fuel_tools4
[3.157s] -- Found CURL: /usr/lib/x86_64-linux-gnu/libcurl.so (found version "7.68.0")  
[3.170s] -- Checking for module 'jsoncpp'
[3.192s] --   Found jsoncpp, version 1.7.4
[3.246s] -- Found JSONCPP: TRUE  
[3.257s] -- Checking for module 'libzip'
[3.280s] --   Found libzip, version 1.5.1
[3.334s] -- Found ZIP: TRUE  
[3.335s] -- Looking for ignition-common3 -- found version 3.14.0
[3.336s] -- Looking for ignition-math6 -- found version 6.9.2
[3.336s] -- Looking for ignition-msgs5 -- found version 5.8.1
[3.342s] -- Found gazebo_ros_pkgs: 3.5.3 (/opt/ros/foxy/share/gazebo_ros_pkgs/cmake)
[3.347s] -- Found geometry_msgs: 2.0.5 (/opt/ros/foxy/share/geometry_msgs/cmake)
[3.408s] -- Using all available rosidl_typesupport_c: rosidl_typesupport_fastrtps_c;rosidl_typesupport_introspection_c
[3.424s] -- Found rosidl_adapter: 1.2.1 (/opt/ros/foxy/share/rosidl_adapter/cmake)
[3.552s] -- Found OpenSSL: /usr/lib/x86_64-linux-gnu/libcrypto.so (found version "1.1.1f")  
[3.596s] -- Found FastRTPS: /opt/ros/foxy/include  
[3.738s] -- Using all available rosidl_typesupport_cpp: rosidl_typesupport_fastrtps_cpp;rosidl_typesupport_introspection_cpp
[3.924s] -- Found nav_msgs: 2.0.5 (/opt/ros/foxy/share/nav_msgs/cmake)
[4.074s] -- Found rclcpp: 2.4.1 (/opt/ros/foxy/share/rclcpp/cmake)
[4.173s] -- Found rmw_implementation_cmake: 1.0.3 (/opt/ros/foxy/share/rmw_implementation_cmake/cmake)
[4.177s] -- Using RMW implementation 'rmw_fastrtps_cpp' as default
[4.180s] -- Found Threads: TRUE  
[4.482s] -- Found sensor_msgs: 2.0.5 (/opt/ros/foxy/share/sensor_msgs/cmake)
[4.629s] -- Found tf2: 0.13.13 (/opt/ros/foxy/share/tf2/cmake)
[4.651s] -- Found turtlebot3_gazebo: 2.2.3 (/home/aibes/turtlebot3_ws/install/turtlebot3_gazebo/share/turtlebot3_gazebo/cmake)
[4.984s] -- Configuring done
[5.003s] -- Generating done
[5.008s] -- Build files have been written to: /home/aibes/GTI-3B-SBOCK/turtlebot3_ws/build/my_world
[5.029s] Invoked command in '/home/aibes/GTI-3B-SBOCK/turtlebot3_ws/build/my_world' returned '0': CMAKE_PREFIX_PATH=${CMAKE_PREFIX_PATH}:/home/aibes/turtlebot3_ws/install/show_msg:/home/aibes/turtlebot3_ws/install/provide_map:/home/aibes/turtlebot3_ws/install/my_slam:/home/aibes/turtlebot3_ws/install/my_nav2_system:/home/aibes/turtlebot3_ws/install/my_first_subscriber:/home/aibes/turtlebot3_ws/install/my_first_service:/home/aibes/turtlebot3_ws/install/my_first_publisher:/home/aibes/turtlebot3_ws/install/my_first_node:/home/aibes/GTI-3B-SBOCK/turtlebot3_ws/install/sbock_nav2_system:/home/aibes/GTI-3B-SBOCK/turtlebot3_ws/install/provide_map:/home/aibes/GTI-3B-SBOCK/turtlebot3_ws/install/my_first_publisher:/home/aibes/GTI-3B-SBOCK/turtlebot3_ws/install/my_first_node:/opt/ros/foxy PS1=(rosenv) \[\e]0;\u@\h: \w\a\]${debian_chroot:+($debian_chroot)}\[\033[01;32m\]\u@\h\[\033[00m\]:\[\033[01;34m\]\w\[\033[00m\]\$ /usr/bin/cmake /home/aibes/GTI-3B-SBOCK/turtlebot3_ws/src/my_world -DCMAKE_INSTALL_PREFIX=/home/aibes/GTI-3B-SBOCK/turtlebot3_ws/install/my_world
[5.034s] Invoking command in '/home/aibes/GTI-3B-SBOCK/turtlebot3_ws/build/my_world': CMAKE_PREFIX_PATH=${CMAKE_PREFIX_PATH}:/home/aibes/turtlebot3_ws/install/show_msg:/home/aibes/turtlebot3_ws/install/provide_map:/home/aibes/turtlebot3_ws/install/my_slam:/home/aibes/turtlebot3_ws/install/my_nav2_system:/home/aibes/turtlebot3_ws/install/my_first_subscriber:/home/aibes/turtlebot3_ws/install/my_first_service:/home/aibes/turtlebot3_ws/install/my_first_publisher:/home/aibes/turtlebot3_ws/install/my_first_node:/home/aibes/GTI-3B-SBOCK/turtlebot3_ws/install/sbock_nav2_system:/home/aibes/GTI-3B-SBOCK/turtlebot3_ws/install/provide_map:/home/aibes/GTI-3B-SBOCK/turtlebot3_ws/install/my_first_publisher:/home/aibes/GTI-3B-SBOCK/turtlebot3_ws/install/my_first_node:/opt/ros/foxy PS1=(rosenv) \[\e]0;\u@\h: \w\a\]${debian_chroot:+($debian_chroot)}\[\033[01;32m\]\u@\h\[\033[00m\]:\[\033[01;34m\]\w\[\033[00m\]\$ /usr/bin/cmake --build /home/aibes/GTI-3B-SBOCK/turtlebot3_ws/build/my_world -- -j6 -l6
[5.093s] [35m[1mScanning dependencies of target turtlebot3_drive[0m
[5.188s] [ 50%] [32mBuilding CXX object CMakeFiles/turtlebot3_drive.dir/src/turtlebot3_drive.cpp.o[0m
[14.754s] [100%] [32m[1mLinking CXX executable turtlebot3_drive[0m
[15.199s] [100%] Built target turtlebot3_drive
[15.214s] Invoked command in '/home/aibes/GTI-3B-SBOCK/turtlebot3_ws/build/my_world' returned '0': CMAKE_PREFIX_PATH=${CMAKE_PREFIX_PATH}:/home/aibes/turtlebot3_ws/install/show_msg:/home/aibes/turtlebot3_ws/install/provide_map:/home/aibes/turtlebot3_ws/install/my_slam:/home/aibes/turtlebot3_ws/install/my_nav2_system:/home/aibes/turtlebot3_ws/install/my_first_subscriber:/home/aibes/turtlebot3_ws/install/my_first_service:/home/aibes/turtlebot3_ws/install/my_first_publisher:/home/aibes/turtlebot3_ws/install/my_first_node:/home/aibes/GTI-3B-SBOCK/turtlebot3_ws/install/sbock_nav2_system:/home/aibes/GTI-3B-SBOCK/turtlebot3_ws/install/provide_map:/home/aibes/GTI-3B-SBOCK/turtlebot3_ws/install/my_first_publisher:/home/aibes/GTI-3B-SBOCK/turtlebot3_ws/install/my_first_node:/opt/ros/foxy PS1=(rosenv) \[\e]0;\u@\h: \w\a\]${debian_chroot:+($debian_chroot)}\[\033[01;32m\]\u@\h\[\033[00m\]:\[\033[01;34m\]\w\[\033[00m\]\$ /usr/bin/cmake --build /home/aibes/GTI-3B-SBOCK/turtlebot3_ws/build/my_world -- -j6 -l6
[15.263s] Invoking command in '/home/aibes/GTI-3B-SBOCK/turtlebot3_ws/build/my_world': CMAKE_PREFIX_PATH=${CMAKE_PREFIX_PATH}:/home/aibes/turtlebot3_ws/install/show_msg:/home/aibes/turtlebot3_ws/install/provide_map:/home/aibes/turtlebot3_ws/install/my_slam:/home/aibes/turtlebot3_ws/install/my_nav2_system:/home/aibes/turtlebot3_ws/install/my_first_subscriber:/home/aibes/turtlebot3_ws/install/my_first_service:/home/aibes/turtlebot3_ws/install/my_first_publisher:/home/aibes/turtlebot3_ws/install/my_first_node:/home/aibes/GTI-3B-SBOCK/turtlebot3_ws/install/sbock_nav2_system:/home/aibes/GTI-3B-SBOCK/turtlebot3_ws/install/provide_map:/home/aibes/GTI-3B-SBOCK/turtlebot3_ws/install/my_first_publisher:/home/aibes/GTI-3B-SBOCK/turtlebot3_ws/install/my_first_node:/opt/ros/foxy PS1=(rosenv) \[\e]0;\u@\h: \w\a\]${debian_chroot:+($debian_chroot)}\[\033[01;32m\]\u@\h\[\033[00m\]:\[\033[01;34m\]\w\[\033[00m\]\$ /usr/bin/cmake --install /home/aibes/GTI-3B-SBOCK/turtlebot3_ws/build/my_world
[15.275s] -- Install configuration: ""
[15.277s] -- Installing: /home/aibes/GTI-3B-SBOCK/turtlebot3_ws/install/my_world/lib/my_world/turtlebot3_drive
[15.278s] -- Set runtime path of "/home/aibes/GTI-3B-SBOCK/turtlebot3_ws/install/my_world/lib/my_world/turtlebot3_drive" to ""
[15.278s] -- Installing: /home/aibes/GTI-3B-SBOCK/turtlebot3_ws/install/my_world/share/my_world//launch
[15.279s] -- Installing: /home/aibes/GTI-3B-SBOCK/turtlebot3_ws/install/my_world/share/my_world//launch/turtlebot3_my_world.launch.py
[15.279s] -- Installing: /home/aibes/GTI-3B-SBOCK/turtlebot3_ws/install/my_world/share/my_world//models
[15.280s] -- Installing: /home/aibes/GTI-3B-SBOCK/turtlebot3_ws/install/my_world/share/my_world//models/turtlebot3_burger
[15.280s] -- Installing: /home/aibes/GTI-3B-SBOCK/turtlebot3_ws/install/my_world/share/my_world//models/turtlebot3_burger/model-1_4.sdf
[15.280s] -- Installing: /home/aibes/GTI-3B-SBOCK/turtlebot3_ws/install/my_world/share/my_world//models/turtlebot3_burger/model.config
[15.280s] -- Installing: /home/aibes/GTI-3B-SBOCK/turtlebot3_ws/install/my_world/share/my_world//models/turtlebot3_burger/meshes
[15.280s] -- Installing: /home/aibes/GTI-3B-SBOCK/turtlebot3_ws/install/my_world/share/my_world//models/turtlebot3_burger/meshes/lds.dae
[15.281s] -- Installing: /home/aibes/GTI-3B-SBOCK/turtlebot3_ws/install/my_world/share/my_world//models/turtlebot3_burger/meshes/burger_base.dae
[15.281s] -- Installing: /home/aibes/GTI-3B-SBOCK/turtlebot3_ws/install/my_world/share/my_world//models/turtlebot3_burger/meshes/tire.dae
[15.281s] -- Installing: /home/aibes/GTI-3B-SBOCK/turtlebot3_ws/install/my_world/share/my_world//models/turtlebot3_burger/model.sdf
[15.282s] -- Installing: /home/aibes/GTI-3B-SBOCK/turtlebot3_ws/install/my_world/share/my_world//models/my_world
[15.282s] -- Installing: /home/aibes/GTI-3B-SBOCK/turtlebot3_ws/install/my_world/share/my_world//models/my_world/model.config
[15.282s] -- Installing: /home/aibes/GTI-3B-SBOCK/turtlebot3_ws/install/my_world/share/my_world//models/my_world/model.sdf
[15.286s] -- Installing: /home/aibes/GTI-3B-SBOCK/turtlebot3_ws/install/my_world/share/my_world//world
[15.286s] -- Installing: /home/aibes/GTI-3B-SBOCK/turtlebot3_ws/install/my_world/share/my_world//world/burger.model
[15.287s] CMake Error at cmake_install.cmake:69 (file):
[15.287s]   file INSTALL cannot find
[15.287s]   "/home/aibes/GTI-3B-SBOCK/turtlebot3_ws/src/my_world/include": No such file
[15.287s]   or directory.
[15.287s] 
[15.287s] 
[15.288s] Invoked command in '/home/aibes/GTI-3B-SBOCK/turtlebot3_ws/build/my_world' returned '1': CMAKE_PREFIX_PATH=${CMAKE_PREFIX_PATH}:/home/aibes/turtlebot3_ws/install/show_msg:/home/aibes/turtlebot3_ws/install/provide_map:/home/aibes/turtlebot3_ws/install/my_slam:/home/aibes/turtlebot3_ws/install/my_nav2_system:/home/aibes/turtlebot3_ws/install/my_first_subscriber:/home/aibes/turtlebot3_ws/install/my_first_service:/home/aibes/turtlebot3_ws/install/my_first_publisher:/home/aibes/turtlebot3_ws/install/my_first_node:/home/aibes/GTI-3B-SBOCK/turtlebot3_ws/install/sbock_nav2_system:/home/aibes/GTI-3B-SBOCK/turtlebot3_ws/install/provide_map:/home/aibes/GTI-3B-SBOCK/turtlebot3_ws/install/my_first_publisher:/home/aibes/GTI-3B-SBOCK/turtlebot3_ws/install/my_first_node:/opt/ros/foxy PS1=(rosenv) \[\e]0;\u@\h: \w\a\]${debian_chroot:+($debian_chroot)}\[\033[01;32m\]\u@\h\[\033[00m\]:\[\033[01;34m\]\w\[\033[00m\]\$ /usr/bin/cmake --install /home/aibes/GTI-3B-SBOCK/turtlebot3_ws/build/my_world
