[1.057s] Invoking command in '/home/aibes/GTI-3B-SBOCK/turtlebot3_ws/src/sbock/sbock_nav_position': PS1=(rosenv) \[\e]0;\u@\h: \w\a\]${debian_chroot:+($debian_chroot)}\[\033[01;32m\]\u@\h\[\033[00m\]:\[\033[01;34m\]\w\[\033[00m\]\$ PYTHONPATH=/home/aibes/GTI-3B-SBOCK/turtlebot3_ws/install/sbock_nav_position/lib/python3.8/site-packages:${PYTHONPATH} /usr/bin/python3 setup.py egg_info --egg-base ../../../build/sbock_nav_position build --build-base /home/aibes/GTI-3B-SBOCK/turtlebot3_ws/build/sbock_nav_position/build install --prefix /home/aibes/GTI-3B-SBOCK/turtlebot3_ws/install/sbock_nav_position --record /home/aibes/GTI-3B-SBOCK/turtlebot3_ws/build/sbock_nav_position/install.log --single-version-externally-managed
[1.406s] running egg_info
[1.407s] writing ../../../build/sbock_nav_position/sbock_nav_position.egg-info/PKG-INFO
[1.407s] writing dependency_links to ../../../build/sbock_nav_position/sbock_nav_position.egg-info/dependency_links.txt
[1.408s] writing entry points to ../../../build/sbock_nav_position/sbock_nav_position.egg-info/entry_points.txt
[1.408s] writing requirements to ../../../build/sbock_nav_position/sbock_nav_position.egg-info/requires.txt
[1.408s] writing top-level names to ../../../build/sbock_nav_position/sbock_nav_position.egg-info/top_level.txt
[1.474s] reading manifest file '../../../build/sbock_nav_position/sbock_nav_position.egg-info/SOURCES.txt'
[1.475s] writing manifest file '../../../build/sbock_nav_position/sbock_nav_position.egg-info/SOURCES.txt'
[1.476s] running build
[1.476s] running build_py
[1.476s] copying sbock_nav_position/nav_to_pose.py -> /home/aibes/GTI-3B-SBOCK/turtlebot3_ws/build/sbock_nav_position/build/lib/sbock_nav_position
[1.476s] running install
[1.477s] running install_lib
[1.479s] copying /home/aibes/GTI-3B-SBOCK/turtlebot3_ws/build/sbock_nav_position/build/lib/sbock_nav_position/nav_to_pose.py -> /home/aibes/GTI-3B-SBOCK/turtlebot3_ws/install/sbock_nav_position/lib/python3.8/site-packages/sbock_nav_position
[1.480s] byte-compiling /home/aibes/GTI-3B-SBOCK/turtlebot3_ws/install/sbock_nav_position/lib/python3.8/site-packages/sbock_nav_position/nav_to_pose.py to nav_to_pose.cpython-38.pyc
[1.482s] running install_data
[1.483s] running install_egg_info
[1.485s] removing '/home/aibes/GTI-3B-SBOCK/turtlebot3_ws/install/sbock_nav_position/lib/python3.8/site-packages/sbock_nav_position-0.0.0-py3.8.egg-info' (and everything under it)
[1.486s] Copying ../../../build/sbock_nav_position/sbock_nav_position.egg-info to /home/aibes/GTI-3B-SBOCK/turtlebot3_ws/install/sbock_nav_position/lib/python3.8/site-packages/sbock_nav_position-0.0.0-py3.8.egg-info
[1.487s] running install_scripts
[1.513s] Installing initial_pose_pub script to /home/aibes/GTI-3B-SBOCK/turtlebot3_ws/install/sbock_nav_position/lib/sbock_nav_position
[1.514s] Installing nav_to_pose script to /home/aibes/GTI-3B-SBOCK/turtlebot3_ws/install/sbock_nav_position/lib/sbock_nav_position
[1.514s] writing list of installed files to '/home/aibes/GTI-3B-SBOCK/turtlebot3_ws/build/sbock_nav_position/install.log'
[1.543s] Invoked command in '/home/aibes/GTI-3B-SBOCK/turtlebot3_ws/src/sbock/sbock_nav_position' returned '0': PS1=(rosenv) \[\e]0;\u@\h: \w\a\]${debian_chroot:+($debian_chroot)}\[\033[01;32m\]\u@\h\[\033[00m\]:\[\033[01;34m\]\w\[\033[00m\]\$ PYTHONPATH=/home/aibes/GTI-3B-SBOCK/turtlebot3_ws/install/sbock_nav_position/lib/python3.8/site-packages:${PYTHONPATH} /usr/bin/python3 setup.py egg_info --egg-base ../../../build/sbock_nav_position build --build-base /home/aibes/GTI-3B-SBOCK/turtlebot3_ws/build/sbock_nav_position/build install --prefix /home/aibes/GTI-3B-SBOCK/turtlebot3_ws/install/sbock_nav_position --record /home/aibes/GTI-3B-SBOCK/turtlebot3_ws/build/sbock_nav_position/install.log --single-version-externally-managed
