[0.043s] Invoking command in '/home/pere/GTI-3B-SBOCK/turtlebot3_ws/build/turtlebot3_gazebo': CMAKE_PREFIX_PATH=${CMAKE_PREFIX_PATH}:/home/pere/GTI-3B-SBOCK/turtlebot3_ws/install/my_first_publisher:/home/pere/GTI-3B-SBOCK/turtlebot3_ws/install/my_first_node:/opt/ros/foxy PS1=(rosenv) \[\e]0;\u@\h: \w\a\]${debian_chroot:+($debian_chroot)}\[\033[01;32m\]\u@\h\[\033[00m\]:\[\033[01;34m\]\w\[\033[00m\]\$ /usr/bin/cmake /home/pere/GTI-3B-SBOCK/turtlebot3_ws/src/turtlebot3_simulations/turtlebot3_gazebo -DCMAKE_INSTALL_PREFIX=/home/pere/GTI-3B-SBOCK/turtlebot3_ws/install/turtlebot3_gazebo
[0.697s] -- The C compiler identification is GNU 9.4.0
[0.697s] -- The CXX compiler identification is GNU 9.4.0
[0.697s] -- Check for working C compiler: /usr/bin/cc
[0.697s] -- Check for working C compiler: /usr/bin/cc -- works
[0.697s] -- Detecting C compiler ABI info
[0.697s] -- Detecting C compiler ABI info - done
[0.698s] -- Detecting C compile features
[0.698s] -- Detecting C compile features - done
[0.698s] -- Check for working CXX compiler: /usr/bin/c++
[0.698s] -- Check for working CXX compiler: /usr/bin/c++ -- works
[0.698s] -- Detecting CXX compiler ABI info
[0.824s] -- Detecting CXX compiler ABI info - done
[0.843s] -- Detecting CXX compile features
[0.844s] -- Detecting CXX compile features - done
[0.848s] -- Found ament_cmake: 0.9.9 (/opt/ros/foxy/share/ament_cmake/cmake)
[0.888s] -- Found PythonInterp: /usr/bin/python3 (found suitable version "3.8.10", minimum required is "3") 
[0.888s] -- Using PYTHON_EXECUTABLE: /usr/bin/python3
[1.253s] -- Found PkgConfig: /usr/bin/pkg-config (found version "0.29.1") 
[1.261s] -- Checking for module 'bullet>=2.82'
[1.292s] --   Found bullet, version 2.88
[1.531s] -- Found ccd: /usr/include (found suitable version "2.0", minimum required is "2.0") 
[1.628s] -- Found fcl: /usr/include (found suitable version "0.5.0", minimum required is "0.3.2") 
[1.722s] -- Found assimp: /usr/include (found version "5.0.0") 
[1.776s] -- Found DART: /usr/include (Required is at least version "6.6") found components: dart 
[2.245s] -- Found Boost: /usr/lib/x86_64-linux-gnu/cmake/Boost-1.71.0/BoostConfig.cmake (found suitable version "1.71.0", minimum required is "1.40.0") found components: thread system filesystem program_options regex iostreams date_time 
[2.285s] -- Found Protobuf: /usr/lib/x86_64-linux-gnu/libprotobuf.so;-lpthread (found version "3.6.1") 
[2.293s] -- Looking for ignition-math6 -- found version 6.9.2
[2.307s] -- Searching for dependencies of ignition-math6
[2.311s] -- Looking for OGRE...
[2.312s] -- OGRE_PREFIX_WATCH changed.
[2.319s] -- Checking for module 'OGRE'
[2.339s] --   Found OGRE, version 1.9.0
[2.403s] -- Found Ogre Ghadamon (1.9.0)
[2.423s] -- Found OGRE: optimized;/usr/lib/x86_64-linux-gnu/libOgreMain.so;debug;/usr/lib/x86_64-linux-gnu/libOgreMain.so
[2.443s] -- Looking for OGRE_Paging...
[2.453s] -- Found OGRE_Paging: optimized;/usr/lib/x86_64-linux-gnu/libOgrePaging.so;debug;/usr/lib/x86_64-linux-gnu/libOgrePaging.so
[2.453s] -- Looking for OGRE_Terrain...
[2.467s] -- Found OGRE_Terrain: optimized;/usr/lib/x86_64-linux-gnu/libOgreTerrain.so;debug;/usr/lib/x86_64-linux-gnu/libOgreTerrain.so
[2.468s] -- Looking for OGRE_Property...
[2.484s] -- Found OGRE_Property: optimized;/usr/lib/x86_64-linux-gnu/libOgreProperty.so;debug;/usr/lib/x86_64-linux-gnu/libOgreProperty.so
[2.484s] -- Looking for OGRE_RTShaderSystem...
[2.496s] -- Found OGRE_RTShaderSystem: optimized;/usr/lib/x86_64-linux-gnu/libOgreRTShaderSystem.so;debug;/usr/lib/x86_64-linux-gnu/libOgreRTShaderSystem.so
[2.496s] -- Looking for OGRE_Volume...
[2.514s] -- Found OGRE_Volume: optimized;/usr/lib/x86_64-linux-gnu/libOgreVolume.so;debug;/usr/lib/x86_64-linux-gnu/libOgreVolume.so
[2.514s] -- Looking for OGRE_Overlay...
[2.533s] -- Found OGRE_Overlay: optimized;/usr/lib/x86_64-linux-gnu/libOgreOverlay.so;debug;/usr/lib/x86_64-linux-gnu/libOgreOverlay.so
[2.850s] -- Looking for ignition-math6 -- found version 6.9.2
[2.854s] -- Looking for ignition-transport8 -- found version 8.2.1
[2.854s] -- Searching for dependencies of ignition-transport8
[2.884s] -- Found Protobuf: /usr/lib/x86_64-linux-gnu/libprotobuf.so;-lpthread (found suitable version "3.6.1", minimum required is "3") 
[2.903s] -- Config-file not installed for ZeroMQ -- checking for pkg-config
[2.910s] -- Checking for module 'libzmq >= 4'
[2.934s] --   Found libzmq , version 4.3.2
[2.991s] -- Found ZeroMQ: TRUE (Required is at least version "4") 
[3.001s] -- Checking for module 'uuid'
[3.029s] --   Found uuid, version 2.34.0
[3.090s] -- Found UUID: TRUE  
[3.094s] -- Looking for ignition-msgs5 -- found version 5.8.1
[3.095s] -- Searching for dependencies of ignition-msgs5
[3.125s] -- Looking for ignition-math6 -- found version 6.9.2
[3.134s] -- Checking for module 'tinyxml2'
[3.157s] --   Found tinyxml2, version 6.2.0
[3.206s] -- Looking for ignition-msgs5 -- found version 5.8.1
[3.209s] -- Looking for ignition-common3 -- found version 3.14.0
[3.210s] -- Searching for dependencies of ignition-common3
[3.211s] -- Looking for dlfcn.h - found
[3.213s] -- Looking for libdl - found
[3.215s] -- Found DL: TRUE  
[3.226s] -- Searching for <ignition-common3> component [graphics]
[3.230s] -- Looking for ignition-common3-graphics -- found version 3.14.0
[3.231s] -- Searching for dependencies of ignition-common3-graphics
[3.232s] -- Looking for ignition-math6 -- found version 6.9.2
[3.239s] -- Looking for ignition-fuel_tools4 -- found version 4.4.0
[3.239s] -- Searching for dependencies of ignition-fuel_tools4
[3.351s] -- Found CURL: /usr/lib/x86_64-linux-gnu/libcurl.so (found version "7.68.0")  
[3.366s] -- Checking for module 'jsoncpp'
[3.387s] --   Found jsoncpp, version 1.7.4
[3.442s] -- Found JSONCPP: TRUE  
[3.453s] -- Checking for module 'libzip'
[3.477s] --   Found libzip, version 1.5.1
[3.533s] -- Found ZIP: TRUE  
[3.534s] -- Looking for ignition-common3 -- found version 3.14.0
[3.535s] -- Looking for ignition-math6 -- found version 6.9.2
[3.535s] -- Looking for ignition-msgs5 -- found version 5.8.1
[3.541s] -- Found gazebo_ros_pkgs: 3.5.3 (/opt/ros/foxy/share/gazebo_ros_pkgs/cmake)
[3.544s] -- Found geometry_msgs: 2.0.5 (/opt/ros/foxy/share/geometry_msgs/cmake)
[3.576s] -- Using all available rosidl_typesupport_c: rosidl_typesupport_fastrtps_c;rosidl_typesupport_introspection_c
[3.588s] -- Found rosidl_adapter: 1.2.1 (/opt/ros/foxy/share/rosidl_adapter/cmake)
[3.714s] -- Found OpenSSL: /usr/lib/x86_64-linux-gnu/libcrypto.so (found version "1.1.1f")  
[3.753s] -- Found FastRTPS: /opt/ros/foxy/include  
[3.861s] -- Using all available rosidl_typesupport_cpp: rosidl_typesupport_fastrtps_cpp;rosidl_typesupport_introspection_cpp
[3.986s] -- Found nav_msgs: 2.0.5 (/opt/ros/foxy/share/nav_msgs/cmake)
[4.089s] -- Found rclcpp: 2.4.1 (/opt/ros/foxy/share/rclcpp/cmake)
[4.144s] -- Found rmw_implementation_cmake: 1.0.3 (/opt/ros/foxy/share/rmw_implementation_cmake/cmake)
[4.146s] -- Using RMW implementation 'rmw_fastrtps_cpp' as default
[4.148s] -- Found Threads: TRUE  
[4.340s] -- Found sensor_msgs: 2.0.5 (/opt/ros/foxy/share/sensor_msgs/cmake)
[4.439s] -- Found tf2: 0.13.13 (/opt/ros/foxy/share/tf2/cmake)
[4.555s] -- Configuring done
[4.661s] -- Generating done
[4.666s] -- Build files have been written to: /home/pere/GTI-3B-SBOCK/turtlebot3_ws/build/turtlebot3_gazebo
[4.689s] Invoked command in '/home/pere/GTI-3B-SBOCK/turtlebot3_ws/build/turtlebot3_gazebo' returned '0': CMAKE_PREFIX_PATH=${CMAKE_PREFIX_PATH}:/home/pere/GTI-3B-SBOCK/turtlebot3_ws/install/my_first_publisher:/home/pere/GTI-3B-SBOCK/turtlebot3_ws/install/my_first_node:/opt/ros/foxy PS1=(rosenv) \[\e]0;\u@\h: \w\a\]${debian_chroot:+($debian_chroot)}\[\033[01;32m\]\u@\h\[\033[00m\]:\[\033[01;34m\]\w\[\033[00m\]\$ /usr/bin/cmake /home/pere/GTI-3B-SBOCK/turtlebot3_ws/src/turtlebot3_simulations/turtlebot3_gazebo -DCMAKE_INSTALL_PREFIX=/home/pere/GTI-3B-SBOCK/turtlebot3_ws/install/turtlebot3_gazebo
[4.694s] Invoking command in '/home/pere/GTI-3B-SBOCK/turtlebot3_ws/build/turtlebot3_gazebo': CMAKE_PREFIX_PATH=${CMAKE_PREFIX_PATH}:/home/pere/GTI-3B-SBOCK/turtlebot3_ws/install/my_first_publisher:/home/pere/GTI-3B-SBOCK/turtlebot3_ws/install/my_first_node:/opt/ros/foxy PS1=(rosenv) \[\e]0;\u@\h: \w\a\]${debian_chroot:+($debian_chroot)}\[\033[01;32m\]\u@\h\[\033[00m\]:\[\033[01;34m\]\w\[\033[00m\]\$ /usr/bin/cmake --build /home/pere/GTI-3B-SBOCK/turtlebot3_ws/build/turtlebot3_gazebo -- -j4 -l4
[4.768s] [35m[1mScanning dependencies of target turtlebot3_drive[0m
[4.770s] [35m[1mScanning dependencies of target obstacles[0m
[4.779s] [35m[1mScanning dependencies of target obstacle1[0m
[4.787s] [35m[1mScanning dependencies of target obstacle2[0m
[4.873s] [ 12%] [32mBuilding CXX object CMakeFiles/turtlebot3_drive.dir/src/turtlebot3_drive.cpp.o[0m
[5.218s] [ 37%] [32mBuilding CXX object CMakeFiles/obstacle1.dir/models/turtlebot3_dqn_world/obstacle_plugin/obstacle1.cc.o[0m
[5.218s] [ 37%] [32mBuilding CXX object CMakeFiles/obstacles.dir/models/turtlebot3_dqn_world/obstacle_plugin/obstacles.cc.o[0m
[5.221s] [ 50%] [32mBuilding CXX object CMakeFiles/obstacle2.dir/models/turtlebot3_dqn_world/obstacle_plugin/obstacle2.cc.o[0m
[21.241s] [ 62%] [32m[1mLinking CXX executable turtlebot3_drive[0m
[22.029s] [ 62%] Built target turtlebot3_drive
[25.858s] [ 75%] [32m[1mLinking CXX shared library libobstacles.so[0m
[26.336s] [ 75%] Built target obstacles
[27.222s] [ 87%] [32m[1mLinking CXX shared library libobstacle1.so[0m
[27.739s] [ 87%] Built target obstacle1
[27.844s] [100%] [32m[1mLinking CXX shared library libobstacle2.so[0m
[28.211s] [100%] Built target obstacle2
