[0.056s] Invoking command in '/home/aibes/GTI-3B-SBOCK/turtlebot3_ws/build/turtlebot3_gazebo': CMAKE_PREFIX_PATH=${CMAKE_PREFIX_PATH}:/home/aibes/turtlebot3_ws/install/show_msg:/home/aibes/turtlebot3_ws/install/provide_map:/home/aibes/turtlebot3_ws/install/my_slam:/home/aibes/turtlebot3_ws/install/my_nav2_system:/home/aibes/turtlebot3_ws/install/my_first_subscriber:/home/aibes/turtlebot3_ws/install/my_first_service:/home/aibes/turtlebot3_ws/install/my_first_publisher:/home/aibes/turtlebot3_ws/install/my_first_node:/home/aibes/turtlebot3_ws/install/my_first_action:/home/aibes/GTI-3B-SBOCK/turtlebot3_ws/install/sbock_robot_position_subscriber:/home/aibes/GTI-3B-SBOCK/turtlebot3_ws/install/sbock_position_publisher:/home/aibes/GTI-3B-SBOCK/turtlebot3_ws/install/sbock_nav_route:/home/aibes/GTI-3B-SBOCK/turtlebot3_ws/install/sbock_nav_position:/home/aibes/GTI-3B-SBOCK/turtlebot3_ws/install/provide_map:/opt/ros/foxy PS1=(rosenv) \[\e]0;\u@\h: \w\a\]${debian_chroot:+($debian_chroot)}\[\033[01;32m\]\u@\h\[\033[00m\]:\[\033[01;34m\]\w\[\033[00m\]\$ /usr/bin/cmake /home/aibes/GTI-3B-SBOCK/turtlebot3_ws/src/turtlebot3_simulations/turtlebot3_gazebo -DCMAKE_INSTALL_PREFIX=/home/aibes/GTI-3B-SBOCK/turtlebot3_ws/install/turtlebot3_gazebo
[0.161s] -- The C compiler identification is GNU 9.4.0
[0.256s] -- The CXX compiler identification is GNU 9.4.0
[0.266s] -- Check for working C compiler: /usr/bin/cc
[0.359s] -- Check for working C compiler: /usr/bin/cc -- works
[0.361s] -- Detecting C compiler ABI info
[0.461s] -- Detecting C compiler ABI info - done
[0.484s] -- Detecting C compile features
[0.485s] -- Detecting C compile features - done
[0.489s] -- Check for working CXX compiler: /usr/bin/c++
[0.600s] -- Check for working CXX compiler: /usr/bin/c++ -- works
[0.601s] -- Detecting CXX compiler ABI info
[0.729s] -- Detecting CXX compiler ABI info - done
[0.755s] -- Detecting CXX compile features
[0.756s] -- Detecting CXX compile features - done
[0.762s] -- Found ament_cmake: 0.9.9 (/opt/ros/foxy/share/ament_cmake/cmake)
[0.806s] -- Found PythonInterp: /home/aibes/virtualenvs/rosenv/bin/python3 (found suitable version "3.8.10", minimum required is "3") 
[0.807s] -- Using PYTHON_EXECUTABLE: /home/aibes/virtualenvs/rosenv/bin/python3
[1.076s] -- Found PkgConfig: /usr/bin/pkg-config (found version "0.29.1") 
[1.084s] -- Checking for module 'bullet>=2.82'
[1.105s] --   Found bullet, version 2.88
[1.284s] -- Found ccd: /usr/include (found suitable version "2.0", minimum required is "2.0") 
[1.364s] -- Found fcl: /usr/include (found suitable version "0.5.0", minimum required is "0.3.2") 
[1.442s] -- Found assimp: /usr/include (found version "5.0.0") 
[1.489s] -- Found DART: /usr/include (Required is at least version "6.6") found components: dart 
[1.922s] -- Found Boost: /usr/lib/x86_64-linux-gnu/cmake/Boost-1.71.0/BoostConfig.cmake (found suitable version "1.71.0", minimum required is "1.40.0") found components: thread system filesystem program_options regex iostreams date_time 
[1.963s] -- Found Protobuf: /usr/lib/x86_64-linux-gnu/libprotobuf.so;-lpthread (found version "3.6.1") 
[1.973s] -- Looking for ignition-math6 -- found version 6.9.2
[1.984s] -- Searching for dependencies of ignition-math6
[1.987s] -- Looking for OGRE...
[1.988s] -- OGRE_PREFIX_WATCH changed.
[1.995s] -- Checking for module 'OGRE'
[2.018s] --   Found OGRE, version 1.9.0
[2.077s] -- Found Ogre Ghadamon (1.9.0)
[2.097s] -- Found OGRE: optimized;/usr/lib/x86_64-linux-gnu/libOgreMain.so;debug;/usr/lib/x86_64-linux-gnu/libOgreMain.so
[2.114s] -- Looking for OGRE_Paging...
[2.132s] -- Found OGRE_Paging: optimized;/usr/lib/x86_64-linux-gnu/libOgrePaging.so;debug;/usr/lib/x86_64-linux-gnu/libOgrePaging.so
[2.132s] -- Looking for OGRE_Terrain...
[2.150s] -- Found OGRE_Terrain: optimized;/usr/lib/x86_64-linux-gnu/libOgreTerrain.so;debug;/usr/lib/x86_64-linux-gnu/libOgreTerrain.so
[2.151s] -- Looking for OGRE_Property...
[2.170s] -- Found OGRE_Property: optimized;/usr/lib/x86_64-linux-gnu/libOgreProperty.so;debug;/usr/lib/x86_64-linux-gnu/libOgreProperty.so
[2.170s] -- Looking for OGRE_RTShaderSystem...
[2.189s] -- Found OGRE_RTShaderSystem: optimized;/usr/lib/x86_64-linux-gnu/libOgreRTShaderSystem.so;debug;/usr/lib/x86_64-linux-gnu/libOgreRTShaderSystem.so
[2.190s] -- Looking for OGRE_Volume...
[2.208s] -- Found OGRE_Volume: optimized;/usr/lib/x86_64-linux-gnu/libOgreVolume.so;debug;/usr/lib/x86_64-linux-gnu/libOgreVolume.so
[2.208s] -- Looking for OGRE_Overlay...
[2.225s] -- Found OGRE_Overlay: optimized;/usr/lib/x86_64-linux-gnu/libOgreOverlay.so;debug;/usr/lib/x86_64-linux-gnu/libOgreOverlay.so
[2.599s] -- Looking for ignition-math6 -- found version 6.9.2
[2.603s] -- Looking for ignition-transport8 -- found version 8.2.1
[2.604s] -- Searching for dependencies of ignition-transport8
[2.631s] -- Found Protobuf: /usr/lib/x86_64-linux-gnu/libprotobuf.so;-lpthread (found suitable version "3.6.1", minimum required is "3") 
[2.647s] -- Config-file not installed for ZeroMQ -- checking for pkg-config
[2.655s] -- Checking for module 'libzmq >= 4'
[2.682s] --   Found libzmq , version 4.3.2
[2.741s] -- Found ZeroMQ: TRUE (Required is at least version "4") 
[2.750s] -- Checking for module 'uuid'
[2.775s] --   Found uuid, version 2.34.0
[2.834s] -- Found UUID: TRUE  
[2.838s] -- Looking for ignition-msgs5 -- found version 5.8.1
[2.839s] -- Searching for dependencies of ignition-msgs5
[2.868s] -- Looking for ignition-math6 -- found version 6.9.2
[2.876s] -- Checking for module 'tinyxml2'
[2.902s] --   Found tinyxml2, version 6.2.0
[2.960s] -- Looking for ignition-msgs5 -- found version 5.8.1
[2.965s] -- Looking for ignition-common3 -- found version 3.14.0
[2.965s] -- Searching for dependencies of ignition-common3
[2.966s] -- Looking for dlfcn.h - found
[2.969s] -- Looking for libdl - found
[2.971s] -- Found DL: TRUE  
[2.981s] -- Searching for <ignition-common3> component [graphics]
[2.986s] -- Looking for ignition-common3-graphics -- found version 3.14.0
[2.986s] -- Searching for dependencies of ignition-common3-graphics
[2.987s] -- Looking for ignition-math6 -- found version 6.9.2
[2.993s] -- Looking for ignition-fuel_tools4 -- found version 4.4.0
[2.993s] -- Searching for dependencies of ignition-fuel_tools4
[3.108s] -- Found CURL: /usr/lib/x86_64-linux-gnu/libcurl.so (found version "7.68.0")  
[3.122s] -- Checking for module 'jsoncpp'
[3.146s] --   Found jsoncpp, version 1.7.4
[3.203s] -- Found JSONCPP: TRUE  
[3.214s] -- Checking for module 'libzip'
[3.239s] --   Found libzip, version 1.5.1
[3.299s] -- Found ZIP: TRUE  
[3.300s] -- Looking for ignition-common3 -- found version 3.14.0
[3.301s] -- Looking for ignition-math6 -- found version 6.9.2
[3.301s] -- Looking for ignition-msgs5 -- found version 5.8.1
[3.307s] -- Found gazebo_ros_pkgs: 3.5.3 (/opt/ros/foxy/share/gazebo_ros_pkgs/cmake)
[3.310s] -- Found geometry_msgs: 2.0.5 (/opt/ros/foxy/share/geometry_msgs/cmake)
[3.368s] -- Using all available rosidl_typesupport_c: rosidl_typesupport_fastrtps_c;rosidl_typesupport_introspection_c
[3.386s] -- Found rosidl_adapter: 1.2.1 (/opt/ros/foxy/share/rosidl_adapter/cmake)
[3.527s] -- Found OpenSSL: /usr/lib/x86_64-linux-gnu/libcrypto.so (found version "1.1.1f")  
[3.572s] -- Found FastRTPS: /opt/ros/foxy/include  
[3.713s] -- Using all available rosidl_typesupport_cpp: rosidl_typesupport_fastrtps_cpp;rosidl_typesupport_introspection_cpp
[3.883s] -- Found nav_msgs: 2.0.5 (/opt/ros/foxy/share/nav_msgs/cmake)
[4.024s] -- Found rclcpp: 2.4.1 (/opt/ros/foxy/share/rclcpp/cmake)
[4.113s] -- Found rmw_implementation_cmake: 1.0.3 (/opt/ros/foxy/share/rmw_implementation_cmake/cmake)
[4.117s] -- Using RMW implementation 'rmw_fastrtps_cpp' as default
[4.120s] -- Found Threads: TRUE  
[4.398s] -- Found sensor_msgs: 2.0.5 (/opt/ros/foxy/share/sensor_msgs/cmake)
[4.538s] -- Found tf2: 0.13.13 (/opt/ros/foxy/share/tf2/cmake)
[4.805s] -- Configuring done
[4.866s] -- Generating done
[4.872s] -- Build files have been written to: /home/aibes/GTI-3B-SBOCK/turtlebot3_ws/build/turtlebot3_gazebo
[4.886s] Invoked command in '/home/aibes/GTI-3B-SBOCK/turtlebot3_ws/build/turtlebot3_gazebo' returned '0': CMAKE_PREFIX_PATH=${CMAKE_PREFIX_PATH}:/home/aibes/turtlebot3_ws/install/show_msg:/home/aibes/turtlebot3_ws/install/provide_map:/home/aibes/turtlebot3_ws/install/my_slam:/home/aibes/turtlebot3_ws/install/my_nav2_system:/home/aibes/turtlebot3_ws/install/my_first_subscriber:/home/aibes/turtlebot3_ws/install/my_first_service:/home/aibes/turtlebot3_ws/install/my_first_publisher:/home/aibes/turtlebot3_ws/install/my_first_node:/home/aibes/turtlebot3_ws/install/my_first_action:/home/aibes/GTI-3B-SBOCK/turtlebot3_ws/install/sbock_robot_position_subscriber:/home/aibes/GTI-3B-SBOCK/turtlebot3_ws/install/sbock_position_publisher:/home/aibes/GTI-3B-SBOCK/turtlebot3_ws/install/sbock_nav_route:/home/aibes/GTI-3B-SBOCK/turtlebot3_ws/install/sbock_nav_position:/home/aibes/GTI-3B-SBOCK/turtlebot3_ws/install/provide_map:/opt/ros/foxy PS1=(rosenv) \[\e]0;\u@\h: \w\a\]${debian_chroot:+($debian_chroot)}\[\033[01;32m\]\u@\h\[\033[00m\]:\[\033[01;34m\]\w\[\033[00m\]\$ /usr/bin/cmake /home/aibes/GTI-3B-SBOCK/turtlebot3_ws/src/turtlebot3_simulations/turtlebot3_gazebo -DCMAKE_INSTALL_PREFIX=/home/aibes/GTI-3B-SBOCK/turtlebot3_ws/install/turtlebot3_gazebo
[4.891s] Invoking command in '/home/aibes/GTI-3B-SBOCK/turtlebot3_ws/build/turtlebot3_gazebo': CMAKE_PREFIX_PATH=${CMAKE_PREFIX_PATH}:/home/aibes/turtlebot3_ws/install/show_msg:/home/aibes/turtlebot3_ws/install/provide_map:/home/aibes/turtlebot3_ws/install/my_slam:/home/aibes/turtlebot3_ws/install/my_nav2_system:/home/aibes/turtlebot3_ws/install/my_first_subscriber:/home/aibes/turtlebot3_ws/install/my_first_service:/home/aibes/turtlebot3_ws/install/my_first_publisher:/home/aibes/turtlebot3_ws/install/my_first_node:/home/aibes/turtlebot3_ws/install/my_first_action:/home/aibes/GTI-3B-SBOCK/turtlebot3_ws/install/sbock_robot_position_subscriber:/home/aibes/GTI-3B-SBOCK/turtlebot3_ws/install/sbock_position_publisher:/home/aibes/GTI-3B-SBOCK/turtlebot3_ws/install/sbock_nav_route:/home/aibes/GTI-3B-SBOCK/turtlebot3_ws/install/sbock_nav_position:/home/aibes/GTI-3B-SBOCK/turtlebot3_ws/install/provide_map:/opt/ros/foxy PS1=(rosenv) \[\e]0;\u@\h: \w\a\]${debian_chroot:+($debian_chroot)}\[\033[01;32m\]\u@\h\[\033[00m\]:\[\033[01;34m\]\w\[\033[00m\]\$ /usr/bin/cmake --build /home/aibes/GTI-3B-SBOCK/turtlebot3_ws/build/turtlebot3_gazebo -- -j6 -l6
[4.948s] [35m[1mScanning dependencies of target obstacles[0m
[4.948s] [35m[1mScanning dependencies of target obstacle2[0m
[4.948s] [35m[1mScanning dependencies of target obstacle1[0m
[4.948s] [35m[1mScanning dependencies of target turtlebot3_drive[0m
[5.032s] [ 12%] [32mBuilding CXX object CMakeFiles/turtlebot3_drive.dir/src/turtlebot3_drive.cpp.o[0m
[5.154s] [ 25%] [32mBuilding CXX object CMakeFiles/obstacle1.dir/models/turtlebot3_dqn_world/obstacle_plugin/obstacle1.cc.o[0m
[5.157s] [ 37%] [32mBuilding CXX object CMakeFiles/obstacle2.dir/models/turtlebot3_dqn_world/obstacle_plugin/obstacle2.cc.o[0m
[5.157s] [ 50%] [32mBuilding CXX object CMakeFiles/obstacles.dir/models/turtlebot3_dqn_world/obstacle_plugin/obstacles.cc.o[0m
[15.881s] [ 62%] [32m[1mLinking CXX executable turtlebot3_drive[0m
[16.389s] [ 62%] Built target turtlebot3_drive
[20.710s] [ 75%] [32m[1mLinking CXX shared library libobstacles.so[0m
[20.725s] [ 87%] [32m[1mLinking CXX shared library libobstacle2.so[0m
[20.750s] [100%] [32m[1mLinking CXX shared library libobstacle1.so[0m
[21.402s] [100%] Built target obstacle1
[21.405s] [100%] Built target obstacles
[21.405s] [100%] Built target obstacle2
[21.418s] Invoked command in '/home/aibes/GTI-3B-SBOCK/turtlebot3_ws/build/turtlebot3_gazebo' returned '0': CMAKE_PREFIX_PATH=${CMAKE_PREFIX_PATH}:/home/aibes/turtlebot3_ws/install/show_msg:/home/aibes/turtlebot3_ws/install/provide_map:/home/aibes/turtlebot3_ws/install/my_slam:/home/aibes/turtlebot3_ws/install/my_nav2_system:/home/aibes/turtlebot3_ws/install/my_first_subscriber:/home/aibes/turtlebot3_ws/install/my_first_service:/home/aibes/turtlebot3_ws/install/my_first_publisher:/home/aibes/turtlebot3_ws/install/my_first_node:/home/aibes/turtlebot3_ws/install/my_first_action:/home/aibes/GTI-3B-SBOCK/turtlebot3_ws/install/sbock_robot_position_subscriber:/home/aibes/GTI-3B-SBOCK/turtlebot3_ws/install/sbock_position_publisher:/home/aibes/GTI-3B-SBOCK/turtlebot3_ws/install/sbock_nav_route:/home/aibes/GTI-3B-SBOCK/turtlebot3_ws/install/sbock_nav_position:/home/aibes/GTI-3B-SBOCK/turtlebot3_ws/install/provide_map:/opt/ros/foxy PS1=(rosenv) \[\e]0;\u@\h: \w\a\]${debian_chroot:+($debian_chroot)}\[\033[01;32m\]\u@\h\[\033[00m\]:\[\033[01;34m\]\w\[\033[00m\]\$ /usr/bin/cmake --build /home/aibes/GTI-3B-SBOCK/turtlebot3_ws/build/turtlebot3_gazebo -- -j6 -l6
[21.467s] Invoking command in '/home/aibes/GTI-3B-SBOCK/turtlebot3_ws/build/turtlebot3_gazebo': CMAKE_PREFIX_PATH=${CMAKE_PREFIX_PATH}:/home/aibes/turtlebot3_ws/install/show_msg:/home/aibes/turtlebot3_ws/install/provide_map:/home/aibes/turtlebot3_ws/install/my_slam:/home/aibes/turtlebot3_ws/install/my_nav2_system:/home/aibes/turtlebot3_ws/install/my_first_subscriber:/home/aibes/turtlebot3_ws/install/my_first_service:/home/aibes/turtlebot3_ws/install/my_first_publisher:/home/aibes/turtlebot3_ws/install/my_first_node:/home/aibes/turtlebot3_ws/install/my_first_action:/home/aibes/GTI-3B-SBOCK/turtlebot3_ws/install/sbock_robot_position_subscriber:/home/aibes/GTI-3B-SBOCK/turtlebot3_ws/install/sbock_position_publisher:/home/aibes/GTI-3B-SBOCK/turtlebot3_ws/install/sbock_nav_route:/home/aibes/GTI-3B-SBOCK/turtlebot3_ws/install/sbock_nav_position:/home/aibes/GTI-3B-SBOCK/turtlebot3_ws/install/provide_map:/opt/ros/foxy PS1=(rosenv) \[\e]0;\u@\h: \w\a\]${debian_chroot:+($debian_chroot)}\[\033[01;32m\]\u@\h\[\033[00m\]:\[\033[01;34m\]\w\[\033[00m\]\$ /usr/bin/cmake --install /home/aibes/GTI-3B-SBOCK/turtlebot3_ws/build/turtlebot3_gazebo
[21.477s] -- Install configuration: ""
[21.478s] -- Installing: /home/aibes/GTI-3B-SBOCK/turtlebot3_ws/install/turtlebot3_gazebo/lib/turtlebot3_gazebo/turtlebot3_drive
[21.481s] -- Set runtime path of "/home/aibes/GTI-3B-SBOCK/turtlebot3_ws/install/turtlebot3_gazebo/lib/turtlebot3_gazebo/turtlebot3_drive" to ""
[21.482s] -- Installing: /home/aibes/GTI-3B-SBOCK/turtlebot3_ws/install/turtlebot3_gazebo/share/turtlebot3_gazebo//launch
[21.482s] -- Installing: /home/aibes/GTI-3B-SBOCK/turtlebot3_ws/install/turtlebot3_gazebo/share/turtlebot3_gazebo//launch/turtlebot3_dqn_stage4.launch.py
[21.482s] -- Installing: /home/aibes/GTI-3B-SBOCK/turtlebot3_ws/install/turtlebot3_gazebo/share/turtlebot3_gazebo//launch/robot_state_publisher.launch.py
[21.482s] -- Installing: /home/aibes/GTI-3B-SBOCK/turtlebot3_ws/install/turtlebot3_gazebo/share/turtlebot3_gazebo//launch/turtlebot3_dqn_stage3.launch.py
[21.482s] -- Installing: /home/aibes/GTI-3B-SBOCK/turtlebot3_ws/install/turtlebot3_gazebo/share/turtlebot3_gazebo//launch/turtlebot3_world.launch.py
[21.482s] -- Installing: /home/aibes/GTI-3B-SBOCK/turtlebot3_ws/install/turtlebot3_gazebo/share/turtlebot3_gazebo//launch/turtlebot3_dqn_stage1.launch.py
[21.482s] -- Installing: /home/aibes/GTI-3B-SBOCK/turtlebot3_ws/install/turtlebot3_gazebo/share/turtlebot3_gazebo//launch/turtlebot3_autorace.launch.py
[21.482s] -- Installing: /home/aibes/GTI-3B-SBOCK/turtlebot3_ws/install/turtlebot3_gazebo/share/turtlebot3_gazebo//launch/empty_world.launch.py
[21.483s] -- Installing: /home/aibes/GTI-3B-SBOCK/turtlebot3_ws/install/turtlebot3_gazebo/share/turtlebot3_gazebo//launch/turtlebot3_house.launch.py
[21.483s] -- Installing: /home/aibes/GTI-3B-SBOCK/turtlebot3_ws/install/turtlebot3_gazebo/share/turtlebot3_gazebo//launch/turtlebot3_dqn_stage2.launch.py
[21.483s] -- Installing: /home/aibes/GTI-3B-SBOCK/turtlebot3_ws/install/turtlebot3_gazebo/share/turtlebot3_gazebo//models
[21.483s] -- Installing: /home/aibes/GTI-3B-SBOCK/turtlebot3_ws/install/turtlebot3_gazebo/share/turtlebot3_gazebo//models/turtlebot3_burger
[21.483s] -- Installing: /home/aibes/GTI-3B-SBOCK/turtlebot3_ws/install/turtlebot3_gazebo/share/turtlebot3_gazebo//models/turtlebot3_burger/model-1_4.sdf
[21.484s] -- Installing: /home/aibes/GTI-3B-SBOCK/turtlebot3_ws/install/turtlebot3_gazebo/share/turtlebot3_gazebo//models/turtlebot3_burger/model.config
[21.484s] -- Installing: /home/aibes/GTI-3B-SBOCK/turtlebot3_ws/install/turtlebot3_gazebo/share/turtlebot3_gazebo//models/turtlebot3_burger/meshes
[21.484s] -- Installing: /home/aibes/GTI-3B-SBOCK/turtlebot3_ws/install/turtlebot3_gazebo/share/turtlebot3_gazebo//models/turtlebot3_burger/meshes/lds.dae
[21.484s] -- Installing: /home/aibes/GTI-3B-SBOCK/turtlebot3_ws/install/turtlebot3_gazebo/share/turtlebot3_gazebo//models/turtlebot3_burger/meshes/burger_base.dae
[21.484s] -- Installing: /home/aibes/GTI-3B-SBOCK/turtlebot3_ws/install/turtlebot3_gazebo/share/turtlebot3_gazebo//models/turtlebot3_burger/meshes/tire.dae
[21.484s] -- Installing: /home/aibes/GTI-3B-SBOCK/turtlebot3_ws/install/turtlebot3_gazebo/share/turtlebot3_gazebo//models/turtlebot3_burger/model.sdf
[21.485s] -- Installing: /home/aibes/GTI-3B-SBOCK/turtlebot3_ws/install/turtlebot3_gazebo/share/turtlebot3_gazebo//models/turtlebot3_waffle
[21.485s] -- Installing: /home/aibes/GTI-3B-SBOCK/turtlebot3_ws/install/turtlebot3_gazebo/share/turtlebot3_gazebo//models/turtlebot3_waffle/model-1_4.sdf
[21.485s] -- Installing: /home/aibes/GTI-3B-SBOCK/turtlebot3_ws/install/turtlebot3_gazebo/share/turtlebot3_gazebo//models/turtlebot3_waffle/model.config
[21.485s] -- Installing: /home/aibes/GTI-3B-SBOCK/turtlebot3_ws/install/turtlebot3_gazebo/share/turtlebot3_gazebo//models/turtlebot3_waffle/meshes
[21.486s] -- Installing: /home/aibes/GTI-3B-SBOCK/turtlebot3_ws/install/turtlebot3_gazebo/share/turtlebot3_gazebo//models/turtlebot3_waffle/meshes/lds.dae
[21.486s] -- Installing: /home/aibes/GTI-3B-SBOCK/turtlebot3_ws/install/turtlebot3_gazebo/share/turtlebot3_gazebo//models/turtlebot3_waffle/meshes/waffle_base.dae
[21.486s] -- Installing: /home/aibes/GTI-3B-SBOCK/turtlebot3_ws/install/turtlebot3_gazebo/share/turtlebot3_gazebo//models/turtlebot3_waffle/meshes/r200.dae
[21.486s] -- Installing: /home/aibes/GTI-3B-SBOCK/turtlebot3_ws/install/turtlebot3_gazebo/share/turtlebot3_gazebo//models/turtlebot3_waffle/meshes/tire.dae
[21.486s] -- Installing: /home/aibes/GTI-3B-SBOCK/turtlebot3_ws/install/turtlebot3_gazebo/share/turtlebot3_gazebo//models/turtlebot3_waffle/model.sdf
[21.487s] -- Installing: /home/aibes/GTI-3B-SBOCK/turtlebot3_ws/install/turtlebot3_gazebo/share/turtlebot3_gazebo//models/turtlebot3_dqn_world
[21.487s] -- Installing: /home/aibes/GTI-3B-SBOCK/turtlebot3_ws/install/turtlebot3_gazebo/share/turtlebot3_gazebo//models/turtlebot3_dqn_world/goal_box
[21.487s] -- Installing: /home/aibes/GTI-3B-SBOCK/turtlebot3_ws/install/turtlebot3_gazebo/share/turtlebot3_gazebo//models/turtlebot3_dqn_world/goal_box/model.config
[21.487s] -- Installing: /home/aibes/GTI-3B-SBOCK/turtlebot3_ws/install/turtlebot3_gazebo/share/turtlebot3_gazebo//models/turtlebot3_dqn_world/goal_box/model.sdf
[21.487s] -- Installing: /home/aibes/GTI-3B-SBOCK/turtlebot3_ws/install/turtlebot3_gazebo/share/turtlebot3_gazebo//models/turtlebot3_dqn_world/obstacle_plugin
[21.487s] -- Installing: /home/aibes/GTI-3B-SBOCK/turtlebot3_ws/install/turtlebot3_gazebo/share/turtlebot3_gazebo//models/turtlebot3_dqn_world/obstacle_plugin/obstacle1.cc
[21.488s] -- Installing: /home/aibes/GTI-3B-SBOCK/turtlebot3_ws/install/turtlebot3_gazebo/share/turtlebot3_gazebo//models/turtlebot3_dqn_world/obstacle_plugin/obstacle2.cc
[21.488s] -- Installing: /home/aibes/GTI-3B-SBOCK/turtlebot3_ws/install/turtlebot3_gazebo/share/turtlebot3_gazebo//models/turtlebot3_dqn_world/obstacle_plugin/CMakeLists.txt
[21.488s] -- Installing: /home/aibes/GTI-3B-SBOCK/turtlebot3_ws/install/turtlebot3_gazebo/share/turtlebot3_gazebo//models/turtlebot3_dqn_world/obstacle_plugin/obstacles.cc
[21.488s] -- Installing: /home/aibes/GTI-3B-SBOCK/turtlebot3_ws/install/turtlebot3_gazebo/share/turtlebot3_gazebo//models/turtlebot3_dqn_world/model.config
[21.488s] -- Installing: /home/aibes/GTI-3B-SBOCK/turtlebot3_ws/install/turtlebot3_gazebo/share/turtlebot3_gazebo//models/turtlebot3_dqn_world/obstacles
[21.489s] -- Installing: /home/aibes/GTI-3B-SBOCK/turtlebot3_ws/install/turtlebot3_gazebo/share/turtlebot3_gazebo//models/turtlebot3_dqn_world/obstacles/model.config
[21.489s] -- Installing: /home/aibes/GTI-3B-SBOCK/turtlebot3_ws/install/turtlebot3_gazebo/share/turtlebot3_gazebo//models/turtlebot3_dqn_world/obstacles/model.sdf
[21.489s] -- Installing: /home/aibes/GTI-3B-SBOCK/turtlebot3_ws/install/turtlebot3_gazebo/share/turtlebot3_gazebo//models/turtlebot3_dqn_world/inner_walls
[21.489s] -- Installing: /home/aibes/GTI-3B-SBOCK/turtlebot3_ws/install/turtlebot3_gazebo/share/turtlebot3_gazebo//models/turtlebot3_dqn_world/inner_walls/model.config
[21.489s] -- Installing: /home/aibes/GTI-3B-SBOCK/turtlebot3_ws/install/turtlebot3_gazebo/share/turtlebot3_gazebo//models/turtlebot3_dqn_world/inner_walls/model.sdf
[21.490s] -- Installing: /home/aibes/GTI-3B-SBOCK/turtlebot3_ws/install/turtlebot3_gazebo/share/turtlebot3_gazebo//models/turtlebot3_dqn_world/obstacle1
[21.490s] -- Installing: /home/aibes/GTI-3B-SBOCK/turtlebot3_ws/install/turtlebot3_gazebo/share/turtlebot3_gazebo//models/turtlebot3_dqn_world/obstacle1/model.config
[21.490s] -- Installing: /home/aibes/GTI-3B-SBOCK/turtlebot3_ws/install/turtlebot3_gazebo/share/turtlebot3_gazebo//models/turtlebot3_dqn_world/obstacle1/model.sdf
[21.490s] -- Installing: /home/aibes/GTI-3B-SBOCK/turtlebot3_ws/install/turtlebot3_gazebo/share/turtlebot3_gazebo//models/turtlebot3_dqn_world/model.sdf
[21.491s] -- Installing: /home/aibes/GTI-3B-SBOCK/turtlebot3_ws/install/turtlebot3_gazebo/share/turtlebot3_gazebo//models/turtlebot3_dqn_world/obstacle2
[21.491s] -- Installing: /home/aibes/GTI-3B-SBOCK/turtlebot3_ws/install/turtlebot3_gazebo/share/turtlebot3_gazebo//models/turtlebot3_dqn_world/obstacle2/model.config
[21.491s] -- Installing: /home/aibes/GTI-3B-SBOCK/turtlebot3_ws/install/turtlebot3_gazebo/share/turtlebot3_gazebo//models/turtlebot3_dqn_world/obstacle2/model.sdf
[21.491s] -- Installing: /home/aibes/GTI-3B-SBOCK/turtlebot3_ws/install/turtlebot3_gazebo/share/turtlebot3_gazebo//models/turtlebot3_house
[21.491s] -- Installing: /home/aibes/GTI-3B-SBOCK/turtlebot3_ws/install/turtlebot3_gazebo/share/turtlebot3_gazebo//models/turtlebot3_house/model.config
[21.492s] -- Installing: /home/aibes/GTI-3B-SBOCK/turtlebot3_ws/install/turtlebot3_gazebo/share/turtlebot3_gazebo//models/turtlebot3_house/model.sdf
[21.492s] -- Installing: /home/aibes/GTI-3B-SBOCK/turtlebot3_ws/install/turtlebot3_gazebo/share/turtlebot3_gazebo//models/turtlebot3_waffle_pi
[21.492s] -- Installing: /home/aibes/GTI-3B-SBOCK/turtlebot3_ws/install/turtlebot3_gazebo/share/turtlebot3_gazebo//models/turtlebot3_waffle_pi/model-1_4_.sdf
[21.492s] -- Installing: /home/aibes/GTI-3B-SBOCK/turtlebot3_ws/install/turtlebot3_gazebo/share/turtlebot3_gazebo//models/turtlebot3_waffle_pi/model.config
[21.493s] -- Installing: /home/aibes/GTI-3B-SBOCK/turtlebot3_ws/install/turtlebot3_gazebo/share/turtlebot3_gazebo//models/turtlebot3_waffle_pi/meshes
[21.493s] -- Installing: /home/aibes/GTI-3B-SBOCK/turtlebot3_ws/install/turtlebot3_gazebo/share/turtlebot3_gazebo//models/turtlebot3_waffle_pi/meshes/lds.dae
[21.493s] -- Installing: /home/aibes/GTI-3B-SBOCK/turtlebot3_ws/install/turtlebot3_gazebo/share/turtlebot3_gazebo//models/turtlebot3_waffle_pi/meshes/waffle_pi_base.dae
[21.493s] -- Installing: /home/aibes/GTI-3B-SBOCK/turtlebot3_ws/install/turtlebot3_gazebo/share/turtlebot3_gazebo//models/turtlebot3_waffle_pi/meshes/tire.dae
[21.493s] -- Installing: /home/aibes/GTI-3B-SBOCK/turtlebot3_ws/install/turtlebot3_gazebo/share/turtlebot3_gazebo//models/turtlebot3_waffle_pi/model.sdf
[21.493s] -- Installing: /home/aibes/GTI-3B-SBOCK/turtlebot3_ws/install/turtlebot3_gazebo/share/turtlebot3_gazebo//models/turtlebot3_autorace
[21.494s] -- Installing: /home/aibes/GTI-3B-SBOCK/turtlebot3_ws/install/turtlebot3_gazebo/share/turtlebot3_gazebo//models/turtlebot3_autorace/traffic_parking
[21.494s] -- Installing: /home/aibes/GTI-3B-SBOCK/turtlebot3_ws/install/turtlebot3_gazebo/share/turtlebot3_gazebo//models/turtlebot3_autorace/traffic_parking/model.config
[21.494s] -- Installing: /home/aibes/GTI-3B-SBOCK/turtlebot3_ws/install/turtlebot3_gazebo/share/turtlebot3_gazebo//models/turtlebot3_autorace/traffic_parking/model.sdf
[21.494s] -- Installing: /home/aibes/GTI-3B-SBOCK/turtlebot3_ws/install/turtlebot3_gazebo/share/turtlebot3_gazebo//models/turtlebot3_autorace/traffic_parking/materials
[21.495s] -- Installing: /home/aibes/GTI-3B-SBOCK/turtlebot3_ws/install/turtlebot3_gazebo/share/turtlebot3_gazebo//models/turtlebot3_autorace/traffic_parking/materials/textures
[21.495s] -- Installing: /home/aibes/GTI-3B-SBOCK/turtlebot3_ws/install/turtlebot3_gazebo/share/turtlebot3_gazebo//models/turtlebot3_autorace/traffic_parking/materials/textures/traffic_parking.png
[21.495s] -- Installing: /home/aibes/GTI-3B-SBOCK/turtlebot3_ws/install/turtlebot3_gazebo/share/turtlebot3_gazebo//models/turtlebot3_autorace/traffic_parking/materials/scripts
[21.495s] -- Installing: /home/aibes/GTI-3B-SBOCK/turtlebot3_ws/install/turtlebot3_gazebo/share/turtlebot3_gazebo//models/turtlebot3_autorace/traffic_parking/materials/scripts/traffic_parking.material
[21.495s] -- Installing: /home/aibes/GTI-3B-SBOCK/turtlebot3_ws/install/turtlebot3_gazebo/share/turtlebot3_gazebo//models/turtlebot3_autorace/traffic_light_green
[21.496s] -- Installing: /home/aibes/GTI-3B-SBOCK/turtlebot3_ws/install/turtlebot3_gazebo/share/turtlebot3_gazebo//models/turtlebot3_autorace/traffic_light_green/model.config
[21.496s] -- Installing: /home/aibes/GTI-3B-SBOCK/turtlebot3_ws/install/turtlebot3_gazebo/share/turtlebot3_gazebo//models/turtlebot3_autorace/traffic_light_green/model.sdf
[21.496s] -- Installing: /home/aibes/GTI-3B-SBOCK/turtlebot3_ws/install/turtlebot3_gazebo/share/turtlebot3_gazebo//models/turtlebot3_autorace/tunnel_wall
[21.496s] -- Installing: /home/aibes/GTI-3B-SBOCK/turtlebot3_ws/install/turtlebot3_gazebo/share/turtlebot3_gazebo//models/turtlebot3_autorace/tunnel_wall/model.config
[21.496s] -- Installing: /home/aibes/GTI-3B-SBOCK/turtlebot3_ws/install/turtlebot3_gazebo/share/turtlebot3_gazebo//models/turtlebot3_autorace/tunnel_wall/model.sdf
[21.497s] -- Installing: /home/aibes/GTI-3B-SBOCK/turtlebot3_ws/install/turtlebot3_gazebo/share/turtlebot3_gazebo//models/turtlebot3_autorace/traffic_bar_up
[21.497s] -- Installing: /home/aibes/GTI-3B-SBOCK/turtlebot3_ws/install/turtlebot3_gazebo/share/turtlebot3_gazebo//models/turtlebot3_autorace/traffic_bar_up/model.config
[21.497s] -- Installing: /home/aibes/GTI-3B-SBOCK/turtlebot3_ws/install/turtlebot3_gazebo/share/turtlebot3_gazebo//models/turtlebot3_autorace/traffic_bar_up/model.sdf
[21.498s] -- Installing: /home/aibes/GTI-3B-SBOCK/turtlebot3_ws/install/turtlebot3_gazebo/share/turtlebot3_gazebo//models/turtlebot3_autorace/traffic_bar_up/materials
[21.498s] -- Installing: /home/aibes/GTI-3B-SBOCK/turtlebot3_ws/install/turtlebot3_gazebo/share/turtlebot3_gazebo//models/turtlebot3_autorace/traffic_bar_up/materials/textures
[21.498s] -- Installing: /home/aibes/GTI-3B-SBOCK/turtlebot3_ws/install/turtlebot3_gazebo/share/turtlebot3_gazebo//models/turtlebot3_autorace/traffic_bar_up/materials/textures/traffic_bar.png
[21.498s] -- Installing: /home/aibes/GTI-3B-SBOCK/turtlebot3_ws/install/turtlebot3_gazebo/share/turtlebot3_gazebo//models/turtlebot3_autorace/traffic_bar_up/materials/scripts
[21.499s] -- Installing: /home/aibes/GTI-3B-SBOCK/turtlebot3_ws/install/turtlebot3_gazebo/share/turtlebot3_gazebo//models/turtlebot3_autorace/traffic_bar_up/materials/scripts/traffic_bar.material
[21.499s] -- Installing: /home/aibes/GTI-3B-SBOCK/turtlebot3_ws/install/turtlebot3_gazebo/share/turtlebot3_gazebo//models/turtlebot3_autorace/model.config
[21.499s] -- Installing: /home/aibes/GTI-3B-SBOCK/turtlebot3_ws/install/turtlebot3_gazebo/share/turtlebot3_gazebo//models/turtlebot3_autorace/traffic_stop
[21.499s] -- Installing: /home/aibes/GTI-3B-SBOCK/turtlebot3_ws/install/turtlebot3_gazebo/share/turtlebot3_gazebo//models/turtlebot3_autorace/traffic_stop/model.config
[21.500s] -- Installing: /home/aibes/GTI-3B-SBOCK/turtlebot3_ws/install/turtlebot3_gazebo/share/turtlebot3_gazebo//models/turtlebot3_autorace/traffic_stop/model.sdf
[21.500s] -- Installing: /home/aibes/GTI-3B-SBOCK/turtlebot3_ws/install/turtlebot3_gazebo/share/turtlebot3_gazebo//models/turtlebot3_autorace/traffic_stop/materials
[21.500s] -- Installing: /home/aibes/GTI-3B-SBOCK/turtlebot3_ws/install/turtlebot3_gazebo/share/turtlebot3_gazebo//models/turtlebot3_autorace/traffic_stop/materials/textures
[21.500s] -- Installing: /home/aibes/GTI-3B-SBOCK/turtlebot3_ws/install/turtlebot3_gazebo/share/turtlebot3_gazebo//models/turtlebot3_autorace/traffic_stop/materials/textures/traffic_stop.png
[21.500s] -- Installing: /home/aibes/GTI-3B-SBOCK/turtlebot3_ws/install/turtlebot3_gazebo/share/turtlebot3_gazebo//models/turtlebot3_autorace/traffic_stop/materials/scripts
[21.500s] -- Installing: /home/aibes/GTI-3B-SBOCK/turtlebot3_ws/install/turtlebot3_gazebo/share/turtlebot3_gazebo//models/turtlebot3_autorace/traffic_stop/materials/scripts/traffic_stop.material
[21.501s] -- Installing: /home/aibes/GTI-3B-SBOCK/turtlebot3_ws/install/turtlebot3_gazebo/share/turtlebot3_gazebo//models/turtlebot3_autorace/traffic_light_yellow
[21.501s] -- Installing: /home/aibes/GTI-3B-SBOCK/turtlebot3_ws/install/turtlebot3_gazebo/share/turtlebot3_gazebo//models/turtlebot3_autorace/traffic_light_yellow/model.config
[21.501s] -- Installing: /home/aibes/GTI-3B-SBOCK/turtlebot3_ws/install/turtlebot3_gazebo/share/turtlebot3_gazebo//models/turtlebot3_autorace/traffic_light_yellow/model.sdf
[21.501s] -- Installing: /home/aibes/GTI-3B-SBOCK/turtlebot3_ws/install/turtlebot3_gazebo/share/turtlebot3_gazebo//models/turtlebot3_autorace/traffic_light_red
[21.501s] -- Installing: /home/aibes/GTI-3B-SBOCK/turtlebot3_ws/install/turtlebot3_gazebo/share/turtlebot3_gazebo//models/turtlebot3_autorace/traffic_light_red/model.config
[21.501s] -- Installing: /home/aibes/GTI-3B-SBOCK/turtlebot3_ws/install/turtlebot3_gazebo/share/turtlebot3_gazebo//models/turtlebot3_autorace/traffic_light_red/model.sdf
[21.502s] -- Installing: /home/aibes/GTI-3B-SBOCK/turtlebot3_ws/install/turtlebot3_gazebo/share/turtlebot3_gazebo//models/turtlebot3_autorace/course
[21.502s] -- Installing: /home/aibes/GTI-3B-SBOCK/turtlebot3_ws/install/turtlebot3_gazebo/share/turtlebot3_gazebo//models/turtlebot3_autorace/course/model.config
[21.502s] -- Installing: /home/aibes/GTI-3B-SBOCK/turtlebot3_ws/install/turtlebot3_gazebo/share/turtlebot3_gazebo//models/turtlebot3_autorace/course/model.sdf
[21.502s] -- Installing: /home/aibes/GTI-3B-SBOCK/turtlebot3_ws/install/turtlebot3_gazebo/share/turtlebot3_gazebo//models/turtlebot3_autorace/course/materials
[21.502s] -- Installing: /home/aibes/GTI-3B-SBOCK/turtlebot3_ws/install/turtlebot3_gazebo/share/turtlebot3_gazebo//models/turtlebot3_autorace/course/materials/textures
[21.502s] -- Installing: /home/aibes/GTI-3B-SBOCK/turtlebot3_ws/install/turtlebot3_gazebo/share/turtlebot3_gazebo//models/turtlebot3_autorace/course/materials/textures/course.png
[21.503s] -- Installing: /home/aibes/GTI-3B-SBOCK/turtlebot3_ws/install/turtlebot3_gazebo/share/turtlebot3_gazebo//models/turtlebot3_autorace/course/materials/scripts
[21.503s] -- Installing: /home/aibes/GTI-3B-SBOCK/turtlebot3_ws/install/turtlebot3_gazebo/share/turtlebot3_gazebo//models/turtlebot3_autorace/course/materials/scripts/course.material
[21.503s] -- Installing: /home/aibes/GTI-3B-SBOCK/turtlebot3_ws/install/turtlebot3_gazebo/share/turtlebot3_gazebo//models/turtlebot3_autorace/lights
[21.503s] -- Installing: /home/aibes/GTI-3B-SBOCK/turtlebot3_ws/install/turtlebot3_gazebo/share/turtlebot3_gazebo//models/turtlebot3_autorace/lights/model.config
[21.503s] -- Installing: /home/aibes/GTI-3B-SBOCK/turtlebot3_ws/install/turtlebot3_gazebo/share/turtlebot3_gazebo//models/turtlebot3_autorace/lights/model.sdf
[21.503s] -- Installing: /home/aibes/GTI-3B-SBOCK/turtlebot3_ws/install/turtlebot3_gazebo/share/turtlebot3_gazebo//models/turtlebot3_autorace/ground
[21.504s] -- Installing: /home/aibes/GTI-3B-SBOCK/turtlebot3_ws/install/turtlebot3_gazebo/share/turtlebot3_gazebo//models/turtlebot3_autorace/ground/model.config
[21.504s] -- Installing: /home/aibes/GTI-3B-SBOCK/turtlebot3_ws/install/turtlebot3_gazebo/share/turtlebot3_gazebo//models/turtlebot3_autorace/ground/model.sdf
[21.504s] -- Installing: /home/aibes/GTI-3B-SBOCK/turtlebot3_ws/install/turtlebot3_gazebo/share/turtlebot3_gazebo//models/turtlebot3_autorace/tunnel_obstacles
[21.504s] -- Installing: /home/aibes/GTI-3B-SBOCK/turtlebot3_ws/install/turtlebot3_gazebo/share/turtlebot3_gazebo//models/turtlebot3_autorace/tunnel_obstacles/model.config
[21.504s] -- Installing: /home/aibes/GTI-3B-SBOCK/turtlebot3_ws/install/turtlebot3_gazebo/share/turtlebot3_gazebo//models/turtlebot3_autorace/tunnel_obstacles/model.sdf
[21.504s] -- Installing: /home/aibes/GTI-3B-SBOCK/turtlebot3_ws/install/turtlebot3_gazebo/share/turtlebot3_gazebo//models/turtlebot3_autorace/traffic_tunnel
[21.504s] -- Installing: /home/aibes/GTI-3B-SBOCK/turtlebot3_ws/install/turtlebot3_gazebo/share/turtlebot3_gazebo//models/turtlebot3_autorace/traffic_tunnel/model.config
[21.504s] -- Installing: /home/aibes/GTI-3B-SBOCK/turtlebot3_ws/install/turtlebot3_gazebo/share/turtlebot3_gazebo//models/turtlebot3_autorace/traffic_tunnel/model.sdf
[21.504s] -- Installing: /home/aibes/GTI-3B-SBOCK/turtlebot3_ws/install/turtlebot3_gazebo/share/turtlebot3_gazebo//models/turtlebot3_autorace/traffic_tunnel/materials
[21.505s] -- Installing: /home/aibes/GTI-3B-SBOCK/turtlebot3_ws/install/turtlebot3_gazebo/share/turtlebot3_gazebo//models/turtlebot3_autorace/traffic_tunnel/materials/textures
[21.505s] -- Installing: /home/aibes/GTI-3B-SBOCK/turtlebot3_ws/install/turtlebot3_gazebo/share/turtlebot3_gazebo//models/turtlebot3_autorace/traffic_tunnel/materials/textures/tunnel.png
[21.505s] -- Installing: /home/aibes/GTI-3B-SBOCK/turtlebot3_ws/install/turtlebot3_gazebo/share/turtlebot3_gazebo//models/turtlebot3_autorace/traffic_tunnel/materials/scripts
[21.505s] -- Installing: /home/aibes/GTI-3B-SBOCK/turtlebot3_ws/install/turtlebot3_gazebo/share/turtlebot3_gazebo//models/turtlebot3_autorace/traffic_tunnel/materials/scripts/tunnel.material
[21.505s] -- Installing: /home/aibes/GTI-3B-SBOCK/turtlebot3_ws/install/turtlebot3_gazebo/share/turtlebot3_gazebo//models/turtlebot3_autorace/traffic_bar_down
[21.505s] -- Installing: /home/aibes/GTI-3B-SBOCK/turtlebot3_ws/install/turtlebot3_gazebo/share/turtlebot3_gazebo//models/turtlebot3_autorace/traffic_bar_down/model.config
[21.505s] -- Installing: /home/aibes/GTI-3B-SBOCK/turtlebot3_ws/install/turtlebot3_gazebo/share/turtlebot3_gazebo//models/turtlebot3_autorace/traffic_bar_down/model.sdf
[21.505s] -- Installing: /home/aibes/GTI-3B-SBOCK/turtlebot3_ws/install/turtlebot3_gazebo/share/turtlebot3_gazebo//models/turtlebot3_autorace/traffic_bar_down/materials
[21.505s] -- Installing: /home/aibes/GTI-3B-SBOCK/turtlebot3_ws/install/turtlebot3_gazebo/share/turtlebot3_gazebo//models/turtlebot3_autorace/traffic_bar_down/materials/textures
[21.506s] -- Installing: /home/aibes/GTI-3B-SBOCK/turtlebot3_ws/install/turtlebot3_gazebo/share/turtlebot3_gazebo//models/turtlebot3_autorace/traffic_bar_down/materials/textures/traffic_bar.png
[21.506s] -- Installing: /home/aibes/GTI-3B-SBOCK/turtlebot3_ws/install/turtlebot3_gazebo/share/turtlebot3_gazebo//models/turtlebot3_autorace/traffic_bar_down/materials/scripts
[21.506s] -- Installing: /home/aibes/GTI-3B-SBOCK/turtlebot3_ws/install/turtlebot3_gazebo/share/turtlebot3_gazebo//models/turtlebot3_autorace/traffic_bar_down/materials/scripts/traffic_bar.material
[21.507s] -- Installing: /home/aibes/GTI-3B-SBOCK/turtlebot3_ws/install/turtlebot3_gazebo/share/turtlebot3_gazebo//models/turtlebot3_world
[21.507s] -- Installing: /home/aibes/GTI-3B-SBOCK/turtlebot3_ws/install/turtlebot3_gazebo/share/turtlebot3_gazebo//models/turtlebot3_world/model-1_4.sdf
[21.507s] -- Installing: /home/aibes/GTI-3B-SBOCK/turtlebot3_ws/install/turtlebot3_gazebo/share/turtlebot3_gazebo//models/turtlebot3_world/model.config
[21.510s] -- Installing: /home/aibes/GTI-3B-SBOCK/turtlebot3_ws/install/turtlebot3_gazebo/share/turtlebot3_gazebo//models/turtlebot3_world/meshes
[21.510s] -- Installing: /home/aibes/GTI-3B-SBOCK/turtlebot3_ws/install/turtlebot3_gazebo/share/turtlebot3_gazebo//models/turtlebot3_world/meshes/hexagon.dae
[21.511s] -- Installing: /home/aibes/GTI-3B-SBOCK/turtlebot3_ws/install/turtlebot3_gazebo/share/turtlebot3_gazebo//models/turtlebot3_world/meshes/wall.dae
[21.511s] -- Installing: /home/aibes/GTI-3B-SBOCK/turtlebot3_ws/install/turtlebot3_gazebo/share/turtlebot3_gazebo//models/turtlebot3_world/model.sdf
[21.511s] -- Installing: /home/aibes/GTI-3B-SBOCK/turtlebot3_ws/install/turtlebot3_gazebo/share/turtlebot3_gazebo//rviz
[21.511s] -- Installing: /home/aibes/GTI-3B-SBOCK/turtlebot3_ws/install/turtlebot3_gazebo/share/turtlebot3_gazebo//rviz/tb3_gazebo.rviz
[21.511s] -- Installing: /home/aibes/GTI-3B-SBOCK/turtlebot3_ws/install/turtlebot3_gazebo/share/turtlebot3_gazebo//worlds
[21.511s] -- Installing: /home/aibes/GTI-3B-SBOCK/turtlebot3_ws/install/turtlebot3_gazebo/share/turtlebot3_gazebo//worlds/turtlebot3_autoraces
[21.512s] -- Installing: /home/aibes/GTI-3B-SBOCK/turtlebot3_ws/install/turtlebot3_gazebo/share/turtlebot3_gazebo//worlds/turtlebot3_autoraces/burger.model
[21.512s] -- Installing: /home/aibes/GTI-3B-SBOCK/turtlebot3_ws/install/turtlebot3_gazebo/share/turtlebot3_gazebo//worlds/turtlebot3_autoraces/waffle.model
[21.512s] -- Installing: /home/aibes/GTI-3B-SBOCK/turtlebot3_ws/install/turtlebot3_gazebo/share/turtlebot3_gazebo//worlds/turtlebot3_autoraces/waffle_pi.model
[21.512s] -- Installing: /home/aibes/GTI-3B-SBOCK/turtlebot3_ws/install/turtlebot3_gazebo/share/turtlebot3_gazebo//worlds/turtlebot3_dqn_stage3
[21.512s] -- Installing: /home/aibes/GTI-3B-SBOCK/turtlebot3_ws/install/turtlebot3_gazebo/share/turtlebot3_gazebo//worlds/turtlebot3_dqn_stage3/burger.model
[21.512s] -- Installing: /home/aibes/GTI-3B-SBOCK/turtlebot3_ws/install/turtlebot3_gazebo/share/turtlebot3_gazebo//worlds/turtlebot3_dqn_stage3/waffle.model
[21.512s] -- Installing: /home/aibes/GTI-3B-SBOCK/turtlebot3_ws/install/turtlebot3_gazebo/share/turtlebot3_gazebo//worlds/turtlebot3_dqn_stage3/waffle_pi.model
[21.513s] -- Installing: /home/aibes/GTI-3B-SBOCK/turtlebot3_ws/install/turtlebot3_gazebo/share/turtlebot3_gazebo//worlds/empty_worlds
[21.513s] -- Installing: /home/aibes/GTI-3B-SBOCK/turtlebot3_ws/install/turtlebot3_gazebo/share/turtlebot3_gazebo//worlds/empty_worlds/burger.model
[21.513s] -- Installing: /home/aibes/GTI-3B-SBOCK/turtlebot3_ws/install/turtlebot3_gazebo/share/turtlebot3_gazebo//worlds/empty_worlds/waffle.model
[21.513s] -- Installing: /home/aibes/GTI-3B-SBOCK/turtlebot3_ws/install/turtlebot3_gazebo/share/turtlebot3_gazebo//worlds/empty_worlds/waffle_pi.model
[21.513s] -- Installing: /home/aibes/GTI-3B-SBOCK/turtlebot3_ws/install/turtlebot3_gazebo/share/turtlebot3_gazebo//worlds/turtlebot3_dqn_stage2
[21.513s] -- Installing: /home/aibes/GTI-3B-SBOCK/turtlebot3_ws/install/turtlebot3_gazebo/share/turtlebot3_gazebo//worlds/turtlebot3_dqn_stage2/burger.model
[21.514s] -- Installing: /home/aibes/GTI-3B-SBOCK/turtlebot3_ws/install/turtlebot3_gazebo/share/turtlebot3_gazebo//worlds/turtlebot3_dqn_stage2/waffle.model
[21.514s] -- Installing: /home/aibes/GTI-3B-SBOCK/turtlebot3_ws/install/turtlebot3_gazebo/share/turtlebot3_gazebo//worlds/turtlebot3_dqn_stage2/waffle_pi.model
[21.514s] -- Installing: /home/aibes/GTI-3B-SBOCK/turtlebot3_ws/install/turtlebot3_gazebo/share/turtlebot3_gazebo//worlds/turtlebot3_dqn_stage1
[21.514s] -- Installing: /home/aibes/GTI-3B-SBOCK/turtlebot3_ws/install/turtlebot3_gazebo/share/turtlebot3_gazebo//worlds/turtlebot3_dqn_stage1/burger.model
[21.514s] -- Installing: /home/aibes/GTI-3B-SBOCK/turtlebot3_ws/install/turtlebot3_gazebo/share/turtlebot3_gazebo//worlds/turtlebot3_dqn_stage1/waffle.model
[21.514s] -- Installing: /home/aibes/GTI-3B-SBOCK/turtlebot3_ws/install/turtlebot3_gazebo/share/turtlebot3_gazebo//worlds/turtlebot3_dqn_stage1/waffle_pi.model
[21.514s] -- Installing: /home/aibes/GTI-3B-SBOCK/turtlebot3_ws/install/turtlebot3_gazebo/share/turtlebot3_gazebo//worlds/turtlebot3_worlds
[21.514s] -- Installing: /home/aibes/GTI-3B-SBOCK/turtlebot3_ws/install/turtlebot3_gazebo/share/turtlebot3_gazebo//worlds/turtlebot3_worlds/burger.model
[21.514s] -- Installing: /home/aibes/GTI-3B-SBOCK/turtlebot3_ws/install/turtlebot3_gazebo/share/turtlebot3_gazebo//worlds/turtlebot3_worlds/waffle.model
[21.515s] -- Installing: /home/aibes/GTI-3B-SBOCK/turtlebot3_ws/install/turtlebot3_gazebo/share/turtlebot3_gazebo//worlds/turtlebot3_worlds/waffle_pi.model
[21.515s] -- Installing: /home/aibes/GTI-3B-SBOCK/turtlebot3_ws/install/turtlebot3_gazebo/share/turtlebot3_gazebo//worlds/turtlebot3_houses
[21.515s] -- Installing: /home/aibes/GTI-3B-SBOCK/turtlebot3_ws/install/turtlebot3_gazebo/share/turtlebot3_gazebo//worlds/turtlebot3_houses/burger.model
[21.515s] -- Installing: /home/aibes/GTI-3B-SBOCK/turtlebot3_ws/install/turtlebot3_gazebo/share/turtlebot3_gazebo//worlds/turtlebot3_houses/waffle.model
[21.515s] -- Installing: /home/aibes/GTI-3B-SBOCK/turtlebot3_ws/install/turtlebot3_gazebo/share/turtlebot3_gazebo//worlds/turtlebot3_houses/waffle_pi.model
[21.515s] -- Installing: /home/aibes/GTI-3B-SBOCK/turtlebot3_ws/install/turtlebot3_gazebo/share/turtlebot3_gazebo//worlds/turtlebot3_dqn_stage4
[21.515s] -- Installing: /home/aibes/GTI-3B-SBOCK/turtlebot3_ws/install/turtlebot3_gazebo/share/turtlebot3_gazebo//worlds/turtlebot3_dqn_stage4/burger.model
[21.516s] -- Installing: /home/aibes/GTI-3B-SBOCK/turtlebot3_ws/install/turtlebot3_gazebo/share/turtlebot3_gazebo//worlds/turtlebot3_dqn_stage4/waffle.model
[21.516s] -- Installing: /home/aibes/GTI-3B-SBOCK/turtlebot3_ws/install/turtlebot3_gazebo/share/turtlebot3_gazebo//worlds/turtlebot3_dqn_stage4/waffle_pi.model
[21.516s] -- Installing: /home/aibes/GTI-3B-SBOCK/turtlebot3_ws/install/turtlebot3_gazebo/include/
[21.516s] -- Installing: /home/aibes/GTI-3B-SBOCK/turtlebot3_ws/install/turtlebot3_gazebo/include//turtlebot3_gazebo
[21.516s] -- Installing: /home/aibes/GTI-3B-SBOCK/turtlebot3_ws/install/turtlebot3_gazebo/include//turtlebot3_gazebo/turtlebot3_drive.hpp
[21.516s] -- Installing: /home/aibes/GTI-3B-SBOCK/turtlebot3_ws/install/turtlebot3_gazebo/share/ament_index/resource_index/package_run_dependencies/turtlebot3_gazebo
[21.516s] -- Installing: /home/aibes/GTI-3B-SBOCK/turtlebot3_ws/install/turtlebot3_gazebo/share/ament_index/resource_index/parent_prefix_path/turtlebot3_gazebo
[21.516s] -- Installing: /home/aibes/GTI-3B-SBOCK/turtlebot3_ws/install/turtlebot3_gazebo/share/turtlebot3_gazebo/environment/ament_prefix_path.sh
[21.517s] -- Installing: /home/aibes/GTI-3B-SBOCK/turtlebot3_ws/install/turtlebot3_gazebo/share/turtlebot3_gazebo/environment/ament_prefix_path.dsv
[21.517s] -- Installing: /home/aibes/GTI-3B-SBOCK/turtlebot3_ws/install/turtlebot3_gazebo/share/turtlebot3_gazebo/environment/path.sh
[21.517s] -- Installing: /home/aibes/GTI-3B-SBOCK/turtlebot3_ws/install/turtlebot3_gazebo/share/turtlebot3_gazebo/environment/path.dsv
[21.517s] -- Installing: /home/aibes/GTI-3B-SBOCK/turtlebot3_ws/install/turtlebot3_gazebo/share/turtlebot3_gazebo/local_setup.bash
[21.517s] -- Installing: /home/aibes/GTI-3B-SBOCK/turtlebot3_ws/install/turtlebot3_gazebo/share/turtlebot3_gazebo/local_setup.sh
[21.517s] -- Installing: /home/aibes/GTI-3B-SBOCK/turtlebot3_ws/install/turtlebot3_gazebo/share/turtlebot3_gazebo/local_setup.zsh
[21.517s] -- Installing: /home/aibes/GTI-3B-SBOCK/turtlebot3_ws/install/turtlebot3_gazebo/share/turtlebot3_gazebo/local_setup.dsv
[21.517s] -- Installing: /home/aibes/GTI-3B-SBOCK/turtlebot3_ws/install/turtlebot3_gazebo/share/turtlebot3_gazebo/package.dsv
[21.518s] -- Installing: /home/aibes/GTI-3B-SBOCK/turtlebot3_ws/install/turtlebot3_gazebo/share/ament_index/resource_index/packages/turtlebot3_gazebo
[21.518s] -- Installing: /home/aibes/GTI-3B-SBOCK/turtlebot3_ws/install/turtlebot3_gazebo/share/turtlebot3_gazebo/cmake/ament_cmake_export_include_directories-extras.cmake
[21.518s] -- Installing: /home/aibes/GTI-3B-SBOCK/turtlebot3_ws/install/turtlebot3_gazebo/share/turtlebot3_gazebo/cmake/ament_cmake_export_dependencies-extras.cmake
[21.518s] -- Installing: /home/aibes/GTI-3B-SBOCK/turtlebot3_ws/install/turtlebot3_gazebo/share/turtlebot3_gazebo/cmake/turtlebot3_gazeboConfig.cmake
[21.518s] -- Installing: /home/aibes/GTI-3B-SBOCK/turtlebot3_ws/install/turtlebot3_gazebo/share/turtlebot3_gazebo/cmake/turtlebot3_gazeboConfig-version.cmake
[21.518s] -- Installing: /home/aibes/GTI-3B-SBOCK/turtlebot3_ws/install/turtlebot3_gazebo/share/turtlebot3_gazebo/package.xml
[21.519s] Invoked command in '/home/aibes/GTI-3B-SBOCK/turtlebot3_ws/build/turtlebot3_gazebo' returned '0': CMAKE_PREFIX_PATH=${CMAKE_PREFIX_PATH}:/home/aibes/turtlebot3_ws/install/show_msg:/home/aibes/turtlebot3_ws/install/provide_map:/home/aibes/turtlebot3_ws/install/my_slam:/home/aibes/turtlebot3_ws/install/my_nav2_system:/home/aibes/turtlebot3_ws/install/my_first_subscriber:/home/aibes/turtlebot3_ws/install/my_first_service:/home/aibes/turtlebot3_ws/install/my_first_publisher:/home/aibes/turtlebot3_ws/install/my_first_node:/home/aibes/turtlebot3_ws/install/my_first_action:/home/aibes/GTI-3B-SBOCK/turtlebot3_ws/install/sbock_robot_position_subscriber:/home/aibes/GTI-3B-SBOCK/turtlebot3_ws/install/sbock_position_publisher:/home/aibes/GTI-3B-SBOCK/turtlebot3_ws/install/sbock_nav_route:/home/aibes/GTI-3B-SBOCK/turtlebot3_ws/install/sbock_nav_position:/home/aibes/GTI-3B-SBOCK/turtlebot3_ws/install/provide_map:/opt/ros/foxy PS1=(rosenv) \[\e]0;\u@\h: \w\a\]${debian_chroot:+($debian_chroot)}\[\033[01;32m\]\u@\h\[\033[00m\]:\[\033[01;34m\]\w\[\033[00m\]\$ /usr/bin/cmake --install /home/aibes/GTI-3B-SBOCK/turtlebot3_ws/build/turtlebot3_gazebo
