running egg_info
creating ../../../build/sbock_position_publisher/sbock_position_publisher.egg-info
writing ../../../build/sbock_position_publisher/sbock_position_publisher.egg-info/PKG-INFO
writing dependency_links to ../../../build/sbock_position_publisher/sbock_position_publisher.egg-info/dependency_links.txt
writing entry points to ../../../build/sbock_position_publisher/sbock_position_publisher.egg-info/entry_points.txt
writing requirements to ../../../build/sbock_position_publisher/sbock_position_publisher.egg-info/requires.txt
writing top-level names to ../../../build/sbock_position_publisher/sbock_position_publisher.egg-info/top_level.txt
writing manifest file '../../../build/sbock_position_publisher/sbock_position_publisher.egg-info/SOURCES.txt'
reading manifest file '../../../build/sbock_position_publisher/sbock_position_publisher.egg-info/SOURCES.txt'
writing manifest file '../../../build/sbock_position_publisher/sbock_position_publisher.egg-info/SOURCES.txt'
running build
running build_py
creating /home/ausiasbm/GTI-3B-SBOCK/turtlebot3_ws/build/sbock_position_publisher/build
creating /home/ausiasbm/GTI-3B-SBOCK/turtlebot3_ws/build/sbock_position_publisher/build/lib
creating /home/ausiasbm/GTI-3B-SBOCK/turtlebot3_ws/build/sbock_position_publisher/build/lib/sbock_position_publisher
copying sbock_position_publisher/go_to_pose2.py -> /home/ausiasbm/GTI-3B-SBOCK/turtlebot3_ws/build/sbock_position_publisher/build/lib/sbock_position_publisher
copying sbock_position_publisher/go_to_pose3.py -> /home/ausiasbm/GTI-3B-SBOCK/turtlebot3_ws/build/sbock_position_publisher/build/lib/sbock_position_publisher
copying sbock_position_publisher/__init__.py -> /home/ausiasbm/GTI-3B-SBOCK/turtlebot3_ws/build/sbock_position_publisher/build/lib/sbock_position_publisher
copying sbock_position_publisher/go_to_pose1.py -> /home/ausiasbm/GTI-3B-SBOCK/turtlebot3_ws/build/sbock_position_publisher/build/lib/sbock_position_publisher
running install
running install_lib
creating /home/ausiasbm/GTI-3B-SBOCK/turtlebot3_ws/install/sbock_position_publisher/lib/python3.8/site-packages/sbock_position_publisher
copying /home/ausiasbm/GTI-3B-SBOCK/turtlebot3_ws/build/sbock_position_publisher/build/lib/sbock_position_publisher/go_to_pose2.py -> /home/ausiasbm/GTI-3B-SBOCK/turtlebot3_ws/install/sbock_position_publisher/lib/python3.8/site-packages/sbock_position_publisher
copying /home/ausiasbm/GTI-3B-SBOCK/turtlebot3_ws/build/sbock_position_publisher/build/lib/sbock_position_publisher/go_to_pose3.py -> /home/ausiasbm/GTI-3B-SBOCK/turtlebot3_ws/install/sbock_position_publisher/lib/python3.8/site-packages/sbock_position_publisher
copying /home/ausiasbm/GTI-3B-SBOCK/turtlebot3_ws/build/sbock_position_publisher/build/lib/sbock_position_publisher/__init__.py -> /home/ausiasbm/GTI-3B-SBOCK/turtlebot3_ws/install/sbock_position_publisher/lib/python3.8/site-packages/sbock_position_publisher
copying /home/ausiasbm/GTI-3B-SBOCK/turtlebot3_ws/build/sbock_position_publisher/build/lib/sbock_position_publisher/go_to_pose1.py -> /home/ausiasbm/GTI-3B-SBOCK/turtlebot3_ws/install/sbock_position_publisher/lib/python3.8/site-packages/sbock_position_publisher
byte-compiling /home/ausiasbm/GTI-3B-SBOCK/turtlebot3_ws/install/sbock_position_publisher/lib/python3.8/site-packages/sbock_position_publisher/go_to_pose2.py to go_to_pose2.cpython-38.pyc
byte-compiling /home/ausiasbm/GTI-3B-SBOCK/turtlebot3_ws/install/sbock_position_publisher/lib/python3.8/site-packages/sbock_position_publisher/go_to_pose3.py to go_to_pose3.cpython-38.pyc
byte-compiling /home/ausiasbm/GTI-3B-SBOCK/turtlebot3_ws/install/sbock_position_publisher/lib/python3.8/site-packages/sbock_position_publisher/__init__.py to __init__.cpython-38.pyc
byte-compiling /home/ausiasbm/GTI-3B-SBOCK/turtlebot3_ws/install/sbock_position_publisher/lib/python3.8/site-packages/sbock_position_publisher/go_to_pose1.py to go_to_pose1.cpython-38.pyc
running install_data
creating /home/ausiasbm/GTI-3B-SBOCK/turtlebot3_ws/install/sbock_position_publisher/share/ament_index
creating /home/ausiasbm/GTI-3B-SBOCK/turtlebot3_ws/install/sbock_position_publisher/share/ament_index/resource_index
creating /home/ausiasbm/GTI-3B-SBOCK/turtlebot3_ws/install/sbock_position_publisher/share/ament_index/resource_index/packages
copying resource/sbock_position_publisher -> /home/ausiasbm/GTI-3B-SBOCK/turtlebot3_ws/install/sbock_position_publisher/share/ament_index/resource_index/packages
copying package.xml -> /home/ausiasbm/GTI-3B-SBOCK/turtlebot3_ws/install/sbock_position_publisher/share/sbock_position_publisher
copying launch/go_to_pose3.launch.py -> /home/ausiasbm/GTI-3B-SBOCK/turtlebot3_ws/install/sbock_position_publisher/share/sbock_position_publisher
copying launch/go_to_pose2.launch.py -> /home/ausiasbm/GTI-3B-SBOCK/turtlebot3_ws/install/sbock_position_publisher/share/sbock_position_publisher
copying launch/go_to_pose1.launch.py -> /home/ausiasbm/GTI-3B-SBOCK/turtlebot3_ws/install/sbock_position_publisher/share/sbock_position_publisher
running install_egg_info
Copying ../../../build/sbock_position_publisher/sbock_position_publisher.egg-info to /home/ausiasbm/GTI-3B-SBOCK/turtlebot3_ws/install/sbock_position_publisher/lib/python3.8/site-packages/sbock_position_publisher-0.0.0-py3.8.egg-info
running install_scripts
Installing position1_publisher script to /home/ausiasbm/GTI-3B-SBOCK/turtlebot3_ws/install/sbock_position_publisher/lib/sbock_position_publisher
Installing position2_publisher script to /home/ausiasbm/GTI-3B-SBOCK/turtlebot3_ws/install/sbock_position_publisher/lib/sbock_position_publisher
Installing position3_publisher script to /home/ausiasbm/GTI-3B-SBOCK/turtlebot3_ws/install/sbock_position_publisher/lib/sbock_position_publisher
writing list of installed files to '/home/ausiasbm/GTI-3B-SBOCK/turtlebot3_ws/build/sbock_position_publisher/install.log'
