[0.704s] Invoking command in '/home/ausiasbm/GTI-3B-SBOCK/turtlebot3_ws/src/sbock/sbock_position_publisher': PS1=\[\e]0;\u@\h: \w\a\]${debian_chroot:+($debian_chroot)}\[\033[01;32m\]\u@\h\[\033[00m\]:\[\033[01;34m\]\w\[\033[00m\]\$ PYTHONPATH=/home/ausiasbm/GTI-3B-SBOCK/turtlebot3_ws/install/sbock_position_publisher/lib/python3.8/site-packages:${PYTHONPATH} /usr/bin/python3 setup.py egg_info --egg-base ../../../build/sbock_position_publisher build --build-base /home/ausiasbm/GTI-3B-SBOCK/turtlebot3_ws/build/sbock_position_publisher/build install --prefix /home/ausiasbm/GTI-3B-SBOCK/turtlebot3_ws/install/sbock_position_publisher --record /home/ausiasbm/GTI-3B-SBOCK/turtlebot3_ws/build/sbock_position_publisher/install.log --single-version-externally-managed
[0.832s] running egg_info
[0.832s] creating ../../../build/sbock_position_publisher/sbock_position_publisher.egg-info
[0.833s] writing ../../../build/sbock_position_publisher/sbock_position_publisher.egg-info/PKG-INFO
[0.833s] writing dependency_links to ../../../build/sbock_position_publisher/sbock_position_publisher.egg-info/dependency_links.txt
[0.833s] writing entry points to ../../../build/sbock_position_publisher/sbock_position_publisher.egg-info/entry_points.txt
[0.833s] writing requirements to ../../../build/sbock_position_publisher/sbock_position_publisher.egg-info/requires.txt
[0.833s] writing top-level names to ../../../build/sbock_position_publisher/sbock_position_publisher.egg-info/top_level.txt
[0.833s] writing manifest file '../../../build/sbock_position_publisher/sbock_position_publisher.egg-info/SOURCES.txt'
[0.852s] reading manifest file '../../../build/sbock_position_publisher/sbock_position_publisher.egg-info/SOURCES.txt'
[0.853s] writing manifest file '../../../build/sbock_position_publisher/sbock_position_publisher.egg-info/SOURCES.txt'
[0.853s] running build
[0.853s] running build_py
[0.853s] creating /home/ausiasbm/GTI-3B-SBOCK/turtlebot3_ws/build/sbock_position_publisher/build
[0.853s] creating /home/ausiasbm/GTI-3B-SBOCK/turtlebot3_ws/build/sbock_position_publisher/build/lib
[0.853s] creating /home/ausiasbm/GTI-3B-SBOCK/turtlebot3_ws/build/sbock_position_publisher/build/lib/sbock_position_publisher
[0.853s] copying sbock_position_publisher/go_to_pose2.py -> /home/ausiasbm/GTI-3B-SBOCK/turtlebot3_ws/build/sbock_position_publisher/build/lib/sbock_position_publisher
[0.854s] copying sbock_position_publisher/go_to_pose3.py -> /home/ausiasbm/GTI-3B-SBOCK/turtlebot3_ws/build/sbock_position_publisher/build/lib/sbock_position_publisher
[0.854s] copying sbock_position_publisher/__init__.py -> /home/ausiasbm/GTI-3B-SBOCK/turtlebot3_ws/build/sbock_position_publisher/build/lib/sbock_position_publisher
[0.854s] copying sbock_position_publisher/go_to_pose1.py -> /home/ausiasbm/GTI-3B-SBOCK/turtlebot3_ws/build/sbock_position_publisher/build/lib/sbock_position_publisher
[0.854s] running install
[0.854s] running install_lib
[0.854s] creating /home/ausiasbm/GTI-3B-SBOCK/turtlebot3_ws/install/sbock_position_publisher/lib/python3.8/site-packages/sbock_position_publisher
[0.854s] copying /home/ausiasbm/GTI-3B-SBOCK/turtlebot3_ws/build/sbock_position_publisher/build/lib/sbock_position_publisher/go_to_pose2.py -> /home/ausiasbm/GTI-3B-SBOCK/turtlebot3_ws/install/sbock_position_publisher/lib/python3.8/site-packages/sbock_position_publisher
[0.855s] copying /home/ausiasbm/GTI-3B-SBOCK/turtlebot3_ws/build/sbock_position_publisher/build/lib/sbock_position_publisher/go_to_pose3.py -> /home/ausiasbm/GTI-3B-SBOCK/turtlebot3_ws/install/sbock_position_publisher/lib/python3.8/site-packages/sbock_position_publisher
[0.855s] copying /home/ausiasbm/GTI-3B-SBOCK/turtlebot3_ws/build/sbock_position_publisher/build/lib/sbock_position_publisher/__init__.py -> /home/ausiasbm/GTI-3B-SBOCK/turtlebot3_ws/install/sbock_position_publisher/lib/python3.8/site-packages/sbock_position_publisher
[0.855s] copying /home/ausiasbm/GTI-3B-SBOCK/turtlebot3_ws/build/sbock_position_publisher/build/lib/sbock_position_publisher/go_to_pose1.py -> /home/ausiasbm/GTI-3B-SBOCK/turtlebot3_ws/install/sbock_position_publisher/lib/python3.8/site-packages/sbock_position_publisher
[0.855s] byte-compiling /home/ausiasbm/GTI-3B-SBOCK/turtlebot3_ws/install/sbock_position_publisher/lib/python3.8/site-packages/sbock_position_publisher/go_to_pose2.py to go_to_pose2.cpython-38.pyc
[0.855s] byte-compiling /home/ausiasbm/GTI-3B-SBOCK/turtlebot3_ws/install/sbock_position_publisher/lib/python3.8/site-packages/sbock_position_publisher/go_to_pose3.py to go_to_pose3.cpython-38.pyc
[0.856s] byte-compiling /home/ausiasbm/GTI-3B-SBOCK/turtlebot3_ws/install/sbock_position_publisher/lib/python3.8/site-packages/sbock_position_publisher/__init__.py to __init__.cpython-38.pyc
[0.856s] byte-compiling /home/ausiasbm/GTI-3B-SBOCK/turtlebot3_ws/install/sbock_position_publisher/lib/python3.8/site-packages/sbock_position_publisher/go_to_pose1.py to go_to_pose1.cpython-38.pyc
[0.856s] running install_data
[0.856s] creating /home/ausiasbm/GTI-3B-SBOCK/turtlebot3_ws/install/sbock_position_publisher/share/ament_index
[0.856s] creating /home/ausiasbm/GTI-3B-SBOCK/turtlebot3_ws/install/sbock_position_publisher/share/ament_index/resource_index
[0.856s] creating /home/ausiasbm/GTI-3B-SBOCK/turtlebot3_ws/install/sbock_position_publisher/share/ament_index/resource_index/packages
[0.856s] copying resource/sbock_position_publisher -> /home/ausiasbm/GTI-3B-SBOCK/turtlebot3_ws/install/sbock_position_publisher/share/ament_index/resource_index/packages
[0.856s] copying package.xml -> /home/ausiasbm/GTI-3B-SBOCK/turtlebot3_ws/install/sbock_position_publisher/share/sbock_position_publisher
[0.856s] copying launch/go_to_pose3.launch.py -> /home/ausiasbm/GTI-3B-SBOCK/turtlebot3_ws/install/sbock_position_publisher/share/sbock_position_publisher
[0.857s] copying launch/go_to_pose2.launch.py -> /home/ausiasbm/GTI-3B-SBOCK/turtlebot3_ws/install/sbock_position_publisher/share/sbock_position_publisher
[0.857s] copying launch/go_to_pose1.launch.py -> /home/ausiasbm/GTI-3B-SBOCK/turtlebot3_ws/install/sbock_position_publisher/share/sbock_position_publisher
[0.857s] running install_egg_info
[0.857s] Copying ../../../build/sbock_position_publisher/sbock_position_publisher.egg-info to /home/ausiasbm/GTI-3B-SBOCK/turtlebot3_ws/install/sbock_position_publisher/lib/python3.8/site-packages/sbock_position_publisher-0.0.0-py3.8.egg-info
[0.858s] running install_scripts
[0.872s] Installing position1_publisher script to /home/ausiasbm/GTI-3B-SBOCK/turtlebot3_ws/install/sbock_position_publisher/lib/sbock_position_publisher
[0.872s] Installing position2_publisher script to /home/ausiasbm/GTI-3B-SBOCK/turtlebot3_ws/install/sbock_position_publisher/lib/sbock_position_publisher
[0.872s] Installing position3_publisher script to /home/ausiasbm/GTI-3B-SBOCK/turtlebot3_ws/install/sbock_position_publisher/lib/sbock_position_publisher
[0.873s] writing list of installed files to '/home/ausiasbm/GTI-3B-SBOCK/turtlebot3_ws/build/sbock_position_publisher/install.log'
[0.889s] Invoked command in '/home/ausiasbm/GTI-3B-SBOCK/turtlebot3_ws/src/sbock/sbock_position_publisher' returned '0': PS1=\[\e]0;\u@\h: \w\a\]${debian_chroot:+($debian_chroot)}\[\033[01;32m\]\u@\h\[\033[00m\]:\[\033[01;34m\]\w\[\033[00m\]\$ PYTHONPATH=/home/ausiasbm/GTI-3B-SBOCK/turtlebot3_ws/install/sbock_position_publisher/lib/python3.8/site-packages:${PYTHONPATH} /usr/bin/python3 setup.py egg_info --egg-base ../../../build/sbock_position_publisher build --build-base /home/ausiasbm/GTI-3B-SBOCK/turtlebot3_ws/build/sbock_position_publisher/build install --prefix /home/ausiasbm/GTI-3B-SBOCK/turtlebot3_ws/install/sbock_position_publisher --record /home/ausiasbm/GTI-3B-SBOCK/turtlebot3_ws/build/sbock_position_publisher/install.log --single-version-externally-managed
