running egg_info
creating ../../../build/provide_map/provide_map.egg-info
writing ../../../build/provide_map/provide_map.egg-info/PKG-INFO
writing dependency_links to ../../../build/provide_map/provide_map.egg-info/dependency_links.txt
writing entry points to ../../../build/provide_map/provide_map.egg-info/entry_points.txt
writing requirements to ../../../build/provide_map/provide_map.egg-info/requires.txt
writing top-level names to ../../../build/provide_map/provide_map.egg-info/top_level.txt
writing manifest file '../../../build/provide_map/provide_map.egg-info/SOURCES.txt'
reading manifest file '../../../build/provide_map/provide_map.egg-info/SOURCES.txt'
writing manifest file '../../../build/provide_map/provide_map.egg-info/SOURCES.txt'
running build
running build_py
creating /home/ausiasbm/GTI-3B-SBOCK/turtlebot3_ws/build/provide_map/build
creating /home/ausiasbm/GTI-3B-SBOCK/turtlebot3_ws/build/provide_map/build/lib
creating /home/ausiasbm/GTI-3B-SBOCK/turtlebot3_ws/build/provide_map/build/lib/provide_map
copying provide_map/__init__.py -> /home/ausiasbm/GTI-3B-SBOCK/turtlebot3_ws/build/provide_map/build/lib/provide_map
running install
running install_lib
creating /home/ausiasbm/GTI-3B-SBOCK/turtlebot3_ws/install/provide_map/lib/python3.8/site-packages/provide_map
copying /home/ausiasbm/GTI-3B-SBOCK/turtlebot3_ws/build/provide_map/build/lib/provide_map/__init__.py -> /home/ausiasbm/GTI-3B-SBOCK/turtlebot3_ws/install/provide_map/lib/python3.8/site-packages/provide_map
byte-compiling /home/ausiasbm/GTI-3B-SBOCK/turtlebot3_ws/install/provide_map/lib/python3.8/site-packages/provide_map/__init__.py to __init__.cpython-38.pyc
running install_data
creating /home/ausiasbm/GTI-3B-SBOCK/turtlebot3_ws/install/provide_map/share/ament_index
creating /home/ausiasbm/GTI-3B-SBOCK/turtlebot3_ws/install/provide_map/share/ament_index/resource_index
creating /home/ausiasbm/GTI-3B-SBOCK/turtlebot3_ws/install/provide_map/share/ament_index/resource_index/packages
copying resource/provide_map -> /home/ausiasbm/GTI-3B-SBOCK/turtlebot3_ws/install/provide_map/share/ament_index/resource_index/packages
copying package.xml -> /home/ausiasbm/GTI-3B-SBOCK/turtlebot3_ws/install/provide_map/share/provide_map
creating /home/ausiasbm/GTI-3B-SBOCK/turtlebot3_ws/install/provide_map/share/provide_map/map
copying map/my_map.pgm -> /home/ausiasbm/GTI-3B-SBOCK/turtlebot3_ws/install/provide_map/share/provide_map/map
copying map/mapa_supermercado_real.pgm -> /home/ausiasbm/GTI-3B-SBOCK/turtlebot3_ws/install/provide_map/share/provide_map/map
copying map/mapa_supermercado_real.yaml -> /home/ausiasbm/GTI-3B-SBOCK/turtlebot3_ws/install/provide_map/share/provide_map/map
copying map/my_map.yaml -> /home/ausiasbm/GTI-3B-SBOCK/turtlebot3_ws/install/provide_map/share/provide_map/map
creating /home/ausiasbm/GTI-3B-SBOCK/turtlebot3_ws/install/provide_map/share/provide_map/rviz
copying rviz/my_slam.rviz -> /home/ausiasbm/GTI-3B-SBOCK/turtlebot3_ws/install/provide_map/share/provide_map/rviz
creating /home/ausiasbm/GTI-3B-SBOCK/turtlebot3_ws/install/provide_map/share/provide_map/launch
copying launch/provide_map.launch.py -> /home/ausiasbm/GTI-3B-SBOCK/turtlebot3_ws/install/provide_map/share/provide_map/launch
running install_egg_info
Copying ../../../build/provide_map/provide_map.egg-info to /home/ausiasbm/GTI-3B-SBOCK/turtlebot3_ws/install/provide_map/lib/python3.8/site-packages/provide_map-0.0.0-py3.8.egg-info
running install_scripts
writing list of installed files to '/home/ausiasbm/GTI-3B-SBOCK/turtlebot3_ws/build/provide_map/install.log'
