[0.647s] Invoking command in '/home/ausiasbm/GTI-3B-SBOCK/turtlebot3_ws/src/sbock/provide_map': PS1=\[\e]0;\u@\h: \w\a\]${debian_chroot:+($debian_chroot)}\[\033[01;32m\]\u@\h\[\033[00m\]:\[\033[01;34m\]\w\[\033[00m\]\$ PYTHONPATH=/home/ausiasbm/GTI-3B-SBOCK/turtlebot3_ws/install/provide_map/lib/python3.8/site-packages:${PYTHONPATH} /usr/bin/python3 setup.py egg_info --egg-base ../../../build/provide_map build --build-base /home/ausiasbm/GTI-3B-SBOCK/turtlebot3_ws/build/provide_map/build install --prefix /home/ausiasbm/GTI-3B-SBOCK/turtlebot3_ws/install/provide_map --record /home/ausiasbm/GTI-3B-SBOCK/turtlebot3_ws/build/provide_map/install.log --single-version-externally-managed
[0.773s] running egg_info
[0.773s] creating ../../../build/provide_map/provide_map.egg-info
[0.774s] writing ../../../build/provide_map/provide_map.egg-info/PKG-INFO
[0.774s] writing dependency_links to ../../../build/provide_map/provide_map.egg-info/dependency_links.txt
[0.774s] writing entry points to ../../../build/provide_map/provide_map.egg-info/entry_points.txt
[0.774s] writing requirements to ../../../build/provide_map/provide_map.egg-info/requires.txt
[0.774s] writing top-level names to ../../../build/provide_map/provide_map.egg-info/top_level.txt
[0.774s] writing manifest file '../../../build/provide_map/provide_map.egg-info/SOURCES.txt'
[0.792s] reading manifest file '../../../build/provide_map/provide_map.egg-info/SOURCES.txt'
[0.792s] writing manifest file '../../../build/provide_map/provide_map.egg-info/SOURCES.txt'
[0.793s] running build
[0.793s] running build_py
[0.793s] creating /home/ausiasbm/GTI-3B-SBOCK/turtlebot3_ws/build/provide_map/build
[0.793s] creating /home/ausiasbm/GTI-3B-SBOCK/turtlebot3_ws/build/provide_map/build/lib
[0.793s] creating /home/ausiasbm/GTI-3B-SBOCK/turtlebot3_ws/build/provide_map/build/lib/provide_map
[0.793s] copying provide_map/__init__.py -> /home/ausiasbm/GTI-3B-SBOCK/turtlebot3_ws/build/provide_map/build/lib/provide_map
[0.793s] running install
[0.793s] running install_lib
[0.794s] creating /home/ausiasbm/GTI-3B-SBOCK/turtlebot3_ws/install/provide_map/lib/python3.8/site-packages/provide_map
[0.794s] copying /home/ausiasbm/GTI-3B-SBOCK/turtlebot3_ws/build/provide_map/build/lib/provide_map/__init__.py -> /home/ausiasbm/GTI-3B-SBOCK/turtlebot3_ws/install/provide_map/lib/python3.8/site-packages/provide_map
[0.794s] byte-compiling /home/ausiasbm/GTI-3B-SBOCK/turtlebot3_ws/install/provide_map/lib/python3.8/site-packages/provide_map/__init__.py to __init__.cpython-38.pyc
[0.795s] running install_data
[0.796s] creating /home/ausiasbm/GTI-3B-SBOCK/turtlebot3_ws/install/provide_map/share/ament_index
[0.796s] creating /home/ausiasbm/GTI-3B-SBOCK/turtlebot3_ws/install/provide_map/share/ament_index/resource_index
[0.796s] creating /home/ausiasbm/GTI-3B-SBOCK/turtlebot3_ws/install/provide_map/share/ament_index/resource_index/packages
[0.796s] copying resource/provide_map -> /home/ausiasbm/GTI-3B-SBOCK/turtlebot3_ws/install/provide_map/share/ament_index/resource_index/packages
[0.796s] copying package.xml -> /home/ausiasbm/GTI-3B-SBOCK/turtlebot3_ws/install/provide_map/share/provide_map
[0.796s] creating /home/ausiasbm/GTI-3B-SBOCK/turtlebot3_ws/install/provide_map/share/provide_map/map
[0.796s] copying map/my_map.pgm -> /home/ausiasbm/GTI-3B-SBOCK/turtlebot3_ws/install/provide_map/share/provide_map/map
[0.796s] copying map/mapa_supermercado_real.pgm -> /home/ausiasbm/GTI-3B-SBOCK/turtlebot3_ws/install/provide_map/share/provide_map/map
[0.796s] copying map/mapa_supermercado_real.yaml -> /home/ausiasbm/GTI-3B-SBOCK/turtlebot3_ws/install/provide_map/share/provide_map/map
[0.796s] copying map/my_map.yaml -> /home/ausiasbm/GTI-3B-SBOCK/turtlebot3_ws/install/provide_map/share/provide_map/map
[0.796s] creating /home/ausiasbm/GTI-3B-SBOCK/turtlebot3_ws/install/provide_map/share/provide_map/rviz
[0.796s] copying rviz/my_slam.rviz -> /home/ausiasbm/GTI-3B-SBOCK/turtlebot3_ws/install/provide_map/share/provide_map/rviz
[0.796s] creating /home/ausiasbm/GTI-3B-SBOCK/turtlebot3_ws/install/provide_map/share/provide_map/launch
[0.796s] copying launch/provide_map.launch.py -> /home/ausiasbm/GTI-3B-SBOCK/turtlebot3_ws/install/provide_map/share/provide_map/launch
[0.796s] running install_egg_info
[0.797s] Copying ../../../build/provide_map/provide_map.egg-info to /home/ausiasbm/GTI-3B-SBOCK/turtlebot3_ws/install/provide_map/lib/python3.8/site-packages/provide_map-0.0.0-py3.8.egg-info
[0.797s] running install_scripts
[0.808s] writing list of installed files to '/home/ausiasbm/GTI-3B-SBOCK/turtlebot3_ws/build/provide_map/install.log'
[0.838s] Invoked command in '/home/ausiasbm/GTI-3B-SBOCK/turtlebot3_ws/src/sbock/provide_map' returned '0': PS1=\[\e]0;\u@\h: \w\a\]${debian_chroot:+($debian_chroot)}\[\033[01;32m\]\u@\h\[\033[00m\]:\[\033[01;34m\]\w\[\033[00m\]\$ PYTHONPATH=/home/ausiasbm/GTI-3B-SBOCK/turtlebot3_ws/install/provide_map/lib/python3.8/site-packages:${PYTHONPATH} /usr/bin/python3 setup.py egg_info --egg-base ../../../build/provide_map build --build-base /home/ausiasbm/GTI-3B-SBOCK/turtlebot3_ws/build/provide_map/build install --prefix /home/ausiasbm/GTI-3B-SBOCK/turtlebot3_ws/install/provide_map --record /home/ausiasbm/GTI-3B-SBOCK/turtlebot3_ws/build/provide_map/install.log --single-version-externally-managed
