[1.733s] Invoking command in '/home/aibes/GTI-3B-SBOCK/turtlebot3_ws/src/sbock/sbock_nav_position': PS1=(rosenv) \[\e]0;\u@\h: \w\a\]${debian_chroot:+($debian_chroot)}\[\033[01;32m\]\u@\h\[\033[00m\]:\[\033[01;34m\]\w\[\033[00m\]\$ PYTHONPATH=/home/aibes/GTI-3B-SBOCK/turtlebot3_ws/install/sbock_nav_position/lib/python3.8/site-packages:${PYTHONPATH} /usr/bin/python3 setup.py egg_info --egg-base ../../../build/sbock_nav_position build --build-base /home/aibes/GTI-3B-SBOCK/turtlebot3_ws/build/sbock_nav_position/build install --prefix /home/aibes/GTI-3B-SBOCK/turtlebot3_ws/install/sbock_nav_position --record /home/aibes/GTI-3B-SBOCK/turtlebot3_ws/build/sbock_nav_position/install.log --single-version-externally-managed
[2.097s] running egg_info
[2.097s] creating ../../../build/sbock_nav_position/sbock_nav_position.egg-info
[2.098s] writing ../../../build/sbock_nav_position/sbock_nav_position.egg-info/PKG-INFO
[2.098s] writing dependency_links to ../../../build/sbock_nav_position/sbock_nav_position.egg-info/dependency_links.txt
[2.098s] writing entry points to ../../../build/sbock_nav_position/sbock_nav_position.egg-info/entry_points.txt
[2.098s] writing requirements to ../../../build/sbock_nav_position/sbock_nav_position.egg-info/requires.txt
[2.098s] writing top-level names to ../../../build/sbock_nav_position/sbock_nav_position.egg-info/top_level.txt
[2.100s] writing manifest file '../../../build/sbock_nav_position/sbock_nav_position.egg-info/SOURCES.txt'
[2.160s] reading manifest file '../../../build/sbock_nav_position/sbock_nav_position.egg-info/SOURCES.txt'
[2.161s] writing manifest file '../../../build/sbock_nav_position/sbock_nav_position.egg-info/SOURCES.txt'
[2.162s] running build
[2.162s] running build_py
[2.162s] creating /home/aibes/GTI-3B-SBOCK/turtlebot3_ws/build/sbock_nav_position/build
[2.162s] creating /home/aibes/GTI-3B-SBOCK/turtlebot3_ws/build/sbock_nav_position/build/lib
[2.162s] creating /home/aibes/GTI-3B-SBOCK/turtlebot3_ws/build/sbock_nav_position/build/lib/sbock_nav_position
[2.162s] copying sbock_nav_position/__init__.py -> /home/aibes/GTI-3B-SBOCK/turtlebot3_ws/build/sbock_nav_position/build/lib/sbock_nav_position
[2.163s] copying sbock_nav_position/initial_pose_pub.py -> /home/aibes/GTI-3B-SBOCK/turtlebot3_ws/build/sbock_nav_position/build/lib/sbock_nav_position
[2.163s] copying sbock_nav_position/nav_to_pose.py -> /home/aibes/GTI-3B-SBOCK/turtlebot3_ws/build/sbock_nav_position/build/lib/sbock_nav_position
[2.163s] running install
[2.163s] running install_lib
[2.165s] creating /home/aibes/GTI-3B-SBOCK/turtlebot3_ws/install/sbock_nav_position/lib/python3.8/site-packages/sbock_nav_position
[2.165s] copying /home/aibes/GTI-3B-SBOCK/turtlebot3_ws/build/sbock_nav_position/build/lib/sbock_nav_position/__init__.py -> /home/aibes/GTI-3B-SBOCK/turtlebot3_ws/install/sbock_nav_position/lib/python3.8/site-packages/sbock_nav_position
[2.165s] copying /home/aibes/GTI-3B-SBOCK/turtlebot3_ws/build/sbock_nav_position/build/lib/sbock_nav_position/initial_pose_pub.py -> /home/aibes/GTI-3B-SBOCK/turtlebot3_ws/install/sbock_nav_position/lib/python3.8/site-packages/sbock_nav_position
[2.165s] copying /home/aibes/GTI-3B-SBOCK/turtlebot3_ws/build/sbock_nav_position/build/lib/sbock_nav_position/nav_to_pose.py -> /home/aibes/GTI-3B-SBOCK/turtlebot3_ws/install/sbock_nav_position/lib/python3.8/site-packages/sbock_nav_position
[2.166s] byte-compiling /home/aibes/GTI-3B-SBOCK/turtlebot3_ws/install/sbock_nav_position/lib/python3.8/site-packages/sbock_nav_position/__init__.py to __init__.cpython-38.pyc
[2.168s] byte-compiling /home/aibes/GTI-3B-SBOCK/turtlebot3_ws/install/sbock_nav_position/lib/python3.8/site-packages/sbock_nav_position/initial_pose_pub.py to initial_pose_pub.cpython-38.pyc
[2.169s] byte-compiling /home/aibes/GTI-3B-SBOCK/turtlebot3_ws/install/sbock_nav_position/lib/python3.8/site-packages/sbock_nav_position/nav_to_pose.py to nav_to_pose.cpython-38.pyc
[2.170s] running install_data
[2.170s] creating /home/aibes/GTI-3B-SBOCK/turtlebot3_ws/install/sbock_nav_position/share/ament_index
[2.171s] creating /home/aibes/GTI-3B-SBOCK/turtlebot3_ws/install/sbock_nav_position/share/ament_index/resource_index
[2.171s] creating /home/aibes/GTI-3B-SBOCK/turtlebot3_ws/install/sbock_nav_position/share/ament_index/resource_index/packages
[2.171s] copying resource/sbock_nav_position -> /home/aibes/GTI-3B-SBOCK/turtlebot3_ws/install/sbock_nav_position/share/ament_index/resource_index/packages
[2.171s] copying package.xml -> /home/aibes/GTI-3B-SBOCK/turtlebot3_ws/install/sbock_nav_position/share/sbock_nav_position
[2.171s] creating /home/aibes/GTI-3B-SBOCK/turtlebot3_ws/install/sbock_nav_position/share/sbock_nav_position/launch
[2.171s] copying launch/sbock_tb3_sim_nav2.launch.py -> /home/aibes/GTI-3B-SBOCK/turtlebot3_ws/install/sbock_nav_position/share/sbock_nav_position/launch
[2.171s] copying launch/sbock_initial_pose.launch.py -> /home/aibes/GTI-3B-SBOCK/turtlebot3_ws/install/sbock_nav_position/share/sbock_nav_position/launch
[2.172s] copying launch/sbock_nav_to_pose.launch.py -> /home/aibes/GTI-3B-SBOCK/turtlebot3_ws/install/sbock_nav_position/share/sbock_nav_position/launch
[2.172s] creating /home/aibes/GTI-3B-SBOCK/turtlebot3_ws/install/sbock_nav_position/share/sbock_nav_position/config
[2.172s] copying config/my_map.yaml -> /home/aibes/GTI-3B-SBOCK/turtlebot3_ws/install/sbock_nav_position/share/sbock_nav_position/config
[2.172s] copying config/nav2_params.yaml -> /home/aibes/GTI-3B-SBOCK/turtlebot3_ws/install/sbock_nav_position/share/sbock_nav_position/config
[2.172s] copying config/project_params.yaml -> /home/aibes/GTI-3B-SBOCK/turtlebot3_ws/install/sbock_nav_position/share/sbock_nav_position/config
[2.172s] copying config/my_map.pgm -> /home/aibes/GTI-3B-SBOCK/turtlebot3_ws/install/sbock_nav_position/share/sbock_nav_position/config
[2.172s] copying config/nav2_default_view_new.rviz -> /home/aibes/GTI-3B-SBOCK/turtlebot3_ws/install/sbock_nav_position/share/sbock_nav_position/config
[2.173s] copying config/nav2_default_view.rviz -> /home/aibes/GTI-3B-SBOCK/turtlebot3_ws/install/sbock_nav_position/share/sbock_nav_position/config
[2.173s] copying config/my_slam.rviz -> /home/aibes/GTI-3B-SBOCK/turtlebot3_ws/install/sbock_nav_position/share/sbock_nav_position/config
[2.173s] copying config/navigate_w_replanning_and_recovery.xml -> /home/aibes/GTI-3B-SBOCK/turtlebot3_ws/install/sbock_nav_position/share/sbock_nav_position/config
[2.173s] running install_egg_info
[2.174s] Copying ../../../build/sbock_nav_position/sbock_nav_position.egg-info to /home/aibes/GTI-3B-SBOCK/turtlebot3_ws/install/sbock_nav_position/lib/python3.8/site-packages/sbock_nav_position-0.0.0-py3.8.egg-info
[2.176s] running install_scripts
[2.205s] Installing initial_pose_pub script to /home/aibes/GTI-3B-SBOCK/turtlebot3_ws/install/sbock_nav_position/lib/sbock_nav_position
[2.205s] Installing nav_to_pose script to /home/aibes/GTI-3B-SBOCK/turtlebot3_ws/install/sbock_nav_position/lib/sbock_nav_position
[2.205s] writing list of installed files to '/home/aibes/GTI-3B-SBOCK/turtlebot3_ws/build/sbock_nav_position/install.log'
[2.272s] Invoked command in '/home/aibes/GTI-3B-SBOCK/turtlebot3_ws/src/sbock/sbock_nav_position' returned '0': PS1=(rosenv) \[\e]0;\u@\h: \w\a\]${debian_chroot:+($debian_chroot)}\[\033[01;32m\]\u@\h\[\033[00m\]:\[\033[01;34m\]\w\[\033[00m\]\$ PYTHONPATH=/home/aibes/GTI-3B-SBOCK/turtlebot3_ws/install/sbock_nav_position/lib/python3.8/site-packages:${PYTHONPATH} /usr/bin/python3 setup.py egg_info --egg-base ../../../build/sbock_nav_position build --build-base /home/aibes/GTI-3B-SBOCK/turtlebot3_ws/build/sbock_nav_position/build install --prefix /home/aibes/GTI-3B-SBOCK/turtlebot3_ws/install/sbock_nav_position --record /home/aibes/GTI-3B-SBOCK/turtlebot3_ws/build/sbock_nav_position/install.log --single-version-externally-managed
